<?xml version="1.0" encoding="UTF-8"?>
<coverage generated="1779722124509" clover="3.2.0">
  <project timestamp="1779722124510" name="All files">
    <metrics statements="43" coveredstatements="43" conditionals="18" coveredconditionals="18" methods="11" coveredmethods="11" elements="72" coveredelements="72" complexity="0" loc="43" ncloc="43" packages="1" files="2" classes="2"/>
    <file name="index.ts" path="/Users/evioshen/code/pulian/shenyunjie/artuctor/packages/schedule/src/index.ts">
      <metrics statements="2" coveredstatements="2" conditionals="0" coveredconditionals="0" methods="1" coveredmethods="1"/>
      <line num="8" count="1" type="stmt"/>
      <line num="14" count="4" type="stmt"/>
    </file>
    <file name="scheduler.ts" path="/Users/evioshen/code/pulian/shenyunjie/artuctor/packages/schedule/src/scheduler.ts">
      <metrics statements="41" coveredstatements="41" conditionals="18" coveredconditionals="18" methods="10" coveredmethods="10"/>
      <line num="14" count="19" type="stmt"/>
      <line num="15" count="19" type="stmt"/>
      <line num="20" count="20" type="stmt"/>
      <line num="21" count="20" type="cond" truecount="2" falsecount="0"/>
      <line num="24" count="18" type="stmt"/>
      <line num="25" count="7" type="stmt"/>
      <line num="26" count="7" type="stmt"/>
      <line num="27" count="7" type="cond" truecount="4" falsecount="0"/>
      <line num="28" count="1" type="stmt"/>
      <line num="35" count="18" type="cond" truecount="2" falsecount="0"/>
      <line num="36" count="6" type="stmt"/>
      <line num="37" count="6" type="stmt"/>
      <line num="39" count="12" type="stmt"/>
      <line num="40" count="12" type="stmt"/>
      <line num="41" count="12" type="stmt"/>
      <line num="46" count="7" type="stmt"/>
      <line num="47" count="7" type="stmt"/>
      <line num="48" count="7" type="cond" truecount="2" falsecount="0"/>
      <line num="49" count="6" type="stmt"/>
      <line num="50" count="6" type="stmt"/>
      <line num="51" count="6" type="stmt"/>
      <line num="56" count="3" type="stmt"/>
      <line num="57" count="3" type="stmt"/>
      <line num="59" count="3" type="stmt"/>
      <line num="60" count="3" type="stmt"/>
      <line num="64" count="22" type="stmt"/>
      <line num="79" count="6" type="cond" truecount="2" falsecount="0"/>
      <line num="80" count="6" type="stmt"/>
      <line num="81" count="6" type="stmt"/>
      <line num="83" count="6" type="stmt"/>
      <line num="84" count="5" type="stmt"/>
      <line num="85" count="5" type="stmt"/>
      <line num="86" count="5" type="stmt"/>
      <line num="87" count="5" type="cond" truecount="4" falsecount="0"/>
      <line num="89" count="4" type="stmt"/>
      <line num="90" count="4" type="cond" truecount="2" falsecount="0"/>
      <line num="91" count="3" type="stmt"/>
      <line num="93" count="1" type="stmt"/>
      <line num="95" count="4" type="stmt"/>
      <line num="98" count="6" type="stmt"/>
      <line num="99" count="4" type="stmt"/>
    </file>
  </project>
</coverage>
