{"/Users/evioshen/code/pulian/shenyunjie/artuctor/packages/schedule/src/index.ts": {"path":"/Users/evioshen/code/pulian/shenyunjie/artuctor/packages/schedule/src/index.ts","statementMap":{"0":{"start":{"line":8,"column":13},"end":{"line":8,"column":null}},"1":{"start":{"line":14,"column":2},"end":{"line":14,"column":null}}},"fnMap":{"0":{"name":"defineJob","decl":{"start":{"line":10,"column":16},"end":{"line":10,"column":null}},"loc":{"start":{"line":13,"column":17},"end":{"line":15,"column":null}},"line":13}},"branchMap":{},"s":{"0":1,"1":4},"f":{"0":4},"b":{},"meta":{"lastBranch":0,"lastFunction":1,"lastStatement":2,"seen":{"s:8:13:8:Infinity":0,"f:10:16:10:Infinity":0,"s:14:2:14:Infinity":1}}}
,"/Users/evioshen/code/pulian/shenyunjie/artuctor/packages/schedule/src/scheduler.ts": {"path":"/Users/evioshen/code/pulian/shenyunjie/artuctor/packages/schedule/src/scheduler.ts","statementMap":{"0":{"start":{"line":14,"column":17},"end":{"line":14,"column":null}},"1":{"start":{"line":15,"column":17},"end":{"line":15,"column":null}},"2":{"start":{"line":20,"column":16},"end":{"line":20,"column":null}},"3":{"start":{"line":21,"column":4},"end":{"line":21,"column":null}},"4":{"start":{"line":21,"column":28},"end":{"line":21,"column":null}},"5":{"start":{"line":24,"column":24},"end":{"line":33,"column":null}},"6":{"start":{"line":25,"column":6},"end":{"line":32,"column":null}},"7":{"start":{"line":26,"column":23},"end":{"line":26,"column":null}},"8":{"start":{"line":27,"column":8},"end":{"line":29,"column":null}},"9":{"start":{"line":28,"column":10},"end":{"line":28,"column":null}},"10":{"start":{"line":35,"column":4},"end":{"line":42,"column":null}},"11":{"start":{"line":36,"column":6},"end":{"line":36,"column":null}},"12":{"start":{"line":37,"column":6},"end":{"line":37,"column":null}},"13":{"start":{"line":39,"column":19},"end":{"line":39,"column":null}},"14":{"start":{"line":40,"column":6},"end":{"line":40,"column":null}},"15":{"start":{"line":41,"column":6},"end":{"line":41,"column":null}},"16":{"start":{"line":46,"column":16},"end":{"line":46,"column":null}},"17":{"start":{"line":47,"column":16},"end":{"line":47,"column":null}},"18":{"start":{"line":48,"column":4},"end":{"line":52,"column":null}},"19":{"start":{"line":49,"column":6},"end":{"line":49,"column":null}},"20":{"start":{"line":50,"column":6},"end":{"line":50,"column":null}},"21":{"start":{"line":51,"column":6},"end":{"line":51,"column":null}},"22":{"start":{"line":56,"column":4},"end":{"line":58,"column":null}},"23":{"start":{"line":57,"column":6},"end":{"line":57,"column":null}},"24":{"start":{"line":59,"column":4},"end":{"line":59,"column":null}},"25":{"start":{"line":60,"column":4},"end":{"line":60,"column":null}},"26":{"start":{"line":64,"column":4},"end":{"line":68,"column":null}},"27":{"start":{"line":64,"column":61},"end":{"line":68,"column":6}},"28":{"start":{"line":79,"column":19},"end":{"line":79,"column":null}},"29":{"start":{"line":80,"column":18},"end":{"line":80,"column":null}},"30":{"start":{"line":81,"column":35},"end":{"line":81,"column":null}},"31":{"start":{"line":83,"column":4},"end":{"line":96,"column":null}},"32":{"start":{"line":84,"column":12},"end":{"line":84,"column":null}},"33":{"start":{"line":85,"column":47},"end":{"line":85,"column":null}},"34":{"start":{"line":86,"column":21},"end":{"line":86,"column":null}},"35":{"start":{"line":87,"column":6},"end":{"line":87,"column":null}},"36":{"start":{"line":87,"column":44},"end":{"line":87,"column":null}},"37":{"start":{"line":89,"column":18},"end":{"line":89,"column":null}},"38":{"start":{"line":90,"column":6},"end":{"line":94,"column":null}},"39":{"start":{"line":91,"column":8},"end":{"line":91,"column":null}},"40":{"start":{"line":93,"column":8},"end":{"line":93,"column":null}},"41":{"start":{"line":95,"column":6},"end":{"line":95,"column":null}},"42":{"start":{"line":95,"column":24},"end":{"line":95,"column":40}},"43":{"start":{"line":98,"column":4},"end":{"line":100,"column":null}},"44":{"start":{"line":99,"column":6},"end":{"line":99,"column":null}},"45":{"start":{"line":99,"column":32},"end":{"line":99,"column":null}}},"fnMap":{"0":{"name":"(anonymous_0)","decl":{"start":{"line":19,"column":2},"end":{"line":19,"column":6}},"loc":{"start":{"line":19,"column":94},"end":{"line":43,"column":null}},"line":19},"1":{"name":"(anonymous_1)","decl":{"start":{"line":24,"column":24},"end":{"line":24,"column":30}},"loc":{"start":{"line":24,"column":30},"end":{"line":33,"column":null}},"line":24},"2":{"name":"(anonymous_2)","decl":{"start":{"line":28,"column":23},"end":{"line":28,"column":29}},"loc":{"start":{"line":28,"column":29},"end":{"line":28,"column":31}},"line":28},"3":{"name":"(anonymous_3)","decl":{"start":{"line":45,"column":2},"end":{"line":45,"column":9}},"loc":{"start":{"line":45,"column":36},"end":{"line":53,"column":null}},"line":45},"4":{"name":"(anonymous_4)","decl":{"start":{"line":55,"column":2},"end":{"line":55,"column":15}},"loc":{"start":{"line":55,"column":15},"end":{"line":61,"column":null}},"line":55},"5":{"name":"(anonymous_5)","decl":{"start":{"line":63,"column":2},"end":{"line":63,"column":23}},"loc":{"start":{"line":63,"column":23},"end":{"line":69,"column":null}},"line":63},"6":{"name":"(anonymous_6)","decl":{"start":{"line":64,"column":47},"end":{"line":64,"column":48}},"loc":{"start":{"line":64,"column":61},"end":{"line":68,"column":6}},"line":64},"7":{"name":"(anonymous_7)","decl":{"start":{"line":78,"column":8},"end":{"line":78,"column":13}},"loc":{"start":{"line":78,"column":84},"end":{"line":101,"column":null}},"line":78},"8":{"name":"(anonymous_8)","decl":{"start":{"line":95,"column":18},"end":{"line":95,"column":24}},"loc":{"start":{"line":95,"column":24},"end":{"line":95,"column":40}},"line":95},"9":{"name":"(anonymous_9)","decl":{"start":{"line":98,"column":11},"end":{"line":98,"column":17}},"loc":{"start":{"line":98,"column":17},"end":{"line":100,"column":null}},"line":98}},"branchMap":{"0":{"loc":{"start":{"line":21,"column":4},"end":{"line":21,"column":null}},"type":"if","locations":[{"start":{"line":21,"column":4},"end":{"line":21,"column":null}},{"start":{},"end":{}}],"line":21},"1":{"loc":{"start":{"line":27,"column":8},"end":{"line":29,"column":null}},"type":"if","locations":[{"start":{"line":27,"column":8},"end":{"line":29,"column":null}},{"start":{},"end":{}}],"line":27},"2":{"loc":{"start":{"line":27,"column":12},"end":{"line":27,"column":58}},"type":"binary-expr","locations":[{"start":{"line":27,"column":12},"end":{"line":27,"column":22}},{"start":{"line":27,"column":22},"end":{"line":27,"column":58}}],"line":27},"3":{"loc":{"start":{"line":35,"column":4},"end":{"line":42,"column":null}},"type":"if","locations":[{"start":{"line":35,"column":4},"end":{"line":42,"column":null}},{"start":{"line":38,"column":11},"end":{"line":42,"column":null}}],"line":35},"4":{"loc":{"start":{"line":48,"column":4},"end":{"line":52,"column":null}},"type":"if","locations":[{"start":{"line":48,"column":4},"end":{"line":52,"column":null}},{"start":{},"end":{}}],"line":48},"5":{"loc":{"start":{"line":79,"column":19},"end":{"line":79,"column":null}},"type":"binary-expr","locations":[{"start":{"line":79,"column":19},"end":{"line":79,"column":38}},{"start":{"line":79,"column":38},"end":{"line":79,"column":null}}],"line":79},"6":{"loc":{"start":{"line":87,"column":6},"end":{"line":87,"column":null}},"type":"if","locations":[{"start":{"line":87,"column":6},"end":{"line":87,"column":null}},{"start":{},"end":{}}],"line":87},"7":{"loc":{"start":{"line":87,"column":10},"end":{"line":87,"column":44}},"type":"binary-expr","locations":[{"start":{"line":87,"column":10},"end":{"line":87,"column":21}},{"start":{"line":87,"column":21},"end":{"line":87,"column":44}}],"line":87},"8":{"loc":{"start":{"line":90,"column":6},"end":{"line":94,"column":null}},"type":"if","locations":[{"start":{"line":90,"column":6},"end":{"line":94,"column":null}},{"start":{"line":92,"column":13},"end":{"line":94,"column":null}}],"line":90}},"s":{"0":19,"1":19,"2":20,"3":20,"4":2,"5":18,"6":7,"7":7,"8":7,"9":1,"10":18,"11":6,"12":6,"13":12,"14":12,"15":12,"16":7,"17":7,"18":7,"19":6,"20":6,"21":6,"22":3,"23":3,"24":3,"25":3,"26":22,"27":15,"28":6,"29":6,"30":6,"31":6,"32":5,"33":5,"34":5,"35":5,"36":1,"37":4,"38":4,"39":3,"40":1,"41":4,"42":3,"43":6,"44":4,"45":3},"f":{"0":20,"1":7,"2":1,"3":7,"4":3,"5":22,"6":15,"7":6,"8":3,"9":4},"b":{"0":[2,18],"1":[1,6],"2":[7,1],"3":[6,12],"4":[6,1],"5":[6,5],"6":[1,4],"7":[5,5],"8":[3,1]},"meta":{"lastBranch":9,"lastFunction":10,"lastStatement":46,"seen":{"s:14:17:14:Infinity":0,"s:15:17:15:Infinity":1,"f:19:2:19:6":0,"s:20:16:20:Infinity":2,"b:21:4:21:Infinity:undefined:undefined:undefined:undefined":0,"s:21:4:21:Infinity":3,"s:21:28:21:Infinity":4,"s:24:24:33:Infinity":5,"f:24:24:24:30":1,"s:25:6:32:Infinity":6,"s:26:23:26:Infinity":7,"b:27:8:29:Infinity:undefined:undefined:undefined:undefined":1,"s:27:8:29:Infinity":8,"b:27:12:27:22:27:22:27:58":2,"s:28:10:28:Infinity":9,"f:28:23:28:29":2,"b:35:4:42:Infinity:38:11:42:Infinity":3,"s:35:4:42:Infinity":10,"s:36:6:36:Infinity":11,"s:37:6:37:Infinity":12,"s:39:19:39:Infinity":13,"s:40:6:40:Infinity":14,"s:41:6:41:Infinity":15,"f:45:2:45:9":3,"s:46:16:46:Infinity":16,"s:47:16:47:Infinity":17,"b:48:4:52:Infinity:undefined:undefined:undefined:undefined":4,"s:48:4:52:Infinity":18,"s:49:6:49:Infinity":19,"s:50:6:50:Infinity":20,"s:51:6:51:Infinity":21,"f:55:2:55:15":4,"s:56:4:58:Infinity":22,"s:57:6:57:Infinity":23,"s:59:4:59:Infinity":24,"s:60:4:60:Infinity":25,"f:63:2:63:23":5,"s:64:4:68:Infinity":26,"f:64:47:64:48":6,"s:64:61:68:6":27,"f:78:8:78:13":7,"s:79:19:79:Infinity":28,"b:79:19:79:38:79:38:79:Infinity":5,"s:80:18:80:Infinity":29,"s:81:35:81:Infinity":30,"s:83:4:96:Infinity":31,"s:84:12:84:Infinity":32,"s:85:47:85:Infinity":33,"s:86:21:86:Infinity":34,"b:87:6:87:Infinity:undefined:undefined:undefined:undefined":6,"s:87:6:87:Infinity":35,"b:87:10:87:21:87:21:87:44":7,"s:87:44:87:Infinity":36,"s:89:18:89:Infinity":37,"b:90:6:94:Infinity:92:13:94:Infinity":8,"s:90:6:94:Infinity":38,"s:91:8:91:Infinity":39,"s:93:8:93:Infinity":40,"s:95:6:95:Infinity":41,"f:95:18:95:24":8,"s:95:24:95:40":42,"s:98:4:100:Infinity":43,"f:98:11:98:17":9,"s:99:6:99:Infinity":44,"s:99:32:99:Infinity":45}}}
}
