{"/Users/evioshen/code/pulian/shenyunjie/artuctor/packages/typeorm/package.json": {"path":"/Users/evioshen/code/pulian/shenyunjie/artuctor/packages/typeorm/package.json","statementMap":{},"fnMap":{},"branchMap":{},"s":{},"f":{},"b":{},"meta":{"lastBranch":0,"lastFunction":0,"lastStatement":0,"seen":{}}}
,"/Users/evioshen/code/pulian/shenyunjie/artuctor/packages/typeorm/src/index.ts": {"path":"/Users/evioshen/code/pulian/shenyunjie/artuctor/packages/typeorm/src/index.ts","statementMap":{"0":{"start":{"line":22,"column":2},"end":{"line":37,"column":null}},"1":{"start":{"line":46,"column":21},"end":{"line":46,"column":null}},"2":{"start":{"line":47,"column":2},"end":{"line":47,"column":null}},"3":{"start":{"line":48,"column":2},"end":{"line":48,"column":null}},"4":{"start":{"line":55,"column":21},"end":{"line":55,"column":null}},"5":{"start":{"line":56,"column":2},"end":{"line":56,"column":null}},"6":{"start":{"line":56,"column":17},"end":{"line":56,"column":37}},"7":{"start":{"line":57,"column":2},"end":{"line":57,"column":null}},"8":{"start":{"line":70,"column":58},"end":{"line":70,"column":null}},"9":{"start":{"line":71,"column":17},"end":{"line":71,"column":null}},"10":{"start":{"line":72,"column":2},"end":{"line":72,"column":null}},"11":{"start":{"line":73,"column":2},"end":{"line":73,"column":null}},"12":{"start":{"line":74,"column":15},"end":{"line":74,"column":null}},"13":{"start":{"line":74,"column":59},"end":{"line":74,"column":null}},"14":{"start":{"line":75,"column":2},"end":{"line":86,"column":null}},"15":{"start":{"line":76,"column":16},"end":{"line":76,"column":null}},"16":{"start":{"line":77,"column":4},"end":{"line":77,"column":null}},"17":{"start":{"line":78,"column":4},"end":{"line":78,"column":null}},"18":{"start":{"line":80,"column":4},"end":{"line":80,"column":null}},"19":{"start":{"line":81,"column":12},"end":{"line":81,"column":null}},"20":{"start":{"line":82,"column":4},"end":{"line":82,"column":null}},"21":{"start":{"line":82,"column":16},"end":{"line":82,"column":null}},"22":{"start":{"line":83,"column":4},"end":{"line":83,"column":null}},"23":{"start":{"line":85,"column":4},"end":{"line":85,"column":null}}},"fnMap":{"0":{"name":"envOptions","decl":{"start":{"line":21,"column":9},"end":{"line":21,"column":41}},"loc":{"start":{"line":21,"column":41},"end":{"line":38,"column":null}},"line":21},"1":{"name":"createDataSource","decl":{"start":{"line":45,"column":22},"end":{"line":45,"column":39}},"loc":{"start":{"line":45,"column":89},"end":{"line":49,"column":null}},"line":45},"2":{"name":"(anonymous_2)","decl":{"start":{"line":54,"column":51},"end":{"line":54,"column":58}},"loc":{"start":{"line":54,"column":71},"end":{"line":58,"column":1}},"line":54},"3":{"name":"(anonymous_3)","decl":{"start":{"line":56,"column":11},"end":{"line":56,"column":17}},"loc":{"start":{"line":56,"column":17},"end":{"line":56,"column":37}},"line":56},"4":{"name":"transaction","decl":{"start":{"line":66,"column":22},"end":{"line":66,"column":37}},"loc":{"start":{"line":69,"column":17},"end":{"line":87,"column":null}},"line":69},"5":{"name":"(anonymous_5)","decl":{"start":{"line":74,"column":15},"end":{"line":74,"column":16}},"loc":{"start":{"line":74,"column":59},"end":{"line":74,"column":null}},"line":74}},"branchMap":{"0":{"loc":{"start":{"line":31,"column":14},"end":{"line":31,"column":null}},"type":"cond-expr","locations":[{"start":{"line":31,"column":45},"end":{"line":31,"column":78}},{"start":{"line":31,"column":78},"end":{"line":31,"column":null}}],"line":31},"1":{"loc":{"start":{"line":32,"column":10},"end":{"line":34,"column":null}},"type":"cond-expr","locations":[{"start":{"line":33,"column":8},"end":{"line":33,"column":null}},{"start":{"line":34,"column":8},"end":{"line":34,"column":null}}],"line":32},"2":{"loc":{"start":{"line":46,"column":36},"end":{"line":46,"column":59}},"type":"binary-expr","locations":[{"start":{"line":46,"column":36},"end":{"line":46,"column":47}},{"start":{"line":46,"column":47},"end":{"line":46,"column":59}}],"line":46}},"s":{"0":8,"1":11,"2":11,"3":10,"4":1,"5":1,"6":1,"7":1,"8":3,"9":3,"10":3,"11":3,"12":3,"13":4,"14":3,"15":3,"16":1,"17":1,"18":2,"19":2,"20":2,"21":4,"22":2,"23":3},"f":{"0":8,"1":11,"2":1,"3":1,"4":3,"5":4},"b":{"0":[7,1],"1":[6,2],"2":[11,8]},"meta":{"lastBranch":3,"lastFunction":6,"lastStatement":24,"seen":{"f:21:9:21:41":0,"s:22:2:37:Infinity":0,"b:31:45:31:78:31:78:31:Infinity":0,"b:33:8:33:Infinity:34:8:34:Infinity":1,"f:45:22:45:39":1,"s:46:21:46:Infinity":1,"b:46:36:46:47:46:47:46:59":2,"s:47:2:47:Infinity":2,"s:48:2:48:Infinity":3,"f:54:51:54:58":2,"s:55:21:55:Infinity":4,"s:56:2:56:Infinity":5,"f:56:11:56:17":3,"s:56:17:56:37":6,"s:57:2:57:Infinity":7,"f:66:22:66:37":4,"s:70:58:70:Infinity":8,"s:71:17:71:Infinity":9,"s:72:2:72:Infinity":10,"s:73:2:73:Infinity":11,"s:74:15:74:Infinity":12,"f:74:15:74:16":5,"s:74:59:74:Infinity":13,"s:75:2:86:Infinity":14,"s:76:16:76:Infinity":15,"s:77:4:77:Infinity":16,"s:78:4:78:Infinity":17,"s:80:4:80:Infinity":18,"s:81:12:81:Infinity":19,"s:82:4:82:Infinity":20,"s:82:16:82:Infinity":21,"s:83:4:83:Infinity":22,"s:85:4:85:Infinity":23}}}
}
