<?xml version="1.0" encoding="UTF-8"?>
<coverage generated="1779721493518" clover="3.2.0">
  <project timestamp="1779721493519" name="All files">
    <metrics statements="6" coveredstatements="6" conditionals="10" coveredconditionals="10" methods="3" coveredmethods="3" elements="19" coveredelements="19" complexity="0" loc="6" ncloc="6" packages="1" files="1" classes="1"/>
    <file name="index.ts" path="/Users/evioshen/code/pulian/shenyunjie/artuctor/packages/logger/src/index.ts">
      <metrics statements="6" coveredstatements="6" conditionals="10" coveredconditionals="10" methods="3" coveredmethods="3"/>
      <line num="14" count="17" type="cond" truecount="2" falsecount="0"/>
      <line num="15" count="17" type="cond" truecount="3" falsecount="0"/>
      <line num="17" count="17" type="stmt"/>
      <line num="25" count="2" type="stmt"/>
      <line num="26" count="2" type="stmt"/>
      <line num="27" count="2" type="stmt"/>
    </file>
  </project>
</coverage>
