{"/Users/evioshen/code/pulian/shenyunjie/artuctor/packages/logger/src/index.ts": {"path":"/Users/evioshen/code/pulian/shenyunjie/artuctor/packages/logger/src/index.ts","statementMap":{"0":{"start":{"line":14,"column":17},"end":{"line":14,"column":null}},"1":{"start":{"line":15,"column":16},"end":{"line":15,"column":null}},"2":{"start":{"line":17,"column":2},"end":{"line":21,"column":null}},"3":{"start":{"line":25,"column":17},"end":{"line":25,"column":null}},"4":{"start":{"line":26,"column":2},"end":{"line":26,"column":null}},"5":{"start":{"line":26,"column":19},"end":{"line":26,"column":34}},"6":{"start":{"line":27,"column":2},"end":{"line":27,"column":null}}},"fnMap":{"0":{"name":"createLogger","decl":{"start":{"line":13,"column":16},"end":{"line":13,"column":29}},"loc":{"start":{"line":13,"column":70},"end":{"line":22,"column":null}},"line":13},"1":{"name":"(anonymous_1)","decl":{"start":{"line":24,"column":57},"end":{"line":24,"column":64}},"loc":{"start":{"line":24,"column":77},"end":{"line":28,"column":1}},"line":24},"2":{"name":"(anonymous_2)","decl":{"start":{"line":26,"column":11},"end":{"line":26,"column":17}},"loc":{"start":{"line":26,"column":17},"end":{"line":26,"column":35}},"line":26}},"branchMap":{"0":{"loc":{"start":{"line":13,"column":29},"end":{"line":13,"column":70}},"type":"default-arg","locations":[{"start":{"line":13,"column":54},"end":{"line":13,"column":70}}],"line":13},"1":{"loc":{"start":{"line":14,"column":17},"end":{"line":14,"column":null}},"type":"binary-expr","locations":[{"start":{"line":14,"column":17},"end":{"line":14,"column":35}},{"start":{"line":14,"column":35},"end":{"line":14,"column":null}}],"line":14},"2":{"loc":{"start":{"line":15,"column":16},"end":{"line":15,"column":null}},"type":"binary-expr","locations":[{"start":{"line":15,"column":16},"end":{"line":15,"column":33}},{"start":{"line":15,"column":33},"end":{"line":15,"column":61}},{"start":{"line":15,"column":61},"end":{"line":15,"column":null}}],"line":15},"3":{"loc":{"start":{"line":19,"column":8},"end":{"line":19,"column":null}},"type":"cond-expr","locations":[{"start":{"line":19,"column":25},"end":{"line":19,"column":54}},{"start":{"line":19,"column":54},"end":{"line":19,"column":null}}],"line":19},"4":{"loc":{"start":{"line":20,"column":8},"end":{"line":20,"column":null}},"type":"cond-expr","locations":[{"start":{"line":20,"column":17},"end":{"line":20,"column":60}},{"start":{"line":20,"column":60},"end":{"line":20,"column":null}}],"line":20}},"s":{"0":17,"1":17,"2":17,"3":2,"4":2,"5":1,"6":2},"f":{"0":17,"1":2,"2":1},"b":{"0":[17],"1":[17,4],"2":[17,4,3],"3":[1,16],"4":[4,13]},"meta":{"lastBranch":5,"lastFunction":3,"lastStatement":7,"seen":{"f:13:16:13:29":0,"b:13:54:13:70":0,"s:14:17:14:Infinity":0,"b:14:17:14:35:14:35:14:Infinity":1,"s:15:16:15:Infinity":1,"b:15:16:15:33:15:33:15:61:15:61:15:Infinity":2,"s:17:2:21:Infinity":2,"b:19:25:19:54:19:54:19:Infinity":3,"b:20:17:20:60:20:60:20:Infinity":4,"f:24:57:24:64":1,"s:25:17:25:Infinity":3,"s:26:2:26:Infinity":4,"f:26:11:26:17":2,"s:26:19:26:34":5,"s:27:2:27:Infinity":6}}}
}
