<?xml version="1.0" encoding="UTF-8"?>
<coverage generated="1779722126120" clover="3.2.0">
  <project timestamp="1779722126120" name="All files">
    <metrics statements="10" coveredstatements="10" conditionals="4" coveredconditionals="4" methods="4" coveredmethods="4" elements="18" coveredelements="18" complexity="0" loc="10" ncloc="10" packages="1" files="1" classes="1"/>
    <file name="index.ts" path="/Users/evioshen/code/pulian/shenyunjie/artuctor/packages/message-ipc/src/index.ts">
      <metrics statements="10" coveredstatements="10" conditionals="4" coveredconditionals="4" methods="4" coveredmethods="4"/>
      <line num="31" count="25" type="stmt"/>
      <line num="32" count="25" type="cond" truecount="2" falsecount="0"/>
      <line num="33" count="29" type="stmt"/>
      <line num="34" count="25" type="stmt"/>
      <line num="38" count="30" type="stmt"/>
      <line num="39" count="30" type="cond" truecount="2" falsecount="0"/>
      <line num="40" count="1" type="stmt"/>
      <line num="42" count="29" type="stmt"/>
      <line num="49" count="25" type="stmt"/>
      <line num="50" count="25" type="stmt"/>
    </file>
  </project>
</coverage>
