{"/Users/evioshen/code/pulian/shenyunjie/artuctor/packages/message-ipc/src/index.ts": {"path":"/Users/evioshen/code/pulian/shenyunjie/artuctor/packages/message-ipc/src/index.ts","statementMap":{"0":{"start":{"line":31,"column":4},"end":{"line":31,"column":null}},"1":{"start":{"line":32,"column":4},"end":{"line":32,"column":null}},"2":{"start":{"line":33,"column":4},"end":{"line":33,"column":null}},"3":{"start":{"line":33,"column":34},"end":{"line":33,"column":null}},"4":{"start":{"line":34,"column":4},"end":{"line":34,"column":null}},"5":{"start":{"line":38,"column":15},"end":{"line":38,"column":null}},"6":{"start":{"line":39,"column":4},"end":{"line":41,"column":null}},"7":{"start":{"line":40,"column":6},"end":{"line":40,"column":null}},"8":{"start":{"line":42,"column":4},"end":{"line":42,"column":null}},"9":{"start":{"line":49,"column":4},"end":{"line":49,"column":null}},"10":{"start":{"line":50,"column":4},"end":{"line":50,"column":null}}},"fnMap":{"0":{"name":"(anonymous_0)","decl":{"start":{"line":30,"column":2},"end":{"line":30,"column":14}},"loc":{"start":{"line":30,"column":38},"end":{"line":35,"column":null}},"line":30},"1":{"name":"(anonymous_1)","decl":{"start":{"line":33,"column":20},"end":{"line":33,"column":21}},"loc":{"start":{"line":33,"column":34},"end":{"line":33,"column":null}},"line":33},"2":{"name":"(anonymous_2)","decl":{"start":{"line":37,"column":12},"end":{"line":37,"column":26}},"loc":{"start":{"line":37,"column":64},"end":{"line":43,"column":null}},"line":37},"3":{"name":"(anonymous_3)","decl":{"start":{"line":48,"column":9},"end":{"line":48,"column":25}},"loc":{"start":{"line":48,"column":25},"end":{"line":51,"column":null}},"line":48}},"branchMap":{"0":{"loc":{"start":{"line":32,"column":19},"end":{"line":32,"column":null}},"type":"binary-expr","locations":[{"start":{"line":32,"column":19},"end":{"line":32,"column":30}},{"start":{"line":32,"column":30},"end":{"line":32,"column":null}}],"line":32},"1":{"loc":{"start":{"line":39,"column":4},"end":{"line":41,"column":null}},"type":"if","locations":[{"start":{"line":39,"column":4},"end":{"line":41,"column":null}},{"start":{},"end":{}}],"line":39}},"s":{"0":24,"1":24,"2":24,"3":29,"4":24,"5":30,"6":30,"7":1,"8":29,"9":24,"10":24},"f":{"0":24,"1":29,"2":30,"3":24},"b":{"0":[24,0],"1":[1,29]},"meta":{"lastBranch":2,"lastFunction":4,"lastStatement":11,"seen":{"f:30:2:30:14":0,"s:31:4:31:Infinity":0,"s:32:4:32:Infinity":1,"b:32:19:32:30:32:30:32:Infinity":0,"s:33:4:33:Infinity":2,"f:33:20:33:21":1,"s:33:34:33:Infinity":3,"s:34:4:34:Infinity":4,"f:37:12:37:26":2,"s:38:15:38:Infinity":5,"b:39:4:41:Infinity:undefined:undefined:undefined:undefined":1,"s:39:4:41:Infinity":6,"s:40:6:40:Infinity":7,"s:42:4:42:Infinity":8,"f:48:9:48:25":3,"s:49:4:49:Infinity":9,"s:50:4:50:Infinity":10}}}
}
