<?xml version="1.0" encoding="UTF-8"?>
<coverage generated="1779722122937" clover="3.2.0">
  <project timestamp="1779722122937" name="All files">
    <metrics statements="164" coveredstatements="162" conditionals="71" coveredconditionals="65" methods="37" coveredmethods="36" elements="272" coveredelements="263" complexity="0" loc="164" ncloc="164" packages="1" files="1" classes="1"/>
    <file name="index.ts" path="/Users/evioshen/code/pulian/shenyunjie/artuctor/packages/core/src/index.ts">
      <metrics statements="164" coveredstatements="162" conditionals="71" coveredconditionals="65" methods="37" coveredmethods="36"/>
      <line num="8" count="1" type="stmt"/>
      <line num="49" count="89" type="cond" truecount="4" falsecount="0"/>
      <line num="51" count="1" type="stmt"/>
      <line num="52" count="1" type="cond" truecount="1" falsecount="1"/>
      <line num="54" count="1" type="stmt"/>
      <line num="55" count="1" type="stmt"/>
      <line num="57" count="1" type="cond" truecount="1" falsecount="1"/>
      <line num="63" count="95" type="cond" truecount="2" falsecount="0"/>
      <line num="67" count="70" type="stmt"/>
      <line num="68" count="70" type="stmt"/>
      <line num="69" count="70" type="stmt"/>
      <line num="70" count="70" type="stmt"/>
      <line num="72" count="70" type="stmt"/>
      <line num="73" count="70" type="stmt"/>
      <line num="75" count="70" type="stmt"/>
      <line num="76" count="70" type="stmt"/>
      <line num="77" count="70" type="stmt"/>
      <line num="79" count="70" type="stmt"/>
      <line num="80" count="70" type="stmt"/>
      <line num="82" count="70" type="cond" truecount="1" falsecount="0"/>
      <line num="85" count="195" type="stmt"/>
      <line num="86" count="6" type="stmt"/>
      <line num="87" count="6" type="stmt"/>
      <line num="95" count="75" type="stmt"/>
      <line num="96" count="75" type="cond" truecount="2" falsecount="0"/>
      <line num="97" count="1" type="stmt"/>
      <line num="99" count="75" type="stmt"/>
      <line num="103" count="19" type="cond" truecount="2" falsecount="0"/>
      <line num="104" count="18" type="cond" truecount="2" falsecount="0"/>
      <line num="105" count="17" type="stmt"/>
      <line num="107" count="17" type="stmt"/>
      <line num="108" count="17" type="cond" truecount="2" falsecount="0"/>
      <line num="110" count="6" type="stmt"/>
      <line num="111" count="7" type="cond" truecount="2" falsecount="0"/>
      <line num="113" count="5" type="stmt"/>
      <line num="117" count="14" type="cond" truecount="2" falsecount="0"/>
      <line num="118" count="1" type="stmt"/>
      <line num="121" count="13" type="cond" truecount="2" falsecount="0"/>
      <line num="122" count="11" type="stmt"/>
      <line num="124" count="13" type="cond" truecount="2" falsecount="0"/>
      <line num="125" count="11" type="stmt"/>
      <line num="128" count="13" type="stmt"/>
      <line num="129" count="13" type="cond" truecount="2" falsecount="0"/>
      <line num="130" count="12" type="cond" truecount="2" falsecount="0"/>
      <line num="131" count="1" type="stmt"/>
      <line num="132" count="1" type="stmt"/>
      <line num="133" count="1" type="stmt"/>
      <line num="135" count="11" type="stmt"/>
      <line num="136" count="11" type="stmt"/>
      <line num="141" count="3" type="stmt"/>
      <line num="142" count="3" type="stmt"/>
      <line num="146" count="1" type="stmt"/>
      <line num="150" count="3" type="stmt"/>
      <line num="154" count="1" type="stmt"/>
      <line num="155" count="1" type="stmt"/>
      <line num="157" count="1" type="stmt"/>
      <line num="159" count="1" type="stmt"/>
      <line num="160" count="1" type="stmt"/>
      <line num="161" count="1" type="stmt"/>
      <line num="165" count="1" type="stmt"/>
      <line num="169" count="1" type="stmt"/>
      <line num="173" count="76" type="cond" truecount="2" falsecount="0"/>
      <line num="174" count="75" type="stmt"/>
      <line num="176" count="76" type="stmt"/>
      <line num="177" count="76" type="stmt"/>
      <line num="181" count="75" type="stmt"/>
      <line num="182" count="75" type="cond" truecount="2" falsecount="0"/>
      <line num="183" count="75" type="cond" truecount="2" falsecount="0"/>
      <line num="185" count="75" type="cond" truecount="2" falsecount="0"/>
      <line num="186" count="14" type="stmt"/>
      <line num="189" count="73" type="stmt"/>
      <line num="190" count="73" type="cond" truecount="2" falsecount="0"/>
      <line num="191" count="61" type="stmt"/>
      <line num="192" count="58" type="cond" truecount="2" falsecount="0"/>
      <line num="193" count="15" type="stmt"/>
      <line num="195" count="43" type="stmt"/>
      <line num="199" count="12" type="stmt"/>
      <line num="200" count="12" type="cond" truecount="3" falsecount="0"/>
      <line num="202" count="6" type="stmt"/>
      <line num="203" count="6" type="stmt"/>
      <line num="205" count="5" type="stmt"/>
      <line num="206" count="5" type="stmt"/>
      <line num="208" count="1" type="stmt"/>
      <line num="209" count="1" type="stmt"/>
      <line num="215" count="61" type="stmt"/>
      <line num="222" count="61" type="stmt"/>
      <line num="223" count="61" type="cond" truecount="1" falsecount="1"/>
      <line num="224" count="61" type="stmt"/>
      <line num="226" count="61" type="stmt"/>
      <line num="228" count="61" type="stmt"/>
      <line num="229" count="34" type="cond" truecount="2" falsecount="0"/>
      <line num="230" count="26" type="stmt"/>
      <line num="232" count="34" type="cond" truecount="2" falsecount="0"/>
      <line num="233" count="26" type="stmt"/>
      <line num="235" count="34" type="stmt"/>
      <line num="236" count="34" type="cond" truecount="2" falsecount="0"/>
      <line num="237" count="32" type="stmt"/>
      <line num="241" count="61" type="cond" truecount="2" falsecount="0"/>
      <line num="242" count="61" type="stmt"/>
      <line num="244" count="61" type="stmt"/>
      <line num="249" count="43" type="stmt"/>
      <line num="250" count="43" type="stmt"/>
      <line num="251" count="43" type="stmt"/>
      <line num="252" count="43" type="stmt"/>
      <line num="253" count="43" type="stmt"/>
      <line num="254" count="43" type="stmt"/>
      <line num="256" count="43" type="stmt"/>
      <line num="257" count="3" type="stmt"/>
      <line num="259" count="43" type="stmt"/>
      <line num="260" count="43" type="stmt"/>
      <line num="262" count="15" type="stmt"/>
      <line num="263" count="15" type="stmt"/>
      <line num="264" count="15" type="stmt"/>
      <line num="265" count="15" type="stmt"/>
      <line num="266" count="15" type="stmt"/>
      <line num="267" count="15" type="stmt"/>
      <line num="269" count="15" type="stmt"/>
      <line num="270" count="15" type="stmt"/>
      <line num="271" count="15" type="stmt"/>
      <line num="272" count="3" type="stmt"/>
      <line num="274" count="15" type="stmt"/>
      <line num="275" count="15" type="stmt"/>
      <line num="278" count="15" type="stmt"/>
      <line num="281" count="0" type="stmt"/>
      <line num="282" count="0" type="stmt"/>
      <line num="288" count="32" type="cond" truecount="2" falsecount="0"/>
      <line num="289" count="24" type="stmt"/>
      <line num="290" count="24" type="cond" truecount="1" falsecount="1"/>
      <line num="291" count="24" type="stmt"/>
      <line num="294" count="24" type="stmt"/>
      <line num="295" count="24" type="stmt"/>
      <line num="297" count="24" type="stmt"/>
      <line num="298" count="24" type="stmt"/>
      <line num="299" count="24" type="stmt"/>
      <line num="300" count="30" type="stmt"/>
      <line num="301" count="30" type="stmt"/>
      <line num="302" count="30" type="stmt"/>
      <line num="308" count="1" type="stmt"/>
      <line num="312" count="24" type="stmt"/>
      <line num="313" count="24" type="stmt"/>
      <line num="315" count="24" type="cond" truecount="1" falsecount="1"/>
      <line num="316" count="24" type="stmt"/>
      <line num="319" count="24" type="stmt"/>
      <line num="324" count="13" type="stmt"/>
      <line num="325" count="13" type="stmt"/>
      <line num="328" count="13" type="stmt"/>
      <line num="329" count="14" type="stmt"/>
      <line num="330" count="17" type="stmt"/>
      <line num="331" count="17" type="stmt"/>
      <line num="333" count="14" type="stmt"/>
      <line num="334" count="14" type="cond" truecount="2" falsecount="0"/>
      <line num="336" count="13" type="stmt"/>
      <line num="337" count="13" type="stmt"/>
      <line num="339" count="13" type="stmt"/>
      <line num="343" count="4" type="stmt"/>
      <line num="347" count="4" type="stmt"/>
      <line num="351" count="5" type="stmt"/>
      <line num="356" count="1" type="cond" truecount="1" falsecount="1"/>
      <line num="357" count="1" type="stmt"/>
      <line num="359" count="1" type="stmt"/>
      <line num="362" count="1" type="stmt"/>
      <line num="364" count="3" type="stmt"/>
      <line num="368" count="2" type="stmt"/>
      <line num="372" count="9" type="stmt"/>
    </file>
  </project>
</coverage>
