{"/Users/evioshen/code/pulian/shenyunjie/artuctor/packages/core/src/index.ts": {"path":"/Users/evioshen/code/pulian/shenyunjie/artuctor/packages/core/src/index.ts","statementMap":{"0":{"start":{"line":8,"column":19},"end":{"line":8,"column":null}},"1":{"start":{"line":49,"column":2},"end":{"line":49,"column":null}},"2":{"start":{"line":49,"column":36},"end":{"line":49,"column":null}},"3":{"start":{"line":51,"column":25},"end":{"line":53,"column":null}},"4":{"start":{"line":52,"column":4},"end":{"line":52,"column":null}},"5":{"start":{"line":52,"column":29},"end":{"line":52,"column":101}},"6":{"start":{"line":54,"column":2},"end":{"line":58,"column":null}},"7":{"start":{"line":55,"column":4},"end":{"line":55,"column":null}},"8":{"start":{"line":57,"column":4},"end":{"line":57,"column":null}},"9":{"start":{"line":57,"column":15},"end":{"line":57,"column":null}},"10":{"start":{"line":63,"column":2},"end":{"line":63,"column":null}},"11":{"start":{"line":67,"column":21},"end":{"line":67,"column":null}},"12":{"start":{"line":68,"column":32},"end":{"line":68,"column":null}},"13":{"start":{"line":69,"column":36},"end":{"line":69,"column":null}},"14":{"start":{"line":70,"column":30},"end":{"line":70,"column":null}},"15":{"start":{"line":72,"column":34},"end":{"line":72,"column":null}},"16":{"start":{"line":73,"column":32},"end":{"line":73,"column":null}},"17":{"start":{"line":75,"column":39},"end":{"line":75,"column":null}},"18":{"start":{"line":76,"column":50},"end":{"line":76,"column":null}},"19":{"start":{"line":77,"column":48},"end":{"line":77,"column":null}},"20":{"start":{"line":79,"column":31},"end":{"line":79,"column":null}},"21":{"start":{"line":80,"column":29},"end":{"line":80,"column":null}},"22":{"start":{"line":82,"column":31},"end":{"line":82,"column":59}},"23":{"start":{"line":85,"column":4},"end":{"line":91,"column":null}},"24":{"start":{"line":86,"column":6},"end":{"line":90,"column":null}},"25":{"start":{"line":87,"column":8},"end":{"line":87,"column":null}},"26":{"start":{"line":95,"column":12},"end":{"line":95,"column":null}},"27":{"start":{"line":96,"column":4},"end":{"line":98,"column":null}},"28":{"start":{"line":97,"column":6},"end":{"line":97,"column":null}},"29":{"start":{"line":99,"column":4},"end":{"line":99,"column":null}},"30":{"start":{"line":103,"column":4},"end":{"line":103,"column":null}},"31":{"start":{"line":103,"column":21},"end":{"line":103,"column":null}},"32":{"start":{"line":104,"column":4},"end":{"line":104,"column":null}},"33":{"start":{"line":104,"column":27},"end":{"line":104,"column":null}},"34":{"start":{"line":105,"column":4},"end":{"line":105,"column":null}},"35":{"start":{"line":107,"column":17},"end":{"line":107,"column":null}},"36":{"start":{"line":108,"column":4},"end":{"line":108,"column":null}},"37":{"start":{"line":108,"column":15},"end":{"line":108,"column":null}},"38":{"start":{"line":110,"column":4},"end":{"line":112,"column":null}},"39":{"start":{"line":111,"column":6},"end":{"line":111,"column":null}},"40":{"start":{"line":111,"column":43},"end":{"line":111,"column":null}},"41":{"start":{"line":113,"column":4},"end":{"line":113,"column":null}},"42":{"start":{"line":117,"column":4},"end":{"line":119,"column":null}},"43":{"start":{"line":118,"column":6},"end":{"line":118,"column":null}},"44":{"start":{"line":121,"column":4},"end":{"line":123,"column":null}},"45":{"start":{"line":122,"column":6},"end":{"line":122,"column":null}},"46":{"start":{"line":124,"column":4},"end":{"line":126,"column":null}},"47":{"start":{"line":125,"column":6},"end":{"line":125,"column":null}},"48":{"start":{"line":128,"column":23},"end":{"line":128,"column":null}},"49":{"start":{"line":129,"column":4},"end":{"line":137,"column":null}},"50":{"start":{"line":130,"column":6},"end":{"line":134,"column":null}},"51":{"start":{"line":131,"column":22},"end":{"line":131,"column":null}},"52":{"start":{"line":132,"column":8},"end":{"line":132,"column":null}},"53":{"start":{"line":133,"column":8},"end":{"line":133,"column":null}},"54":{"start":{"line":135,"column":6},"end":{"line":135,"column":null}},"55":{"start":{"line":136,"column":6},"end":{"line":136,"column":null}},"56":{"start":{"line":141,"column":4},"end":{"line":141,"column":null}},"57":{"start":{"line":142,"column":4},"end":{"line":142,"column":null}},"58":{"start":{"line":142,"column":17},"end":{"line":142,"column":null}},"59":{"start":{"line":146,"column":4},"end":{"line":146,"column":null}},"60":{"start":{"line":150,"column":4},"end":{"line":150,"column":null}},"61":{"start":{"line":154,"column":18},"end":{"line":156,"column":null}},"62":{"start":{"line":155,"column":17},"end":{"line":155,"column":null}},"63":{"start":{"line":157,"column":63},"end":{"line":157,"column":null}},"64":{"start":{"line":159,"column":4},"end":{"line":163,"column":null}},"65":{"start":{"line":160,"column":6},"end":{"line":162,"column":null}},"66":{"start":{"line":161,"column":8},"end":{"line":161,"column":null}},"67":{"start":{"line":165,"column":4},"end":{"line":165,"column":null}},"68":{"start":{"line":169,"column":4},"end":{"line":169,"column":null}},"69":{"start":{"line":173,"column":4},"end":{"line":175,"column":null}},"70":{"start":{"line":174,"column":6},"end":{"line":174,"column":null}},"71":{"start":{"line":176,"column":4},"end":{"line":176,"column":null}},"72":{"start":{"line":177,"column":4},"end":{"line":177,"column":null}},"73":{"start":{"line":181,"column":24},"end":{"line":181,"column":null}},"74":{"start":{"line":182,"column":18},"end":{"line":182,"column":null}},"75":{"start":{"line":183,"column":22},"end":{"line":183,"column":null}},"76":{"start":{"line":185,"column":4},"end":{"line":187,"column":null}},"77":{"start":{"line":186,"column":6},"end":{"line":186,"column":null}},"78":{"start":{"line":189,"column":4},"end":{"line":211,"column":null}},"79":{"start":{"line":190,"column":6},"end":{"line":198,"column":null}},"80":{"start":{"line":191,"column":8},"end":{"line":197,"column":null}},"81":{"start":{"line":192,"column":10},"end":{"line":196,"column":null}},"82":{"start":{"line":193,"column":12},"end":{"line":193,"column":null}},"83":{"start":{"line":195,"column":12},"end":{"line":195,"column":null}},"84":{"start":{"line":199,"column":20},"end":{"line":199,"column":null}},"85":{"start":{"line":200,"column":6},"end":{"line":210,"column":null}},"86":{"start":{"line":202,"column":10},"end":{"line":202,"column":null}},"87":{"start":{"line":203,"column":10},"end":{"line":203,"column":null}},"88":{"start":{"line":205,"column":10},"end":{"line":205,"column":null}},"89":{"start":{"line":206,"column":10},"end":{"line":206,"column":null}},"90":{"start":{"line":208,"column":10},"end":{"line":208,"column":null}},"91":{"start":{"line":209,"column":10},"end":{"line":209,"column":null}},"92":{"start":{"line":215,"column":28},"end":{"line":221,"column":null}},"93":{"start":{"line":222,"column":4},"end":{"line":222,"column":null}},"94":{"start":{"line":223,"column":4},"end":{"line":225,"column":null}},"95":{"start":{"line":224,"column":6},"end":{"line":224,"column":null}},"96":{"start":{"line":226,"column":4},"end":{"line":226,"column":null}},"97":{"start":{"line":228,"column":43},"end":{"line":239,"column":null}},"98":{"start":{"line":229,"column":6},"end":{"line":231,"column":null}},"99":{"start":{"line":230,"column":8},"end":{"line":230,"column":null}},"100":{"start":{"line":232,"column":6},"end":{"line":234,"column":null}},"101":{"start":{"line":233,"column":8},"end":{"line":233,"column":null}},"102":{"start":{"line":235,"column":20},"end":{"line":235,"column":null}},"103":{"start":{"line":236,"column":6},"end":{"line":238,"column":null}},"104":{"start":{"line":237,"column":8},"end":{"line":237,"column":null}},"105":{"start":{"line":241,"column":24},"end":{"line":241,"column":null}},"106":{"start":{"line":242,"column":27},"end":{"line":242,"column":null}},"107":{"start":{"line":242,"column":73},"end":{"line":242,"column":101}},"108":{"start":{"line":244,"column":4},"end":{"line":284,"column":null}},"109":{"start":{"line":249,"column":6},"end":{"line":249,"column":null}},"110":{"start":{"line":250,"column":6},"end":{"line":250,"column":null}},"111":{"start":{"line":251,"column":6},"end":{"line":251,"column":null}},"112":{"start":{"line":252,"column":6},"end":{"line":252,"column":null}},"113":{"start":{"line":253,"column":25},"end":{"line":253,"column":null}},"114":{"start":{"line":254,"column":6},"end":{"line":254,"column":null}},"115":{"start":{"line":256,"column":6},"end":{"line":258,"column":null}},"116":{"start":{"line":257,"column":8},"end":{"line":257,"column":null}},"117":{"start":{"line":259,"column":6},"end":{"line":259,"column":null}},"118":{"start":{"line":260,"column":6},"end":{"line":260,"column":null}},"119":{"start":{"line":262,"column":6},"end":{"line":262,"column":null}},"120":{"start":{"line":263,"column":6},"end":{"line":263,"column":null}},"121":{"start":{"line":264,"column":6},"end":{"line":264,"column":null}},"122":{"start":{"line":265,"column":6},"end":{"line":265,"column":null}},"123":{"start":{"line":266,"column":25},"end":{"line":266,"column":null}},"124":{"start":{"line":267,"column":6},"end":{"line":267,"column":null}},"125":{"start":{"line":269,"column":20},"end":{"line":276,"column":null}},"126":{"start":{"line":270,"column":8},"end":{"line":270,"column":null}},"127":{"start":{"line":271,"column":8},"end":{"line":273,"column":null}},"128":{"start":{"line":272,"column":10},"end":{"line":272,"column":null}},"129":{"start":{"line":274,"column":8},"end":{"line":274,"column":null}},"130":{"start":{"line":275,"column":8},"end":{"line":275,"column":null}},"131":{"start":{"line":278,"column":6},"end":{"line":283,"column":null}},"132":{"start":{"line":281,"column":10},"end":{"line":281,"column":null}},"133":{"start":{"line":282,"column":10},"end":{"line":282,"column":null}},"134":{"start":{"line":288,"column":4},"end":{"line":320,"column":null}},"135":{"start":{"line":289,"column":19},"end":{"line":289,"column":null}},"136":{"start":{"line":290,"column":6},"end":{"line":292,"column":null}},"137":{"start":{"line":291,"column":8},"end":{"line":291,"column":null}},"138":{"start":{"line":294,"column":6},"end":{"line":294,"column":null}},"139":{"start":{"line":295,"column":24},"end":{"line":295,"column":null}},"140":{"start":{"line":297,"column":20},"end":{"line":297,"column":null}},"141":{"start":{"line":298,"column":14},"end":{"line":298,"column":null}},"142":{"start":{"line":299,"column":6},"end":{"line":310,"column":null}},"143":{"start":{"line":300,"column":25},"end":{"line":300,"column":null}},"144":{"start":{"line":301,"column":8},"end":{"line":309,"column":null}},"145":{"start":{"line":302,"column":10},"end":{"line":306,"column":null}},"146":{"start":{"line":308,"column":10},"end":{"line":308,"column":null}},"147":{"start":{"line":312,"column":6},"end":{"line":312,"column":null}},"148":{"start":{"line":313,"column":6},"end":{"line":313,"column":null}},"149":{"start":{"line":315,"column":6},"end":{"line":317,"column":null}},"150":{"start":{"line":316,"column":8},"end":{"line":316,"column":null}},"151":{"start":{"line":319,"column":6},"end":{"line":319,"column":null}},"152":{"start":{"line":324,"column":22},"end":{"line":324,"column":null}},"153":{"start":{"line":325,"column":4},"end":{"line":325,"column":null}},"154":{"start":{"line":328,"column":4},"end":{"line":335,"column":null}},"155":{"start":{"line":329,"column":6},"end":{"line":332,"column":null}},"156":{"start":{"line":330,"column":20},"end":{"line":330,"column":null}},"157":{"start":{"line":331,"column":8},"end":{"line":331,"column":null}},"158":{"start":{"line":333,"column":6},"end":{"line":333,"column":null}},"159":{"start":{"line":333,"column":35},"end":{"line":333,"column":50}},"160":{"start":{"line":334,"column":6},"end":{"line":334,"column":null}},"161":{"start":{"line":334,"column":44},"end":{"line":334,"column":null}},"162":{"start":{"line":336,"column":4},"end":{"line":336,"column":null}},"163":{"start":{"line":337,"column":4},"end":{"line":337,"column":null}},"164":{"start":{"line":339,"column":4},"end":{"line":339,"column":null}},"165":{"start":{"line":343,"column":4},"end":{"line":343,"column":null}},"166":{"start":{"line":347,"column":4},"end":{"line":347,"column":null}},"167":{"start":{"line":351,"column":4},"end":{"line":351,"column":null}},"168":{"start":{"line":356,"column":2},"end":{"line":358,"column":null}},"169":{"start":{"line":357,"column":4},"end":{"line":357,"column":null}},"170":{"start":{"line":359,"column":2},"end":{"line":359,"column":null}},"171":{"start":{"line":362,"column":25},"end":{"line":362,"column":null}},"172":{"start":{"line":364,"column":2},"end":{"line":364,"column":null}},"173":{"start":{"line":368,"column":2},"end":{"line":368,"column":null}},"174":{"start":{"line":372,"column":2},"end":{"line":375,"column":null}}},"fnMap":{"0":{"name":"withTimeout","decl":{"start":{"line":48,"column":15},"end":{"line":48,"column":30}},"loc":{"start":{"line":48,"column":101},"end":{"line":59,"column":null}},"line":48},"1":{"name":"(anonymous_1)","decl":{"start":{"line":51,"column":40},"end":{"line":51,"column":41}},"loc":{"start":{"line":51,"column":55},"end":{"line":53,"column":3}},"line":51},"2":{"name":"(anonymous_2)","decl":{"start":{"line":52,"column":23},"end":{"line":52,"column":29}},"loc":{"start":{"line":52,"column":29},"end":{"line":52,"column":101}},"line":52},"3":{"name":"formatServiceKey","decl":{"start":{"line":62,"column":16},"end":{"line":62,"column":33}},"loc":{"start":{"line":62,"column":56},"end":{"line":64,"column":null}},"line":62},"4":{"name":"(anonymous_4)","decl":{"start":{"line":82,"column":2},"end":{"line":82,"column":31}},"loc":{"start":{"line":82,"column":63},"end":{"line":82,"column":null}},"line":82},"5":{"name":"(anonymous_5)","decl":{"start":{"line":84,"column":10},"end":{"line":84,"column":15}},"loc":{"start":{"line":84,"column":38},"end":{"line":92,"column":null}},"line":84},"6":{"name":"(anonymous_6)","decl":{"start":{"line":94,"column":10},"end":{"line":94,"column":24}},"loc":{"start":{"line":94,"column":24},"end":{"line":100,"column":null}},"line":94},"7":{"name":"(anonymous_7)","decl":{"start":{"line":102,"column":10},"end":{"line":102,"column":18}},"loc":{"start":{"line":102,"column":94},"end":{"line":114,"column":null}},"line":102},"8":{"name":"(anonymous_8)","decl":{"start":{"line":116,"column":10},"end":{"line":116,"column":26}},"loc":{"start":{"line":116,"column":71},"end":{"line":138,"column":null}},"line":116},"9":{"name":"(anonymous_9)","decl":{"start":{"line":140,"column":9},"end":{"line":140,"column":12}},"loc":{"start":{"line":140,"column":55},"end":{"line":143,"column":null}},"line":140},"10":{"name":"(anonymous_10)","decl":{"start":{"line":142,"column":11},"end":{"line":142,"column":17}},"loc":{"start":{"line":142,"column":17},"end":{"line":142,"column":null}},"line":142},"11":{"name":"(anonymous_11)","decl":{"start":{"line":145,"column":9},"end":{"line":145,"column":13}},"loc":{"start":{"line":145,"column":56},"end":{"line":147,"column":null}},"line":145},"12":{"name":"(anonymous_12)","decl":{"start":{"line":149,"column":9},"end":{"line":149,"column":22}},"loc":{"start":{"line":149,"column":74},"end":{"line":151,"column":null}},"line":149},"13":{"name":"(anonymous_13)","decl":{"start":{"line":153,"column":9},"end":{"line":153,"column":30}},"loc":{"start":{"line":153,"column":30},"end":{"line":166,"column":null}},"line":153},"14":{"name":"(anonymous_14)","decl":{"start":{"line":155,"column":6},"end":{"line":155,"column":7}},"loc":{"start":{"line":155,"column":17},"end":{"line":155,"column":null}},"line":155},"15":{"name":"(anonymous_15)","decl":{"start":{"line":168,"column":9},"end":{"line":168,"column":27}},"loc":{"start":{"line":168,"column":27},"end":{"line":170,"column":null}},"line":168},"16":{"name":"(anonymous_16)","decl":{"start":{"line":172,"column":9},"end":{"line":172,"column":21}},"loc":{"start":{"line":172,"column":87},"end":{"line":178,"column":null}},"line":172},"17":{"name":"(anonymous_17)","decl":{"start":{"line":180,"column":9},"end":{"line":180,"column":20}},"loc":{"start":{"line":180,"column":64},"end":{"line":212,"column":null}},"line":180},"18":{"name":"(anonymous_18)","decl":{"start":{"line":189,"column":26},"end":{"line":189,"column":27}},"loc":{"start":{"line":189,"column":47},"end":{"line":211,"column":5}},"line":189},"19":{"name":"(anonymous_19)","decl":{"start":{"line":191,"column":33},"end":{"line":191,"column":34}},"loc":{"start":{"line":191,"column":43},"end":{"line":197,"column":9}},"line":191},"20":{"name":"(anonymous_20)","decl":{"start":{"line":214,"column":10},"end":{"line":214,"column":17}},"loc":{"start":{"line":214,"column":93},"end":{"line":285,"column":null}},"line":214},"21":{"name":"(anonymous_21)","decl":{"start":{"line":228,"column":43},"end":{"line":228,"column":44}},"loc":{"start":{"line":228,"column":82},"end":{"line":239,"column":null}},"line":228},"22":{"name":"(anonymous_22)","decl":{"start":{"line":242,"column":67},"end":{"line":242,"column":73}},"loc":{"start":{"line":242,"column":73},"end":{"line":242,"column":101}},"line":242},"23":{"name":"(anonymous_23)","decl":{"start":{"line":248,"column":11},"end":{"line":248,"column":12}},"loc":{"start":{"line":248,"column":22},"end":{"line":261,"column":5}},"line":248},"24":{"name":"(anonymous_24)","decl":{"start":{"line":261,"column":13},"end":{"line":261,"column":18}},"loc":{"start":{"line":261,"column":18},"end":{"line":284,"column":5}},"line":261},"25":{"name":"(anonymous_25)","decl":{"start":{"line":269,"column":20},"end":{"line":269,"column":26}},"loc":{"start":{"line":269,"column":26},"end":{"line":276,"column":null}},"line":269},"26":{"name":"(anonymous_26)","decl":{"start":{"line":280,"column":15},"end":{"line":280,"column":16}},"loc":{"start":{"line":280,"column":34},"end":{"line":283,"column":9}},"line":280},"27":{"name":"(anonymous_27)","decl":{"start":{"line":287,"column":16},"end":{"line":287,"column":32}},"loc":{"start":{"line":287,"column":49},"end":{"line":321,"column":null}},"line":287},"28":{"name":"(anonymous_28)","decl":{"start":{"line":323,"column":15},"end":{"line":323,"column":26}},"loc":{"start":{"line":323,"column":26},"end":{"line":340,"column":null}},"line":323},"29":{"name":"(anonymous_29)","decl":{"start":{"line":333,"column":30},"end":{"line":333,"column":35}},"loc":{"start":{"line":333,"column":35},"end":{"line":333,"column":50}},"line":333},"30":{"name":"(anonymous_30)","decl":{"start":{"line":342,"column":9},"end":{"line":342,"column":20}},"loc":{"start":{"line":342,"column":37},"end":{"line":344,"column":null}},"line":342},"31":{"name":"(anonymous_31)","decl":{"start":{"line":346,"column":9},"end":{"line":346,"column":17}},"loc":{"start":{"line":346,"column":34},"end":{"line":348,"column":null}},"line":346},"32":{"name":"(anonymous_32)","decl":{"start":{"line":350,"column":9},"end":{"line":350,"column":22}},"loc":{"start":{"line":350,"column":39},"end":{"line":352,"column":null}},"line":350},"33":{"name":"getGlobalContainer","decl":{"start":{"line":355,"column":9},"end":{"line":355,"column":30}},"loc":{"start":{"line":355,"column":30},"end":{"line":360,"column":null}},"line":355},"34":{"name":"defineService","decl":{"start":{"line":363,"column":16},"end":{"line":363,"column":33}},"loc":{"start":{"line":363,"column":74},"end":{"line":365,"column":null}},"line":363},"35":{"name":"loadService","decl":{"start":{"line":367,"column":16},"end":{"line":367,"column":31}},"loc":{"start":{"line":367,"column":75},"end":{"line":369,"column":null}},"line":367},"36":{"name":"isService","decl":{"start":{"line":371,"column":16},"end":{"line":371,"column":29}},"loc":{"start":{"line":371,"column":61},"end":{"line":377,"column":null}},"line":371}},"branchMap":{"0":{"loc":{"start":{"line":49,"column":2},"end":{"line":49,"column":null}},"type":"if","locations":[{"start":{"line":49,"column":2},"end":{"line":49,"column":null}},{"start":{},"end":{}}],"line":49},"1":{"loc":{"start":{"line":49,"column":6},"end":{"line":49,"column":36}},"type":"binary-expr","locations":[{"start":{"line":49,"column":6},"end":{"line":49,"column":20}},{"start":{"line":49,"column":20},"end":{"line":49,"column":36}}],"line":49},"2":{"loc":{"start":{"line":52,"column":46},"end":{"line":52,"column":97}},"type":"binary-expr","locations":[{"start":{"line":52,"column":46},"end":{"line":52,"column":57}},{"start":{"line":52,"column":57},"end":{"line":52,"column":97}}],"line":52},"3":{"loc":{"start":{"line":57,"column":4},"end":{"line":57,"column":null}},"type":"if","locations":[{"start":{"line":57,"column":4},"end":{"line":57,"column":null}},{"start":{},"end":{}}],"line":57},"4":{"loc":{"start":{"line":63,"column":9},"end":{"line":63,"column":null}},"type":"cond-expr","locations":[{"start":{"line":63,"column":33},"end":{"line":63,"column":37}},{"start":{"line":63,"column":37},"end":{"line":63,"column":null}}],"line":63},"5":{"loc":{"start":{"line":82,"column":31},"end":{"line":82,"column":63}},"type":"default-arg","locations":[{"start":{"line":82,"column":59},"end":{"line":82,"column":63}}],"line":82},"6":{"loc":{"start":{"line":96,"column":4},"end":{"line":98,"column":null}},"type":"if","locations":[{"start":{"line":96,"column":4},"end":{"line":98,"column":null}},{"start":{},"end":{}}],"line":96},"7":{"loc":{"start":{"line":102,"column":52},"end":{"line":102,"column":94}},"type":"default-arg","locations":[{"start":{"line":102,"column":62},"end":{"line":102,"column":94}}],"line":102},"8":{"loc":{"start":{"line":103,"column":4},"end":{"line":103,"column":null}},"type":"if","locations":[{"start":{"line":103,"column":4},"end":{"line":103,"column":null}},{"start":{},"end":{}}],"line":103},"9":{"loc":{"start":{"line":104,"column":4},"end":{"line":104,"column":null}},"type":"if","locations":[{"start":{"line":104,"column":4},"end":{"line":104,"column":null}},{"start":{},"end":{}}],"line":104},"10":{"loc":{"start":{"line":108,"column":4},"end":{"line":108,"column":null}},"type":"if","locations":[{"start":{"line":108,"column":4},"end":{"line":108,"column":null}},{"start":{},"end":{}}],"line":108},"11":{"loc":{"start":{"line":111,"column":6},"end":{"line":111,"column":null}},"type":"if","locations":[{"start":{"line":111,"column":6},"end":{"line":111,"column":null}},{"start":{},"end":{}}],"line":111},"12":{"loc":{"start":{"line":117,"column":4},"end":{"line":119,"column":null}},"type":"if","locations":[{"start":{"line":117,"column":4},"end":{"line":119,"column":null}},{"start":{},"end":{}}],"line":117},"13":{"loc":{"start":{"line":121,"column":4},"end":{"line":123,"column":null}},"type":"if","locations":[{"start":{"line":121,"column":4},"end":{"line":123,"column":null}},{"start":{},"end":{}}],"line":121},"14":{"loc":{"start":{"line":124,"column":4},"end":{"line":126,"column":null}},"type":"if","locations":[{"start":{"line":124,"column":4},"end":{"line":126,"column":null}},{"start":{},"end":{}}],"line":124},"15":{"loc":{"start":{"line":129,"column":4},"end":{"line":137,"column":null}},"type":"if","locations":[{"start":{"line":129,"column":4},"end":{"line":137,"column":null}},{"start":{},"end":{}}],"line":129},"16":{"loc":{"start":{"line":130,"column":6},"end":{"line":134,"column":null}},"type":"if","locations":[{"start":{"line":130,"column":6},"end":{"line":134,"column":null}},{"start":{},"end":{}}],"line":130},"17":{"loc":{"start":{"line":173,"column":4},"end":{"line":175,"column":null}},"type":"if","locations":[{"start":{"line":173,"column":4},"end":{"line":175,"column":null}},{"start":{},"end":{}}],"line":173},"18":{"loc":{"start":{"line":182,"column":18},"end":{"line":182,"column":null}},"type":"binary-expr","locations":[{"start":{"line":182,"column":18},"end":{"line":182,"column":45}},{"start":{"line":182,"column":45},"end":{"line":182,"column":null}}],"line":182},"19":{"loc":{"start":{"line":183,"column":22},"end":{"line":183,"column":null}},"type":"cond-expr","locations":[{"start":{"line":183,"column":37},"end":{"line":183,"column":63}},{"start":{"line":183,"column":63},"end":{"line":183,"column":null}}],"line":183},"20":{"loc":{"start":{"line":185,"column":4},"end":{"line":187,"column":null}},"type":"if","locations":[{"start":{"line":185,"column":4},"end":{"line":187,"column":null}},{"start":{},"end":{}}],"line":185},"21":{"loc":{"start":{"line":190,"column":6},"end":{"line":198,"column":null}},"type":"if","locations":[{"start":{"line":190,"column":6},"end":{"line":198,"column":null}},{"start":{},"end":{}}],"line":190},"22":{"loc":{"start":{"line":192,"column":10},"end":{"line":196,"column":null}},"type":"if","locations":[{"start":{"line":192,"column":10},"end":{"line":196,"column":null}},{"start":{"line":194,"column":17},"end":{"line":196,"column":null}}],"line":192},"23":{"loc":{"start":{"line":200,"column":6},"end":{"line":210,"column":null}},"type":"switch","locations":[{"start":{"line":201,"column":8},"end":{"line":203,"column":null}},{"start":{"line":204,"column":8},"end":{"line":206,"column":null}},{"start":{"line":207,"column":8},"end":{"line":209,"column":null}}],"line":200},"24":{"loc":{"start":{"line":223,"column":4},"end":{"line":225,"column":null}},"type":"if","locations":[{"start":{"line":223,"column":4},"end":{"line":225,"column":null}},{"start":{},"end":{}}],"line":223},"25":{"loc":{"start":{"line":229,"column":6},"end":{"line":231,"column":null}},"type":"if","locations":[{"start":{"line":229,"column":6},"end":{"line":231,"column":null}},{"start":{},"end":{}}],"line":229},"26":{"loc":{"start":{"line":232,"column":6},"end":{"line":234,"column":null}},"type":"if","locations":[{"start":{"line":232,"column":6},"end":{"line":234,"column":null}},{"start":{},"end":{}}],"line":232},"27":{"loc":{"start":{"line":236,"column":6},"end":{"line":238,"column":null}},"type":"if","locations":[{"start":{"line":236,"column":6},"end":{"line":238,"column":null}},{"start":{},"end":{}}],"line":236},"28":{"loc":{"start":{"line":241,"column":24},"end":{"line":241,"column":null}},"type":"binary-expr","locations":[{"start":{"line":241,"column":24},"end":{"line":241,"column":51}},{"start":{"line":241,"column":51},"end":{"line":241,"column":null}}],"line":241},"29":{"loc":{"start":{"line":288,"column":4},"end":{"line":320,"column":null}},"type":"if","locations":[{"start":{"line":288,"column":4},"end":{"line":320,"column":null}},{"start":{},"end":{}}],"line":288},"30":{"loc":{"start":{"line":290,"column":6},"end":{"line":292,"column":null}},"type":"if","locations":[{"start":{"line":290,"column":6},"end":{"line":292,"column":null}},{"start":{},"end":{}}],"line":290},"31":{"loc":{"start":{"line":315,"column":6},"end":{"line":317,"column":null}},"type":"if","locations":[{"start":{"line":315,"column":6},"end":{"line":317,"column":null}},{"start":{},"end":{}}],"line":315},"32":{"loc":{"start":{"line":334,"column":6},"end":{"line":334,"column":null}},"type":"if","locations":[{"start":{"line":334,"column":6},"end":{"line":334,"column":null}},{"start":{},"end":{}}],"line":334},"33":{"loc":{"start":{"line":356,"column":2},"end":{"line":358,"column":null}},"type":"if","locations":[{"start":{"line":356,"column":2},"end":{"line":358,"column":null}},{"start":{},"end":{}}],"line":356},"34":{"loc":{"start":{"line":373,"column":4},"end":{"line":375,"column":null}},"type":"binary-expr","locations":[{"start":{"line":373,"column":4},"end":{"line":373,"column":null}},{"start":{"line":374,"column":7},"end":{"line":374,"column":null}},{"start":{"line":375,"column":8},"end":{"line":375,"column":41}},{"start":{"line":375,"column":41},"end":{"line":375,"column":null}}],"line":373}},"s":{"0":1,"1":89,"2":88,"3":1,"4":1,"5":1,"6":1,"7":1,"8":1,"9":1,"10":95,"11":70,"12":70,"13":70,"14":70,"15":70,"16":70,"17":70,"18":70,"19":70,"20":70,"21":70,"22":70,"23":195,"24":6,"25":6,"26":75,"27":75,"28":1,"29":75,"30":19,"31":1,"32":18,"33":1,"34":17,"35":17,"36":17,"37":11,"38":6,"39":7,"40":1,"41":5,"42":14,"43":1,"44":13,"45":11,"46":13,"47":11,"48":13,"49":13,"50":12,"51":1,"52":1,"53":1,"54":11,"55":11,"56":3,"57":3,"58":2,"59":1,"60":3,"61":1,"62":1,"63":1,"64":1,"65":1,"66":1,"67":1,"68":1,"69":76,"70":75,"71":76,"72":76,"73":75,"74":75,"75":75,"76":75,"77":14,"78":73,"79":73,"80":61,"81":58,"82":15,"83":43,"84":12,"85":12,"86":6,"87":6,"88":5,"89":5,"90":1,"91":1,"92":61,"93":61,"94":61,"95":61,"96":61,"97":61,"98":34,"99":26,"100":34,"101":26,"102":34,"103":34,"104":32,"105":61,"106":61,"107":61,"108":61,"109":43,"110":43,"111":43,"112":43,"113":43,"114":43,"115":43,"116":3,"117":43,"118":43,"119":15,"120":15,"121":15,"122":15,"123":15,"124":15,"125":15,"126":15,"127":15,"128":3,"129":15,"130":15,"131":15,"132":0,"133":0,"134":32,"135":24,"136":24,"137":24,"138":24,"139":24,"140":24,"141":24,"142":24,"143":30,"144":30,"145":30,"146":1,"147":24,"148":24,"149":24,"150":24,"151":24,"152":13,"153":13,"154":13,"155":14,"156":17,"157":17,"158":14,"159":14,"160":14,"161":13,"162":13,"163":13,"164":13,"165":4,"166":4,"167":5,"168":1,"169":1,"170":1,"171":1,"172":3,"173":2,"174":9},"f":{"0":89,"1":1,"2":1,"3":95,"4":70,"5":195,"6":75,"7":19,"8":14,"9":3,"10":2,"11":1,"12":3,"13":1,"14":1,"15":1,"16":76,"17":75,"18":73,"19":58,"20":61,"21":34,"22":61,"23":43,"24":15,"25":15,"26":0,"27":32,"28":13,"29":14,"30":4,"31":4,"32":5,"33":1,"34":3,"35":2,"36":9},"b":{"0":[88,1],"1":[89,1],"2":[1,0],"3":[1,0],"4":[94,1],"5":[70],"6":[1,74],"7":[19],"8":[1,18],"9":[1,17],"10":[11,6],"11":[1,6],"12":[1,13],"13":[11,2],"14":[11,2],"15":[12,1],"16":[1,11],"17":[75,1],"18":[75,61],"19":[14,61],"20":[14,61],"21":[61,12],"22":[15,43],"23":[6,5,1],"24":[61,0],"25":[26,8],"26":[26,8],"27":[32,2],"28":[61,53],"29":[24,8],"30":[24,0],"31":[24,0],"32":[13,1],"33":[1,0],"34":[9,5,3,1]},"meta":{"lastBranch":35,"lastFunction":37,"lastStatement":175,"seen":{"s:8:19:8:Infinity":0,"f:48:15:48:30":0,"b:49:2:49:Infinity:undefined:undefined:undefined:undefined":0,"s:49:2:49:Infinity":1,"b:49:6:49:20:49:20:49:36":1,"s:49:36:49:Infinity":2,"s:51:25:53:Infinity":3,"f:51:40:51:41":1,"s:52:4:52:Infinity":4,"f:52:23:52:29":2,"s:52:29:52:101":5,"b:52:46:52:57:52:57:52:97":2,"s:54:2:58:Infinity":6,"s:55:4:55:Infinity":7,"b:57:4:57:Infinity:undefined:undefined:undefined:undefined":3,"s:57:4:57:Infinity":8,"s:57:15:57:Infinity":9,"f:62:16:62:33":3,"s:63:2:63:Infinity":10,"b:63:33:63:37:63:37:63:Infinity":4,"s:67:21:67:Infinity":11,"s:68:32:68:Infinity":12,"s:69:36:69:Infinity":13,"s:70:30:70:Infinity":14,"s:72:34:72:Infinity":15,"s:73:32:73:Infinity":16,"s:75:39:75:Infinity":17,"s:76:50:76:Infinity":18,"s:77:48:77:Infinity":19,"s:79:31:79:Infinity":20,"s:80:29:80:Infinity":21,"f:82:2:82:31":4,"b:82:59:82:63":5,"s:82:31:82:59":22,"f:84:10:84:15":5,"s:85:4:91:Infinity":23,"s:86:6:90:Infinity":24,"s:87:8:87:Infinity":25,"f:94:10:94:24":6,"s:95:12:95:Infinity":26,"b:96:4:98:Infinity:undefined:undefined:undefined:undefined":6,"s:96:4:98:Infinity":27,"s:97:6:97:Infinity":28,"s:99:4:99:Infinity":29,"f:102:10:102:18":7,"b:102:62:102:94":7,"b:103:4:103:Infinity:undefined:undefined:undefined:undefined":8,"s:103:4:103:Infinity":30,"s:103:21:103:Infinity":31,"b:104:4:104:Infinity:undefined:undefined:undefined:undefined":9,"s:104:4:104:Infinity":32,"s:104:27:104:Infinity":33,"s:105:4:105:Infinity":34,"s:107:17:107:Infinity":35,"b:108:4:108:Infinity:undefined:undefined:undefined:undefined":10,"s:108:4:108:Infinity":36,"s:108:15:108:Infinity":37,"s:110:4:112:Infinity":38,"b:111:6:111:Infinity:undefined:undefined:undefined:undefined":11,"s:111:6:111:Infinity":39,"s:111:43:111:Infinity":40,"s:113:4:113:Infinity":41,"f:116:10:116:26":8,"b:117:4:119:Infinity:undefined:undefined:undefined:undefined":12,"s:117:4:119:Infinity":42,"s:118:6:118:Infinity":43,"b:121:4:123:Infinity:undefined:undefined:undefined:undefined":13,"s:121:4:123:Infinity":44,"s:122:6:122:Infinity":45,"b:124:4:126:Infinity:undefined:undefined:undefined:undefined":14,"s:124:4:126:Infinity":46,"s:125:6:125:Infinity":47,"s:128:23:128:Infinity":48,"b:129:4:137:Infinity:undefined:undefined:undefined:undefined":15,"s:129:4:137:Infinity":49,"b:130:6:134:Infinity:undefined:undefined:undefined:undefined":16,"s:130:6:134:Infinity":50,"s:131:22:131:Infinity":51,"s:132:8:132:Infinity":52,"s:133:8:133:Infinity":53,"s:135:6:135:Infinity":54,"s:136:6:136:Infinity":55,"f:140:9:140:12":9,"s:141:4:141:Infinity":56,"s:142:4:142:Infinity":57,"f:142:11:142:17":10,"s:142:17:142:Infinity":58,"f:145:9:145:13":11,"s:146:4:146:Infinity":59,"f:149:9:149:22":12,"s:150:4:150:Infinity":60,"f:153:9:153:30":13,"s:154:18:156:Infinity":61,"f:155:6:155:7":14,"s:155:17:155:Infinity":62,"s:157:63:157:Infinity":63,"s:159:4:163:Infinity":64,"s:160:6:162:Infinity":65,"s:161:8:161:Infinity":66,"s:165:4:165:Infinity":67,"f:168:9:168:27":15,"s:169:4:169:Infinity":68,"f:172:9:172:21":16,"b:173:4:175:Infinity:undefined:undefined:undefined:undefined":17,"s:173:4:175:Infinity":69,"s:174:6:174:Infinity":70,"s:176:4:176:Infinity":71,"s:177:4:177:Infinity":72,"f:180:9:180:20":17,"s:181:24:181:Infinity":73,"s:182:18:182:Infinity":74,"b:182:18:182:45:182:45:182:Infinity":18,"s:183:22:183:Infinity":75,"b:183:37:183:63:183:63:183:Infinity":19,"b:185:4:187:Infinity:undefined:undefined:undefined:undefined":20,"s:185:4:187:Infinity":76,"s:186:6:186:Infinity":77,"s:189:4:211:Infinity":78,"f:189:26:189:27":18,"b:190:6:198:Infinity:undefined:undefined:undefined:undefined":21,"s:190:6:198:Infinity":79,"s:191:8:197:Infinity":80,"f:191:33:191:34":19,"b:192:10:196:Infinity:194:17:196:Infinity":22,"s:192:10:196:Infinity":81,"s:193:12:193:Infinity":82,"s:195:12:195:Infinity":83,"s:199:20:199:Infinity":84,"b:201:8:203:Infinity:204:8:206:Infinity:207:8:209:Infinity":23,"s:200:6:210:Infinity":85,"s:202:10:202:Infinity":86,"s:203:10:203:Infinity":87,"s:205:10:205:Infinity":88,"s:206:10:206:Infinity":89,"s:208:10:208:Infinity":90,"s:209:10:209:Infinity":91,"f:214:10:214:17":20,"s:215:28:221:Infinity":92,"s:222:4:222:Infinity":93,"b:223:4:225:Infinity:undefined:undefined:undefined:undefined":24,"s:223:4:225:Infinity":94,"s:224:6:224:Infinity":95,"s:226:4:226:Infinity":96,"s:228:43:239:Infinity":97,"f:228:43:228:44":21,"b:229:6:231:Infinity:undefined:undefined:undefined:undefined":25,"s:229:6:231:Infinity":98,"s:230:8:230:Infinity":99,"b:232:6:234:Infinity:undefined:undefined:undefined:undefined":26,"s:232:6:234:Infinity":100,"s:233:8:233:Infinity":101,"s:235:20:235:Infinity":102,"b:236:6:238:Infinity:undefined:undefined:undefined:undefined":27,"s:236:6:238:Infinity":103,"s:237:8:237:Infinity":104,"s:241:24:241:Infinity":105,"b:241:24:241:51:241:51:241:Infinity":28,"s:242:27:242:Infinity":106,"f:242:67:242:73":22,"s:242:73:242:101":107,"s:244:4:284:Infinity":108,"f:248:11:248:12":23,"s:249:6:249:Infinity":109,"s:250:6:250:Infinity":110,"s:251:6:251:Infinity":111,"s:252:6:252:Infinity":112,"s:253:25:253:Infinity":113,"s:254:6:254:Infinity":114,"s:256:6:258:Infinity":115,"s:257:8:257:Infinity":116,"s:259:6:259:Infinity":117,"s:260:6:260:Infinity":118,"f:261:13:261:18":24,"s:262:6:262:Infinity":119,"s:263:6:263:Infinity":120,"s:264:6:264:Infinity":121,"s:265:6:265:Infinity":122,"s:266:25:266:Infinity":123,"s:267:6:267:Infinity":124,"s:269:20:276:Infinity":125,"f:269:20:269:26":25,"s:270:8:270:Infinity":126,"s:271:8:273:Infinity":127,"s:272:10:272:Infinity":128,"s:274:8:274:Infinity":129,"s:275:8:275:Infinity":130,"s:278:6:283:Infinity":131,"f:280:15:280:16":26,"s:281:10:281:Infinity":132,"s:282:10:282:Infinity":133,"f:287:16:287:32":27,"b:288:4:320:Infinity:undefined:undefined:undefined:undefined":29,"s:288:4:320:Infinity":134,"s:289:19:289:Infinity":135,"b:290:6:292:Infinity:undefined:undefined:undefined:undefined":30,"s:290:6:292:Infinity":136,"s:291:8:291:Infinity":137,"s:294:6:294:Infinity":138,"s:295:24:295:Infinity":139,"s:297:20:297:Infinity":140,"s:298:14:298:Infinity":141,"s:299:6:310:Infinity":142,"s:300:25:300:Infinity":143,"s:301:8:309:Infinity":144,"s:302:10:306:Infinity":145,"s:308:10:308:Infinity":146,"s:312:6:312:Infinity":147,"s:313:6:313:Infinity":148,"b:315:6:317:Infinity:undefined:undefined:undefined:undefined":31,"s:315:6:317:Infinity":149,"s:316:8:316:Infinity":150,"s:319:6:319:Infinity":151,"f:323:15:323:26":28,"s:324:22:324:Infinity":152,"s:325:4:325:Infinity":153,"s:328:4:335:Infinity":154,"s:329:6:332:Infinity":155,"s:330:20:330:Infinity":156,"s:331:8:331:Infinity":157,"s:333:6:333:Infinity":158,"f:333:30:333:35":29,"s:333:35:333:50":159,"b:334:6:334:Infinity:undefined:undefined:undefined:undefined":32,"s:334:6:334:Infinity":160,"s:334:44:334:Infinity":161,"s:336:4:336:Infinity":162,"s:337:4:337:Infinity":163,"s:339:4:339:Infinity":164,"f:342:9:342:20":30,"s:343:4:343:Infinity":165,"f:346:9:346:17":31,"s:347:4:347:Infinity":166,"f:350:9:350:22":32,"s:351:4:351:Infinity":167,"f:355:9:355:30":33,"b:356:2:358:Infinity:undefined:undefined:undefined:undefined":33,"s:356:2:358:Infinity":168,"s:357:4:357:Infinity":169,"s:359:2:359:Infinity":170,"s:362:25:362:Infinity":171,"f:363:16:363:33":34,"s:364:2:364:Infinity":172,"f:367:16:367:31":35,"s:368:2:368:Infinity":173,"f:371:16:371:29":36,"s:372:2:375:Infinity":174,"b:373:4:373:Infinity:374:7:374:Infinity:375:8:375:41:375:41:375:Infinity":34}}}
}
