<?xml version="1.0" encoding="UTF-8"?>
<coverage generated="1779695052976" clover="3.2.0">
  <project timestamp="1779695052976" name="All files">
    <metrics statements="36" coveredstatements="33" conditionals="30" coveredconditionals="24" methods="8" coveredmethods="7" elements="74" coveredelements="64" complexity="0" loc="36" ncloc="36" packages="1" files="1" classes="1"/>
    <file name="index.ts" path="/Users/evioshen/code/pulian/shenyunjie/artuctor/packages/http-next/src/index.ts">
      <metrics statements="36" coveredstatements="33" conditionals="30" coveredconditionals="24" methods="8" coveredmethods="7"/>
      <line num="44" count="9" type="stmt"/>
      <line num="45" count="9" type="stmt"/>
      <line num="47" count="9" type="stmt"/>
      <line num="49" count="9" type="cond" truecount="1" falsecount="1"/>
      <line num="51" count="9" type="cond" truecount="2" falsecount="0"/>
      <line num="52" count="2" type="cond" truecount="2" falsecount="0"/>
      <line num="53" count="2" type="stmt"/>
      <line num="54" count="3" type="stmt"/>
      <line num="58" count="9" type="stmt"/>
      <line num="64" count="9" type="cond" truecount="2" falsecount="0"/>
      <line num="66" count="9" type="cond" truecount="2" falsecount="0"/>
      <line num="68" count="9" type="cond" truecount="2" falsecount="0"/>
      <line num="70" count="9" type="cond" truecount="2" falsecount="0"/>
      <line num="74" count="5" type="stmt"/>
      <line num="76" count="0" type="stmt"/>
      <line num="79" count="0" type="stmt"/>
      <line num="81" count="0" type="stmt"/>
      <line num="91" count="1" type="stmt"/>
      <line num="92" count="1" type="stmt"/>
      <line num="101" count="1" type="stmt"/>
      <line num="111" count="5" type="stmt"/>
      <line num="113" count="5" type="stmt"/>
      <line num="119" count="5" type="stmt"/>
      <line num="120" count="2" type="stmt"/>
      <line num="121" count="2" type="stmt"/>
      <line num="126" count="2" type="stmt"/>
      <line num="134" count="5" type="stmt"/>
      <line num="135" count="5" type="cond" truecount="2" falsecount="0"/>
      <line num="136" count="5" type="stmt"/>
      <line num="137" count="5" type="stmt"/>
      <line num="139" count="5" type="cond" truecount="3" falsecount="3"/>
      <line num="143" count="5" type="stmt"/>
      <line num="151" count="5" type="stmt"/>
      <line num="153" count="5" type="stmt"/>
      <line num="155" count="5" type="stmt"/>
      <line num="157" count="5" type="stmt"/>
    </file>
  </project>
</coverage>
