<?xml version="1.0" encoding="UTF-8"?>
<coverage generated="1779721495272" clover="3.2.0">
  <project timestamp="1779721495272" name="All files">
    <metrics statements="36" coveredstatements="36" conditionals="30" coveredconditionals="30" methods="8" coveredmethods="8" elements="74" coveredelements="74" complexity="0" loc="36" ncloc="36" packages="1" files="1" classes="1"/>
    <file name="index.ts" path="/Users/evioshen/code/pulian/shenyunjie/artuctor/packages/http-next/src/index.ts">
      <metrics statements="36" coveredstatements="36" conditionals="30" coveredconditionals="30" methods="8" coveredmethods="8"/>
      <line num="44" count="15" type="stmt"/>
      <line num="45" count="15" type="stmt"/>
      <line num="47" count="15" type="stmt"/>
      <line num="49" count="15" type="cond" truecount="2" falsecount="0"/>
      <line num="51" count="15" type="cond" truecount="2" falsecount="0"/>
      <line num="52" count="2" type="cond" truecount="2" falsecount="0"/>
      <line num="53" count="2" type="stmt"/>
      <line num="54" count="3" type="stmt"/>
      <line num="58" count="15" type="stmt"/>
      <line num="64" count="15" type="cond" truecount="2" falsecount="0"/>
      <line num="66" count="15" type="cond" truecount="2" falsecount="0"/>
      <line num="68" count="15" type="cond" truecount="2" falsecount="0"/>
      <line num="70" count="15" type="cond" truecount="2" falsecount="0"/>
      <line num="74" count="10" type="stmt"/>
      <line num="76" count="1" type="stmt"/>
      <line num="79" count="1" type="stmt"/>
      <line num="81" count="1" type="stmt"/>
      <line num="91" count="1" type="stmt"/>
      <line num="92" count="1" type="stmt"/>
      <line num="101" count="1" type="stmt"/>
      <line num="111" count="10" type="stmt"/>
      <line num="113" count="10" type="stmt"/>
      <line num="119" count="10" type="stmt"/>
      <line num="120" count="3" type="stmt"/>
      <line num="121" count="3" type="stmt"/>
      <line num="126" count="3" type="stmt"/>
      <line num="134" count="10" type="stmt"/>
      <line num="135" count="10" type="cond" truecount="2" falsecount="0"/>
      <line num="136" count="10" type="stmt"/>
      <line num="137" count="10" type="stmt"/>
      <line num="139" count="10" type="cond" truecount="6" falsecount="0"/>
      <line num="143" count="10" type="stmt"/>
      <line num="151" count="10" type="stmt"/>
      <line num="153" count="10" type="stmt"/>
      <line num="155" count="10" type="stmt"/>
      <line num="157" count="10" type="stmt"/>
    </file>
  </project>
</coverage>
