{"/Users/evioshen/code/pulian/shenyunjie/artuctor/packages/http-next/src/index.ts": {"path":"/Users/evioshen/code/pulian/shenyunjie/artuctor/packages/http-next/src/index.ts","statementMap":{"0":{"start":{"line":44,"column":8},"end":{"line":44,"column":null}},"1":{"start":{"line":45,"column":4},"end":{"line":45,"column":null}},"2":{"start":{"line":47,"column":4},"end":{"line":47,"column":null}},"3":{"start":{"line":49,"column":4},"end":{"line":49,"column":null}},"4":{"start":{"line":51,"column":4},"end":{"line":56,"column":null}},"5":{"start":{"line":52,"column":26},"end":{"line":52,"column":null}},"6":{"start":{"line":53,"column":6},"end":{"line":55,"column":null}},"7":{"start":{"line":54,"column":8},"end":{"line":54,"column":null}},"8":{"start":{"line":58,"column":4},"end":{"line":62,"column":null}},"9":{"start":{"line":64,"column":4},"end":{"line":64,"column":null}},"10":{"start":{"line":66,"column":4},"end":{"line":66,"column":null}},"11":{"start":{"line":68,"column":4},"end":{"line":68,"column":null}},"12":{"start":{"line":70,"column":4},"end":{"line":70,"column":null}},"13":{"start":{"line":74,"column":4},"end":{"line":82,"column":null}},"14":{"start":{"line":76,"column":6},"end":{"line":76,"column":null}},"15":{"start":{"line":79,"column":6},"end":{"line":79,"column":null}},"16":{"start":{"line":81,"column":6},"end":{"line":81,"column":null}},"17":{"start":{"line":91,"column":4},"end":{"line":91,"column":null}},"18":{"start":{"line":92,"column":4},"end":{"line":92,"column":null}},"19":{"start":{"line":101,"column":4},"end":{"line":106,"column":null}},"20":{"start":{"line":111,"column":4},"end":{"line":111,"column":null}},"21":{"start":{"line":113,"column":4},"end":{"line":118,"column":null}},"22":{"start":{"line":119,"column":4},"end":{"line":132,"column":null}},"23":{"start":{"line":119,"column":17},"end":{"line":119,"column":20}},"24":{"start":{"line":120,"column":32},"end":{"line":120,"column":null}},"25":{"start":{"line":121,"column":12},"end":{"line":125,"column":null}},"26":{"start":{"line":126,"column":6},"end":{"line":131,"column":null}},"27":{"start":{"line":134,"column":17},"end":{"line":156,"column":null}},"28":{"start":{"line":135,"column":6},"end":{"line":135,"column":null}},"29":{"start":{"line":135,"column":20},"end":{"line":135,"column":null}},"30":{"start":{"line":136,"column":12},"end":{"line":136,"column":null}},"31":{"start":{"line":137,"column":12},"end":{"line":137,"column":null}},"32":{"start":{"line":139,"column":8},"end":{"line":141,"column":null}},"33":{"start":{"line":143,"column":12},"end":{"line":149,"column":null}},"34":{"start":{"line":151,"column":6},"end":{"line":151,"column":null}},"35":{"start":{"line":153,"column":22},"end":{"line":153,"column":null}},"36":{"start":{"line":155,"column":6},"end":{"line":155,"column":null}},"37":{"start":{"line":157,"column":4},"end":{"line":157,"column":null}}},"fnMap":{"0":{"name":"(anonymous_0)","decl":{"start":{"line":35,"column":2},"end":{"line":35,"column":14}},"loc":{"start":{"line":35,"column":38},"end":{"line":71,"column":null}},"line":35},"1":{"name":"(anonymous_1)","decl":{"start":{"line":53,"column":26},"end":{"line":53,"column":27}},"loc":{"start":{"line":53,"column":36},"end":{"line":55,"column":7}},"line":53},"2":{"name":"(anonymous_2)","decl":{"start":{"line":73,"column":10},"end":{"line":73,"column":40}},"loc":{"start":{"line":73,"column":77},"end":{"line":83,"column":null}},"line":73},"3":{"name":"(anonymous_3)","decl":{"start":{"line":74,"column":11},"end":{"line":74,"column":18}},"loc":{"start":{"line":74,"column":26},"end":{"line":82,"column":null}},"line":74},"4":{"name":"(anonymous_4)","decl":{"start":{"line":90,"column":9},"end":{"line":90,"column":13}},"loc":{"start":{"line":90,"column":37},"end":{"line":93,"column":null}},"line":90},"5":{"name":"(anonymous_5)","decl":{"start":{"line":100,"column":9},"end":{"line":100,"column":14}},"loc":{"start":{"line":100,"column":33},"end":{"line":107,"column":null}},"line":100},"6":{"name":"(anonymous_6)","decl":{"start":{"line":109,"column":15},"end":{"line":109,"column":21}},"loc":{"start":{"line":109,"column":74},"end":{"line":158,"column":null}},"line":109},"7":{"name":"(anonymous_7)","decl":{"start":{"line":134,"column":40},"end":{"line":134,"column":47}},"loc":{"start":{"line":134,"column":58},"end":{"line":156,"column":5}},"line":134}},"branchMap":{"0":{"loc":{"start":{"line":49,"column":15},"end":{"line":49,"column":null}},"type":"binary-expr","locations":[{"start":{"line":49,"column":15},"end":{"line":49,"column":22}},{"start":{"line":49,"column":22},"end":{"line":49,"column":null}}],"line":49},"1":{"loc":{"start":{"line":51,"column":4},"end":{"line":56,"column":null}},"type":"if","locations":[{"start":{"line":51,"column":4},"end":{"line":56,"column":null}},{"start":{},"end":{}}],"line":51},"2":{"loc":{"start":{"line":52,"column":26},"end":{"line":52,"column":null}},"type":"cond-expr","locations":[{"start":{"line":52,"column":54},"end":{"line":52,"column":67}},{"start":{"line":52,"column":67},"end":{"line":52,"column":null}}],"line":52},"3":{"loc":{"start":{"line":60,"column":6},"end":{"line":60,"column":null}},"type":"cond-expr","locations":[{"start":{"line":60,"column":27},"end":{"line":60,"column":35}},{"start":{"line":60,"column":35},"end":{"line":60,"column":null}}],"line":60},"4":{"loc":{"start":{"line":61,"column":6},"end":{"line":61,"column":null}},"type":"binary-expr","locations":[{"start":{"line":61,"column":6},"end":{"line":61,"column":29}},{"start":{"line":61,"column":29},"end":{"line":61,"column":null}}],"line":61},"5":{"loc":{"start":{"line":64,"column":28},"end":{"line":64,"column":null}},"type":"binary-expr","locations":[{"start":{"line":64,"column":28},"end":{"line":64,"column":48}},{"start":{"line":64,"column":48},"end":{"line":64,"column":null}}],"line":64},"6":{"loc":{"start":{"line":66,"column":28},"end":{"line":66,"column":null}},"type":"binary-expr","locations":[{"start":{"line":66,"column":28},"end":{"line":66,"column":48}},{"start":{"line":66,"column":48},"end":{"line":66,"column":null}}],"line":66},"7":{"loc":{"start":{"line":68,"column":30},"end":{"line":68,"column":null}},"type":"binary-expr","locations":[{"start":{"line":68,"column":30},"end":{"line":68,"column":52}},{"start":{"line":68,"column":52},"end":{"line":68,"column":null}}],"line":68},"8":{"loc":{"start":{"line":70,"column":28},"end":{"line":70,"column":null}},"type":"binary-expr","locations":[{"start":{"line":70,"column":28},"end":{"line":70,"column":48}},{"start":{"line":70,"column":28},"end":{"line":70,"column":null}}],"line":70},"9":{"loc":{"start":{"line":123,"column":8},"end":{"line":123,"column":null}},"type":"cond-expr","locations":[{"start":{"line":123,"column":29},"end":{"line":123,"column":37}},{"start":{"line":123,"column":37},"end":{"line":123,"column":null}}],"line":123},"10":{"loc":{"start":{"line":135,"column":6},"end":{"line":135,"column":null}},"type":"if","locations":[{"start":{"line":135,"column":6},"end":{"line":135,"column":null}},{"start":{},"end":{}}],"line":135},"11":{"loc":{"start":{"line":139,"column":8},"end":{"line":141,"column":null}},"type":"cond-expr","locations":[{"start":{"line":139,"column":45},"end":{"line":140,"column":null}},{"start":{"line":141,"column":12},"end":{"line":141,"column":null}}],"line":139},"12":{"loc":{"start":{"line":139,"column":8},"end":{"line":139,"column":null}},"type":"binary-expr","locations":[{"start":{"line":139,"column":8},"end":{"line":139,"column":31}},{"start":{"line":139,"column":31},"end":{"line":139,"column":null}}],"line":139},"13":{"loc":{"start":{"line":139,"column":45},"end":{"line":140,"column":null}},"type":"binary-expr","locations":[{"start":{"line":139,"column":45},"end":{"line":140,"column":65}},{"start":{"line":140,"column":65},"end":{"line":140,"column":null}}],"line":139},"14":{"loc":{"start":{"line":148,"column":12},"end":{"line":148,"column":null}},"type":"cond-expr","locations":[{"start":{"line":148,"column":22},"end":{"line":148,"column":55}},{"start":{"line":148,"column":55},"end":{"line":148,"column":null}}],"line":148}},"s":{"0":15,"1":15,"2":15,"3":15,"4":15,"5":2,"6":2,"7":3,"8":15,"9":15,"10":15,"11":15,"12":15,"13":10,"14":1,"15":1,"16":1,"17":1,"18":1,"19":1,"20":10,"21":10,"22":10,"23":10,"24":3,"25":3,"26":3,"27":10,"28":10,"29":1,"30":10,"31":10,"32":10,"33":10,"34":10,"35":10,"36":10,"37":10},"f":{"0":15,"1":3,"2":10,"3":1,"4":1,"5":1,"6":10,"7":10},"b":{"0":[15,1],"1":[2,13],"2":[1,1],"3":[10,5],"4":[15,14],"5":[15,14],"6":[15,14],"7":[15,13],"8":[15,13],"9":[2,1],"10":[1,9],"11":[2,8],"12":[10,5],"13":[2,1],"14":[2,8]},"meta":{"lastBranch":15,"lastFunction":8,"lastStatement":38,"seen":{"f:35:2:35:14":0,"s:44:8:44:Infinity":0,"s:45:4:45:Infinity":1,"s:47:4:47:Infinity":2,"s:49:4:49:Infinity":3,"b:49:15:49:22:49:22:49:Infinity":0,"b:51:4:56:Infinity:undefined:undefined:undefined:undefined":1,"s:51:4:56:Infinity":4,"s:52:26:52:Infinity":5,"b:52:54:52:67:52:67:52:Infinity":2,"s:53:6:55:Infinity":6,"f:53:26:53:27":1,"s:54:8:54:Infinity":7,"s:58:4:62:Infinity":8,"b:60:27:60:35:60:35:60:Infinity":3,"b:61:6:61:29:61:29:61:Infinity":4,"s:64:4:64:Infinity":9,"b:64:28:64:48:64:48:64:Infinity":5,"s:66:4:66:Infinity":10,"b:66:28:66:48:66:48:66:Infinity":6,"s:68:4:68:Infinity":11,"b:68:30:68:52:68:52:68:Infinity":7,"s:70:4:70:Infinity":12,"b:70:28:70:48:70:28:70:Infinity":8,"f:73:10:73:40":2,"s:74:4:82:Infinity":13,"f:74:11:74:18":3,"s:76:6:76:Infinity":14,"s:79:6:79:Infinity":15,"s:81:6:81:Infinity":16,"f:90:9:90:13":4,"s:91:4:91:Infinity":17,"s:92:4:92:Infinity":18,"f:100:9:100:14":5,"s:101:4:106:Infinity":19,"f:109:15:109:21":6,"s:111:4:111:Infinity":20,"s:113:4:118:Infinity":21,"s:119:4:132:Infinity":22,"s:119:17:119:20":23,"s:120:32:120:Infinity":24,"s:121:12:125:Infinity":25,"b:123:29:123:37:123:37:123:Infinity":9,"s:126:6:131:Infinity":26,"s:134:17:156:Infinity":27,"f:134:40:134:47":7,"b:135:6:135:Infinity:undefined:undefined:undefined:undefined":10,"s:135:6:135:Infinity":28,"s:135:20:135:Infinity":29,"s:136:12:136:Infinity":30,"s:137:12:137:Infinity":31,"s:139:8:141:Infinity":32,"b:139:45:140:Infinity:141:12:141:Infinity":11,"b:139:8:139:31:139:31:139:Infinity":12,"b:139:45:140:65:140:65:140:Infinity":13,"s:143:12:149:Infinity":33,"b:148:22:148:55:148:55:148:Infinity":14,"s:151:6:151:Infinity":34,"s:153:22:153:Infinity":35,"s:155:6:155:Infinity":36,"s:157:4:157:Infinity":37}}}
}
