<?xml version="1.0" encoding="UTF-8"?>
<coverage generated="1779695052890" clover="3.2.0">
  <project timestamp="1779695052890" name="All files">
    <metrics statements="12" coveredstatements="12" conditionals="2" coveredconditionals="2" methods="4" coveredmethods="4" elements="18" coveredelements="18" complexity="0" loc="12" ncloc="12" packages="1" files="1" classes="1"/>
    <file name="index.ts" path="/Users/evioshen/code/pulian/shenyunjie/artuctor/packages/message-ws/src/index.ts">
      <metrics statements="12" coveredstatements="12" conditionals="2" coveredconditionals="2" methods="4" coveredmethods="4"/>
      <line num="29" count="24" type="stmt"/>
      <line num="30" count="24" type="stmt"/>
      <line num="31" count="24" type="stmt"/>
      <line num="32" count="27" type="stmt"/>
      <line num="33" count="27" type="stmt"/>
      <line num="34" count="27" type="stmt"/>
      <line num="37" count="24" type="stmt"/>
      <line num="41" count="30" type="cond" truecount="2" falsecount="0"/>
      <line num="42" count="1" type="stmt"/>
      <line num="44" count="29" type="stmt"/>
      <line num="51" count="24" type="stmt"/>
      <line num="52" count="24" type="stmt"/>
    </file>
  </project>
</coverage>
