{"/Users/evioshen/code/pulian/shenyunjie/artuctor/packages/message-ws/src/index.ts": {"path":"/Users/evioshen/code/pulian/shenyunjie/artuctor/packages/message-ws/src/index.ts","statementMap":{"0":{"start":{"line":29,"column":4},"end":{"line":29,"column":null}},"1":{"start":{"line":30,"column":4},"end":{"line":30,"column":null}},"2":{"start":{"line":31,"column":4},"end":{"line":36,"column":null}},"3":{"start":{"line":32,"column":6},"end":{"line":35,"column":null}},"4":{"start":{"line":33,"column":20},"end":{"line":33,"column":null}},"5":{"start":{"line":34,"column":8},"end":{"line":34,"column":null}},"6":{"start":{"line":37,"column":4},"end":{"line":37,"column":null}},"7":{"start":{"line":41,"column":4},"end":{"line":43,"column":null}},"8":{"start":{"line":42,"column":6},"end":{"line":42,"column":null}},"9":{"start":{"line":44,"column":4},"end":{"line":44,"column":null}},"10":{"start":{"line":51,"column":4},"end":{"line":51,"column":null}},"11":{"start":{"line":52,"column":4},"end":{"line":52,"column":null}}},"fnMap":{"0":{"name":"(anonymous_0)","decl":{"start":{"line":28,"column":2},"end":{"line":28,"column":14}},"loc":{"start":{"line":28,"column":29},"end":{"line":38,"column":null}},"line":28},"1":{"name":"(anonymous_1)","decl":{"start":{"line":31,"column":20},"end":{"line":31,"column":21}},"loc":{"start":{"line":31,"column":48},"end":{"line":36,"column":null}},"line":31},"2":{"name":"(anonymous_2)","decl":{"start":{"line":40,"column":12},"end":{"line":40,"column":26}},"loc":{"start":{"line":40,"column":64},"end":{"line":45,"column":null}},"line":40},"3":{"name":"(anonymous_3)","decl":{"start":{"line":50,"column":9},"end":{"line":50,"column":25}},"loc":{"start":{"line":50,"column":25},"end":{"line":53,"column":null}},"line":50}},"branchMap":{"0":{"loc":{"start":{"line":41,"column":4},"end":{"line":43,"column":null}},"type":"if","locations":[{"start":{"line":41,"column":4},"end":{"line":43,"column":null}},{"start":{},"end":{}}],"line":41}},"s":{"0":24,"1":24,"2":24,"3":27,"4":27,"5":27,"6":24,"7":30,"8":1,"9":29,"10":24,"11":24},"f":{"0":24,"1":27,"2":30,"3":24},"b":{"0":[1,29]},"meta":{"lastBranch":1,"lastFunction":4,"lastStatement":12,"seen":{"f:28:2:28:14":0,"s:29:4:29:Infinity":0,"s:30:4:30:Infinity":1,"s:31:4:36:Infinity":2,"f:31:20:31:21":1,"s:32:6:35:Infinity":3,"s:33:20:33:Infinity":4,"s:34:8:34:Infinity":5,"s:37:4:37:Infinity":6,"f:40:12:40:26":2,"b:41:4:43:Infinity:undefined:undefined:undefined:undefined":0,"s:41:4:43:Infinity":7,"s:42:6:42:Infinity":8,"s:44:4:44:Infinity":9,"f:50:9:50:25":3,"s:51:4:51:Infinity":10,"s:52:4:52:Infinity":11}}}
}
