<?xml version="1.0" encoding="UTF-8"?>
<coverage generated="1779695062871" clover="3.2.0">
  <project timestamp="1779695062871" name="All files">
    <metrics statements="491" coveredstatements="370" conditionals="281" coveredconditionals="171" methods="104" coveredmethods="82" elements="876" coveredelements="623" complexity="0" loc="491" ncloc="491" packages="1" files="5" classes="5"/>
    <file name="application.ts" path="/Users/evioshen/code/pulian/shenyunjie/artuctor/packages/micro/src/application.ts">
      <metrics statements="193" coveredstatements="136" conditionals="120" coveredconditionals="70" methods="38" coveredmethods="27"/>
      <line num="5" count="1" type="cond" truecount="2" falsecount="0"/>
      <line num="6" count="1" type="stmt"/>
      <line num="7" count="1" type="stmt"/>
      <line num="8" count="1" type="stmt"/>
      <line num="12" count="46" type="cond" truecount="4" falsecount="1"/>
      <line num="13" count="0" type="stmt"/>
      <line num="15" count="46" type="cond" truecount="1" falsecount="1"/>
      <line num="16" count="46" type="cond" truecount="5" falsecount="1"/>
      <line num="17" count="0" type="stmt"/>
      <line num="19" count="46" type="cond" truecount="2" falsecount="2"/>
      <line num="20" count="0" type="stmt"/>
      <line num="22" count="46" type="cond" truecount="3" falsecount="1"/>
      <line num="23" count="0" type="stmt"/>
      <line num="28" count="20" type="cond" truecount="3" falsecount="1"/>
      <line num="30" count="20" type="stmt"/>
      <line num="33" count="20" type="stmt"/>
      <line num="36" count="20" type="cond" truecount="1" falsecount="1"/>
      <line num="82" count="31" type="stmt"/>
      <line num="87" count="31" type="stmt"/>
      <line num="93" count="1" type="stmt"/>
      <line num="94" count="31" type="stmt"/>
      <line num="95" count="31" type="stmt"/>
      <line num="96" count="31" type="stmt"/>
      <line num="99" count="31" type="cond" truecount="2" falsecount="0"/>
      <line num="100" count="31" type="stmt"/>
      <line num="101" count="31" type="stmt"/>
      <line num="102" count="31" type="stmt"/>
      <line num="103" count="31" type="stmt"/>
      <line num="104" count="31" type="stmt"/>
      <line num="105" count="31" type="stmt"/>
      <line num="111" count="31" type="stmt"/>
      <line num="112" count="0" type="stmt"/>
      <line num="113" count="0" type="stmt"/>
      <line num="118" count="32" type="stmt"/>
      <line num="119" count="32" type="stmt"/>
      <line num="120" count="32" type="stmt"/>
      <line num="121" count="32" type="stmt"/>
      <line num="123" count="1" type="stmt"/>
      <line num="124" count="1" type="stmt"/>
      <line num="128" count="1" type="stmt"/>
      <line num="132" count="31" type="stmt"/>
      <line num="133" count="31" type="stmt"/>
      <line num="134" count="60" type="stmt"/>
      <line num="136" count="31" type="stmt"/>
      <line num="137" count="31" type="stmt"/>
      <line num="138" count="31" type="cond" truecount="1" falsecount="1"/>
      <line num="139" count="0" type="stmt"/>
      <line num="140" count="0" type="stmt"/>
      <line num="142" count="31" type="stmt"/>
      <line num="143" count="31" type="stmt"/>
      <line num="148" count="0" type="cond" truecount="0" falsecount="2"/>
      <line num="149" count="0" type="cond" truecount="0" falsecount="2"/>
      <line num="150" count="0" type="stmt"/>
      <line num="151" count="0" type="stmt"/>
      <line num="152" count="0" type="stmt"/>
      <line num="153" count="0" type="cond" truecount="0" falsecount="2"/>
      <line num="154" count="0" type="stmt"/>
      <line num="160" count="34" type="cond" truecount="1" falsecount="1"/>
      <line num="161" count="34" type="cond" truecount="1" falsecount="1"/>
      <line num="163" count="34" type="stmt"/>
      <line num="164" count="34" type="stmt"/>
      <line num="165" count="33" type="cond" truecount="1" falsecount="1"/>
      <line num="166" count="0" type="stmt"/>
      <line num="167" count="0" type="stmt"/>
      <line num="169" count="33" type="stmt"/>
      <line num="170" count="2" type="cond" truecount="1" falsecount="1"/>
      <line num="171" count="2" type="stmt"/>
      <line num="172" count="2" type="cond" truecount="1" falsecount="1"/>
      <line num="173" count="2" type="stmt"/>
      <line num="174" count="0" type="cond" truecount="0" falsecount="2"/>
      <line num="175" count="0" type="stmt"/>
      <line num="178" count="33" type="stmt"/>
      <line num="180" count="33" type="stmt"/>
      <line num="181" count="0" type="stmt"/>
      <line num="184" count="34" type="stmt"/>
      <line num="187" count="34" type="stmt"/>
      <line num="191" count="9" type="stmt"/>
      <line num="192" count="9" type="cond" truecount="2" falsecount="0"/>
      <line num="193" count="4" type="stmt"/>
      <line num="194" count="4" type="cond" truecount="2" falsecount="0"/>
      <line num="199" count="9" type="stmt"/>
      <line num="200" count="9" type="cond" truecount="2" falsecount="0"/>
      <line num="201" count="6" type="stmt"/>
      <line num="202" count="6" type="stmt"/>
      <line num="204" count="9" type="stmt"/>
      <line num="208" count="18" type="stmt"/>
      <line num="209" count="18" type="cond" truecount="2" falsecount="0"/>
      <line num="210" count="7" type="stmt"/>
      <line num="211" count="7" type="stmt"/>
      <line num="212" count="7" type="stmt"/>
      <line num="213" count="7" type="cond" truecount="1" falsecount="1"/>
      <line num="214" count="0" type="stmt"/>
      <line num="216" count="7" type="stmt"/>
      <line num="219" count="7" type="cond" truecount="1" falsecount="1"/>
      <line num="220" count="7" type="stmt"/>
      <line num="224" count="20" type="cond" truecount="1" falsecount="1"/>
      <line num="225" count="20" type="stmt"/>
      <line num="226" count="20" type="stmt"/>
      <line num="230" count="21" type="cond" truecount="2" falsecount="0"/>
      <line num="231" count="13" type="stmt"/>
      <line num="238" count="21" type="stmt"/>
      <line num="240" count="21" type="stmt"/>
      <line num="241" count="21" type="stmt"/>
      <line num="242" count="21" type="cond" truecount="2" falsecount="0"/>
      <line num="247" count="7" type="stmt"/>
      <line num="248" count="7" type="stmt"/>
      <line num="249" count="7" type="stmt"/>
      <line num="251" count="21" type="stmt"/>
      <line num="252" count="21" type="cond" truecount="4" falsecount="0"/>
      <line num="253" count="1" type="stmt"/>
      <line num="256" count="20" type="stmt"/>
      <line num="257" count="20" type="stmt"/>
      <line num="258" count="20" type="cond" truecount="1" falsecount="1"/>
      <line num="259" count="20" type="stmt"/>
      <line num="260" count="20" type="stmt"/>
      <line num="261" count="20" type="cond" truecount="2" falsecount="0"/>
      <line num="262" count="15" type="stmt"/>
      <line num="263" count="15" type="stmt"/>
      <line num="264" count="15" type="stmt"/>
      <line num="265" count="15" type="stmt"/>
      <line num="266" count="15" type="stmt"/>
      <line num="267" count="15" type="stmt"/>
      <line num="268" count="15" type="stmt"/>
      <line num="270" count="15" type="stmt"/>
      <line num="273" count="15" type="stmt"/>
      <line num="274" count="1" type="cond" truecount="1" falsecount="1"/>
      <line num="275" count="1" type="stmt"/>
      <line num="280" count="5" type="stmt"/>
      <line num="281" count="5" type="cond" truecount="3" falsecount="1"/>
      <line num="282" count="5" type="stmt"/>
      <line num="284" count="5" type="stmt"/>
      <line num="285" count="5" type="stmt"/>
      <line num="286" count="5" type="stmt"/>
      <line num="287" count="5" type="stmt"/>
      <line num="288" count="5" type="stmt"/>
      <line num="290" count="5" type="stmt"/>
      <line num="292" count="0" type="stmt"/>
      <line num="293" count="0" type="stmt"/>
      <line num="294" count="0" type="stmt"/>
      <line num="296" count="20" type="stmt"/>
      <line num="306" count="16" type="cond" truecount="4" falsecount="0"/>
      <line num="307" count="16" type="stmt"/>
      <line num="310" count="16" type="stmt"/>
      <line num="311" count="16" type="stmt"/>
      <line num="313" count="0" type="stmt"/>
      <line num="314" count="0" type="stmt"/>
      <line num="317" count="16" type="stmt"/>
      <line num="318" count="16" type="stmt"/>
      <line num="322" count="7" type="stmt"/>
      <line num="323" count="7" type="stmt"/>
      <line num="325" count="9" type="stmt"/>
      <line num="326" count="9" type="cond" truecount="2" falsecount="0"/>
      <line num="327" count="3" type="stmt"/>
      <line num="329" count="6" type="stmt"/>
      <line num="342" count="2" type="cond" truecount="3" falsecount="0"/>
      <line num="343" count="2" type="stmt"/>
      <line num="346" count="2" type="stmt"/>
      <line num="347" count="2" type="stmt"/>
      <line num="349" count="0" type="stmt"/>
      <line num="350" count="0" type="stmt"/>
      <line num="353" count="2" type="stmt"/>
      <line num="354" count="2" type="stmt"/>
      <line num="355" count="2" type="stmt"/>
      <line num="356" count="2" type="stmt"/>
      <line num="358" count="0" type="stmt"/>
      <line num="359" count="0" type="cond" truecount="0" falsecount="2"/>
      <line num="360" count="0" type="stmt"/>
      <line num="362" count="0" type="stmt"/>
      <line num="367" count="0" type="cond" truecount="0" falsecount="2"/>
      <line num="368" count="0" type="stmt"/>
      <line num="369" count="0" type="stmt"/>
      <line num="371" count="0" type="cond" truecount="0" falsecount="2"/>
      <line num="372" count="0" type="stmt"/>
      <line num="373" count="0" type="stmt"/>
      <line num="376" count="0" type="cond" truecount="0" falsecount="2"/>
      <line num="377" count="0" type="stmt"/>
      <line num="378" count="0" type="stmt"/>
      <line num="381" count="0" type="stmt"/>
      <line num="386" count="0" type="cond" truecount="0" falsecount="2"/>
      <line num="387" count="0" type="stmt"/>
      <line num="388" count="0" type="cond" truecount="0" falsecount="2"/>
      <line num="389" count="0" type="stmt"/>
      <line num="390" count="0" type="cond" truecount="0" falsecount="2"/>
      <line num="391" count="0" type="stmt"/>
      <line num="392" count="0" type="stmt"/>
      <line num="393" count="0" type="stmt"/>
      <line num="396" count="0" type="cond" truecount="0" falsecount="4"/>
      <line num="397" count="0" type="stmt"/>
      <line num="398" count="0" type="cond" truecount="0" falsecount="2"/>
      <line num="399" count="0" type="stmt"/>
      <line num="400" count="0" type="stmt"/>
      <line num="401" count="0" type="stmt"/>
      <line num="403" count="0" type="stmt"/>
    </file>
    <file name="client.ts" path="/Users/evioshen/code/pulian/shenyunjie/artuctor/packages/micro/src/client.ts">
      <metrics statements="38" coveredstatements="32" conditionals="26" coveredconditionals="18" methods="11" coveredmethods="9"/>
      <line num="18" count="100" type="stmt"/>
      <line num="19" count="100" type="stmt"/>
      <line num="22" count="100" type="stmt"/>
      <line num="25" count="100" type="stmt"/>
      <line num="26" count="100" type="stmt"/>
      <line num="27" count="100" type="stmt"/>
      <line num="28" count="100" type="stmt"/>
      <line num="29" count="100" type="stmt"/>
      <line num="30" count="100" type="stmt"/>
      <line num="31" count="100" type="stmt"/>
      <line num="32" count="100" type="stmt"/>
      <line num="33" count="100" type="stmt"/>
      <line num="34" count="100" type="stmt"/>
      <line num="38" count="100" type="cond" truecount="2" falsecount="0"/>
      <line num="39" count="100" type="cond" truecount="2" falsecount="0"/>
      <line num="40" count="100" type="cond" truecount="2" falsecount="0"/>
      <line num="42" count="100" type="stmt"/>
      <line num="43" count="0" type="stmt"/>
      <line num="44" count="0" type="stmt"/>
      <line num="50" count="100" type="stmt"/>
      <line num="51" count="36" type="cond" truecount="2" falsecount="0"/>
      <line num="52" count="8" type="stmt"/>
      <line num="58" count="41" type="cond" truecount="1" falsecount="1"/>
      <line num="59" count="0" type="stmt"/>
      <line num="60" count="0" type="stmt"/>
      <line num="62" count="41" type="cond" truecount="1" falsecount="1"/>
      <line num="63" count="41" type="stmt"/>
      <line num="69" count="39" type="cond" truecount="1" falsecount="1"/>
      <line num="70" count="39" type="stmt"/>
      <line num="74" count="0" type="cond" truecount="0" falsecount="2"/>
      <line num="75" count="0" type="stmt"/>
      <line num="79" count="2" type="cond" truecount="1" falsecount="1"/>
      <line num="80" count="2" type="stmt"/>
      <line num="84" count="108" type="cond" truecount="1" falsecount="1"/>
      <line num="85" count="108" type="cond" truecount="1" falsecount="1"/>
      <line num="86" count="108" type="stmt"/>
      <line num="87" count="108" type="cond" truecount="4" falsecount="0"/>
      <line num="88" count="70" type="stmt"/>
    </file>
    <file name="registry.ts" path="/Users/evioshen/code/pulian/shenyunjie/artuctor/packages/micro/src/registry.ts">
      <metrics statements="158" coveredstatements="110" conditionals="93" coveredconditionals="54" methods="28" coveredmethods="23"/>
      <line num="20" count="32" type="stmt"/>
      <line num="21" count="32" type="cond" truecount="4" falsecount="0"/>
      <line num="22" count="27" type="stmt"/>
      <line num="23" count="27" type="stmt"/>
      <line num="24" count="27" type="cond" truecount="2" falsecount="0"/>
      <line num="31" count="3" type="stmt"/>
      <line num="33" count="24" type="stmt"/>
      <line num="37" count="21" type="stmt"/>
      <line num="39" count="26" type="stmt"/>
      <line num="41" count="21" type="cond" truecount="2" falsecount="0"/>
      <line num="43" count="19" type="stmt"/>
      <line num="44" count="19" type="stmt"/>
      <line num="48" count="2" type="stmt"/>
      <line num="52" count="1" type="stmt"/>
      <line num="56" count="23" type="cond" truecount="2" falsecount="0"/>
      <line num="57" count="22" type="stmt"/>
      <line num="61" count="20" type="stmt"/>
      <line num="63" count="20" type="stmt"/>
      <line num="64" count="20" type="stmt"/>
      <line num="65" count="20" type="stmt"/>
      <line num="66" count="20" type="stmt"/>
      <line num="73" count="20" type="stmt"/>
      <line num="74" count="20" type="cond" truecount="1" falsecount="1"/>
      <line num="75" count="0" type="stmt"/>
      <line num="77" count="20" type="stmt"/>
      <line num="78" count="20" type="stmt"/>
      <line num="79" count="20" type="stmt"/>
      <line num="80" count="34" type="stmt"/>
      <line num="81" count="34" type="stmt"/>
      <line num="82" count="34" type="cond" truecount="2" falsecount="0"/>
      <line num="83" count="31" type="stmt"/>
      <line num="85" count="34" type="stmt"/>
      <line num="87" count="20" type="stmt"/>
      <line num="88" count="5" type="stmt"/>
      <line num="90" count="5" type="stmt"/>
      <line num="91" count="28" type="cond" truecount="1" falsecount="1"/>
      <line num="92" count="28" type="cond" truecount="1" falsecount="1"/>
      <line num="93" count="28" type="cond" truecount="3" falsecount="1"/>
      <line num="94" count="28" type="stmt"/>
      <line num="98" count="5" type="stmt"/>
      <line num="99" count="5" type="cond" truecount="1" falsecount="1"/>
      <line num="100" count="5" type="stmt"/>
      <line num="101" count="5" type="cond" truecount="1" falsecount="1"/>
      <line num="102" count="5" type="stmt"/>
      <line num="103" count="5" type="cond" truecount="2" falsecount="0"/>
      <line num="104" count="3" type="stmt"/>
      <line num="109" count="20" type="stmt"/>
      <line num="110" count="20" type="stmt"/>
      <line num="111" count="20" type="stmt"/>
      <line num="112" count="20" type="stmt"/>
      <line num="113" count="20" type="stmt"/>
      <line num="114" count="20" type="stmt"/>
      <line num="118" count="20" type="stmt"/>
      <line num="119" count="20" type="cond" truecount="2" falsecount="0"/>
      <line num="120" count="20" type="stmt"/>
      <line num="121" count="19" type="stmt"/>
      <line num="122" count="20" type="stmt"/>
      <line num="123" count="20" type="stmt"/>
      <line num="124" count="20" type="cond" truecount="3" falsecount="1"/>
      <line num="125" count="20" type="stmt"/>
      <line num="126" count="20" type="stmt"/>
      <line num="127" count="20" type="stmt"/>
      <line num="128" count="20" type="stmt"/>
      <line num="129" count="124" type="stmt"/>
      <line num="130" count="124" type="cond" truecount="1" falsecount="1"/>
      <line num="131" count="124" type="stmt"/>
      <line num="136" count="19" type="stmt"/>
      <line num="137" count="1" type="cond" truecount="1" falsecount="1"/>
      <line num="138" count="1" type="stmt"/>
      <line num="139" count="1" type="cond" truecount="1" falsecount="1"/>
      <line num="140" count="0" type="stmt"/>
      <line num="141" count="0" type="stmt"/>
      <line num="142" count="0" type="stmt"/>
      <line num="144" count="1" type="stmt"/>
      <line num="145" count="1" type="stmt"/>
      <line num="146" count="1" type="cond" truecount="3" falsecount="1"/>
      <line num="147" count="1" type="stmt"/>
      <line num="148" count="1" type="stmt"/>
      <line num="149" count="1" type="stmt"/>
      <line num="151" count="1" type="stmt"/>
      <line num="152" count="1" type="stmt"/>
      <line num="153" count="1" type="cond" truecount="1" falsecount="1"/>
      <line num="154" count="0" type="stmt"/>
      <line num="156" count="1" type="stmt"/>
      <line num="163" count="17" type="cond" truecount="1" falsecount="1"/>
      <line num="164" count="17" type="cond" truecount="1" falsecount="1"/>
      <line num="165" count="17" type="cond" truecount="3" falsecount="1"/>
      <line num="166" count="17" type="stmt"/>
      <line num="167" count="17" type="stmt"/>
      <line num="169" count="17" type="stmt"/>
      <line num="170" count="17" type="cond" truecount="1" falsecount="1"/>
      <line num="171" count="17" type="stmt"/>
      <line num="172" count="102" type="stmt"/>
      <line num="174" count="17" type="stmt"/>
      <line num="175" count="17" type="stmt"/>
      <line num="180" count="20" type="stmt"/>
      <line num="181" count="21" type="stmt"/>
      <line num="182" count="21" type="stmt"/>
      <line num="183" count="21" type="cond" truecount="2" falsecount="0"/>
      <line num="185" count="20" type="cond" truecount="2" falsecount="0"/>
      <line num="186" count="7" type="stmt"/>
      <line num="187" count="9" type="stmt"/>
      <line num="188" count="7" type="cond" truecount="2" falsecount="0"/>
      <line num="189" count="2" type="stmt"/>
      <line num="192" count="15" type="stmt"/>
      <line num="197" count="20" type="stmt"/>
      <line num="198" count="0" type="stmt"/>
      <line num="199" count="0" type="cond" truecount="0" falsecount="2"/>
      <line num="200" count="0" type="stmt"/>
      <line num="202" count="0" type="stmt"/>
      <line num="203" count="0" type="stmt"/>
      <line num="204" count="0" type="stmt"/>
      <line num="205" count="0" type="stmt"/>
      <line num="206" count="0" type="stmt"/>
      <line num="207" count="0" type="stmt"/>
      <line num="212" count="20" type="stmt"/>
      <line num="213" count="0" type="stmt"/>
      <line num="214" count="0" type="cond" truecount="0" falsecount="2"/>
      <line num="215" count="0" type="stmt"/>
      <line num="216" count="0" type="stmt"/>
      <line num="217" count="0" type="stmt"/>
      <line num="218" count="0" type="stmt"/>
      <line num="219" count="0" type="cond" truecount="0" falsecount="2"/>
      <line num="220" count="0" type="stmt"/>
      <line num="221" count="0" type="cond" truecount="0" falsecount="4"/>
      <line num="222" count="0" type="stmt"/>
      <line num="225" count="0" type="stmt"/>
      <line num="230" count="20" type="stmt"/>
      <line num="231" count="0" type="stmt"/>
      <line num="232" count="0" type="cond" truecount="0" falsecount="2"/>
      <line num="233" count="0" type="stmt"/>
      <line num="235" count="0" type="stmt"/>
      <line num="236" count="0" type="stmt"/>
      <line num="237" count="0" type="stmt"/>
      <line num="238" count="0" type="stmt"/>
      <line num="243" count="20" type="stmt"/>
      <line num="244" count="0" type="stmt"/>
      <line num="245" count="0" type="cond" truecount="0" falsecount="2"/>
      <line num="246" count="0" type="stmt"/>
      <line num="247" count="0" type="stmt"/>
      <line num="248" count="0" type="stmt"/>
      <line num="249" count="0" type="stmt"/>
      <line num="250" count="0" type="cond" truecount="0" falsecount="2"/>
      <line num="251" count="0" type="stmt"/>
      <line num="252" count="0" type="cond" truecount="0" falsecount="4"/>
      <line num="253" count="0" type="stmt"/>
      <line num="256" count="0" type="stmt"/>
      <line num="261" count="20" type="stmt"/>
      <line num="263" count="0" type="stmt"/>
      <line num="264" count="0" type="stmt"/>
      <line num="269" count="1" type="cond" truecount="1" falsecount="1"/>
      <line num="270" count="1" type="stmt"/>
      <line num="271" count="1" type="stmt"/>
      <line num="272" count="1" type="stmt"/>
      <line num="273" count="1" type="stmt"/>
      <line num="274" count="0" type="stmt"/>
      <line num="275" count="0" type="cond" truecount="0" falsecount="2"/>
      <line num="276" count="0" type="stmt"/>
    </file>
    <file name="server.ts" path="/Users/evioshen/code/pulian/shenyunjie/artuctor/packages/micro/src/server.ts">
      <metrics statements="101" coveredstatements="91" conditionals="42" coveredconditionals="29" methods="26" coveredmethods="22"/>
      <line num="10" count="2" type="stmt"/>
      <line num="24" count="58" type="stmt"/>
      <line num="26" count="58" type="stmt"/>
      <line num="29" count="0" type="stmt"/>
      <line num="32" count="58" type="cond" truecount="1" falsecount="0"/>
      <line num="33" count="58" type="stmt"/>
      <line num="34" count="58" type="stmt"/>
      <line num="35" count="58" type="cond" truecount="1" falsecount="1"/>
      <line num="36" count="58" type="cond" truecount="1" falsecount="1"/>
      <line num="37" count="0" type="stmt"/>
      <line num="41" count="58" type="stmt"/>
      <line num="42" count="58" type="stmt"/>
      <line num="43" count="100" type="stmt"/>
      <line num="45" count="58" type="stmt"/>
      <line num="46" count="10" type="stmt"/>
      <line num="51" count="53" type="stmt"/>
      <line num="52" count="53" type="cond" truecount="1" falsecount="1"/>
      <line num="53" count="53" type="cond" truecount="1" falsecount="1"/>
      <line num="54" count="53" type="cond" truecount="1" falsecount="1"/>
      <line num="55" count="53" type="stmt"/>
      <line num="56" count="53" type="cond" truecount="1" falsecount="1"/>
      <line num="57" count="53" type="stmt"/>
      <line num="58" count="53" type="cond" truecount="3" falsecount="1"/>
      <line num="59" count="53" type="stmt"/>
      <line num="60" count="53" type="cond" truecount="2" falsecount="0"/>
      <line num="66" count="2" type="stmt"/>
      <line num="68" count="51" type="stmt"/>
      <line num="72" count="100" type="stmt"/>
      <line num="73" count="100" type="stmt"/>
      <line num="74" count="100" type="cond" truecount="2" falsecount="0"/>
      <line num="75" count="1" type="stmt"/>
      <line num="76" count="1" type="stmt"/>
      <line num="78" count="100" type="stmt"/>
      <line num="79" count="100" type="stmt"/>
      <line num="80" count="100" type="cond" truecount="2" falsecount="0"/>
      <line num="81" count="10" type="stmt"/>
      <line num="82" count="10" type="stmt"/>
      <line num="83" count="10" type="stmt"/>
      <line num="86" count="100" type="stmt"/>
      <line num="87" count="100" type="stmt"/>
      <line num="88" count="100" type="stmt"/>
      <line num="92" count="52" type="stmt"/>
      <line num="93" count="52" type="cond" truecount="1" falsecount="1"/>
      <line num="94" count="0" type="stmt"/>
      <line num="96" count="52" type="cond" truecount="2" falsecount="0"/>
      <line num="97" count="51" type="stmt"/>
      <line num="98" count="51" type="stmt"/>
      <line num="99" count="51" type="stmt"/>
      <line num="100" count="1" type="stmt"/>
      <line num="101" count="1" type="stmt"/>
      <line num="102" count="1" type="stmt"/>
      <line num="103" count="1" type="stmt"/>
      <line num="105" count="1" type="stmt"/>
      <line num="107" count="51" type="stmt"/>
      <line num="108" count="51" type="stmt"/>
      <line num="109" count="51" type="stmt"/>
      <line num="110" count="51" type="stmt"/>
      <line num="112" count="51" type="stmt"/>
      <line num="113" count="1" type="stmt"/>
      <line num="114" count="1" type="stmt"/>
      <line num="116" count="51" type="stmt"/>
      <line num="117" count="49" type="stmt"/>
      <line num="118" count="49" type="stmt"/>
      <line num="120" count="51" type="stmt"/>
      <line num="121" count="51" type="stmt"/>
      <line num="123" count="49" type="stmt"/>
      <line num="127" count="53" type="cond" truecount="1" falsecount="1"/>
      <line num="128" count="53" type="stmt"/>
      <line num="129" count="53" type="stmt"/>
      <line num="130" count="53" type="stmt"/>
      <line num="131" count="53" type="stmt"/>
      <line num="132" count="53" type="stmt"/>
      <line num="134" count="53" type="stmt"/>
      <line num="135" count="0" type="stmt"/>
      <line num="136" count="0" type="stmt"/>
      <line num="138" count="53" type="stmt"/>
      <line num="139" count="53" type="stmt"/>
      <line num="140" count="53" type="stmt"/>
      <line num="142" count="53" type="stmt"/>
      <line num="143" count="53" type="stmt"/>
      <line num="145" count="53" type="stmt"/>
      <line num="146" count="53" type="stmt"/>
      <line num="148" count="0" type="stmt"/>
      <line num="151" count="53" type="stmt"/>
      <line num="152" count="53" type="stmt"/>
      <line num="153" count="53" type="stmt"/>
      <line num="154" count="89" type="stmt"/>
      <line num="156" count="53" type="stmt"/>
      <line num="157" count="53" type="cond" truecount="1" falsecount="1"/>
      <line num="158" count="53" type="stmt"/>
      <line num="159" count="53" type="stmt"/>
      <line num="160" count="53" type="cond" truecount="1" falsecount="1"/>
      <line num="161" count="53" type="stmt"/>
      <line num="165" count="53" type="stmt"/>
      <line num="166" count="53" type="stmt"/>
      <line num="171" count="55" type="stmt"/>
      <line num="172" count="55" type="stmt"/>
      <line num="178" count="0" type="cond" truecount="0" falsecount="2"/>
      <line num="179" count="0" type="stmt"/>
      <line num="180" count="0" type="stmt"/>
      <line num="182" count="0" type="stmt"/>
    </file>
    <file name="utils.ts" path="/Users/evioshen/code/pulian/shenyunjie/artuctor/packages/micro/src/utils.ts">
      <metrics statements="1" coveredstatements="1" conditionals="0" coveredconditionals="0" methods="1" coveredmethods="1"/>
      <line num="7" count="1" type="stmt"/>
    </file>
  </project>
</coverage>
