<?xml version="1.0" encoding="UTF-8"?>
<coverage generated="1779708297672" clover="3.2.0">
  <project timestamp="1779708297672" name="All files">
    <metrics statements="491" coveredstatements="442" conditionals="281" coveredconditionals="209" methods="104" coveredmethods="94" elements="876" coveredelements="745" complexity="0" loc="491" ncloc="491" packages="1" files="5" classes="5"/>
    <file name="application.ts" path="/Users/evioshen/code/pulian/shenyunjie/artuctor/packages/micro/src/application.ts">
      <metrics statements="193" coveredstatements="165" conditionals="120" coveredconditionals="90" methods="38" coveredmethods="32"/>
      <line num="5" count="1" type="cond" truecount="2" falsecount="0"/>
      <line num="6" count="1" type="stmt"/>
      <line num="7" count="1" type="stmt"/>
      <line num="8" count="1" type="stmt"/>
      <line num="12" count="74" type="cond" truecount="5" falsecount="0"/>
      <line num="13" count="1" type="stmt"/>
      <line num="15" count="73" type="cond" truecount="2" falsecount="0"/>
      <line num="16" count="72" type="cond" truecount="6" falsecount="0"/>
      <line num="17" count="3" type="stmt"/>
      <line num="19" count="69" type="cond" truecount="4" falsecount="0"/>
      <line num="20" count="1" type="stmt"/>
      <line num="22" count="68" type="cond" truecount="4" falsecount="0"/>
      <line num="23" count="1" type="stmt"/>
      <line num="28" count="28" type="cond" truecount="4" falsecount="0"/>
      <line num="30" count="27" type="stmt"/>
      <line num="33" count="27" type="stmt"/>
      <line num="36" count="27" type="cond" truecount="1" falsecount="1"/>
      <line num="82" count="53" type="stmt"/>
      <line num="87" count="53" type="stmt"/>
      <line num="93" count="1" type="stmt"/>
      <line num="94" count="53" type="stmt"/>
      <line num="95" count="53" type="stmt"/>
      <line num="96" count="53" type="stmt"/>
      <line num="99" count="53" type="cond" truecount="2" falsecount="0"/>
      <line num="100" count="53" type="stmt"/>
      <line num="101" count="53" type="stmt"/>
      <line num="102" count="53" type="stmt"/>
      <line num="103" count="53" type="stmt"/>
      <line num="104" count="53" type="stmt"/>
      <line num="105" count="53" type="stmt"/>
      <line num="111" count="53" type="stmt"/>
      <line num="112" count="0" type="stmt"/>
      <line num="113" count="0" type="stmt"/>
      <line num="118" count="46" type="stmt"/>
      <line num="119" count="46" type="stmt"/>
      <line num="120" count="46" type="stmt"/>
      <line num="121" count="46" type="stmt"/>
      <line num="123" count="1" type="stmt"/>
      <line num="124" count="1" type="stmt"/>
      <line num="128" count="1" type="stmt"/>
      <line num="132" count="45" type="stmt"/>
      <line num="133" count="45" type="stmt"/>
      <line num="134" count="88" type="stmt"/>
      <line num="136" count="45" type="stmt"/>
      <line num="137" count="45" type="stmt"/>
      <line num="138" count="45" type="cond" truecount="1" falsecount="1"/>
      <line num="139" count="0" type="stmt"/>
      <line num="140" count="0" type="stmt"/>
      <line num="142" count="45" type="stmt"/>
      <line num="143" count="45" type="stmt"/>
      <line num="148" count="0" type="cond" truecount="0" falsecount="2"/>
      <line num="149" count="0" type="cond" truecount="0" falsecount="2"/>
      <line num="150" count="0" type="stmt"/>
      <line num="151" count="0" type="stmt"/>
      <line num="152" count="0" type="stmt"/>
      <line num="153" count="0" type="cond" truecount="0" falsecount="2"/>
      <line num="154" count="0" type="stmt"/>
      <line num="160" count="48" type="cond" truecount="1" falsecount="1"/>
      <line num="161" count="48" type="cond" truecount="1" falsecount="1"/>
      <line num="163" count="48" type="stmt"/>
      <line num="164" count="48" type="stmt"/>
      <line num="165" count="47" type="cond" truecount="1" falsecount="1"/>
      <line num="166" count="0" type="stmt"/>
      <line num="167" count="0" type="stmt"/>
      <line num="169" count="47" type="stmt"/>
      <line num="170" count="2" type="cond" truecount="1" falsecount="1"/>
      <line num="171" count="2" type="stmt"/>
      <line num="172" count="2" type="cond" truecount="1" falsecount="1"/>
      <line num="173" count="2" type="stmt"/>
      <line num="174" count="0" type="cond" truecount="0" falsecount="2"/>
      <line num="175" count="0" type="stmt"/>
      <line num="178" count="47" type="stmt"/>
      <line num="180" count="47" type="stmt"/>
      <line num="181" count="0" type="stmt"/>
      <line num="184" count="48" type="stmt"/>
      <line num="187" count="48" type="stmt"/>
      <line num="191" count="11" type="stmt"/>
      <line num="192" count="11" type="cond" truecount="2" falsecount="0"/>
      <line num="193" count="6" type="stmt"/>
      <line num="194" count="6" type="cond" truecount="2" falsecount="0"/>
      <line num="199" count="13" type="stmt"/>
      <line num="200" count="13" type="cond" truecount="2" falsecount="0"/>
      <line num="201" count="8" type="stmt"/>
      <line num="202" count="8" type="stmt"/>
      <line num="204" count="13" type="stmt"/>
      <line num="208" count="24" type="stmt"/>
      <line num="209" count="24" type="cond" truecount="2" falsecount="0"/>
      <line num="210" count="11" type="stmt"/>
      <line num="211" count="11" type="stmt"/>
      <line num="212" count="11" type="stmt"/>
      <line num="213" count="11" type="cond" truecount="1" falsecount="1"/>
      <line num="214" count="0" type="stmt"/>
      <line num="216" count="11" type="stmt"/>
      <line num="219" count="11" type="cond" truecount="1" falsecount="1"/>
      <line num="220" count="11" type="stmt"/>
      <line num="224" count="28" type="cond" truecount="1" falsecount="1"/>
      <line num="225" count="28" type="stmt"/>
      <line num="226" count="28" type="stmt"/>
      <line num="230" count="29" type="cond" truecount="2" falsecount="0"/>
      <line num="231" count="18" type="stmt"/>
      <line num="238" count="29" type="stmt"/>
      <line num="240" count="29" type="stmt"/>
      <line num="241" count="29" type="stmt"/>
      <line num="242" count="29" type="cond" truecount="2" falsecount="0"/>
      <line num="247" count="10" type="stmt"/>
      <line num="248" count="10" type="stmt"/>
      <line num="249" count="10" type="stmt"/>
      <line num="251" count="29" type="stmt"/>
      <line num="252" count="29" type="cond" truecount="4" falsecount="0"/>
      <line num="253" count="1" type="stmt"/>
      <line num="256" count="28" type="stmt"/>
      <line num="257" count="28" type="stmt"/>
      <line num="258" count="28" type="cond" truecount="1" falsecount="1"/>
      <line num="259" count="28" type="stmt"/>
      <line num="260" count="28" type="stmt"/>
      <line num="261" count="28" type="cond" truecount="2" falsecount="0"/>
      <line num="262" count="21" type="stmt"/>
      <line num="263" count="21" type="stmt"/>
      <line num="264" count="21" type="stmt"/>
      <line num="265" count="21" type="stmt"/>
      <line num="266" count="21" type="stmt"/>
      <line num="267" count="21" type="stmt"/>
      <line num="268" count="21" type="stmt"/>
      <line num="270" count="21" type="stmt"/>
      <line num="273" count="21" type="stmt"/>
      <line num="274" count="2" type="cond" truecount="1" falsecount="1"/>
      <line num="275" count="2" type="stmt"/>
      <line num="280" count="7" type="stmt"/>
      <line num="281" count="7" type="cond" truecount="3" falsecount="1"/>
      <line num="282" count="7" type="stmt"/>
      <line num="284" count="7" type="stmt"/>
      <line num="285" count="7" type="stmt"/>
      <line num="286" count="7" type="stmt"/>
      <line num="287" count="7" type="stmt"/>
      <line num="288" count="7" type="stmt"/>
      <line num="290" count="7" type="stmt"/>
      <line num="292" count="0" type="stmt"/>
      <line num="293" count="0" type="stmt"/>
      <line num="294" count="0" type="stmt"/>
      <line num="296" count="28" type="stmt"/>
      <line num="306" count="20" type="cond" truecount="4" falsecount="0"/>
      <line num="307" count="20" type="stmt"/>
      <line num="310" count="20" type="stmt"/>
      <line num="311" count="20" type="stmt"/>
      <line num="313" count="0" type="stmt"/>
      <line num="314" count="0" type="stmt"/>
      <line num="317" count="20" type="stmt"/>
      <line num="318" count="20" type="stmt"/>
      <line num="322" count="7" type="stmt"/>
      <line num="323" count="7" type="stmt"/>
      <line num="325" count="13" type="stmt"/>
      <line num="326" count="13" type="cond" truecount="2" falsecount="0"/>
      <line num="327" count="5" type="stmt"/>
      <line num="329" count="8" type="stmt"/>
      <line num="342" count="4" type="cond" truecount="3" falsecount="0"/>
      <line num="343" count="4" type="stmt"/>
      <line num="346" count="4" type="stmt"/>
      <line num="347" count="4" type="stmt"/>
      <line num="349" count="0" type="stmt"/>
      <line num="350" count="0" type="stmt"/>
      <line num="353" count="4" type="stmt"/>
      <line num="354" count="4" type="stmt"/>
      <line num="355" count="4" type="stmt"/>
      <line num="356" count="4" type="stmt"/>
      <line num="358" count="0" type="stmt"/>
      <line num="359" count="0" type="cond" truecount="0" falsecount="2"/>
      <line num="360" count="0" type="stmt"/>
      <line num="362" count="0" type="stmt"/>
      <line num="367" count="3" type="cond" truecount="2" falsecount="0"/>
      <line num="368" count="1" type="stmt"/>
      <line num="369" count="1" type="stmt"/>
      <line num="371" count="1" type="cond" truecount="1" falsecount="1"/>
      <line num="372" count="1" type="stmt"/>
      <line num="373" count="1" type="stmt"/>
      <line num="376" count="1" type="cond" truecount="1" falsecount="1"/>
      <line num="377" count="1" type="stmt"/>
      <line num="378" count="1" type="stmt"/>
      <line num="381" count="1" type="stmt"/>
      <line num="386" count="3" type="cond" truecount="1" falsecount="1"/>
      <line num="387" count="3" type="stmt"/>
      <line num="388" count="1" type="cond" truecount="1" falsecount="1"/>
      <line num="389" count="1" type="stmt"/>
      <line num="390" count="1" type="cond" truecount="1" falsecount="1"/>
      <line num="391" count="1" type="stmt"/>
      <line num="392" count="1" type="stmt"/>
      <line num="393" count="1" type="stmt"/>
      <line num="396" count="3" type="cond" truecount="4" falsecount="0"/>
      <line num="397" count="2" type="stmt"/>
      <line num="398" count="2" type="cond" truecount="1" falsecount="1"/>
      <line num="399" count="2" type="stmt"/>
      <line num="400" count="2" type="stmt"/>
      <line num="401" count="2" type="stmt"/>
      <line num="403" count="2" type="stmt"/>
    </file>
    <file name="client.ts" path="/Users/evioshen/code/pulian/shenyunjie/artuctor/packages/micro/src/client.ts">
      <metrics statements="38" coveredstatements="33" conditionals="26" coveredconditionals="21" methods="11" coveredmethods="10"/>
      <line num="18" count="140" type="stmt"/>
      <line num="19" count="140" type="stmt"/>
      <line num="22" count="140" type="stmt"/>
      <line num="25" count="140" type="stmt"/>
      <line num="26" count="140" type="stmt"/>
      <line num="27" count="140" type="stmt"/>
      <line num="28" count="140" type="stmt"/>
      <line num="29" count="140" type="stmt"/>
      <line num="30" count="140" type="stmt"/>
      <line num="31" count="140" type="stmt"/>
      <line num="32" count="140" type="stmt"/>
      <line num="33" count="140" type="stmt"/>
      <line num="34" count="140" type="stmt"/>
      <line num="38" count="140" type="cond" truecount="2" falsecount="0"/>
      <line num="39" count="140" type="cond" truecount="2" falsecount="0"/>
      <line num="40" count="140" type="cond" truecount="2" falsecount="0"/>
      <line num="42" count="140" type="stmt"/>
      <line num="43" count="0" type="stmt"/>
      <line num="44" count="0" type="stmt"/>
      <line num="50" count="140" type="stmt"/>
      <line num="51" count="36" type="cond" truecount="2" falsecount="0"/>
      <line num="52" count="8" type="stmt"/>
      <line num="58" count="62" type="cond" truecount="1" falsecount="1"/>
      <line num="59" count="0" type="stmt"/>
      <line num="60" count="0" type="stmt"/>
      <line num="62" count="62" type="cond" truecount="1" falsecount="1"/>
      <line num="63" count="62" type="stmt"/>
      <line num="69" count="59" type="cond" truecount="2" falsecount="0"/>
      <line num="70" count="58" type="stmt"/>
      <line num="74" count="1" type="cond" truecount="1" falsecount="1"/>
      <line num="75" count="0" type="stmt"/>
      <line num="79" count="5" type="cond" truecount="2" falsecount="0"/>
      <line num="80" count="4" type="stmt"/>
      <line num="84" count="148" type="cond" truecount="1" falsecount="1"/>
      <line num="85" count="148" type="cond" truecount="1" falsecount="1"/>
      <line num="86" count="148" type="stmt"/>
      <line num="87" count="148" type="cond" truecount="4" falsecount="0"/>
      <line num="88" count="98" type="stmt"/>
    </file>
    <file name="registry.ts" path="/Users/evioshen/code/pulian/shenyunjie/artuctor/packages/micro/src/registry.ts">
      <metrics statements="158" coveredstatements="150" conditionals="93" coveredconditionals="66" methods="28" coveredmethods="28"/>
      <line num="20" count="38" type="stmt"/>
      <line num="21" count="38" type="cond" truecount="4" falsecount="0"/>
      <line num="22" count="33" type="stmt"/>
      <line num="23" count="33" type="stmt"/>
      <line num="24" count="33" type="cond" truecount="2" falsecount="0"/>
      <line num="31" count="3" type="stmt"/>
      <line num="33" count="30" type="stmt"/>
      <line num="37" count="27" type="stmt"/>
      <line num="39" count="32" type="stmt"/>
      <line num="41" count="27" type="cond" truecount="2" falsecount="0"/>
      <line num="43" count="25" type="stmt"/>
      <line num="44" count="25" type="stmt"/>
      <line num="48" count="2" type="stmt"/>
      <line num="52" count="1" type="stmt"/>
      <line num="56" count="35" type="cond" truecount="2" falsecount="0"/>
      <line num="57" count="32" type="stmt"/>
      <line num="61" count="28" type="stmt"/>
      <line num="63" count="28" type="stmt"/>
      <line num="64" count="28" type="stmt"/>
      <line num="65" count="28" type="stmt"/>
      <line num="66" count="28" type="stmt"/>
      <line num="73" count="28" type="stmt"/>
      <line num="74" count="28" type="cond" truecount="1" falsecount="1"/>
      <line num="75" count="0" type="stmt"/>
      <line num="77" count="28" type="stmt"/>
      <line num="78" count="28" type="stmt"/>
      <line num="79" count="28" type="stmt"/>
      <line num="80" count="48" type="stmt"/>
      <line num="81" count="48" type="stmt"/>
      <line num="82" count="48" type="cond" truecount="2" falsecount="0"/>
      <line num="83" count="43" type="stmt"/>
      <line num="85" count="48" type="stmt"/>
      <line num="87" count="28" type="stmt"/>
      <line num="88" count="6" type="stmt"/>
      <line num="90" count="6" type="stmt"/>
      <line num="91" count="35" type="cond" truecount="1" falsecount="1"/>
      <line num="92" count="35" type="cond" truecount="1" falsecount="1"/>
      <line num="93" count="35" type="cond" truecount="3" falsecount="1"/>
      <line num="94" count="35" type="stmt"/>
      <line num="98" count="6" type="stmt"/>
      <line num="99" count="6" type="cond" truecount="1" falsecount="1"/>
      <line num="100" count="6" type="stmt"/>
      <line num="101" count="6" type="cond" truecount="1" falsecount="1"/>
      <line num="102" count="6" type="stmt"/>
      <line num="103" count="6" type="cond" truecount="2" falsecount="0"/>
      <line num="104" count="3" type="stmt"/>
      <line num="109" count="28" type="stmt"/>
      <line num="110" count="28" type="stmt"/>
      <line num="111" count="28" type="stmt"/>
      <line num="112" count="28" type="stmt"/>
      <line num="113" count="28" type="stmt"/>
      <line num="114" count="28" type="stmt"/>
      <line num="118" count="28" type="stmt"/>
      <line num="119" count="28" type="cond" truecount="2" falsecount="0"/>
      <line num="120" count="28" type="stmt"/>
      <line num="121" count="27" type="stmt"/>
      <line num="122" count="28" type="stmt"/>
      <line num="123" count="28" type="stmt"/>
      <line num="124" count="28" type="cond" truecount="3" falsecount="1"/>
      <line num="125" count="28" type="stmt"/>
      <line num="126" count="28" type="stmt"/>
      <line num="127" count="28" type="stmt"/>
      <line num="128" count="28" type="stmt"/>
      <line num="129" count="180" type="stmt"/>
      <line num="130" count="180" type="cond" truecount="1" falsecount="1"/>
      <line num="131" count="180" type="stmt"/>
      <line num="136" count="27" type="stmt"/>
      <line num="137" count="1" type="cond" truecount="1" falsecount="1"/>
      <line num="138" count="1" type="stmt"/>
      <line num="139" count="1" type="cond" truecount="1" falsecount="1"/>
      <line num="140" count="0" type="stmt"/>
      <line num="141" count="0" type="stmt"/>
      <line num="142" count="0" type="stmt"/>
      <line num="144" count="1" type="stmt"/>
      <line num="145" count="1" type="stmt"/>
      <line num="146" count="1" type="cond" truecount="3" falsecount="1"/>
      <line num="147" count="1" type="stmt"/>
      <line num="148" count="1" type="stmt"/>
      <line num="149" count="1" type="stmt"/>
      <line num="151" count="1" type="stmt"/>
      <line num="152" count="1" type="stmt"/>
      <line num="153" count="1" type="cond" truecount="1" falsecount="1"/>
      <line num="154" count="0" type="stmt"/>
      <line num="156" count="1" type="stmt"/>
      <line num="163" count="25" type="cond" truecount="1" falsecount="1"/>
      <line num="164" count="25" type="cond" truecount="1" falsecount="1"/>
      <line num="165" count="25" type="cond" truecount="3" falsecount="1"/>
      <line num="166" count="25" type="stmt"/>
      <line num="167" count="25" type="stmt"/>
      <line num="169" count="25" type="stmt"/>
      <line num="170" count="25" type="cond" truecount="1" falsecount="1"/>
      <line num="171" count="25" type="stmt"/>
      <line num="172" count="150" type="stmt"/>
      <line num="174" count="25" type="stmt"/>
      <line num="175" count="25" type="stmt"/>
      <line num="180" count="28" type="stmt"/>
      <line num="181" count="29" type="stmt"/>
      <line num="182" count="29" type="stmt"/>
      <line num="183" count="29" type="cond" truecount="2" falsecount="0"/>
      <line num="185" count="28" type="cond" truecount="2" falsecount="0"/>
      <line num="186" count="11" type="stmt"/>
      <line num="187" count="14" type="stmt"/>
      <line num="188" count="11" type="cond" truecount="2" falsecount="0"/>
      <line num="189" count="4" type="stmt"/>
      <line num="192" count="21" type="stmt"/>
      <line num="197" count="28" type="stmt"/>
      <line num="198" count="1" type="stmt"/>
      <line num="199" count="1" type="cond" truecount="1" falsecount="1"/>
      <line num="200" count="1" type="stmt"/>
      <line num="202" count="1" type="stmt"/>
      <line num="203" count="1" type="stmt"/>
      <line num="204" count="1" type="stmt"/>
      <line num="205" count="1" type="stmt"/>
      <line num="206" count="1" type="stmt"/>
      <line num="207" count="1" type="stmt"/>
      <line num="212" count="28" type="stmt"/>
      <line num="213" count="1" type="stmt"/>
      <line num="214" count="1" type="cond" truecount="1" falsecount="1"/>
      <line num="215" count="1" type="stmt"/>
      <line num="216" count="1" type="stmt"/>
      <line num="217" count="1" type="stmt"/>
      <line num="218" count="1" type="stmt"/>
      <line num="219" count="1" type="cond" truecount="1" falsecount="1"/>
      <line num="220" count="1" type="stmt"/>
      <line num="221" count="1" type="cond" truecount="3" falsecount="1"/>
      <line num="222" count="1" type="stmt"/>
      <line num="225" count="1" type="stmt"/>
      <line num="230" count="28" type="stmt"/>
      <line num="231" count="2" type="stmt"/>
      <line num="232" count="2" type="cond" truecount="1" falsecount="1"/>
      <line num="233" count="2" type="stmt"/>
      <line num="235" count="2" type="stmt"/>
      <line num="236" count="2" type="stmt"/>
      <line num="237" count="2" type="stmt"/>
      <line num="238" count="2" type="stmt"/>
      <line num="243" count="28" type="stmt"/>
      <line num="244" count="1" type="stmt"/>
      <line num="245" count="1" type="cond" truecount="1" falsecount="1"/>
      <line num="246" count="1" type="stmt"/>
      <line num="247" count="1" type="stmt"/>
      <line num="248" count="1" type="stmt"/>
      <line num="249" count="1" type="stmt"/>
      <line num="250" count="1" type="cond" truecount="1" falsecount="1"/>
      <line num="251" count="1" type="stmt"/>
      <line num="252" count="1" type="cond" truecount="3" falsecount="1"/>
      <line num="253" count="1" type="stmt"/>
      <line num="256" count="1" type="stmt"/>
      <line num="261" count="28" type="stmt"/>
      <line num="263" count="1" type="stmt"/>
      <line num="264" count="1" type="stmt"/>
      <line num="269" count="3" type="cond" truecount="1" falsecount="1"/>
      <line num="270" count="3" type="stmt"/>
      <line num="271" count="3" type="stmt"/>
      <line num="272" count="3" type="stmt"/>
      <line num="273" count="3" type="stmt"/>
      <line num="274" count="0" type="stmt"/>
      <line num="275" count="0" type="cond" truecount="0" falsecount="2"/>
      <line num="276" count="0" type="stmt"/>
    </file>
    <file name="server.ts" path="/Users/evioshen/code/pulian/shenyunjie/artuctor/packages/micro/src/server.ts">
      <metrics statements="101" coveredstatements="93" conditionals="42" coveredconditionals="32" methods="26" coveredmethods="23"/>
      <line num="10" count="2" type="stmt"/>
      <line num="24" count="91" type="stmt"/>
      <line num="26" count="91" type="stmt"/>
      <line num="29" count="0" type="stmt"/>
      <line num="32" count="91" type="cond" truecount="1" falsecount="0"/>
      <line num="33" count="91" type="stmt"/>
      <line num="34" count="91" type="stmt"/>
      <line num="35" count="91" type="cond" truecount="1" falsecount="1"/>
      <line num="36" count="91" type="cond" truecount="1" falsecount="1"/>
      <line num="37" count="0" type="stmt"/>
      <line num="41" count="91" type="stmt"/>
      <line num="42" count="91" type="stmt"/>
      <line num="43" count="140" type="stmt"/>
      <line num="45" count="91" type="stmt"/>
      <line num="46" count="13" type="stmt"/>
      <line num="51" count="73" type="stmt"/>
      <line num="52" count="73" type="cond" truecount="1" falsecount="1"/>
      <line num="53" count="73" type="cond" truecount="1" falsecount="1"/>
      <line num="54" count="73" type="cond" truecount="1" falsecount="1"/>
      <line num="55" count="73" type="stmt"/>
      <line num="56" count="73" type="cond" truecount="1" falsecount="1"/>
      <line num="57" count="73" type="stmt"/>
      <line num="58" count="73" type="cond" truecount="3" falsecount="1"/>
      <line num="59" count="73" type="stmt"/>
      <line num="60" count="73" type="cond" truecount="2" falsecount="0"/>
      <line num="66" count="2" type="stmt"/>
      <line num="68" count="71" type="stmt"/>
      <line num="72" count="140" type="stmt"/>
      <line num="73" count="140" type="stmt"/>
      <line num="74" count="140" type="cond" truecount="2" falsecount="0"/>
      <line num="75" count="1" type="stmt"/>
      <line num="76" count="1" type="stmt"/>
      <line num="78" count="140" type="stmt"/>
      <line num="79" count="140" type="stmt"/>
      <line num="80" count="140" type="cond" truecount="2" falsecount="0"/>
      <line num="81" count="13" type="stmt"/>
      <line num="82" count="13" type="stmt"/>
      <line num="83" count="13" type="stmt"/>
      <line num="86" count="140" type="stmt"/>
      <line num="87" count="140" type="stmt"/>
      <line num="88" count="140" type="stmt"/>
      <line num="92" count="72" type="stmt"/>
      <line num="93" count="72" type="cond" truecount="1" falsecount="1"/>
      <line num="94" count="0" type="stmt"/>
      <line num="96" count="72" type="cond" truecount="2" falsecount="0"/>
      <line num="97" count="71" type="stmt"/>
      <line num="98" count="71" type="stmt"/>
      <line num="99" count="71" type="stmt"/>
      <line num="100" count="1" type="stmt"/>
      <line num="101" count="1" type="stmt"/>
      <line num="102" count="1" type="stmt"/>
      <line num="103" count="1" type="stmt"/>
      <line num="105" count="1" type="stmt"/>
      <line num="107" count="71" type="stmt"/>
      <line num="108" count="71" type="stmt"/>
      <line num="109" count="71" type="stmt"/>
      <line num="110" count="71" type="stmt"/>
      <line num="112" count="71" type="stmt"/>
      <line num="113" count="1" type="stmt"/>
      <line num="114" count="1" type="stmt"/>
      <line num="116" count="71" type="stmt"/>
      <line num="117" count="69" type="stmt"/>
      <line num="118" count="69" type="stmt"/>
      <line num="120" count="71" type="stmt"/>
      <line num="121" count="71" type="stmt"/>
      <line num="123" count="69" type="stmt"/>
      <line num="127" count="77" type="cond" truecount="2" falsecount="0"/>
      <line num="128" count="76" type="stmt"/>
      <line num="129" count="76" type="stmt"/>
      <line num="130" count="76" type="stmt"/>
      <line num="131" count="76" type="stmt"/>
      <line num="132" count="76" type="stmt"/>
      <line num="134" count="76" type="stmt"/>
      <line num="135" count="0" type="stmt"/>
      <line num="136" count="0" type="stmt"/>
      <line num="138" count="76" type="stmt"/>
      <line num="139" count="76" type="stmt"/>
      <line num="140" count="76" type="stmt"/>
      <line num="142" count="76" type="stmt"/>
      <line num="143" count="76" type="stmt"/>
      <line num="145" count="76" type="stmt"/>
      <line num="146" count="76" type="stmt"/>
      <line num="148" count="1" type="stmt"/>
      <line num="151" count="77" type="stmt"/>
      <line num="152" count="77" type="stmt"/>
      <line num="153" count="77" type="stmt"/>
      <line num="154" count="126" type="stmt"/>
      <line num="156" count="77" type="stmt"/>
      <line num="157" count="77" type="cond" truecount="1" falsecount="1"/>
      <line num="158" count="77" type="stmt"/>
      <line num="159" count="77" type="stmt"/>
      <line num="160" count="77" type="cond" truecount="2" falsecount="0"/>
      <line num="161" count="76" type="stmt"/>
      <line num="165" count="76" type="stmt"/>
      <line num="166" count="76" type="stmt"/>
      <line num="171" count="78" type="stmt"/>
      <line num="172" count="78" type="stmt"/>
      <line num="178" count="1" type="cond" truecount="1" falsecount="1"/>
      <line num="179" count="0" type="stmt"/>
      <line num="180" count="0" type="stmt"/>
      <line num="182" count="0" type="stmt"/>
    </file>
    <file name="utils.ts" path="/Users/evioshen/code/pulian/shenyunjie/artuctor/packages/micro/src/utils.ts">
      <metrics statements="1" coveredstatements="1" conditionals="0" coveredconditionals="0" methods="1" coveredmethods="1"/>
      <line num="7" count="1" type="stmt"/>
    </file>
  </project>
</coverage>
