{"/Users/evioshen/code/pulian/shenyunjie/artuctor/packages/micro/src/application.ts": {"path":"/Users/evioshen/code/pulian/shenyunjie/artuctor/packages/micro/src/application.ts","statementMap":{"0":{"start":{"line":5,"column":0},"end":{"line":5,"column":null}},"1":{"start":{"line":6,"column":2},"end":{"line":6,"column":null}},"2":{"start":{"line":7,"column":2},"end":{"line":7,"column":null}},"3":{"start":{"line":8,"column":2},"end":{"line":8,"column":null}},"4":{"start":{"line":5,"column":5},"end":{"line":5,"column":null}},"5":{"start":{"line":12,"column":2},"end":{"line":14,"column":null}},"6":{"start":{"line":13,"column":4},"end":{"line":13,"column":null}},"7":{"start":{"line":15,"column":2},"end":{"line":15,"column":null}},"8":{"start":{"line":15,"column":31},"end":{"line":15,"column":null}},"9":{"start":{"line":16,"column":2},"end":{"line":18,"column":null}},"10":{"start":{"line":17,"column":4},"end":{"line":17,"column":null}},"11":{"start":{"line":19,"column":2},"end":{"line":21,"column":null}},"12":{"start":{"line":20,"column":4},"end":{"line":20,"column":null}},"13":{"start":{"line":22,"column":2},"end":{"line":24,"column":null}},"14":{"start":{"line":23,"column":4},"end":{"line":23,"column":null}},"15":{"start":{"line":28,"column":2},"end":{"line":28,"column":null}},"16":{"start":{"line":28,"column":39},"end":{"line":28,"column":null}},"17":{"start":{"line":30,"column":2},"end":{"line":37,"column":null}},"18":{"start":{"line":33,"column":6},"end":{"line":33,"column":null}},"19":{"start":{"line":33,"column":31},"end":{"line":33,"column":86}},"20":{"start":{"line":36,"column":4},"end":{"line":36,"column":null}},"21":{"start":{"line":36,"column":15},"end":{"line":36,"column":null}},"22":{"start":{"line":82,"column":20},"end":{"line":82,"column":null}},"23":{"start":{"line":87,"column":32},"end":{"line":92,"column":null}},"24":{"start":{"line":93,"column":43},"end":{"line":93,"column":null}},"25":{"start":{"line":94,"column":37},"end":{"line":94,"column":null}},"26":{"start":{"line":95,"column":31},"end":{"line":95,"column":null}},"27":{"start":{"line":96,"column":28},"end":{"line":96,"column":null}},"28":{"start":{"line":99,"column":116},"end":{"line":99,"column":null}},"29":{"start":{"line":100,"column":4},"end":{"line":100,"column":null}},"30":{"start":{"line":101,"column":4},"end":{"line":101,"column":null}},"31":{"start":{"line":102,"column":4},"end":{"line":102,"column":null}},"32":{"start":{"line":103,"column":4},"end":{"line":103,"column":null}},"33":{"start":{"line":104,"column":4},"end":{"line":104,"column":null}},"34":{"start":{"line":105,"column":4},"end":{"line":110,"column":null}},"35":{"start":{"line":105,"column":63},"end":{"line":110,"column":6}},"36":{"start":{"line":111,"column":4},"end":{"line":114,"column":null}},"37":{"start":{"line":112,"column":6},"end":{"line":112,"column":null}},"38":{"start":{"line":113,"column":6},"end":{"line":113,"column":null}},"39":{"start":{"line":118,"column":4},"end":{"line":118,"column":null}},"40":{"start":{"line":119,"column":21},"end":{"line":119,"column":null}},"41":{"start":{"line":120,"column":4},"end":{"line":129,"column":null}},"42":{"start":{"line":121,"column":6},"end":{"line":121,"column":null}},"43":{"start":{"line":123,"column":6},"end":{"line":127,"column":null}},"44":{"start":{"line":124,"column":8},"end":{"line":124,"column":null}},"45":{"start":{"line":128,"column":6},"end":{"line":128,"column":null}},"46":{"start":{"line":132,"column":4},"end":{"line":144,"column":null}},"47":{"start":{"line":133,"column":6},"end":{"line":135,"column":null}},"48":{"start":{"line":134,"column":8},"end":{"line":134,"column":null}},"49":{"start":{"line":136,"column":6},"end":{"line":136,"column":null}},"50":{"start":{"line":137,"column":6},"end":{"line":137,"column":null}},"51":{"start":{"line":138,"column":6},"end":{"line":141,"column":null}},"52":{"start":{"line":139,"column":8},"end":{"line":139,"column":null}},"53":{"start":{"line":140,"column":8},"end":{"line":140,"column":null}},"54":{"start":{"line":142,"column":6},"end":{"line":142,"column":null}},"55":{"start":{"line":143,"column":6},"end":{"line":143,"column":null}},"56":{"start":{"line":148,"column":4},"end":{"line":148,"column":null}},"57":{"start":{"line":148,"column":22},"end":{"line":148,"column":null}},"58":{"start":{"line":149,"column":4},"end":{"line":149,"column":null}},"59":{"start":{"line":149,"column":31},"end":{"line":149,"column":null}},"60":{"start":{"line":150,"column":4},"end":{"line":156,"column":null}},"61":{"start":{"line":151,"column":6},"end":{"line":151,"column":null}},"62":{"start":{"line":152,"column":6},"end":{"line":155,"column":null}},"63":{"start":{"line":153,"column":8},"end":{"line":153,"column":null}},"64":{"start":{"line":153,"column":26},"end":{"line":153,"column":null}},"65":{"start":{"line":154,"column":8},"end":{"line":154,"column":null}},"66":{"start":{"line":160,"column":4},"end":{"line":160,"column":null}},"67":{"start":{"line":160,"column":22},"end":{"line":160,"column":null}},"68":{"start":{"line":161,"column":4},"end":{"line":161,"column":null}},"69":{"start":{"line":161,"column":39},"end":{"line":161,"column":null}},"70":{"start":{"line":163,"column":4},"end":{"line":185,"column":null}},"71":{"start":{"line":164,"column":23},"end":{"line":164,"column":null}},"72":{"start":{"line":165,"column":6},"end":{"line":168,"column":null}},"73":{"start":{"line":166,"column":8},"end":{"line":166,"column":null}},"74":{"start":{"line":167,"column":8},"end":{"line":167,"column":null}},"75":{"start":{"line":169,"column":6},"end":{"line":177,"column":null}},"76":{"start":{"line":170,"column":8},"end":{"line":170,"column":null}},"77":{"start":{"line":170,"column":40},"end":{"line":170,"column":null}},"78":{"start":{"line":171,"column":8},"end":{"line":171,"column":null}},"79":{"start":{"line":172,"column":8},"end":{"line":172,"column":null}},"80":{"start":{"line":172,"column":26},"end":{"line":172,"column":null}},"81":{"start":{"line":173,"column":8},"end":{"line":176,"column":null}},"82":{"start":{"line":174,"column":10},"end":{"line":174,"column":null}},"83":{"start":{"line":174,"column":28},"end":{"line":174,"column":null}},"84":{"start":{"line":175,"column":10},"end":{"line":175,"column":null}},"85":{"start":{"line":178,"column":6},"end":{"line":178,"column":null}},"86":{"start":{"line":180,"column":6},"end":{"line":182,"column":null}},"87":{"start":{"line":181,"column":8},"end":{"line":181,"column":null}},"88":{"start":{"line":184,"column":6},"end":{"line":184,"column":null}},"89":{"start":{"line":187,"column":4},"end":{"line":187,"column":null}},"90":{"start":{"line":191,"column":21},"end":{"line":191,"column":null}},"91":{"start":{"line":192,"column":4},"end":{"line":195,"column":null}},"92":{"start":{"line":193,"column":6},"end":{"line":193,"column":null}},"93":{"start":{"line":194,"column":6},"end":{"line":194,"column":null}},"94":{"start":{"line":194,"column":31},"end":{"line":194,"column":null}},"95":{"start":{"line":199,"column":19},"end":{"line":199,"column":null}},"96":{"start":{"line":200,"column":4},"end":{"line":203,"column":null}},"97":{"start":{"line":201,"column":6},"end":{"line":201,"column":null}},"98":{"start":{"line":202,"column":6},"end":{"line":202,"column":null}},"99":{"start":{"line":204,"column":4},"end":{"line":204,"column":null}},"100":{"start":{"line":208,"column":21},"end":{"line":208,"column":null}},"101":{"start":{"line":209,"column":4},"end":{"line":209,"column":null}},"102":{"start":{"line":209,"column":19},"end":{"line":209,"column":null}},"103":{"start":{"line":210,"column":16},"end":{"line":210,"column":null}},"104":{"start":{"line":211,"column":29},"end":{"line":211,"column":null}},"105":{"start":{"line":212,"column":4},"end":{"line":218,"column":null}},"106":{"start":{"line":213,"column":6},"end":{"line":217,"column":null}},"107":{"start":{"line":214,"column":8},"end":{"line":214,"column":null}},"108":{"start":{"line":216,"column":8},"end":{"line":216,"column":null}},"109":{"start":{"line":219,"column":4},"end":{"line":219,"column":null}},"110":{"start":{"line":219,"column":29},"end":{"line":219,"column":null}},"111":{"start":{"line":220,"column":4},"end":{"line":220,"column":null}},"112":{"start":{"line":224,"column":4},"end":{"line":224,"column":null}},"113":{"start":{"line":224,"column":24},"end":{"line":224,"column":null}},"114":{"start":{"line":225,"column":20},"end":{"line":225,"column":null}},"115":{"start":{"line":226,"column":4},"end":{"line":226,"column":null}},"116":{"start":{"line":230,"column":4},"end":{"line":237,"column":null}},"117":{"start":{"line":231,"column":6},"end":{"line":236,"column":null}},"118":{"start":{"line":238,"column":18},"end":{"line":238,"column":null}},"119":{"start":{"line":240,"column":23},"end":{"line":240,"column":null}},"120":{"start":{"line":241,"column":23},"end":{"line":241,"column":null}},"121":{"start":{"line":242,"column":4},"end":{"line":250,"column":null}},"122":{"start":{"line":247,"column":6},"end":{"line":247,"column":null}},"123":{"start":{"line":248,"column":6},"end":{"line":248,"column":null}},"124":{"start":{"line":249,"column":6},"end":{"line":249,"column":null}},"125":{"start":{"line":251,"column":16},"end":{"line":251,"column":null}},"126":{"start":{"line":252,"column":4},"end":{"line":254,"column":null}},"127":{"start":{"line":253,"column":6},"end":{"line":253,"column":null}},"128":{"start":{"line":256,"column":4},"end":{"line":298,"column":null}},"129":{"start":{"line":257,"column":6},"end":{"line":257,"column":null}},"130":{"start":{"line":258,"column":6},"end":{"line":297,"column":null}},"131":{"start":{"line":259,"column":8},"end":{"line":259,"column":null}},"132":{"start":{"line":260,"column":8},"end":{"line":296,"column":null}},"133":{"start":{"line":261,"column":10},"end":{"line":261,"column":null}},"134":{"start":{"line":261,"column":21},"end":{"line":261,"column":null}},"135":{"start":{"line":262,"column":10},"end":{"line":262,"column":null}},"136":{"start":{"line":263,"column":10},"end":{"line":271,"column":null}},"137":{"start":{"line":264,"column":12},"end":{"line":264,"column":null}},"138":{"start":{"line":265,"column":12},"end":{"line":265,"column":null}},"139":{"start":{"line":266,"column":12},"end":{"line":266,"column":null}},"140":{"start":{"line":267,"column":12},"end":{"line":269,"column":null}},"141":{"start":{"line":268,"column":14},"end":{"line":268,"column":null}},"142":{"start":{"line":270,"column":12},"end":{"line":270,"column":null}},"143":{"start":{"line":273,"column":10},"end":{"line":277,"column":null}},"144":{"start":{"line":274,"column":12},"end":{"line":276,"column":null}},"145":{"start":{"line":275,"column":14},"end":{"line":275,"column":null}},"146":{"start":{"line":280,"column":28},"end":{"line":280,"column":null}},"147":{"start":{"line":281,"column":10},"end":{"line":291,"column":null}},"148":{"start":{"line":282,"column":27},"end":{"line":282,"column":null}},"149":{"start":{"line":284,"column":12},"end":{"line":284,"column":null}},"150":{"start":{"line":285,"column":12},"end":{"line":285,"column":null}},"151":{"start":{"line":286,"column":12},"end":{"line":286,"column":null}},"152":{"start":{"line":287,"column":12},"end":{"line":289,"column":null}},"153":{"start":{"line":288,"column":14},"end":{"line":288,"column":null}},"154":{"start":{"line":290,"column":12},"end":{"line":290,"column":null}},"155":{"start":{"line":292,"column":10},"end":{"line":292,"column":null}},"156":{"start":{"line":293,"column":10},"end":{"line":295,"column":null}},"157":{"start":{"line":294,"column":12},"end":{"line":294,"column":null}},"158":{"start":{"line":296,"column":25},"end":{"line":296,"column":47}},"159":{"start":{"line":306,"column":70},"end":{"line":306,"column":null}},"160":{"start":{"line":307,"column":20},"end":{"line":307,"column":null}},"161":{"start":{"line":310,"column":4},"end":{"line":315,"column":null}},"162":{"start":{"line":311,"column":6},"end":{"line":311,"column":null}},"163":{"start":{"line":313,"column":6},"end":{"line":313,"column":null}},"164":{"start":{"line":314,"column":6},"end":{"line":314,"column":null}},"165":{"start":{"line":317,"column":4},"end":{"line":330,"column":null}},"166":{"start":{"line":318,"column":21},"end":{"line":321,"column":null}},"167":{"start":{"line":322,"column":6},"end":{"line":322,"column":null}},"168":{"start":{"line":323,"column":6},"end":{"line":323,"column":null}},"169":{"start":{"line":325,"column":6},"end":{"line":325,"column":null}},"170":{"start":{"line":326,"column":6},"end":{"line":328,"column":null}},"171":{"start":{"line":327,"column":8},"end":{"line":327,"column":null}},"172":{"start":{"line":329,"column":6},"end":{"line":329,"column":null}},"173":{"start":{"line":342,"column":36},"end":{"line":342,"column":null}},"174":{"start":{"line":343,"column":20},"end":{"line":343,"column":null}},"175":{"start":{"line":346,"column":4},"end":{"line":351,"column":null}},"176":{"start":{"line":347,"column":6},"end":{"line":347,"column":null}},"177":{"start":{"line":349,"column":6},"end":{"line":349,"column":null}},"178":{"start":{"line":350,"column":6},"end":{"line":350,"column":null}},"179":{"start":{"line":353,"column":4},"end":{"line":363,"column":null}},"180":{"start":{"line":354,"column":23},"end":{"line":354,"column":null}},"181":{"start":{"line":355,"column":6},"end":{"line":355,"column":null}},"182":{"start":{"line":356,"column":6},"end":{"line":356,"column":null}},"183":{"start":{"line":358,"column":6},"end":{"line":358,"column":null}},"184":{"start":{"line":359,"column":6},"end":{"line":361,"column":null}},"185":{"start":{"line":360,"column":8},"end":{"line":360,"column":null}},"186":{"start":{"line":362,"column":6},"end":{"line":362,"column":null}},"187":{"start":{"line":367,"column":4},"end":{"line":367,"column":null}},"188":{"start":{"line":367,"column":24},"end":{"line":367,"column":null}},"189":{"start":{"line":368,"column":4},"end":{"line":368,"column":null}},"190":{"start":{"line":369,"column":16},"end":{"line":380,"column":null}},"191":{"start":{"line":371,"column":8},"end":{"line":371,"column":null}},"192":{"start":{"line":371,"column":28},"end":{"line":371,"column":null}},"193":{"start":{"line":372,"column":8},"end":{"line":372,"column":null}},"194":{"start":{"line":373,"column":8},"end":{"line":373,"column":null}},"195":{"start":{"line":376,"column":8},"end":{"line":376,"column":null}},"196":{"start":{"line":376,"column":28},"end":{"line":376,"column":null}},"197":{"start":{"line":377,"column":8},"end":{"line":377,"column":null}},"198":{"start":{"line":378,"column":8},"end":{"line":378,"column":null}},"199":{"start":{"line":381,"column":4},"end":{"line":381,"column":null}},"200":{"start":{"line":386,"column":4},"end":{"line":386,"column":null}},"201":{"start":{"line":386,"column":24},"end":{"line":386,"column":null}},"202":{"start":{"line":387,"column":21},"end":{"line":395,"column":null}},"203":{"start":{"line":388,"column":6},"end":{"line":388,"column":null}},"204":{"start":{"line":388,"column":26},"end":{"line":388,"column":null}},"205":{"start":{"line":389,"column":6},"end":{"line":389,"column":null}},"206":{"start":{"line":390,"column":6},"end":{"line":394,"column":null}},"207":{"start":{"line":391,"column":26},"end":{"line":391,"column":null}},"208":{"start":{"line":392,"column":8},"end":{"line":392,"column":null}},"209":{"start":{"line":393,"column":8},"end":{"line":393,"column":null}},"210":{"start":{"line":396,"column":4},"end":{"line":396,"column":null}},"211":{"start":{"line":396,"column":48},"end":{"line":396,"column":null}},"212":{"start":{"line":397,"column":20},"end":{"line":397,"column":null}},"213":{"start":{"line":398,"column":4},"end":{"line":402,"column":null}},"214":{"start":{"line":399,"column":6},"end":{"line":399,"column":null}},"215":{"start":{"line":400,"column":6},"end":{"line":400,"column":null}},"216":{"start":{"line":401,"column":6},"end":{"line":401,"column":null}},"217":{"start":{"line":403,"column":4},"end":{"line":403,"column":null}}},"fnMap":{"0":{"name":"(anonymous_0)","decl":{"start":{"line":5,"column":0},"end":{"line":5,"column":5}},"loc":{"start":{"line":5,"column":0},"end":{"line":5,"column":null}},"line":5},"1":{"name":"assertValidRegistrySocket","decl":{"start":{"line":11,"column":9},"end":{"line":11,"column":35}},"loc":{"start":{"line":11,"column":83},"end":{"line":25,"column":null}},"line":11},"2":{"name":"withTimeout","decl":{"start":{"line":27,"column":9},"end":{"line":27,"column":24}},"loc":{"start":{"line":27,"column":84},"end":{"line":38,"column":null}},"line":27},"3":{"name":"(anonymous_3)","decl":{"start":{"line":32,"column":19},"end":{"line":32,"column":20}},"loc":{"start":{"line":32,"column":34},"end":{"line":34,"column":5}},"line":32},"4":{"name":"(anonymous_4)","decl":{"start":{"line":33,"column":25},"end":{"line":33,"column":31}},"loc":{"start":{"line":33,"column":31},"end":{"line":33,"column":86}},"line":33},"5":{"name":"(anonymous_5)","decl":{"start":{"line":35,"column":13},"end":{"line":35,"column":19}},"loc":{"start":{"line":35,"column":19},"end":{"line":37,"column":3}},"line":35},"6":{"name":"(anonymous_6)","decl":{"start":{"line":98,"column":2},"end":{"line":98,"column":14}},"loc":{"start":{"line":98,"column":39},"end":{"line":115,"column":null}},"line":98},"7":{"name":"(anonymous_7)","decl":{"start":{"line":105,"column":50},"end":{"line":105,"column":63}},"loc":{"start":{"line":105,"column":63},"end":{"line":110,"column":6}},"line":105},"8":{"name":"(anonymous_8)","decl":{"start":{"line":111,"column":89},"end":{"line":111,"column":96}},"loc":{"start":{"line":111,"column":109},"end":{"line":114,"column":5}},"line":111},"9":{"name":"(anonymous_9)","decl":{"start":{"line":117,"column":15},"end":{"line":117,"column":22}},"loc":{"start":{"line":117,"column":40},"end":{"line":145,"column":null}},"line":117},"10":{"name":"(anonymous_10)","decl":{"start":{"line":132,"column":11},"end":{"line":132,"column":23}},"loc":{"start":{"line":132,"column":23},"end":{"line":144,"column":null}},"line":132},"11":{"name":"(anonymous_11)","decl":{"start":{"line":147,"column":10},"end":{"line":147,"column":34}},"loc":{"start":{"line":147,"column":34},"end":{"line":157,"column":null}},"line":147},"12":{"name":"(anonymous_12)","decl":{"start":{"line":150,"column":39},"end":{"line":150,"column":45}},"loc":{"start":{"line":150,"column":45},"end":{"line":156,"column":7}},"line":150},"13":{"name":"(anonymous_13)","decl":{"start":{"line":152,"column":44},"end":{"line":152,"column":50}},"loc":{"start":{"line":152,"column":50},"end":{"line":155,"column":7}},"line":152},"14":{"name":"(anonymous_14)","decl":{"start":{"line":159,"column":16},"end":{"line":159,"column":53}},"loc":{"start":{"line":159,"column":53},"end":{"line":188,"column":null}},"line":159},"15":{"name":"(anonymous_15)","decl":{"start":{"line":163,"column":37},"end":{"line":163,"column":49}},"loc":{"start":{"line":163,"column":49},"end":{"line":183,"column":7}},"line":163},"16":{"name":"(anonymous_16)","decl":{"start":{"line":169,"column":41},"end":{"line":169,"column":47}},"loc":{"start":{"line":169,"column":47},"end":{"line":177,"column":7}},"line":169},"17":{"name":"(anonymous_17)","decl":{"start":{"line":173,"column":46},"end":{"line":173,"column":52}},"loc":{"start":{"line":173,"column":52},"end":{"line":176,"column":9}},"line":173},"18":{"name":"(anonymous_18)","decl":{"start":{"line":183,"column":17},"end":{"line":183,"column":23}},"loc":{"start":{"line":183,"column":23},"end":{"line":185,"column":5}},"line":183},"19":{"name":"(anonymous_19)","decl":{"start":{"line":190,"column":10},"end":{"line":190,"column":24}},"loc":{"start":{"line":190,"column":64},"end":{"line":196,"column":null}},"line":190},"20":{"name":"(anonymous_20)","decl":{"start":{"line":198,"column":10},"end":{"line":198,"column":24}},"loc":{"start":{"line":198,"column":64},"end":{"line":205,"column":null}},"line":198},"21":{"name":"(anonymous_21)","decl":{"start":{"line":207,"column":10},"end":{"line":207,"column":28}},"loc":{"start":{"line":207,"column":50},"end":{"line":221,"column":null}},"line":207},"22":{"name":"(anonymous_22)","decl":{"start":{"line":223,"column":16},"end":{"line":223,"column":33}},"loc":{"start":{"line":223,"column":72},"end":{"line":227,"column":null}},"line":223},"23":{"name":"(anonymous_23)","decl":{"start":{"line":229,"column":9},"end":{"line":229,"column":13}},"loc":{"start":{"line":229,"column":52},"end":{"line":299,"column":null}},"line":229},"24":{"name":"(anonymous_24)","decl":{"start":{"line":256,"column":31},"end":{"line":256,"column":32}},"loc":{"start":{"line":256,"column":52},"end":{"line":298,"column":5}},"line":256},"25":{"name":"(anonymous_25)","decl":{"start":{"line":260,"column":55},"end":{"line":260,"column":63}},"loc":{"start":{"line":260,"column":63},"end":{"line":272,"column":9}},"line":260},"26":{"name":"(anonymous_26)","decl":{"start":{"line":263,"column":57},"end":{"line":263,"column":67}},"loc":{"start":{"line":263,"column":67},"end":{"line":271,"column":11}},"line":263},"27":{"name":"(anonymous_27)","decl":{"start":{"line":272,"column":16},"end":{"line":272,"column":26}},"loc":{"start":{"line":272,"column":26},"end":{"line":278,"column":9}},"line":272},"28":{"name":"(anonymous_28)","decl":{"start":{"line":273,"column":41},"end":{"line":273,"column":47}},"loc":{"start":{"line":273,"column":47},"end":{"line":277,"column":11}},"line":273},"29":{"name":"(anonymous_29)","decl":{"start":{"line":278,"column":17},"end":{"line":278,"column":22}},"loc":{"start":{"line":278,"column":22},"end":{"line":296,"column":9}},"line":278},"30":{"name":"(anonymous_30)","decl":{"start":{"line":296,"column":19},"end":{"line":296,"column":25}},"loc":{"start":{"line":296,"column":25},"end":{"line":296,"column":47}},"line":296},"31":{"name":"(anonymous_31)","decl":{"start":{"line":301,"column":15},"end":{"line":301,"column":29}},"loc":{"start":{"line":305,"column":17},"end":{"line":331,"column":null}},"line":305},"32":{"name":"(anonymous_32)","decl":{"start":{"line":333,"column":15},"end":{"line":333,"column":null}},"loc":{"start":{"line":341,"column":40},"end":{"line":364,"column":null}},"line":341},"33":{"name":"(anonymous_33)","decl":{"start":{"line":366,"column":15},"end":{"line":366,"column":32}},"loc":{"start":{"line":366,"column":56},"end":{"line":382,"column":null}},"line":366},"34":{"name":"(anonymous_34)","decl":{"start":{"line":370,"column":14},"end":{"line":370,"column":21}},"loc":{"start":{"line":370,"column":36},"end":{"line":374,"column":null}},"line":370},"35":{"name":"(anonymous_35)","decl":{"start":{"line":375,"column":17},"end":{"line":375,"column":29}},"loc":{"start":{"line":375,"column":29},"end":{"line":379,"column":null}},"line":375},"36":{"name":"(anonymous_36)","decl":{"start":{"line":385,"column":15},"end":{"line":385,"column":34}},"loc":{"start":{"line":385,"column":98},"end":{"line":404,"column":null}},"line":385},"37":{"name":"(anonymous_37)","decl":{"start":{"line":387,"column":21},"end":{"line":387,"column":33}},"loc":{"start":{"line":387,"column":33},"end":{"line":395,"column":null}},"line":387}},"branchMap":{"0":{"loc":{"start":{"line":5,"column":5},"end":{"line":5,"column":null}},"type":"binary-expr","locations":[{"start":{"line":5,"column":5},"end":{"line":5,"column":null}},{"start":{"line":5,"column":5},"end":{"line":5,"column":null}}],"line":5},"1":{"loc":{"start":{"line":12,"column":2},"end":{"line":14,"column":null}},"type":"if","locations":[{"start":{"line":12,"column":2},"end":{"line":14,"column":null}},{"start":{},"end":{}}],"line":12},"2":{"loc":{"start":{"line":12,"column":6},"end":{"line":12,"column":62}},"type":"binary-expr","locations":[{"start":{"line":12,"column":6},"end":{"line":12,"column":34}},{"start":{"line":12,"column":34},"end":{"line":12,"column":43}},{"start":{"line":12,"column":43},"end":{"line":12,"column":62}}],"line":12},"3":{"loc":{"start":{"line":15,"column":2},"end":{"line":15,"column":null}},"type":"if","locations":[{"start":{"line":15,"column":2},"end":{"line":15,"column":null}},{"start":{},"end":{}}],"line":15},"4":{"loc":{"start":{"line":16,"column":2},"end":{"line":18,"column":null}},"type":"if","locations":[{"start":{"line":16,"column":2},"end":{"line":18,"column":null}},{"start":{},"end":{}}],"line":16},"5":{"loc":{"start":{"line":16,"column":6},"end":{"line":16,"column":87}},"type":"binary-expr","locations":[{"start":{"line":16,"column":6},"end":{"line":16,"column":32}},{"start":{"line":16,"column":32},"end":{"line":16,"column":61}},{"start":{"line":16,"column":61},"end":{"line":16,"column":73}},{"start":{"line":16,"column":73},"end":{"line":16,"column":87}}],"line":16},"6":{"loc":{"start":{"line":19,"column":2},"end":{"line":21,"column":null}},"type":"if","locations":[{"start":{"line":19,"column":2},"end":{"line":21,"column":null}},{"start":{},"end":{}}],"line":19},"7":{"loc":{"start":{"line":19,"column":6},"end":{"line":19,"column":51}},"type":"binary-expr","locations":[{"start":{"line":19,"column":6},"end":{"line":19,"column":28}},{"start":{"line":19,"column":28},"end":{"line":19,"column":51}}],"line":19},"8":{"loc":{"start":{"line":22,"column":2},"end":{"line":24,"column":null}},"type":"if","locations":[{"start":{"line":22,"column":2},"end":{"line":24,"column":null}},{"start":{},"end":{}}],"line":22},"9":{"loc":{"start":{"line":22,"column":6},"end":{"line":22,"column":48}},"type":"binary-expr","locations":[{"start":{"line":22,"column":6},"end":{"line":22,"column":28}},{"start":{"line":22,"column":28},"end":{"line":22,"column":48}}],"line":22},"10":{"loc":{"start":{"line":28,"column":2},"end":{"line":28,"column":null}},"type":"if","locations":[{"start":{"line":28,"column":2},"end":{"line":28,"column":null}},{"start":{},"end":{}}],"line":28},"11":{"loc":{"start":{"line":28,"column":6},"end":{"line":28,"column":39}},"type":"binary-expr","locations":[{"start":{"line":28,"column":6},"end":{"line":28,"column":30}},{"start":{"line":28,"column":30},"end":{"line":28,"column":39}}],"line":28},"12":{"loc":{"start":{"line":36,"column":4},"end":{"line":36,"column":null}},"type":"if","locations":[{"start":{"line":36,"column":4},"end":{"line":36,"column":null}},{"start":{},"end":{}}],"line":36},"13":{"loc":{"start":{"line":99,"column":33},"end":{"line":99,"column":67}},"type":"default-arg","locations":[{"start":{"line":99,"column":59},"end":{"line":99,"column":67}}],"line":99},"14":{"loc":{"start":{"line":99,"column":67},"end":{"line":99,"column":94}},"type":"default-arg","locations":[{"start":{"line":99,"column":86},"end":{"line":99,"column":94}}],"line":99},"15":{"loc":{"start":{"line":117,"column":22},"end":{"line":117,"column":40}},"type":"default-arg","locations":[{"start":{"line":117,"column":37},"end":{"line":117,"column":40}}],"line":117},"16":{"loc":{"start":{"line":138,"column":6},"end":{"line":141,"column":null}},"type":"if","locations":[{"start":{"line":138,"column":6},"end":{"line":141,"column":null}},{"start":{},"end":{}}],"line":138},"17":{"loc":{"start":{"line":148,"column":4},"end":{"line":148,"column":null}},"type":"if","locations":[{"start":{"line":148,"column":4},"end":{"line":148,"column":null}},{"start":{},"end":{}}],"line":148},"18":{"loc":{"start":{"line":149,"column":4},"end":{"line":149,"column":null}},"type":"if","locations":[{"start":{"line":149,"column":4},"end":{"line":149,"column":null}},{"start":{},"end":{}}],"line":149},"19":{"loc":{"start":{"line":153,"column":8},"end":{"line":153,"column":null}},"type":"if","locations":[{"start":{"line":153,"column":8},"end":{"line":153,"column":null}},{"start":{},"end":{}}],"line":153},"20":{"loc":{"start":{"line":160,"column":4},"end":{"line":160,"column":null}},"type":"if","locations":[{"start":{"line":160,"column":4},"end":{"line":160,"column":null}},{"start":{},"end":{}}],"line":160},"21":{"loc":{"start":{"line":161,"column":4},"end":{"line":161,"column":null}},"type":"if","locations":[{"start":{"line":161,"column":4},"end":{"line":161,"column":null}},{"start":{},"end":{}}],"line":161},"22":{"loc":{"start":{"line":165,"column":6},"end":{"line":168,"column":null}},"type":"if","locations":[{"start":{"line":165,"column":6},"end":{"line":168,"column":null}},{"start":{},"end":{}}],"line":165},"23":{"loc":{"start":{"line":170,"column":8},"end":{"line":170,"column":null}},"type":"if","locations":[{"start":{"line":170,"column":8},"end":{"line":170,"column":null}},{"start":{},"end":{}}],"line":170},"24":{"loc":{"start":{"line":172,"column":8},"end":{"line":172,"column":null}},"type":"if","locations":[{"start":{"line":172,"column":8},"end":{"line":172,"column":null}},{"start":{},"end":{}}],"line":172},"25":{"loc":{"start":{"line":174,"column":10},"end":{"line":174,"column":null}},"type":"if","locations":[{"start":{"line":174,"column":10},"end":{"line":174,"column":null}},{"start":{},"end":{}}],"line":174},"26":{"loc":{"start":{"line":192,"column":4},"end":{"line":195,"column":null}},"type":"if","locations":[{"start":{"line":192,"column":4},"end":{"line":195,"column":null}},{"start":{},"end":{}}],"line":192},"27":{"loc":{"start":{"line":194,"column":6},"end":{"line":194,"column":null}},"type":"if","locations":[{"start":{"line":194,"column":6},"end":{"line":194,"column":null}},{"start":{},"end":{}}],"line":194},"28":{"loc":{"start":{"line":200,"column":4},"end":{"line":203,"column":null}},"type":"if","locations":[{"start":{"line":200,"column":4},"end":{"line":203,"column":null}},{"start":{},"end":{}}],"line":200},"29":{"loc":{"start":{"line":209,"column":4},"end":{"line":209,"column":null}},"type":"if","locations":[{"start":{"line":209,"column":4},"end":{"line":209,"column":null}},{"start":{},"end":{}}],"line":209},"30":{"loc":{"start":{"line":213,"column":6},"end":{"line":217,"column":null}},"type":"if","locations":[{"start":{"line":213,"column":6},"end":{"line":217,"column":null}},{"start":{"line":215,"column":13},"end":{"line":217,"column":null}}],"line":213},"31":{"loc":{"start":{"line":219,"column":4},"end":{"line":219,"column":null}},"type":"if","locations":[{"start":{"line":219,"column":4},"end":{"line":219,"column":null}},{"start":{},"end":{}}],"line":219},"32":{"loc":{"start":{"line":224,"column":4},"end":{"line":224,"column":null}},"type":"if","locations":[{"start":{"line":224,"column":4},"end":{"line":224,"column":null}},{"start":{},"end":{}}],"line":224},"33":{"loc":{"start":{"line":230,"column":4},"end":{"line":237,"column":null}},"type":"if","locations":[{"start":{"line":230,"column":4},"end":{"line":237,"column":null}},{"start":{},"end":{}}],"line":230},"34":{"loc":{"start":{"line":242,"column":4},"end":{"line":250,"column":null}},"type":"if","locations":[{"start":{"line":242,"column":4},"end":{"line":250,"column":null}},{"start":{},"end":{}}],"line":242},"35":{"loc":{"start":{"line":243,"column":6},"end":{"line":245,"column":null}},"type":"binary-expr","locations":[{"start":{"line":243,"column":6},"end":{"line":243,"column":null}},{"start":{"line":244,"column":7},"end":{"line":244,"column":null}},{"start":{"line":245,"column":9},"end":{"line":245,"column":28}},{"start":{"line":245,"column":28},"end":{"line":245,"column":null}}],"line":243},"36":{"loc":{"start":{"line":252,"column":4},"end":{"line":254,"column":null}},"type":"if","locations":[{"start":{"line":252,"column":4},"end":{"line":254,"column":null}},{"start":{},"end":{}}],"line":252},"37":{"loc":{"start":{"line":252,"column":8},"end":{"line":252,"column":78}},"type":"binary-expr","locations":[{"start":{"line":252,"column":8},"end":{"line":252,"column":55}},{"start":{"line":252,"column":55},"end":{"line":252,"column":78}}],"line":252},"38":{"loc":{"start":{"line":258,"column":6},"end":{"line":297,"column":null}},"type":"if","locations":[{"start":{"line":258,"column":6},"end":{"line":297,"column":null}},{"start":{},"end":{}}],"line":258},"39":{"loc":{"start":{"line":261,"column":10},"end":{"line":261,"column":null}},"type":"if","locations":[{"start":{"line":261,"column":10},"end":{"line":261,"column":null}},{"start":{},"end":{}}],"line":261},"40":{"loc":{"start":{"line":274,"column":12},"end":{"line":276,"column":null}},"type":"if","locations":[{"start":{"line":274,"column":12},"end":{"line":276,"column":null}},{"start":{},"end":{}}],"line":274},"41":{"loc":{"start":{"line":281,"column":10},"end":{"line":291,"column":null}},"type":"if","locations":[{"start":{"line":281,"column":10},"end":{"line":291,"column":null}},{"start":{},"end":{}}],"line":281},"42":{"loc":{"start":{"line":281,"column":14},"end":{"line":281,"column":57}},"type":"binary-expr","locations":[{"start":{"line":281,"column":14},"end":{"line":281,"column":28}},{"start":{"line":281,"column":28},"end":{"line":281,"column":57}}],"line":281},"43":{"loc":{"start":{"line":306,"column":12},"end":{"line":306,"column":46}},"type":"default-arg","locations":[{"start":{"line":306,"column":22},"end":{"line":306,"column":46}}],"line":306},"44":{"loc":{"start":{"line":306,"column":46},"end":{"line":306,"column":59}},"type":"default-arg","locations":[{"start":{"line":306,"column":56},"end":{"line":306,"column":59}}],"line":306},"45":{"loc":{"start":{"line":306,"column":70},"end":{"line":306,"column":null}},"type":"binary-expr","locations":[{"start":{"line":306,"column":70},"end":{"line":306,"column":81}},{"start":{"line":306,"column":81},"end":{"line":306,"column":null}}],"line":306},"46":{"loc":{"start":{"line":319,"column":17},"end":{"line":319,"column":null}},"type":"binary-expr","locations":[{"start":{"line":319,"column":17},"end":{"line":319,"column":28}},{"start":{"line":319,"column":28},"end":{"line":319,"column":null}}],"line":319},"47":{"loc":{"start":{"line":326,"column":6},"end":{"line":328,"column":null}},"type":"if","locations":[{"start":{"line":326,"column":6},"end":{"line":328,"column":null}},{"start":{},"end":{}}],"line":326},"48":{"loc":{"start":{"line":342,"column":20},"end":{"line":342,"column":32}},"type":"default-arg","locations":[{"start":{"line":342,"column":30},"end":{"line":342,"column":32}}],"line":342},"49":{"loc":{"start":{"line":342,"column":36},"end":{"line":342,"column":null}},"type":"binary-expr","locations":[{"start":{"line":342,"column":36},"end":{"line":342,"column":47}},{"start":{"line":342,"column":47},"end":{"line":342,"column":null}}],"line":342},"50":{"loc":{"start":{"line":359,"column":6},"end":{"line":361,"column":null}},"type":"if","locations":[{"start":{"line":359,"column":6},"end":{"line":361,"column":null}},{"start":{},"end":{}}],"line":359},"51":{"loc":{"start":{"line":367,"column":4},"end":{"line":367,"column":null}},"type":"if","locations":[{"start":{"line":367,"column":4},"end":{"line":367,"column":null}},{"start":{},"end":{}}],"line":367},"52":{"loc":{"start":{"line":371,"column":8},"end":{"line":371,"column":null}},"type":"if","locations":[{"start":{"line":371,"column":8},"end":{"line":371,"column":null}},{"start":{},"end":{}}],"line":371},"53":{"loc":{"start":{"line":376,"column":8},"end":{"line":376,"column":null}},"type":"if","locations":[{"start":{"line":376,"column":8},"end":{"line":376,"column":null}},{"start":{},"end":{}}],"line":376},"54":{"loc":{"start":{"line":385,"column":77},"end":{"line":385,"column":98}},"type":"default-arg","locations":[{"start":{"line":385,"column":91},"end":{"line":385,"column":98}}],"line":385},"55":{"loc":{"start":{"line":386,"column":4},"end":{"line":386,"column":null}},"type":"if","locations":[{"start":{"line":386,"column":4},"end":{"line":386,"column":null}},{"start":{},"end":{}}],"line":386},"56":{"loc":{"start":{"line":388,"column":6},"end":{"line":388,"column":null}},"type":"if","locations":[{"start":{"line":388,"column":6},"end":{"line":388,"column":null}},{"start":{},"end":{}}],"line":388},"57":{"loc":{"start":{"line":390,"column":6},"end":{"line":394,"column":null}},"type":"if","locations":[{"start":{"line":390,"column":6},"end":{"line":394,"column":null}},{"start":{},"end":{}}],"line":390},"58":{"loc":{"start":{"line":396,"column":4},"end":{"line":396,"column":null}},"type":"if","locations":[{"start":{"line":396,"column":4},"end":{"line":396,"column":null}},{"start":{},"end":{}}],"line":396},"59":{"loc":{"start":{"line":396,"column":8},"end":{"line":396,"column":48}},"type":"binary-expr","locations":[{"start":{"line":396,"column":8},"end":{"line":396,"column":34}},{"start":{"line":396,"column":34},"end":{"line":396,"column":48}}],"line":396},"60":{"loc":{"start":{"line":398,"column":4},"end":{"line":402,"column":null}},"type":"if","locations":[{"start":{"line":398,"column":4},"end":{"line":402,"column":null}},{"start":{},"end":{}}],"line":398}},"s":{"0":1,"1":1,"2":1,"3":1,"4":1,"5":74,"6":1,"7":73,"8":73,"9":72,"10":3,"11":69,"12":1,"13":68,"14":1,"15":28,"16":1,"17":27,"18":27,"19":0,"20":27,"21":27,"22":53,"23":53,"24":1,"25":53,"26":53,"27":53,"28":53,"29":53,"30":53,"31":53,"32":53,"33":53,"34":53,"35":1,"36":53,"37":0,"38":0,"39":46,"40":46,"41":46,"42":46,"43":1,"44":1,"45":1,"46":45,"47":45,"48":88,"49":45,"50":45,"51":45,"52":0,"53":0,"54":45,"55":45,"56":0,"57":0,"58":0,"59":0,"60":0,"61":0,"62":0,"63":0,"64":0,"65":0,"66":48,"67":0,"68":48,"69":0,"70":48,"71":48,"72":47,"73":0,"74":0,"75":47,"76":2,"77":0,"78":2,"79":2,"80":0,"81":2,"82":0,"83":0,"84":0,"85":47,"86":47,"87":0,"88":48,"89":48,"90":11,"91":11,"92":6,"93":6,"94":2,"95":13,"96":13,"97":8,"98":8,"99":13,"100":24,"101":24,"102":13,"103":11,"104":11,"105":11,"106":11,"107":0,"108":11,"109":11,"110":0,"111":11,"112":28,"113":0,"114":28,"115":28,"116":29,"117":18,"118":29,"119":29,"120":29,"121":29,"122":10,"123":10,"124":10,"125":29,"126":29,"127":1,"128":28,"129":28,"130":28,"131":28,"132":28,"133":28,"134":7,"135":21,"136":21,"137":21,"138":21,"139":21,"140":21,"141":21,"142":21,"143":21,"144":2,"145":2,"146":7,"147":7,"148":7,"149":7,"150":7,"151":7,"152":7,"153":7,"154":7,"155":0,"156":0,"157":0,"158":28,"159":20,"160":20,"161":20,"162":20,"163":0,"164":0,"165":20,"166":20,"167":7,"168":7,"169":13,"170":13,"171":5,"172":8,"173":4,"174":4,"175":4,"176":4,"177":0,"178":0,"179":4,"180":4,"181":4,"182":4,"183":0,"184":0,"185":0,"186":0,"187":3,"188":2,"189":1,"190":1,"191":1,"192":0,"193":1,"194":1,"195":1,"196":0,"197":1,"198":1,"199":1,"200":3,"201":0,"202":3,"203":1,"204":0,"205":1,"206":1,"207":1,"208":1,"209":1,"210":3,"211":1,"212":2,"213":2,"214":2,"215":2,"216":2,"217":2},"f":{"0":1,"1":74,"2":28,"3":27,"4":0,"5":27,"6":53,"7":1,"8":0,"9":46,"10":45,"11":0,"12":0,"13":0,"14":48,"15":48,"16":2,"17":0,"18":48,"19":11,"20":13,"21":24,"22":28,"23":29,"24":28,"25":28,"26":21,"27":21,"28":2,"29":7,"30":28,"31":20,"32":4,"33":3,"34":1,"35":1,"36":3,"37":1},"b":{"0":[1,1],"1":[1,73],"2":[74,74,73],"3":[1,72],"4":[3,69],"5":[72,72,71,70],"6":[1,68],"7":[69,1],"8":[1,67],"9":[68,67],"10":[1,27],"11":[28,28],"12":[27,0],"13":[53],"14":[53],"15":[46],"16":[0,45],"17":[0,0],"18":[0,0],"19":[0,0],"20":[0,48],"21":[0,48],"22":[0,47],"23":[0,2],"24":[0,2],"25":[0,0],"26":[6,5],"27":[2,4],"28":[8,5],"29":[13,11],"30":[0,11],"31":[0,11],"32":[0,28],"33":[18,11],"34":[10,19],"35":[29,11,11,10],"36":[1,28],"37":[29,1],"38":[28,0],"39":[7,21],"40":[2,0],"41":[7,0],"42":[7,7],"43":[20],"44":[20],"45":[20,10],"46":[20,0],"47":[5,8],"48":[4],"49":[4,4],"50":[0,0],"51":[2,1],"52":[0,1],"53":[0,1],"54":[3],"55":[0,3],"56":[0,1],"57":[1,0],"58":[1,2],"59":[3,1],"60":[2,0]},"meta":{"lastBranch":61,"lastFunction":38,"lastStatement":218,"seen":{"s:5:0:5:Infinity":0,"f:5:0:5:5":0,"s:6:2:6:Infinity":1,"s:7:2:7:Infinity":2,"s:8:2:8:Infinity":3,"s:5:5:5:Infinity":4,"b:5:5:5:Infinity:5:5:5:Infinity":0,"f:11:9:11:35":1,"b:12:2:14:Infinity:undefined:undefined:undefined:undefined":1,"s:12:2:14:Infinity":5,"b:12:6:12:34:12:34:12:43:12:43:12:62":2,"s:13:4:13:Infinity":6,"b:15:2:15:Infinity:undefined:undefined:undefined:undefined":3,"s:15:2:15:Infinity":7,"s:15:31:15:Infinity":8,"b:16:2:18:Infinity:undefined:undefined:undefined:undefined":4,"s:16:2:18:Infinity":9,"b:16:6:16:32:16:32:16:61:16:61:16:73:16:73:16:87":5,"s:17:4:17:Infinity":10,"b:19:2:21:Infinity:undefined:undefined:undefined:undefined":6,"s:19:2:21:Infinity":11,"b:19:6:19:28:19:28:19:51":7,"s:20:4:20:Infinity":12,"b:22:2:24:Infinity:undefined:undefined:undefined:undefined":8,"s:22:2:24:Infinity":13,"b:22:6:22:28:22:28:22:48":9,"s:23:4:23:Infinity":14,"f:27:9:27:24":2,"b:28:2:28:Infinity:undefined:undefined:undefined:undefined":10,"s:28:2:28:Infinity":15,"b:28:6:28:30:28:30:28:39":11,"s:28:39:28:Infinity":16,"s:30:2:37:Infinity":17,"f:32:19:32:20":3,"s:33:6:33:Infinity":18,"f:33:25:33:31":4,"s:33:31:33:86":19,"f:35:13:35:19":5,"b:36:4:36:Infinity:undefined:undefined:undefined:undefined":12,"s:36:4:36:Infinity":20,"s:36:15:36:Infinity":21,"s:82:20:82:Infinity":22,"s:87:32:92:Infinity":23,"s:93:43:93:Infinity":24,"s:94:37:94:Infinity":25,"s:95:31:95:Infinity":26,"s:96:28:96:Infinity":27,"f:98:2:98:14":6,"s:99:116:99:Infinity":28,"b:99:59:99:67":13,"b:99:86:99:94":14,"s:100:4:100:Infinity":29,"s:101:4:101:Infinity":30,"s:102:4:102:Infinity":31,"s:103:4:103:Infinity":32,"s:104:4:104:Infinity":33,"s:105:4:110:Infinity":34,"f:105:50:105:63":7,"s:105:63:110:6":35,"s:111:4:114:Infinity":36,"f:111:89:111:96":8,"s:112:6:112:Infinity":37,"s:113:6:113:Infinity":38,"f:117:15:117:22":9,"b:117:37:117:40":15,"s:118:4:118:Infinity":39,"s:119:21:119:Infinity":40,"s:120:4:129:Infinity":41,"s:121:6:121:Infinity":42,"s:123:6:127:Infinity":43,"s:124:8:124:Infinity":44,"s:128:6:128:Infinity":45,"s:132:4:144:Infinity":46,"f:132:11:132:23":10,"s:133:6:135:Infinity":47,"s:134:8:134:Infinity":48,"s:136:6:136:Infinity":49,"s:137:6:137:Infinity":50,"b:138:6:141:Infinity:undefined:undefined:undefined:undefined":16,"s:138:6:141:Infinity":51,"s:139:8:139:Infinity":52,"s:140:8:140:Infinity":53,"s:142:6:142:Infinity":54,"s:143:6:143:Infinity":55,"f:147:10:147:34":11,"b:148:4:148:Infinity:undefined:undefined:undefined:undefined":17,"s:148:4:148:Infinity":56,"s:148:22:148:Infinity":57,"b:149:4:149:Infinity:undefined:undefined:undefined:undefined":18,"s:149:4:149:Infinity":58,"s:149:31:149:Infinity":59,"s:150:4:156:Infinity":60,"f:150:39:150:45":12,"s:151:6:151:Infinity":61,"s:152:6:155:Infinity":62,"f:152:44:152:50":13,"b:153:8:153:Infinity:undefined:undefined:undefined:undefined":19,"s:153:8:153:Infinity":63,"s:153:26:153:Infinity":64,"s:154:8:154:Infinity":65,"f:159:16:159:53":14,"b:160:4:160:Infinity:undefined:undefined:undefined:undefined":20,"s:160:4:160:Infinity":66,"s:160:22:160:Infinity":67,"b:161:4:161:Infinity:undefined:undefined:undefined:undefined":21,"s:161:4:161:Infinity":68,"s:161:39:161:Infinity":69,"s:163:4:185:Infinity":70,"f:163:37:163:49":15,"s:164:23:164:Infinity":71,"b:165:6:168:Infinity:undefined:undefined:undefined:undefined":22,"s:165:6:168:Infinity":72,"s:166:8:166:Infinity":73,"s:167:8:167:Infinity":74,"s:169:6:177:Infinity":75,"f:169:41:169:47":16,"b:170:8:170:Infinity:undefined:undefined:undefined:undefined":23,"s:170:8:170:Infinity":76,"s:170:40:170:Infinity":77,"s:171:8:171:Infinity":78,"b:172:8:172:Infinity:undefined:undefined:undefined:undefined":24,"s:172:8:172:Infinity":79,"s:172:26:172:Infinity":80,"s:173:8:176:Infinity":81,"f:173:46:173:52":17,"b:174:10:174:Infinity:undefined:undefined:undefined:undefined":25,"s:174:10:174:Infinity":82,"s:174:28:174:Infinity":83,"s:175:10:175:Infinity":84,"s:178:6:178:Infinity":85,"s:180:6:182:Infinity":86,"s:181:8:181:Infinity":87,"f:183:17:183:23":18,"s:184:6:184:Infinity":88,"s:187:4:187:Infinity":89,"f:190:10:190:24":19,"s:191:21:191:Infinity":90,"b:192:4:195:Infinity:undefined:undefined:undefined:undefined":26,"s:192:4:195:Infinity":91,"s:193:6:193:Infinity":92,"b:194:6:194:Infinity:undefined:undefined:undefined:undefined":27,"s:194:6:194:Infinity":93,"s:194:31:194:Infinity":94,"f:198:10:198:24":20,"s:199:19:199:Infinity":95,"b:200:4:203:Infinity:undefined:undefined:undefined:undefined":28,"s:200:4:203:Infinity":96,"s:201:6:201:Infinity":97,"s:202:6:202:Infinity":98,"s:204:4:204:Infinity":99,"f:207:10:207:28":21,"s:208:21:208:Infinity":100,"b:209:4:209:Infinity:undefined:undefined:undefined:undefined":29,"s:209:4:209:Infinity":101,"s:209:19:209:Infinity":102,"s:210:16:210:Infinity":103,"s:211:29:211:Infinity":104,"s:212:4:218:Infinity":105,"b:213:6:217:Infinity:215:13:217:Infinity":30,"s:213:6:217:Infinity":106,"s:214:8:214:Infinity":107,"s:216:8:216:Infinity":108,"b:219:4:219:Infinity:undefined:undefined:undefined:undefined":31,"s:219:4:219:Infinity":109,"s:219:29:219:Infinity":110,"s:220:4:220:Infinity":111,"f:223:16:223:33":22,"b:224:4:224:Infinity:undefined:undefined:undefined:undefined":32,"s:224:4:224:Infinity":112,"s:224:24:224:Infinity":113,"s:225:20:225:Infinity":114,"s:226:4:226:Infinity":115,"f:229:9:229:13":23,"b:230:4:237:Infinity:undefined:undefined:undefined:undefined":33,"s:230:4:237:Infinity":116,"s:231:6:236:Infinity":117,"s:238:18:238:Infinity":118,"s:240:23:240:Infinity":119,"s:241:23:241:Infinity":120,"b:242:4:250:Infinity:undefined:undefined:undefined:undefined":34,"s:242:4:250:Infinity":121,"b:243:6:243:Infinity:244:7:244:Infinity:245:9:245:28:245:28:245:Infinity":35,"s:247:6:247:Infinity":122,"s:248:6:248:Infinity":123,"s:249:6:249:Infinity":124,"s:251:16:251:Infinity":125,"b:252:4:254:Infinity:undefined:undefined:undefined:undefined":36,"s:252:4:254:Infinity":126,"b:252:8:252:55:252:55:252:78":37,"s:253:6:253:Infinity":127,"s:256:4:298:Infinity":128,"f:256:31:256:32":24,"s:257:6:257:Infinity":129,"b:258:6:297:Infinity:undefined:undefined:undefined:undefined":38,"s:258:6:297:Infinity":130,"s:259:8:259:Infinity":131,"s:260:8:296:Infinity":132,"f:260:55:260:63":25,"b:261:10:261:Infinity:undefined:undefined:undefined:undefined":39,"s:261:10:261:Infinity":133,"s:261:21:261:Infinity":134,"s:262:10:262:Infinity":135,"s:263:10:271:Infinity":136,"f:263:57:263:67":26,"s:264:12:264:Infinity":137,"s:265:12:265:Infinity":138,"s:266:12:266:Infinity":139,"s:267:12:269:Infinity":140,"s:268:14:268:Infinity":141,"s:270:12:270:Infinity":142,"f:272:16:272:26":27,"s:273:10:277:Infinity":143,"f:273:41:273:47":28,"b:274:12:276:Infinity:undefined:undefined:undefined:undefined":40,"s:274:12:276:Infinity":144,"s:275:14:275:Infinity":145,"f:278:17:278:22":29,"s:280:28:280:Infinity":146,"b:281:10:291:Infinity:undefined:undefined:undefined:undefined":41,"s:281:10:291:Infinity":147,"b:281:14:281:28:281:28:281:57":42,"s:282:27:282:Infinity":148,"s:284:12:284:Infinity":149,"s:285:12:285:Infinity":150,"s:286:12:286:Infinity":151,"s:287:12:289:Infinity":152,"s:288:14:288:Infinity":153,"s:290:12:290:Infinity":154,"s:292:10:292:Infinity":155,"s:293:10:295:Infinity":156,"s:294:12:294:Infinity":157,"f:296:19:296:25":30,"s:296:25:296:47":158,"f:301:15:301:29":31,"s:306:70:306:Infinity":159,"b:306:22:306:46":43,"b:306:56:306:59":44,"b:306:70:306:81:306:81:306:Infinity":45,"s:307:20:307:Infinity":160,"s:310:4:315:Infinity":161,"s:311:6:311:Infinity":162,"s:313:6:313:Infinity":163,"s:314:6:314:Infinity":164,"s:317:4:330:Infinity":165,"s:318:21:321:Infinity":166,"b:319:17:319:28:319:28:319:Infinity":46,"s:322:6:322:Infinity":167,"s:323:6:323:Infinity":168,"s:325:6:325:Infinity":169,"b:326:6:328:Infinity:undefined:undefined:undefined:undefined":47,"s:326:6:328:Infinity":170,"s:327:8:327:Infinity":171,"s:329:6:329:Infinity":172,"f:333:15:333:Infinity":32,"s:342:36:342:Infinity":173,"b:342:30:342:32":48,"b:342:36:342:47:342:47:342:Infinity":49,"s:343:20:343:Infinity":174,"s:346:4:351:Infinity":175,"s:347:6:347:Infinity":176,"s:349:6:349:Infinity":177,"s:350:6:350:Infinity":178,"s:353:4:363:Infinity":179,"s:354:23:354:Infinity":180,"s:355:6:355:Infinity":181,"s:356:6:356:Infinity":182,"s:358:6:358:Infinity":183,"b:359:6:361:Infinity:undefined:undefined:undefined:undefined":50,"s:359:6:361:Infinity":184,"s:360:8:360:Infinity":185,"s:362:6:362:Infinity":186,"f:366:15:366:32":33,"b:367:4:367:Infinity:undefined:undefined:undefined:undefined":51,"s:367:4:367:Infinity":187,"s:367:24:367:Infinity":188,"s:368:4:368:Infinity":189,"s:369:16:380:Infinity":190,"f:370:14:370:21":34,"b:371:8:371:Infinity:undefined:undefined:undefined:undefined":52,"s:371:8:371:Infinity":191,"s:371:28:371:Infinity":192,"s:372:8:372:Infinity":193,"s:373:8:373:Infinity":194,"f:375:17:375:29":35,"b:376:8:376:Infinity:undefined:undefined:undefined:undefined":53,"s:376:8:376:Infinity":195,"s:376:28:376:Infinity":196,"s:377:8:377:Infinity":197,"s:378:8:378:Infinity":198,"s:381:4:381:Infinity":199,"f:385:15:385:34":36,"b:385:91:385:98":54,"b:386:4:386:Infinity:undefined:undefined:undefined:undefined":55,"s:386:4:386:Infinity":200,"s:386:24:386:Infinity":201,"s:387:21:395:Infinity":202,"f:387:21:387:33":37,"b:388:6:388:Infinity:undefined:undefined:undefined:undefined":56,"s:388:6:388:Infinity":203,"s:388:26:388:Infinity":204,"s:389:6:389:Infinity":205,"b:390:6:394:Infinity:undefined:undefined:undefined:undefined":57,"s:390:6:394:Infinity":206,"s:391:26:391:Infinity":207,"s:392:8:392:Infinity":208,"s:393:8:393:Infinity":209,"b:396:4:396:Infinity:undefined:undefined:undefined:undefined":58,"s:396:4:396:Infinity":210,"b:396:8:396:34:396:34:396:48":59,"s:396:48:396:Infinity":211,"s:397:20:397:Infinity":212,"b:398:4:402:Infinity:undefined:undefined:undefined:undefined":60,"s:398:4:402:Infinity":213,"s:399:6:399:Infinity":214,"s:400:6:400:Infinity":215,"s:401:6:401:Infinity":216,"s:403:4:403:Infinity":217}}}
,"/Users/evioshen/code/pulian/shenyunjie/artuctor/packages/micro/src/client.ts": {"path":"/Users/evioshen/code/pulian/shenyunjie/artuctor/packages/micro/src/client.ts","statementMap":{"0":{"start":{"line":18,"column":20},"end":{"line":18,"column":null}},"1":{"start":{"line":19,"column":26},"end":{"line":19,"column":null}},"2":{"start":{"line":22,"column":27},"end":{"line":22,"column":null}},"3":{"start":{"line":25,"column":39},"end":{"line":25,"column":null}},"4":{"start":{"line":26,"column":4},"end":{"line":26,"column":null}},"5":{"start":{"line":27,"column":4},"end":{"line":27,"column":null}},"6":{"start":{"line":28,"column":4},"end":{"line":28,"column":null}},"7":{"start":{"line":29,"column":4},"end":{"line":29,"column":null}},"8":{"start":{"line":30,"column":4},"end":{"line":30,"column":null}},"9":{"start":{"line":31,"column":4},"end":{"line":31,"column":null}},"10":{"start":{"line":31,"column":36},"end":{"line":31,"column":55}},"11":{"start":{"line":32,"column":4},"end":{"line":32,"column":null}},"12":{"start":{"line":32,"column":39},"end":{"line":32,"column":59}},"13":{"start":{"line":33,"column":4},"end":{"line":33,"column":null}},"14":{"start":{"line":34,"column":4},"end":{"line":34,"column":null}},"15":{"start":{"line":38,"column":21},"end":{"line":38,"column":null}},"16":{"start":{"line":39,"column":20},"end":{"line":39,"column":null}},"17":{"start":{"line":40,"column":26},"end":{"line":40,"column":null}},"18":{"start":{"line":42,"column":4},"end":{"line":48,"column":null}},"19":{"start":{"line":43,"column":6},"end":{"line":47,"column":null}},"20":{"start":{"line":44,"column":8},"end":{"line":44,"column":null}},"21":{"start":{"line":50,"column":4},"end":{"line":54,"column":null}},"22":{"start":{"line":51,"column":6},"end":{"line":53,"column":null}},"23":{"start":{"line":52,"column":8},"end":{"line":52,"column":null}},"24":{"start":{"line":58,"column":4},"end":{"line":61,"column":null}},"25":{"start":{"line":59,"column":6},"end":{"line":59,"column":null}},"26":{"start":{"line":60,"column":6},"end":{"line":60,"column":null}},"27":{"start":{"line":62,"column":4},"end":{"line":62,"column":null}},"28":{"start":{"line":62,"column":23},"end":{"line":62,"column":null}},"29":{"start":{"line":63,"column":4},"end":{"line":65,"column":null}},"30":{"start":{"line":69,"column":4},"end":{"line":69,"column":null}},"31":{"start":{"line":69,"column":23},"end":{"line":69,"column":null}},"32":{"start":{"line":70,"column":4},"end":{"line":70,"column":null}},"33":{"start":{"line":74,"column":4},"end":{"line":74,"column":null}},"34":{"start":{"line":74,"column":23},"end":{"line":74,"column":null}},"35":{"start":{"line":75,"column":4},"end":{"line":75,"column":null}},"36":{"start":{"line":79,"column":4},"end":{"line":79,"column":null}},"37":{"start":{"line":79,"column":23},"end":{"line":79,"column":null}},"38":{"start":{"line":80,"column":4},"end":{"line":80,"column":null}},"39":{"start":{"line":84,"column":4},"end":{"line":84,"column":null}},"40":{"start":{"line":84,"column":29},"end":{"line":84,"column":null}},"41":{"start":{"line":85,"column":4},"end":{"line":85,"column":null}},"42":{"start":{"line":85,"column":25},"end":{"line":85,"column":null}},"43":{"start":{"line":86,"column":4},"end":{"line":86,"column":null}},"44":{"start":{"line":87,"column":4},"end":{"line":89,"column":null}},"45":{"start":{"line":88,"column":6},"end":{"line":88,"column":null}}},"fnMap":{"0":{"name":"(anonymous_0)","decl":{"start":{"line":24,"column":2},"end":{"line":24,"column":14}},"loc":{"start":{"line":24,"column":34},"end":{"line":35,"column":null}},"line":24},"1":{"name":"(anonymous_1)","decl":{"start":{"line":31,"column":30},"end":{"line":31,"column":36}},"loc":{"start":{"line":31,"column":36},"end":{"line":31,"column":55}},"line":31},"2":{"name":"(anonymous_2)","decl":{"start":{"line":32,"column":33},"end":{"line":32,"column":39}},"loc":{"start":{"line":32,"column":39},"end":{"line":32,"column":59}},"line":32},"3":{"name":"(anonymous_3)","decl":{"start":{"line":37,"column":10},"end":{"line":37,"column":27}},"loc":{"start":{"line":37,"column":27},"end":{"line":55,"column":null}},"line":37},"4":{"name":"(anonymous_4)","decl":{"start":{"line":42,"column":38},"end":{"line":42,"column":44}},"loc":{"start":{"line":42,"column":44},"end":{"line":48,"column":7}},"line":42},"5":{"name":"(anonymous_5)","decl":{"start":{"line":50,"column":34},"end":{"line":50,"column":40}},"loc":{"start":{"line":50,"column":40},"end":{"line":54,"column":7}},"line":50},"6":{"name":"(anonymous_6)","decl":{"start":{"line":57,"column":18},"end":{"line":57,"column":23}},"loc":{"start":{"line":57,"column":71},"end":{"line":66,"column":null}},"line":57},"7":{"name":"(anonymous_7)","decl":{"start":{"line":68,"column":9},"end":{"line":68,"column":26}},"loc":{"start":{"line":68,"column":104},"end":{"line":71,"column":null}},"line":68},"8":{"name":"(anonymous_8)","decl":{"start":{"line":73,"column":9},"end":{"line":73,"column":14}},"loc":{"start":{"line":73,"column":92},"end":{"line":76,"column":null}},"line":73},"9":{"name":"(anonymous_9)","decl":{"start":{"line":78,"column":9},"end":{"line":78,"column":16}},"loc":{"start":{"line":78,"column":76},"end":{"line":81,"column":null}},"line":78},"10":{"name":"(anonymous_10)","decl":{"start":{"line":83,"column":9},"end":{"line":83,"column":25}},"loc":{"start":{"line":83,"column":25},"end":{"line":90,"column":null}},"line":83}},"branchMap":{"0":{"loc":{"start":{"line":38,"column":21},"end":{"line":38,"column":null}},"type":"binary-expr","locations":[{"start":{"line":38,"column":21},"end":{"line":38,"column":69}},{"start":{"line":38,"column":69},"end":{"line":38,"column":null}}],"line":38},"1":{"loc":{"start":{"line":39,"column":20},"end":{"line":39,"column":null}},"type":"binary-expr","locations":[{"start":{"line":39,"column":20},"end":{"line":39,"column":67}},{"start":{"line":39,"column":67},"end":{"line":39,"column":null}}],"line":39},"2":{"loc":{"start":{"line":40,"column":26},"end":{"line":40,"column":null}},"type":"binary-expr","locations":[{"start":{"line":40,"column":26},"end":{"line":40,"column":80}},{"start":{"line":40,"column":80},"end":{"line":40,"column":null}}],"line":40},"3":{"loc":{"start":{"line":51,"column":6},"end":{"line":53,"column":null}},"type":"if","locations":[{"start":{"line":51,"column":6},"end":{"line":53,"column":null}},{"start":{},"end":{}}],"line":51},"4":{"loc":{"start":{"line":58,"column":4},"end":{"line":61,"column":null}},"type":"if","locations":[{"start":{"line":58,"column":4},"end":{"line":61,"column":null}},{"start":{},"end":{}}],"line":58},"5":{"loc":{"start":{"line":62,"column":4},"end":{"line":62,"column":null}},"type":"if","locations":[{"start":{"line":62,"column":4},"end":{"line":62,"column":null}},{"start":{},"end":{}}],"line":62},"6":{"loc":{"start":{"line":69,"column":4},"end":{"line":69,"column":null}},"type":"if","locations":[{"start":{"line":69,"column":4},"end":{"line":69,"column":null}},{"start":{},"end":{}}],"line":69},"7":{"loc":{"start":{"line":74,"column":4},"end":{"line":74,"column":null}},"type":"if","locations":[{"start":{"line":74,"column":4},"end":{"line":74,"column":null}},{"start":{},"end":{}}],"line":74},"8":{"loc":{"start":{"line":79,"column":4},"end":{"line":79,"column":null}},"type":"if","locations":[{"start":{"line":79,"column":4},"end":{"line":79,"column":null}},{"start":{},"end":{}}],"line":79},"9":{"loc":{"start":{"line":84,"column":4},"end":{"line":84,"column":null}},"type":"if","locations":[{"start":{"line":84,"column":4},"end":{"line":84,"column":null}},{"start":{},"end":{}}],"line":84},"10":{"loc":{"start":{"line":85,"column":4},"end":{"line":85,"column":null}},"type":"if","locations":[{"start":{"line":85,"column":4},"end":{"line":85,"column":null}},{"start":{},"end":{}}],"line":85},"11":{"loc":{"start":{"line":87,"column":4},"end":{"line":89,"column":null}},"type":"if","locations":[{"start":{"line":87,"column":4},"end":{"line":89,"column":null}},{"start":{},"end":{}}],"line":87},"12":{"loc":{"start":{"line":87,"column":8},"end":{"line":87,"column":102}},"type":"binary-expr","locations":[{"start":{"line":87,"column":8},"end":{"line":87,"column":53}},{"start":{"line":87,"column":53},"end":{"line":87,"column":102}}],"line":87}},"s":{"0":140,"1":140,"2":140,"3":140,"4":140,"5":140,"6":140,"7":140,"8":140,"9":140,"10":140,"11":140,"12":12,"13":140,"14":140,"15":140,"16":140,"17":140,"18":140,"19":0,"20":0,"21":140,"22":36,"23":8,"24":62,"25":0,"26":0,"27":62,"28":0,"29":62,"30":59,"31":1,"32":58,"33":1,"34":1,"35":0,"36":5,"37":1,"38":4,"39":148,"40":148,"41":148,"42":148,"43":148,"44":148,"45":98},"f":{"0":140,"1":140,"2":12,"3":140,"4":0,"5":36,"6":62,"7":59,"8":1,"9":5,"10":148},"b":{"0":[140,128],"1":[140,128],"2":[140,128],"3":[8,28],"4":[0,62],"5":[0,62],"6":[1,58],"7":[1,0],"8":[1,4],"9":[148,0],"10":[148,0],"11":[98,50],"12":[148,50]},"meta":{"lastBranch":13,"lastFunction":11,"lastStatement":46,"seen":{"s:18:20:18:Infinity":0,"s:19:26:19:Infinity":1,"s:22:27:22:Infinity":2,"f:24:2:24:14":0,"s:25:39:25:Infinity":3,"s:26:4:26:Infinity":4,"s:27:4:27:Infinity":5,"s:28:4:28:Infinity":6,"s:29:4:29:Infinity":7,"s:30:4:30:Infinity":8,"s:31:4:31:Infinity":9,"f:31:30:31:36":1,"s:31:36:31:55":10,"s:32:4:32:Infinity":11,"f:32:33:32:39":2,"s:32:39:32:59":12,"s:33:4:33:Infinity":13,"s:34:4:34:Infinity":14,"f:37:10:37:27":3,"s:38:21:38:Infinity":15,"b:38:21:38:69:38:69:38:Infinity":0,"s:39:20:39:Infinity":16,"b:39:20:39:67:39:67:39:Infinity":1,"s:40:26:40:Infinity":17,"b:40:26:40:80:40:80:40:Infinity":2,"s:42:4:48:Infinity":18,"f:42:38:42:44":4,"s:43:6:47:Infinity":19,"s:44:8:44:Infinity":20,"s:50:4:54:Infinity":21,"f:50:34:50:40":5,"b:51:6:53:Infinity:undefined:undefined:undefined:undefined":3,"s:51:6:53:Infinity":22,"s:52:8:52:Infinity":23,"f:57:18:57:23":6,"b:58:4:61:Infinity:undefined:undefined:undefined:undefined":4,"s:58:4:61:Infinity":24,"s:59:6:59:Infinity":25,"s:60:6:60:Infinity":26,"b:62:4:62:Infinity:undefined:undefined:undefined:undefined":5,"s:62:4:62:Infinity":27,"s:62:23:62:Infinity":28,"s:63:4:65:Infinity":29,"f:68:9:68:26":7,"b:69:4:69:Infinity:undefined:undefined:undefined:undefined":6,"s:69:4:69:Infinity":30,"s:69:23:69:Infinity":31,"s:70:4:70:Infinity":32,"f:73:9:73:14":8,"b:74:4:74:Infinity:undefined:undefined:undefined:undefined":7,"s:74:4:74:Infinity":33,"s:74:23:74:Infinity":34,"s:75:4:75:Infinity":35,"f:78:9:78:16":9,"b:79:4:79:Infinity:undefined:undefined:undefined:undefined":8,"s:79:4:79:Infinity":36,"s:79:23:79:Infinity":37,"s:80:4:80:Infinity":38,"f:83:9:83:25":10,"b:84:4:84:Infinity:undefined:undefined:undefined:undefined":9,"s:84:4:84:Infinity":39,"s:84:29:84:Infinity":40,"b:85:4:85:Infinity:undefined:undefined:undefined:undefined":10,"s:85:4:85:Infinity":41,"s:85:25:85:Infinity":42,"s:86:4:86:Infinity":43,"b:87:4:89:Infinity:undefined:undefined:undefined:undefined":11,"s:87:4:89:Infinity":44,"b:87:8:87:53:87:53:87:102":12,"s:88:6:88:Infinity":45}}}
,"/Users/evioshen/code/pulian/shenyunjie/artuctor/packages/micro/src/registry.ts": {"path":"/Users/evioshen/code/pulian/shenyunjie/artuctor/packages/micro/src/registry.ts","statementMap":{"0":{"start":{"line":20,"column":12},"end":{"line":20,"column":null}},"1":{"start":{"line":21,"column":2},"end":{"line":21,"column":null}},"2":{"start":{"line":21,"column":37},"end":{"line":21,"column":null}},"3":{"start":{"line":22,"column":15},"end":{"line":22,"column":null}},"4":{"start":{"line":23,"column":15},"end":{"line":23,"column":null}},"5":{"start":{"line":24,"column":2},"end":{"line":32,"column":null}},"6":{"start":{"line":31,"column":4},"end":{"line":31,"column":null}},"7":{"start":{"line":33,"column":2},"end":{"line":33,"column":null}},"8":{"start":{"line":37,"column":20},"end":{"line":39,"column":null}},"9":{"start":{"line":39,"column":41},"end":{"line":39,"column":56}},"10":{"start":{"line":41,"column":2},"end":{"line":41,"column":null}},"11":{"start":{"line":41,"column":30},"end":{"line":41,"column":null}},"12":{"start":{"line":43,"column":16},"end":{"line":43,"column":null}},"13":{"start":{"line":44,"column":2},"end":{"line":44,"column":null}},"14":{"start":{"line":48,"column":2},"end":{"line":48,"column":null}},"15":{"start":{"line":52,"column":2},"end":{"line":52,"column":null}},"16":{"start":{"line":56,"column":2},"end":{"line":56,"column":null}},"17":{"start":{"line":56,"column":42},"end":{"line":56,"column":null}},"18":{"start":{"line":57,"column":2},"end":{"line":57,"column":null}},"19":{"start":{"line":61,"column":32},"end":{"line":61,"column":null}},"20":{"start":{"line":63,"column":38},"end":{"line":63,"column":null}},"21":{"start":{"line":64,"column":29},"end":{"line":64,"column":null}},"22":{"start":{"line":65,"column":31},"end":{"line":65,"column":null}},"23":{"start":{"line":66,"column":28},"end":{"line":70,"column":null}},"24":{"start":{"line":73,"column":10},"end":{"line":73,"column":null}},"25":{"start":{"line":74,"column":4},"end":{"line":76,"column":null}},"26":{"start":{"line":75,"column":6},"end":{"line":75,"column":null}},"27":{"start":{"line":77,"column":4},"end":{"line":77,"column":null}},"28":{"start":{"line":78,"column":4},"end":{"line":78,"column":null}},"29":{"start":{"line":79,"column":4},"end":{"line":86,"column":null}},"30":{"start":{"line":80,"column":18},"end":{"line":80,"column":null}},"31":{"start":{"line":81,"column":24},"end":{"line":81,"column":null}},"32":{"start":{"line":82,"column":6},"end":{"line":84,"column":null}},"33":{"start":{"line":83,"column":8},"end":{"line":83,"column":null}},"34":{"start":{"line":85,"column":6},"end":{"line":85,"column":null}},"35":{"start":{"line":87,"column":4},"end":{"line":108,"column":null}},"36":{"start":{"line":88,"column":18},"end":{"line":88,"column":null}},"37":{"start":{"line":90,"column":6},"end":{"line":96,"column":null}},"38":{"start":{"line":91,"column":8},"end":{"line":91,"column":null}},"39":{"start":{"line":91,"column":33},"end":{"line":91,"column":null}},"40":{"start":{"line":92,"column":8},"end":{"line":92,"column":null}},"41":{"start":{"line":92,"column":34},"end":{"line":92,"column":null}},"42":{"start":{"line":93,"column":8},"end":{"line":95,"column":null}},"43":{"start":{"line":94,"column":10},"end":{"line":94,"column":null}},"44":{"start":{"line":98,"column":24},"end":{"line":98,"column":null}},"45":{"start":{"line":99,"column":6},"end":{"line":107,"column":null}},"46":{"start":{"line":100,"column":21},"end":{"line":100,"column":null}},"47":{"start":{"line":101,"column":8},"end":{"line":106,"column":null}},"48":{"start":{"line":102,"column":10},"end":{"line":102,"column":null}},"49":{"start":{"line":103,"column":10},"end":{"line":105,"column":null}},"50":{"start":{"line":104,"column":12},"end":{"line":104,"column":null}},"51":{"start":{"line":109,"column":4},"end":{"line":109,"column":null}},"52":{"start":{"line":110,"column":4},"end":{"line":110,"column":null}},"53":{"start":{"line":111,"column":4},"end":{"line":111,"column":null}},"54":{"start":{"line":112,"column":4},"end":{"line":112,"column":null}},"55":{"start":{"line":113,"column":4},"end":{"line":113,"column":null}},"56":{"start":{"line":114,"column":4},"end":{"line":114,"column":null}},"57":{"start":{"line":118,"column":10},"end":{"line":118,"column":null}},"58":{"start":{"line":119,"column":4},"end":{"line":119,"column":null}},"59":{"start":{"line":119,"column":33},"end":{"line":119,"column":null}},"60":{"start":{"line":120,"column":10},"end":{"line":120,"column":null}},"61":{"start":{"line":120,"column":67},"end":{"line":120,"column":107}},"62":{"start":{"line":121,"column":4},"end":{"line":135,"column":null}},"63":{"start":{"line":122,"column":6},"end":{"line":134,"column":null}},"64":{"start":{"line":123,"column":23},"end":{"line":123,"column":null}},"65":{"start":{"line":124,"column":8},"end":{"line":124,"column":null}},"66":{"start":{"line":124,"column":59},"end":{"line":124,"column":null}},"67":{"start":{"line":125,"column":26},"end":{"line":125,"column":null}},"68":{"start":{"line":126,"column":8},"end":{"line":126,"column":null}},"69":{"start":{"line":127,"column":21},"end":{"line":127,"column":null}},"70":{"start":{"line":128,"column":8},"end":{"line":133,"column":null}},"71":{"start":{"line":129,"column":23},"end":{"line":129,"column":null}},"72":{"start":{"line":130,"column":10},"end":{"line":132,"column":null}},"73":{"start":{"line":131,"column":12},"end":{"line":131,"column":null}},"74":{"start":{"line":136,"column":4},"end":{"line":159,"column":null}},"75":{"start":{"line":137,"column":6},"end":{"line":137,"column":null}},"76":{"start":{"line":137,"column":54},"end":{"line":137,"column":null}},"77":{"start":{"line":138,"column":12},"end":{"line":138,"column":null}},"78":{"start":{"line":139,"column":6},"end":{"line":143,"column":null}},"79":{"start":{"line":140,"column":26},"end":{"line":140,"column":null}},"80":{"start":{"line":141,"column":8},"end":{"line":141,"column":null}},"81":{"start":{"line":142,"column":8},"end":{"line":142,"column":null}},"82":{"start":{"line":144,"column":6},"end":{"line":158,"column":null}},"83":{"start":{"line":145,"column":23},"end":{"line":145,"column":null}},"84":{"start":{"line":146,"column":8},"end":{"line":146,"column":null}},"85":{"start":{"line":146,"column":59},"end":{"line":146,"column":null}},"86":{"start":{"line":147,"column":26},"end":{"line":147,"column":null}},"87":{"start":{"line":148,"column":8},"end":{"line":148,"column":null}},"88":{"start":{"line":149,"column":21},"end":{"line":149,"column":null}},"89":{"start":{"line":151,"column":8},"end":{"line":157,"column":null}},"90":{"start":{"line":152,"column":23},"end":{"line":152,"column":null}},"91":{"start":{"line":153,"column":10},"end":{"line":155,"column":null}},"92":{"start":{"line":154,"column":12},"end":{"line":154,"column":null}},"93":{"start":{"line":156,"column":10},"end":{"line":156,"column":null}},"94":{"start":{"line":163,"column":26},"end":{"line":163,"column":null}},"95":{"start":{"line":164,"column":18},"end":{"line":164,"column":null}},"96":{"start":{"line":165,"column":4},"end":{"line":165,"column":null}},"97":{"start":{"line":165,"column":30},"end":{"line":165,"column":null}},"98":{"start":{"line":166,"column":21},"end":{"line":166,"column":null}},"99":{"start":{"line":167,"column":20},"end":{"line":167,"column":null}},"100":{"start":{"line":169,"column":4},"end":{"line":176,"column":null}},"101":{"start":{"line":170,"column":6},"end":{"line":170,"column":null}},"102":{"start":{"line":170,"column":19},"end":{"line":170,"column":null}},"103":{"start":{"line":171,"column":6},"end":{"line":173,"column":null}},"104":{"start":{"line":172,"column":8},"end":{"line":172,"column":null}},"105":{"start":{"line":174,"column":6},"end":{"line":174,"column":null}},"106":{"start":{"line":175,"column":6},"end":{"line":175,"column":null}},"107":{"start":{"line":180,"column":4},"end":{"line":193,"column":null}},"108":{"start":{"line":181,"column":24},"end":{"line":181,"column":null}},"109":{"start":{"line":182,"column":17},"end":{"line":182,"column":null}},"110":{"start":{"line":183,"column":6},"end":{"line":183,"column":null}},"111":{"start":{"line":183,"column":17},"end":{"line":183,"column":null}},"112":{"start":{"line":185,"column":6},"end":{"line":190,"column":null}},"113":{"start":{"line":186,"column":27},"end":{"line":186,"column":null}},"114":{"start":{"line":187,"column":25},"end":{"line":187,"column":null}},"115":{"start":{"line":187,"column":47},"end":{"line":187,"column":65}},"116":{"start":{"line":188,"column":8},"end":{"line":188,"column":null}},"117":{"start":{"line":188,"column":35},"end":{"line":188,"column":null}},"118":{"start":{"line":189,"column":8},"end":{"line":189,"column":null}},"119":{"start":{"line":192,"column":6},"end":{"line":192,"column":null}},"120":{"start":{"line":197,"column":4},"end":{"line":208,"column":null}},"121":{"start":{"line":198,"column":18},"end":{"line":198,"column":null}},"122":{"start":{"line":199,"column":6},"end":{"line":201,"column":null}},"123":{"start":{"line":200,"column":8},"end":{"line":200,"column":null}},"124":{"start":{"line":202,"column":20},"end":{"line":202,"column":null}},"125":{"start":{"line":203,"column":25},"end":{"line":203,"column":null}},"126":{"start":{"line":204,"column":6},"end":{"line":204,"column":null}},"127":{"start":{"line":205,"column":6},"end":{"line":205,"column":null}},"128":{"start":{"line":206,"column":6},"end":{"line":206,"column":null}},"129":{"start":{"line":207,"column":6},"end":{"line":207,"column":null}},"130":{"start":{"line":212,"column":4},"end":{"line":226,"column":null}},"131":{"start":{"line":213,"column":18},"end":{"line":213,"column":null}},"132":{"start":{"line":214,"column":6},"end":{"line":214,"column":null}},"133":{"start":{"line":214,"column":40},"end":{"line":214,"column":null}},"134":{"start":{"line":215,"column":20},"end":{"line":215,"column":null}},"135":{"start":{"line":216,"column":25},"end":{"line":216,"column":null}},"136":{"start":{"line":217,"column":26},"end":{"line":217,"column":null}},"137":{"start":{"line":218,"column":16},"end":{"line":218,"column":null}},"138":{"start":{"line":219,"column":6},"end":{"line":224,"column":null}},"139":{"start":{"line":220,"column":8},"end":{"line":220,"column":null}},"140":{"start":{"line":221,"column":8},"end":{"line":223,"column":null}},"141":{"start":{"line":222,"column":10},"end":{"line":222,"column":null}},"142":{"start":{"line":225,"column":6},"end":{"line":225,"column":null}},"143":{"start":{"line":230,"column":4},"end":{"line":239,"column":null}},"144":{"start":{"line":231,"column":18},"end":{"line":231,"column":null}},"145":{"start":{"line":232,"column":6},"end":{"line":234,"column":null}},"146":{"start":{"line":233,"column":8},"end":{"line":233,"column":null}},"147":{"start":{"line":235,"column":20},"end":{"line":235,"column":null}},"148":{"start":{"line":236,"column":26},"end":{"line":236,"column":null}},"149":{"start":{"line":237,"column":6},"end":{"line":237,"column":null}},"150":{"start":{"line":238,"column":6},"end":{"line":238,"column":null}},"151":{"start":{"line":243,"column":4},"end":{"line":257,"column":null}},"152":{"start":{"line":244,"column":18},"end":{"line":244,"column":null}},"153":{"start":{"line":245,"column":6},"end":{"line":245,"column":null}},"154":{"start":{"line":245,"column":40},"end":{"line":245,"column":null}},"155":{"start":{"line":246,"column":20},"end":{"line":246,"column":null}},"156":{"start":{"line":247,"column":26},"end":{"line":247,"column":null}},"157":{"start":{"line":248,"column":25},"end":{"line":248,"column":null}},"158":{"start":{"line":249,"column":16},"end":{"line":249,"column":null}},"159":{"start":{"line":250,"column":6},"end":{"line":255,"column":null}},"160":{"start":{"line":251,"column":8},"end":{"line":251,"column":null}},"161":{"start":{"line":252,"column":8},"end":{"line":254,"column":null}},"162":{"start":{"line":253,"column":10},"end":{"line":253,"column":null}},"163":{"start":{"line":256,"column":6},"end":{"line":256,"column":null}},"164":{"start":{"line":261,"column":4},"end":{"line":265,"column":null}},"165":{"start":{"line":263,"column":6},"end":{"line":263,"column":null}},"166":{"start":{"line":264,"column":6},"end":{"line":264,"column":null}},"167":{"start":{"line":269,"column":4},"end":{"line":269,"column":null}},"168":{"start":{"line":269,"column":33},"end":{"line":269,"column":null}},"169":{"start":{"line":270,"column":18},"end":{"line":270,"column":null}},"170":{"start":{"line":271,"column":24},"end":{"line":271,"column":null}},"171":{"start":{"line":272,"column":4},"end":{"line":272,"column":null}},"172":{"start":{"line":273,"column":4},"end":{"line":281,"column":null}},"173":{"start":{"line":274,"column":6},"end":{"line":280,"column":null}},"174":{"start":{"line":275,"column":8},"end":{"line":277,"column":null}},"175":{"start":{"line":276,"column":10},"end":{"line":276,"column":null}}},"fnMap":{"0":{"name":"parseAddressKey","decl":{"start":{"line":19,"column":16},"end":{"line":19,"column":32}},"loc":{"start":{"line":19,"column":74},"end":{"line":34,"column":null}},"line":19},"1":{"name":"selectRandomRegistryAddress","decl":{"start":{"line":36,"column":16},"end":{"line":36,"column":44}},"loc":{"start":{"line":36,"column":97},"end":{"line":45,"column":null}},"line":36},"2":{"name":"(anonymous_2)","decl":{"start":{"line":39,"column":12},"end":{"line":39,"column":13}},"loc":{"start":{"line":39,"column":41},"end":{"line":39,"column":56}},"line":39},"3":{"name":"getRegistryConfigsDir","decl":{"start":{"line":47,"column":16},"end":{"line":47,"column":48}},"loc":{"start":{"line":47,"column":48},"end":{"line":49,"column":null}},"line":47},"4":{"name":"namespaceToConfigFile","decl":{"start":{"line":51,"column":16},"end":{"line":51,"column":38}},"loc":{"start":{"line":51,"column":58},"end":{"line":53,"column":null}},"line":51},"5":{"name":"parseConfigFilename","decl":{"start":{"line":55,"column":16},"end":{"line":55,"column":36}},"loc":{"start":{"line":55,"column":69},"end":{"line":58,"column":null}},"line":55},"6":{"name":"(anonymous_6)","decl":{"start":{"line":72,"column":2},"end":{"line":72,"column":14}},"loc":{"start":{"line":72,"column":44},"end":{"line":115,"column":null}},"line":72},"7":{"name":"(anonymous_7)","decl":{"start":{"line":79,"column":30},"end":{"line":79,"column":31}},"loc":{"start":{"line":79,"column":68},"end":{"line":86,"column":5}},"line":79},"8":{"name":"(anonymous_8)","decl":{"start":{"line":87,"column":33},"end":{"line":87,"column":34}},"loc":{"start":{"line":87,"column":71},"end":{"line":108,"column":5}},"line":87},"9":{"name":"(anonymous_9)","decl":{"start":{"line":117,"column":9},"end":{"line":117,"column":24}},"loc":{"start":{"line":117,"column":24},"end":{"line":160,"column":null}},"line":117},"10":{"name":"(anonymous_10)","decl":{"start":{"line":120,"column":55},"end":{"line":120,"column":67}},"loc":{"start":{"line":120,"column":67},"end":{"line":120,"column":107}},"line":120},"11":{"name":"(anonymous_11)","decl":{"start":{"line":136,"column":29},"end":{"line":136,"column":30}},"loc":{"start":{"line":136,"column":46},"end":{"line":159,"column":5}},"line":136},"12":{"name":"(anonymous_12)","decl":{"start":{"line":162,"column":15},"end":{"line":162,"column":22}},"loc":{"start":{"line":162,"column":40},"end":{"line":177,"column":null}},"line":162},"13":{"name":"(anonymous_13)","decl":{"start":{"line":169,"column":11},"end":{"line":169,"column":23}},"loc":{"start":{"line":169,"column":23},"end":{"line":176,"column":null}},"line":169},"14":{"name":"(anonymous_14)","decl":{"start":{"line":179,"column":10},"end":{"line":179,"column":36}},"loc":{"start":{"line":179,"column":36},"end":{"line":194,"column":null}},"line":179},"15":{"name":"(anonymous_15)","decl":{"start":{"line":180,"column":86},"end":{"line":180,"column":93}},"loc":{"start":{"line":180,"column":106},"end":{"line":193,"column":5}},"line":180},"16":{"name":"(anonymous_16)","decl":{"start":{"line":187,"column":42},"end":{"line":187,"column":47}},"loc":{"start":{"line":187,"column":47},"end":{"line":187,"column":65}},"line":187},"17":{"name":"(anonymous_17)","decl":{"start":{"line":196,"column":10},"end":{"line":196,"column":28}},"loc":{"start":{"line":196,"column":28},"end":{"line":209,"column":null}},"line":196},"18":{"name":"(anonymous_18)","decl":{"start":{"line":197,"column":104},"end":{"line":197,"column":111}},"loc":{"start":{"line":197,"column":132},"end":{"line":208,"column":5}},"line":197},"19":{"name":"(anonymous_19)","decl":{"start":{"line":211,"column":10},"end":{"line":211,"column":30}},"loc":{"start":{"line":211,"column":30},"end":{"line":227,"column":null}},"line":211},"20":{"name":"(anonymous_20)","decl":{"start":{"line":212,"column":92},"end":{"line":212,"column":99}},"loc":{"start":{"line":212,"column":120},"end":{"line":226,"column":5}},"line":212},"21":{"name":"(anonymous_21)","decl":{"start":{"line":229,"column":10},"end":{"line":229,"column":30}},"loc":{"start":{"line":229,"column":30},"end":{"line":240,"column":null}},"line":229},"22":{"name":"(anonymous_22)","decl":{"start":{"line":230,"column":92},"end":{"line":230,"column":99}},"loc":{"start":{"line":230,"column":120},"end":{"line":239,"column":5}},"line":230},"23":{"name":"(anonymous_23)","decl":{"start":{"line":242,"column":10},"end":{"line":242,"column":32}},"loc":{"start":{"line":242,"column":32},"end":{"line":258,"column":null}},"line":242},"24":{"name":"(anonymous_24)","decl":{"start":{"line":243,"column":94},"end":{"line":243,"column":101}},"loc":{"start":{"line":243,"column":122},"end":{"line":257,"column":5}},"line":243},"25":{"name":"(anonymous_25)","decl":{"start":{"line":260,"column":10},"end":{"line":260,"column":39}},"loc":{"start":{"line":260,"column":39},"end":{"line":266,"column":null}},"line":260},"26":{"name":"(anonymous_26)","decl":{"start":{"line":261,"column":89},"end":{"line":261,"column":96}},"loc":{"start":{"line":261,"column":109},"end":{"line":265,"column":5}},"line":261},"27":{"name":"(anonymous_27)","decl":{"start":{"line":268,"column":10},"end":{"line":268,"column":18}},"loc":{"start":{"line":268,"column":47},"end":{"line":282,"column":null}},"line":268}},"branchMap":{"0":{"loc":{"start":{"line":21,"column":2},"end":{"line":21,"column":null}},"type":"if","locations":[{"start":{"line":21,"column":2},"end":{"line":21,"column":null}},{"start":{},"end":{}}],"line":21},"1":{"loc":{"start":{"line":21,"column":6},"end":{"line":21,"column":37}},"type":"binary-expr","locations":[{"start":{"line":21,"column":6},"end":{"line":21,"column":16}},{"start":{"line":21,"column":16},"end":{"line":21,"column":37}}],"line":21},"2":{"loc":{"start":{"line":24,"column":2},"end":{"line":32,"column":null}},"type":"if","locations":[{"start":{"line":24,"column":2},"end":{"line":32,"column":null}},{"start":{},"end":{}}],"line":24},"3":{"loc":{"start":{"line":25,"column":4},"end":{"line":29,"column":null}},"type":"binary-expr","locations":[{"start":{"line":25,"column":4},"end":{"line":25,"column":null}},{"start":{"line":26,"column":4},"end":{"line":26,"column":null}},{"start":{"line":27,"column":4},"end":{"line":27,"column":null}},{"start":{"line":28,"column":4},"end":{"line":28,"column":null}},{"start":{"line":29,"column":4},"end":{"line":29,"column":null}}],"line":25},"4":{"loc":{"start":{"line":41,"column":2},"end":{"line":41,"column":null}},"type":"if","locations":[{"start":{"line":41,"column":2},"end":{"line":41,"column":null}},{"start":{},"end":{}}],"line":41},"5":{"loc":{"start":{"line":56,"column":2},"end":{"line":56,"column":null}},"type":"if","locations":[{"start":{"line":56,"column":2},"end":{"line":56,"column":null}},{"start":{},"end":{}}],"line":56},"6":{"loc":{"start":{"line":72,"column":14},"end":{"line":72,"column":44}},"type":"default-arg","locations":[{"start":{"line":72,"column":40},"end":{"line":72,"column":44}}],"line":72},"7":{"loc":{"star
[...]
:{"line":100,"column":null}},"53":{"start":{"line":101,"column":8},"end":{"line":101,"column":null}},"54":{"start":{"line":102,"column":8},"end":{"line":104,"column":null}},"55":{"start":{"line":103,"column":10},"end":{"line":103,"column":null}},"56":{"start":{"line":105,"column":8},"end":{"line":105,"column":null}},"57":{"start":{"line":107,"column":20},"end":{"line":111,"column":null}},"58":{"start":{"line":108,"column":8},"end":{"line":108,"column":null}},"59":{"start":{"line":109,"column":8},"end":{"line":109,"column":null}},"60":{"start":{"line":110,"column":8},"end":{"line":110,"column":null}},"61":{"start":{"line":112,"column":22},"end":{"line":115,"column":null}},"62":{"start":{"line":113,"column":8},"end":{"line":113,"column":null}},"63":{"start":{"line":114,"column":8},"end":{"line":114,"column":null}},"64":{"start":{"line":116,"column":21},"end":{"line":119,"column":null}},"65":{"start":{"line":117,"column":8},"end":{"line":117,"column":null}},"66":{"start":{"line":118,"column":8},"end":{"line":118,"column":null}},"67":{"start":{"line":120,"column":6},"end":{"line":120,"column":null}},"68":{"start":{"line":121,"column":6},"end":{"line":121,"column":null}},"69":{"start":{"line":123,"column":4},"end":{"line":123,"column":null}},"70":{"start":{"line":127,"column":4},"end":{"line":149,"column":null}},"71":{"start":{"line":128,"column":18},"end":{"line":128,"column":null}},"72":{"start":{"line":129,"column":6},"end":{"line":144,"column":null}},"73":{"start":{"line":130,"column":22},"end":{"line":133,"column":null}},"74":{"start":{"line":131,"column":10},"end":{"line":131,"column":null}},"75":{"start":{"line":132,"column":10},"end":{"line":132,"column":null}},"76":{"start":{"line":134,"column":24},"end":{"line":137,"column":null}},"77":{"start":{"line":135,"column":10},"end":{"line":135,"column":null}},"78":{"start":{"line":136,"column":10},"end":{"line":136,"column":null}},"79":{"start":{"line":138,"column":28},"end":{"line":141,"column":null}},"80":{"start":{"line":139,"column":10},"end":{"line":139,"column":null}},"81":{"start":{"line":140,"column":10},"end":{"line":140,"column":null}},"82":{"start":{"line":142,"column":8},"end":{"line":142,"column":null}},"83":{"start":{"line":143,"column":8},"end":{"line":143,"column":null}},"84":{"start":{"line":145,"column":6},"end":{"line":145,"column":null}},"85":{"start":{"line":145,"column":74},"end":{"line":145,"column":96}},"86":{"start":{"line":146,"column":6},"end":{"line":146,"column":null}},"87":{"start":{"line":148,"column":6},"end":{"line":148,"column":null}},"88":{"start":{"line":151,"column":4},"end":{"line":167,"column":null}},"89":{"start":{"line":152,"column":24},"end":{"line":152,"column":null}},"90":{"start":{"line":153,"column":6},"end":{"line":155,"column":null}},"91":{"start":{"line":154,"column":8},"end":{"line":154,"column":null}},"92":{"start":{"line":156,"column":6},"end":{"line":156,"column":null}},"93":{"start":{"line":157,"column":6},"end":{"line":164,"column":null}},"94":{"start":{"line":158,"column":8},"end":{"line":163,"column":null}},"95":{"start":{"line":159,"column":10},"end":{"line":162,"column":null}},"96":{"start":{"line":160,"column":12},"end":{"line":160,"column":null}},"97":{"start":{"line":160,"column":21},"end":{"line":160,"column":null}},"98":{"start":{"line":161,"column":12},"end":{"line":161,"column":null}},"99":{"start":{"line":165,"column":6},"end":{"line":165,"column":null}},"100":{"start":{"line":166,"column":6},"end":{"line":166,"column":null}},"101":{"start":{"line":171,"column":4},"end":{"line":171,"column":null}},"102":{"start":{"line":172,"column":4},"end":{"line":172,"column":null}},"103":{"start":{"line":178,"column":4},"end":{"line":178,"column":null}},"104":{"start":{"line":178,"column":19},"end":{"line":178,"column":null}},"105":{"start":{"line":179,"column":4},"end":{"line":181,"column":null}},"106":{"start":{"line":180,"column":6},"end":{"line":180,"column":null}},"107":{"start":{"line":182,"column":4},"end":{"line":182,"column":null}}},"fnMap":{"0":{"name":"(anonymous_0)","decl":{"start":{"line":32,"column":2},"end":{"line":32,"column":30}},"loc":{"start":{"line":32,"column":79},"end":{"line":48,"column":null}},"line":32},"1":{"name":"(anonymous_1)","decl":{"start":{"line":42,"column":30},"end":{"line":42,"column":31}},"loc":{"start":{"line":42,"column":68},"end":{"line":44,"column":5}},"line":42},"2":{"name":"(anonymous_2)","decl":{"start":{"line":45,"column":33},"end":{"line":45,"column":34}},"loc":{"start":{"line":45,"column":71},"end":{"line":47,"column":5}},"line":45},"3":{"name":"(anonymous_3)","decl":{"start":{"line":28,"column":6},"end":{"line":28,"column":13}},"loc":{"start":{"line":28,"column":13},"end":{"line":30,"column":null}},"line":28},"4":{"name":"(anonymous_4)","decl":{"start":{"line":50,"column":10},"end":{"line":50,"column":19}},"loc":{"start":{"line":50,"column":56},"end":{"line":69,"column":null}},"line":50},"5":{"name":"(anonymous_5)","decl":{"start":{"line":71,"column":10},"end":{"line":71,"column":23}},"loc":{"start":{"line":71,"column":89},"end":{"line":89,"column":null}},"line":71},"6":{"name":"(anonymous_6)","decl":{"start":{"line":79,"column":19},"end":{"line":79,"column":25}},"loc":{"start":{"line":79,"column":25},"end":{"line":85,"column":5}},"line":79},"7":{"name":"(anonymous_7)","decl":{"start":{"line":91,"column":18},"end":{"line":91,"column":26}},"loc":{"start":{"line":91,"column":89},"end":{"line":124,"column":null}},"line":91},"8":{"name":"(anonymous_8)","decl":{"start":{"line":97,"column":44},"end":{"line":97,"column":45}},"loc":{"start":{"line":97,"column":65},"end":{"line":122,"column":5}},"line":97},"9":{"name":"(anonymous_9)","decl":{"start":{"line":99,"column":31},"end":{"line":99,"column":37}},"loc":{"start":{"line":99,"column":37},"end":{"line":106,"column":9}},"line":99},"10":{"name":"(anonymous_10)","decl":{"start":{"line":101,"column":23},"end":{"line":101,"column":29}},"loc":{"start":{"line":101,"column":29},"end":{"line":101,"column":32}},"line":101},"11":{"name":"(anonymous_11)","decl":{"start":{"line":107,"column":20},"end":{"line":107,"column":26}},"loc":{"start":{"line":107,"column":26},"end":{"line":111,"column":null}},"line":107},"12":{"name":"(anonymous_12)","decl":{"start":{"line":112,"column":22},"end":{"line":112,"column":23}},"loc":{"start":{"line":112,"column":38},"end":{"line":115,"column":null}},"line":112},"13":{"name":"(anonymous_13)","decl":{"start":{"line":116,"column":21},"end":{"line":116,"column":27}},"loc":{"start":{"line":116,"column":27},"end":{"line":119,"column":null}},"line":116},"14":{"name":"(anonymous_14)","decl":{"start":{"line":126,"column":15},"end":{"line":126,"column":22}},"loc":{"start":{"line":126,"column":40},"end":{"line":168,"column":null}},"line":126},"15":{"name":"(anonymous_15)","decl":{"start":{"line":129,"column":52},"end":{"line":129,"column":53}},"loc":{"start":{"line":129,"column":73},"end":{"line":144,"column":7}},"line":129},"16":{"name":"(anonymous_16)","decl":{"start":{"line":130,"column":22},"end":{"line":130,"column":28}},"loc":{"start":{"line":130,"column":28},"end":{"line":133,"column":null}},"line":130},"17":{"name":"(anonymous_17)","decl":{"start":{"line":134,"column":24},"end":{"line":134,"column":25}},"loc":{"start":{"line":134,"column":40},"end":{"line":137,"column":null}},"line":134},"18":{"name":"(anonymous_18)","decl":{"start":{"line":138,"column":28},"end":{"line":138,"column":34}},"loc":{"start":{"line":138,"column":34},"end":{"line":141,"column":null}},"line":138},"19":{"name":"(anonymous_19)","decl":{"start":{"line":145,"column":33},"end":{"line":145,"column":34}},"loc":{"start":{"line":145,"column":74},"end":{"line":145,"column":96}},"line":145},"20":{"name":"(anonymous_20)","decl":{"start":{"line":151,"column":11},"end":{"line":151,"column":23}},"loc":{"start":{"line":151,"column":23},"end":{"line":167,"column":null}},"line":151},"21":{"name":"(anonymous_21)","decl":{"start":{"line":158,"column":32},"end":{"line":158,"column":33}},"loc":{"start":{"line":158,"column":53},"end":{"line":163,"column":9}},"line":158},"22":{"name":"(anonymous_22)","decl":{"start":{"line":159,"column":26},"end":{"line":159,"column":27}},"loc":{"start":{"line":159,"column":35},"end":{"line":162,"column":11}},"line":159},"23":{"name":"(anonymous_23)","decl":{"start":{"line":170,"column":9},"end":{"line":170,"column":17}},"loc":{"start":{"line":170,"column":31},"end":{"line":173,"column":null}},"line":170},"24":{"name":"(anonymous_24)","decl":{"start":{"line":175,"column":9},"end":{"line":175,"column":null}},"loc":{"start":{"line":177,"column":4},"end":{"line":183,"column":null}},"line":177},"25":{"name":"(anonymous_25)","decl":{"start":{"line":179,"column":47},"end":{"line":179,"column":53}},"loc":{"start":{"line":179,"column":53},"end":{"line":181,"column":5}},"line":179}},"branchMap":{"0":{"loc":{"start":{"line":32,"column":49},"end":{"line":32,"column":79}},"type":"default-arg","locations":[{"start":{"line":32,"column":75},"end":{"line":32,"column":79}}],"line":32},"1":{"loc":{"start":{"line":35,"column":21},"end":{"line":35,"column":null}},"type":"binary-expr","locations":[{"start":{"line":35,"column":21},"end":{"line":35,"column":46}},{"start":{"line":35,"column":41},"end":{"line":35,"column":null}}],"line":35},"2":{"loc":{"start":{"line":36,"column":4},"end":{"line":40,"column":null}},"type":"if","locations":[{"start":{"line":36,"column":4},"end":{"line":40,"column":null}},{"start":{},"end":{}}],"line":36},"3":{"loc":{"start":{"line":52,"column":4},"end":{"line":52,"column":null}},"type":"if","locations":[{"start":{"line":52,"column":4},"end":{"line":52,"column":null}},{"start":{},"end":{}}],"line":52},"4":{"loc":{"start":{"line":53,"column":16},"end":{"line":53,"column":null}},"type":"cond-expr","locations":[{"start":{"line":53,"column":39},"end":{"line":53,"column":55}},{"start":{"line":53,"column":55},"end":{"line":53,"column":null}}],"line":53},"5":{"loc":{"start":{"line":54,"column":12},"end":{"line":54,"column":null}},"type":"cond-expr","locations":[{"start":{"line":54,"column":34},"end":{"line":54,"column":55}},{"start":{"line":54,"column":55},"end":{"line":54,"column":null}}],"line":54},"6":{"loc":{"start":{"line":56,"column":4},"end":{"line":56,"column":null}},"type":"if","locations":[{"start":{"line":56,"column":4},"end":{"line":56,"column":null}},{"start":{},"end":{}}],"line":56},"7":{"loc":{"start":{"line":58,"column":4},"end":{"line":58,"column":null}},"type":"if","locations":[{"start":{"line":58,"column":4},"end":{"line":58,"column":null}},{"start":{},"end":{}}],"line":58},"8":{"loc":{"start":{"line":58,"column":8},"end":{"line":58,"column":24}},"type":"binary-expr","locations":[{"start":{"line":58,"column":8},"end":{"line":58,"column":17}},{"start":{"line":58,"column":17},"end":{"line":58,"column":24}}],"line":58},"9":{"loc":{"start":{"line":60,"column":4},"end":{"line":67,"column":null}},"type":"if","locations":[{"start":{"line":60,"column":4},"end":{"line":67,"column":null}},{"start":{},"end":{}}],"line":60},"10":{"loc":{"start":{"line":61,"column":6},"end":{"line":64,"column":null}},"type":"binary-expr","locations":[{"start":{"line":61,"column":6},"end":{"line":61,"column":null}},{"start":{"line":62,"column":6},"end":{"line":62,"column":null}},{"start":{"line":63,"column":6},"end":{"line":63,"column":null}},{"start":{"line":64,"column":6},"end":{"line":64,"column":null}}],"line":61},"11":{"loc":{"start":{"line":71,"column":66},"end":{"line":71,"column":89}},"type":"default-arg","locations":[{"start":{"line":71,"column":85},"end":{"line":71,"column":89}}],"line":71},"12":{"loc":{"start":{"line":74,"column":4},"end":{"line":77,"column":null}},"type":"if","locations":[{"start":{"line":74,"column":4},"end":{"line":77,"column":null}},{"start":{},"end":{}}],"line":74},"13":{"loc":{"start":{"line":80,"column":6},"end":{"line":84,"column":null}},"type":"if","locations":[{"start":{"line":80,"column":6},"end":{"line":84,"column":null}},{"start":{},"end":{}}],"line":80},"14":{"loc":{"start":{"line":91,"column":54},"end":{"line":91,"column":89}},"type":"default-arg","locations":[{"start":{"line":91,"column":64},"end":{"line":91,"column":89}}],"line":91},"15":{"loc":{"start":{"line":93,"column":4},"end":{"line":95,"column":null}},"type":"if","locations":[{"start":{"line":93,"column":4},"end":{"line":95,"column":null}},{"start":{},"end":{}}],"line":93},"16":{"loc":{"start":{"line":96,"column":4},"end":{"line":96,"column":null}},"type":"if","locations":[{"start":{"line":96,"column":4},"end":{"line":96,"column":null}},{"start":{},"end":{}}],"line":96},"17":{"loc":{"start":{"line":126,"column":22},"end":{"line":126,"column":40}},"type":"default-arg","locations":[{"start":{"line":126,"column":37},"end":{"line":126,"column":40}}],"line":126},"18":{"loc":{"start":{"line":127,"column":4},"end":{"line":149,"column":null}},"type":"if","locations":[{"start":{"line":127,"column":4},"end":{"line":149,"column":null}},{"start":{"line":147,"column":11},"end":{"line":149,"column":null}}],"line":127},"19":{"loc":{"start":{"line":157,"column":6},"end":{"line":164,"column":null}},"type":"if","locations":[{"start":{"line":157,"column":6},"end":{"line":164,"column":null}},{"start":{},"end":{}}],"line":157},"20":{"loc":{"start":{"line":160,"column":12},"end":{"line":160,"column":null}},"type":"if","locations":[{"start":{"line":160,"column":12},"end":{"line":160,"column":null}},{"start":{},"end":{}}],"line":160},"21":{"loc":{"start":{"line":178,"column":4},"end":{"line":178,"column":null}},"type":"if","locations":[{"start":{"line":178,"column":4},"end":{"line":178,"column":null}},{"start":{},"end":{}}],"line":178}},"s":{"0":2,"1":91,"2":91,"3":91,"4":91,"5":91,"6":91,"7":91,"8":0,"9":91,"10":91,"11":140,"12":91,"13":12,"14":0,"15":73,"16":73,"17":0,"18":73,"19":73,"20":73,"21":73,"22":0,"23":73,"24":73,"25":0,"26":73,"27":73,"28":2,"29":71,"30":140,"31":140,"32":140,"33":1,"34":1,"35":140,"36":140,"37":140,"38":12,"39":12,"40":12,"41":140,"42":140,"43":140,"44":72,"45":72,"46":0,"47":72,"48":1,"49":71,"50":71,"51":71,"52":1,"53":1,"54":1,"55":1,"56":1,"57":71,"58":71,"59":71,"60":71,"61":71,"62":1,"63":1,"64":71,"65":69,"66":69,"67":71,"68":71,"69":69,"70":77,"71":76,"72":76,"73":76,"74":76,"75":76,"76":76,"77":0,"78":0,"79":76,"80":76,"81":76,"82":76,"83":76,"84":76,"85":73,"86":76,"87":1,"88":77,"89":77,"90":77,"91":127,"92":77,"93":77,"94":77,"95":77,"96":77,"97":1,"98":76,"99":76,"100":76,"101":78,"102":78,"103":1,"104":1,"105":0,"106":0,"107":0},"f":{"0":91,"1":140,"2":12,"3":0,"4":73,"5":140,"6":140,"7":72,"8":71,"9":1,"10":1,"11":71,"12":1,"13":69,"14":77,"15":76,"16":76,"17":0,"18":76,"19":73,"20":77,"21":77,"22":77,"23":78,"24":1,"25":0},"b":{"0":[91],"1":[91,0],"2":[0,91],"3":[0,73],"4":[73,0],"5":[0,73],"6":[0,73],"7":[0,73],"8":[73,73],"9":[2,71],"10":[73,72,72,72],"11":[140],"12":[1,139],"13":[12,128],"14":[72],"15":[0,72],"16":[1,71],"17":[77],"18":[76,1],"19":[77,0],"20":[1,76],"21":[1,0]},"meta":{"lastBranch":22,"lastFunction":26,"lastStatement":108,"seen":{"s:10:32:10:Infinity":0,"s:24:28:24:Infinity":1,"s:26:27:26:Infinity":2,"f:32:2:32:30":0,"b:32:75:32:79":0,"s:33:46:33:Infinity":3,"s:34:4:34:Infinity":4,"s:32:30:32:49":5,"s:35:21:35:Infinity":6,"b:35:21:35:46:35:41:35:Infinity":1,"b:36:4:40:Infinity:undefined:undefined:undefined:undefined":2,"s:36:4:40:Infinity":7,"s:37:6:39:Infinity":8,"s:41:4:41:Infinity":9,"s:42:4:44:Infinity":10,"f:42:30:42:31":1,"s:43:6:43:Infinity":11,"s:45:4:47:Infinity":12,"f:45:33:45:34":2,"s:46:6:46:Infinity":13,"f:28:6:28:13":3,"s:29:4:29:Infinity":14,"f:50:10:50:19":4,"s:51:17:51:Infinity":15,"b:52:4:52:Infinity:undefined:undefined:undefined:undefined":3,"s:52:4:52:Infinity":16,"s:52:15:52:Infinity":17,"s:53:16:53:Infinity":18,"b:53:39:53:55:53:55:53:Infinity":4,"s:54:4:54:Infinity":19,"b:54:34:54:55:54:55:54:Infinity":5,"s:55:15:55:Infinity":20,"b:56:4:56:Infinity:undefined:undefined:undefined:undefined":6,"s:56:4:56:Infinity":21,"s:56:23:56:Infinity":22,"s:57:36:57:Infinity":23,"b:58:4:58:Infinity:undefined:undefined:undefined:undefined":7,"s:58:4:58:Infinity":24,"b:58:8:58:17:58:17:58:24":8,"s:58:24:58:Infinity":25,"s:59:20:59:Infinity":26,"b:60:4:67:Infinity:undefined:undefined:undefined:undefined":9,"s:60:4:67:Infinity":27,"b:61:6:61:Infinity:62:6:62:Infinity:63:6:63:Infinity:64:6:64:Infinity":10,"s:66:6:66:Infinity":28,"s:68:4:68:Infinity":29,"f:71:10:71:23":5,"b:71:85:71:89":11,"s:72:16:72:Infinity":30,"s:73:21:73:Infinity":31,"b:74:4:77:Infinity:undefined:undefined:undefined:undefined":12,"s:74:4:77:Infinity":32,"s:75:6:75:Infinity":33,"s:76:6:76:Infinity":34,"s:78:19:78:Infinity":35,"s:79:4:85:Infinity":36,"f:79:19:79:25":6,"b:80:6:84:Infinity:undefined:undefined:undefined:undefined":13,"s:80:6:84:Infinity":37,"s:81:8:81:Infinity":38,"s:82:8:82:Infinity":39,"s:83:8:83:Infinity":40,"s:86:4:86:Infinity":41,"s:87:4:87:Infinity":42,"s:88:4:88:Infinity":43,"f:91:18:91:26":7,"b:91:64:91:89":14,"s:92:16:92:Infinity":44,"b:93:4:95:Infinity:undefined:undefined:undefined:undefined":15,"s:93:4:95:Infinity":45,"s:94:6:94:Infinity":46,"b:96:4:96:Infinity:undefined:undefined:undefined:undefined":16,"s:96:4:96:Infinity":47,"s:96:20:96:Infinity":48,"s:97:15:122:Infinity":49,"f:97:44:97:45":8,"s:98:17:98:Infinity":50,"s:99:20:106:Infinity":51,"f:99:31:99:37":9,"s:100:8:100:Infinity":52,"s:101:8:101:Infinity":53,"f:101:23:101:29":10,"s:102:8:104:Infinity":54,"s:103:10:103:Infinity":55,"s:105:8:105:Infinity":56,"s:107:20:111:Infinity":57,"f:107:20:107:26":11,"s:108:8:108:Infinity":58,"s:109:8:109:Infinity":59,"s:110:8:110:Infinity":60,"s:112:22:115:Infinity":61,"f:112:22:112:23":12,"s:113:8:113:Infinity":62,"s:114:8:114:Infinity":63,"s:116:21:119:Infinity":64,"f:116:21:116:27":13,"s:117:8:117:Infinity":65,"s:118:8:118:Infinity":66,"s:120:6:120:Infinity":67,"s:121:6:121:Infinity":68,"s:123:4:123:Infinity":69,"f:126:15:126:22":14,"b:126:37:126:40":17,"b:127:4:149:Infinity:147:11:149:Infinity":18,"s:127:4:149:Infinity":70,"s:128:18:128:Infinity":71,"s:129:6:144:Infinity":72,"f:129:52:129:53":15,"s:130:22:133:Infinity":73,"f:130:22:130:28":16,"s:131:10:131:Infinity":74,"s:132:10:132:Infinity":75,"s:134:24:137:Infinity":76,"f:134:24:134:25":17,"s:135:10:135:Infinity":77,"s:136:10:136:Infinity":78,"s:138:28:141:Infinity":79,"f:138:28:138:34":18,"s:139:10:139:Infinity":80,"s:140:10:140:Infinity":81,"s:142:8:142:Infinity":82,"s:143:8:143:Infinity":83,"s:145:6:145:Infinity":84,"f:145:33:145:34":19,"s:145:74:145:96":85,"s:146:6:146:Infinity":86,"s:148:6:148:Infinity":87,"s:151:4:167:Infinity":88,"f:151:11:151:23":20,"s:152:24:152:Infinity":89,"s:153:6:155:Infinity":90,"s:154:8:154:Infinity":91,"s:156:6:156:Infinity":92,"b:157:6:164:Infinity:undefined:undefined:undefined:undefined":19,"s:157:6:164:Infinity":93,"s:158:8:163:Infinity":94,"f:158:32:158:33":21,"s:159:10:162:Infinity":95,"f:159:26:159:27":22,"b:160:12:160:Infinity:undefined:undefined:undefined:undefined":20,"s:160:12:160:Infinity":96,"s:160:21:160:Infinity":97,"s:161:12:161:Infinity":98,"s:165:6:165:Infinity":99,"s:166:6:166:Infinity":100,"f:170:9:170:17":23,"s:171:4:171:Infinity":101,"s:172:4:172:Infinity":102,"f:175:9:175:Infinity":24,"b:178:4:178:Infinity:undefined:undefined:undefined:undefined":21,"s:178:4:178:Infinity":103,"s:178:19:178:Infinity":104,"s:179:4:181:Infinity":105,"f:179:47:179:53":25,"s:180:6:180:Infinity":106,"s:182:4:182:Infinity":107}}}
,"/Users/evioshen/code/pulian/shenyunjie/artuctor/packages/micro/src/utils.ts": {"path":"/Users/evioshen/code/pulian/shenyunjie/artuctor/packages/micro/src/utils.ts","statementMap":{"0":{"start":{"line":7,"column":2},"end":{"line":7,"column":null}}},"fnMap":{"0":{"name":"getLocalIPv4","decl":{"start":{"line":6,"column":16},"end":{"line":6,"column":51}},"loc":{"start":{"line":6,"column":51},"end":{"line":8,"column":null}},"line":6}},"branchMap":{},"s":{"0":1},"f":{"0":1},"b":{},"meta":{"lastBranch":0,"lastFunction":1,"lastStatement":1,"seen":{"f:6:16:6:51":0,"s:7:2:7:Infinity":0}}}
}
