<?xml version="1.0" encoding="UTF-8"?>
<coverage generated="1779695051119" clover="3.2.0">
  <project timestamp="1779695051119" name="All files">
    <metrics statements="175" coveredstatements="169" conditionals="115" coveredconditionals="102" methods="47" coveredmethods="45" elements="337" coveredelements="316" complexity="0" loc="175" ncloc="175" packages="1" files="4" classes="4"/>
    <file name="controller.ts" path="/Users/evioshen/code/pulian/shenyunjie/artuctor/packages/http/src/controller.ts">
      <metrics statements="48" coveredstatements="48" conditionals="41" coveredconditionals="37" methods="9" coveredmethods="9"/>
      <line num="21" count="2" type="stmt"/>
      <line num="22" count="2" type="stmt"/>
      <line num="44" count="2" type="stmt"/>
      <line num="55" count="22" type="stmt"/>
      <line num="56" count="23" type="cond" truecount="2" falsecount="0"/>
      <line num="57" count="1" type="stmt"/>
      <line num="58" count="1" type="cond" truecount="1" falsecount="1"/>
      <line num="59" count="1" type="stmt"/>
      <line num="62" count="22" type="stmt"/>
      <line num="66" count="2" type="stmt"/>
      <line num="92" count="44" type="cond" truecount="2" falsecount="0"/>
      <line num="93" count="38" type="stmt"/>
      <line num="94" count="38" type="cond" truecount="4" falsecount="0"/>
      <line num="95" count="33" type="stmt"/>
      <line num="108" count="5" type="cond" truecount="2" falsecount="0"/>
      <line num="109" count="4" type="cond" truecount="2" falsecount="0"/>
      <line num="110" count="3" type="stmt"/>
      <line num="123" count="1" type="stmt"/>
      <line num="125" count="6" type="stmt"/>
      <line num="135" count="42" type="stmt"/>
      <line num="136" count="42" type="cond" truecount="1" falsecount="1"/>
      <line num="137" count="42" type="cond" truecount="1" falsecount="1"/>
      <line num="139" count="42" type="stmt"/>
      <line num="141" count="42" type="stmt"/>
      <line num="142" count="26" type="stmt"/>
      <line num="145" count="26" type="cond" truecount="3" falsecount="0"/>
      <line num="149" count="26" type="cond" truecount="4" falsecount="0"/>
      <line num="150" count="2" type="stmt"/>
      <line num="151" count="2" type="cond" truecount="2" falsecount="0"/>
      <line num="152" count="1" type="stmt"/>
      <line num="153" count="1" type="stmt"/>
      <line num="158" count="25" type="cond" truecount="4" falsecount="0"/>
      <line num="159" count="1" type="stmt"/>
      <line num="160" count="1" type="cond" truecount="1" falsecount="1"/>
      <line num="161" count="1" type="stmt"/>
      <line num="162" count="1" type="stmt"/>
      <line num="167" count="24" type="cond" truecount="4" falsecount="0"/>
      <line num="168" count="3" type="stmt"/>
      <line num="169" count="3" type="stmt"/>
      <line num="170" count="3" type="cond" truecount="2" falsecount="0"/>
      <line num="171" count="2" type="stmt"/>
      <line num="172" count="2" type="stmt"/>
      <line num="177" count="22" type="stmt"/>
      <line num="178" count="22" type="stmt"/>
      <line num="179" count="22" type="cond" truecount="2" falsecount="0"/>
      <line num="180" count="21" type="stmt"/>
      <line num="185" count="42" type="stmt"/>
      <line num="202" count="42" type="stmt"/>
    </file>
    <file name="find-my-way.ts" path="/Users/evioshen/code/pulian/shenyunjie/artuctor/packages/http/src/find-my-way.ts">
      <metrics statements="20" coveredstatements="20" conditionals="8" coveredconditionals="8" methods="8" coveredmethods="7"/>
      <line num="19" count="55" type="stmt"/>
      <line num="20" count="55" type="stmt"/>
      <line num="25" count="48" type="cond" truecount="4" falsecount="0"/>
      <line num="26" count="1" type="stmt"/>
      <line num="29" count="48" type="stmt"/>
      <line num="30" count="48" type="stmt"/>
      <line num="33" count="55" type="stmt"/>
      <line num="35" count="55" type="stmt"/>
      <line num="37" count="55" type="stmt"/>
      <line num="39" count="1925" type="stmt"/>
      <line num="42" count="55" type="stmt"/>
      <line num="49" count="220" type="stmt"/>
      <line num="52" count="55" type="stmt"/>
      <line num="54" count="41" type="stmt"/>
      <line num="55" count="41" type="cond" truecount="2" falsecount="0"/>
      <line num="57" count="8" type="cond" truecount="2" falsecount="0"/>
      <line num="59" count="33" type="stmt"/>
      <line num="60" count="33" type="stmt"/>
      <line num="62" count="33" type="stmt"/>
      <line num="65" count="55" type="stmt"/>
    </file>
    <file name="http.ts" path="/Users/evioshen/code/pulian/shenyunjie/artuctor/packages/http/src/http.ts">
      <metrics statements="30" coveredstatements="29" conditionals="17" coveredconditionals="15" methods="17" coveredmethods="16"/>
      <line num="41" count="45" type="stmt"/>
      <line num="42" count="45" type="stmt"/>
      <line num="46" count="45" type="stmt"/>
      <line num="47" count="45" type="cond" truecount="2" falsecount="0"/>
      <line num="48" count="44" type="stmt"/>
      <line num="50" count="45" type="stmt"/>
      <line num="51" count="45" type="stmt"/>
      <line num="58" count="6" type="stmt"/>
      <line num="67" count="3" type="stmt"/>
      <line num="76" count="6" type="stmt"/>
      <line num="77" count="6" type="stmt"/>
      <line num="86" count="24" type="stmt"/>
      <line num="87" count="24" type="stmt"/>
      <line num="88" count="24" type="cond" truecount="2" falsecount="0"/>
      <line num="89" count="24" type="stmt"/>
      <line num="90" count="24" type="stmt"/>
      <line num="91" count="24" type="cond" truecount="1" falsecount="1"/>
      <line num="92" count="24" type="stmt"/>
      <line num="95" count="24" type="stmt"/>
      <line num="96" count="24" type="stmt"/>
      <line num="107" count="7" type="stmt"/>
      <line num="117" count="2" type="stmt"/>
      <line num="127" count="1" type="stmt"/>
      <line num="137" count="1" type="stmt"/>
      <line num="147" count="1" type="stmt"/>
      <line num="157" count="1" type="stmt"/>
      <line num="168" count="38" type="stmt"/>
      <line num="169" count="38" type="stmt"/>
      <line num="170" count="8" type="stmt"/>
      <line num="184" count="0" type="stmt"/>
    </file>
    <file name="loader.ts" path="/Users/evioshen/code/pulian/shenyunjie/artuctor/packages/http/src/loader.ts">
      <metrics statements="77" coveredstatements="72" conditionals="49" coveredconditionals="42" methods="13" coveredmethods="13"/>
      <line num="34" count="28" type="cond" truecount="2" falsecount="0"/>
      <line num="35" count="28" type="cond" truecount="2" falsecount="0"/>
      <line num="36" count="28" type="cond" truecount="2" falsecount="0"/>
      <line num="37" count="6" type="stmt"/>
      <line num="39" count="28" type="cond" truecount="2" falsecount="0"/>
      <line num="41" count="28" type="cond" truecount="2" falsecount="0"/>
      <line num="48" count="26" type="stmt"/>
      <line num="55" count="31" type="cond" truecount="7" falsecount="0"/>
      <line num="68" count="29" type="cond" truecount="2" falsecount="0"/>
      <line num="69" count="7" type="cond" truecount="2" falsecount="0"/>
      <line num="70" count="6" type="cond" truecount="2" falsecount="0"/>
      <line num="71" count="1" type="stmt"/>
      <line num="73" count="5" type="stmt"/>
      <line num="76" count="22" type="cond" truecount="2" falsecount="0"/>
      <line num="77" count="2" type="stmt"/>
      <line num="80" count="20" type="stmt"/>
      <line num="84" count="1" type="cond" truecount="1" falsecount="1"/>
      <line num="85" count="1" type="cond" truecount="1" falsecount="1"/>
      <line num="86" count="1" type="cond" truecount="1" falsecount="1"/>
      <line num="87" count="0" type="cond" truecount="0" falsecount="2"/>
      <line num="88" count="0" type="stmt"/>
      <line num="89" count="0" type="stmt"/>
      <line num="91" count="1" type="cond" truecount="1" falsecount="1"/>
      <line num="92" count="0" type="stmt"/>
      <line num="93" count="0" type="stmt"/>
      <line num="95" count="1" type="stmt"/>
      <line num="99" count="69" type="stmt"/>
      <line num="101" count="69" type="stmt"/>
      <line num="109" count="27" type="stmt"/>
      <line num="110" count="27" type="stmt"/>
      <line num="111" count="27" type="stmt"/>
      <line num="112" count="27" type="cond" truecount="2" falsecount="0"/>
      <line num="114" count="27" type="stmt"/>
      <line num="115" count="27" type="stmt"/>
      <line num="116" count="27" type="stmt"/>
      <line num="117" count="27" type="stmt"/>
      <line num="118" count="27" type="stmt"/>
      <line num="120" count="27" type="cond" truecount="2" falsecount="0"/>
      <line num="121" count="4" type="cond" truecount="2" falsecount="0"/>
      <line num="122" count="1" type="stmt"/>
      <line num="129" count="1" type="stmt"/>
      <line num="132" count="3" type="cond" truecount="2" falsecount="0"/>
      <line num="133" count="2" type="stmt"/>
      <line num="140" count="2" type="stmt"/>
      <line num="141" count="2" type="stmt"/>
      <line num="144" count="1" type="stmt"/>
      <line num="151" count="4" type="stmt"/>
      <line num="152" count="4" type="stmt"/>
      <line num="155" count="24" type="stmt"/>
      <line num="156" count="24" type="stmt"/>
      <line num="157" count="24" type="stmt"/>
      <line num="158" count="24" type="stmt"/>
      <line num="159" count="6" type="stmt"/>
      <line num="160" count="6" type="stmt"/>
      <line num="164" count="26" type="stmt"/>
      <line num="165" count="4" type="stmt"/>
      <line num="166" count="6" type="stmt"/>
      <line num="177" count="2" type="cond" truecount="1" falsecount="0"/>
      <line num="179" count="2" type="stmt"/>
      <line num="181" count="2" type="stmt"/>
      <line num="182" count="2" type="stmt"/>
      <line num="183" count="2" type="stmt"/>
      <line num="184" count="2" type="stmt"/>
      <line num="185" count="2" type="stmt"/>
      <line num="186" count="2" type="stmt"/>
      <line num="187" count="2" type="stmt"/>
      <line num="190" count="2" type="stmt"/>
      <line num="191" count="2" type="stmt"/>
      <line num="193" count="1" type="stmt"/>
      <line num="194" count="1" type="cond" truecount="1" falsecount="1"/>
      <line num="197" count="1" type="stmt"/>
      <line num="200" count="1" type="stmt"/>
      <line num="201" count="1" type="stmt"/>
      <line num="202" count="1" type="stmt"/>
      <line num="209" count="1" type="stmt"/>
      <line num="210" count="1" type="stmt"/>
      <line num="211" count="1" type="stmt"/>
    </file>
  </project>
</coverage>
