{"/Users/evioshen/code/pulian/shenyunjie/artuctor/packages/http/src/controller.ts": {"path":"/Users/evioshen/code/pulian/shenyunjie/artuctor/packages/http/src/controller.ts","statementMap":{"0":{"start":{"line":21,"column":10},"end":{"line":21,"column":null}},"1":{"start":{"line":22,"column":42},"end":{"line":22,"column":null}},"2":{"start":{"line":44,"column":36},"end":{"line":44,"column":null}},"3":{"start":{"line":44,"column":68},"end":{"line":44,"column":null}},"4":{"start":{"line":55,"column":19},"end":{"line":60,"column":null}},"5":{"start":{"line":56,"column":4},"end":{"line":56,"column":null}},"6":{"start":{"line":56,"column":30},"end":{"line":56,"column":null}},"7":{"start":{"line":57,"column":15},"end":{"line":57,"column":null}},"8":{"start":{"line":58,"column":4},"end":{"line":58,"column":null}},"9":{"start":{"line":58,"column":13},"end":{"line":58,"column":null}},"10":{"start":{"line":59,"column":4},"end":{"line":59,"column":null}},"11":{"start":{"line":59,"column":42},"end":{"line":59,"column":63}},"12":{"start":{"line":62,"column":2},"end":{"line":62,"column":null}},"13":{"start":{"line":66,"column":26},"end":{"line":66,"column":null}},"14":{"start":{"line":92,"column":2},"end":{"line":124,"column":null}},"15":{"start":{"line":93,"column":19},"end":{"line":93,"column":null}},"16":{"start":{"line":94,"column":4},"end":{"line":107,"column":null}},"17":{"start":{"line":95,"column":6},"end":{"line":106,"column":null}},"18":{"start":{"line":108,"column":4},"end":{"line":122,"column":null}},"19":{"start":{"line":109,"column":6},"end":{"line":109,"column":null}},"20":{"start":{"line":109,"column":38},"end":{"line":109,"column":null}},"21":{"start":{"line":110,"column":6},"end":{"line":121,"column":null}},"22":{"start":{"line":123,"column":4},"end":{"line":123,"column":null}},"23":{"start":{"line":125,"column":2},"end":{"line":128,"column":null}},"24":{"start":{"line":135,"column":17},"end":{"line":135,"column":null}},"25":{"start":{"line":136,"column":8},"end":{"line":136,"column":null}},"26":{"start":{"line":137,"column":2},"end":{"line":137,"column":null}},"27":{"start":{"line":137,"column":35},"end":{"line":137,"column":null}},"28":{"start":{"line":139,"column":13},"end":{"line":139,"column":null}},"29":{"start":{"line":141,"column":2},"end":{"line":183,"column":null}},"30":{"start":{"line":142,"column":19},"end":{"line":142,"column":null}},"31":{"start":{"line":145,"column":7},"end":{"line":147,"column":null}},"32":{"start":{"line":149,"column":4},"end":{"line":156,"column":null}},"33":{"start":{"line":150,"column":20},"end":{"line":150,"column":null}},"34":{"start":{"line":151,"column":6},"end":{"line":154,"column":null}},"35":{"start":{"line":152,"column":8},"end":{"line":152,"column":null}},"36":{"start":{"line":153,"column":8},"end":{"line":153,"column":null}},"37":{"start":{"line":158,"column":4},"end":{"line":165,"column":null}},"38":{"start":{"line":159,"column":21},"end":{"line":159,"column":null}},"39":{"start":{"line":160,"column":6},"end":{"line":163,"column":null}},"40":{"start":{"line":161,"column":8},"end":{"line":161,"column":null}},"41":{"start":{"line":162,"column":8},"end":{"line":162,"column":null}},"42":{"start":{"line":167,"column":4},"end":{"line":175,"column":null}},"43":{"start":{"line":168,"column":23},"end":{"line":168,"column":null}},"44":{"start":{"line":169,"column":19},"end":{"line":169,"column":null}},"45":{"start":{"line":170,"column":6},"end":{"line":173,"column":null}},"46":{"start":{"line":171,"column":8},"end":{"line":171,"column":null}},"47":{"start":{"line":172,"column":8},"end":{"line":172,"column":null}},"48":{"start":{"line":177,"column":19},"end":{"line":177,"column":null}},"49":{"start":{"line":178,"column":4},"end":{"line":182,"column":null}},"50":{"start":{"line":179,"column":6},"end":{"line":181,"column":null}},"51":{"start":{"line":180,"column":8},"end":{"line":180,"column":null}},"52":{"start":{"line":185,"column":2},"end":{"line":190,"column":null}},"53":{"start":{"line":202,"column":2},"end":{"line":202,"column":null}}},"fnMap":{"0":{"name":"(anonymous_0)","decl":{"start":{"line":44,"column":36},"end":{"line":44,"column":37}},"loc":{"start":{"line":44,"column":68},"end":{"line":44,"column":null}},"line":44},"1":{"name":"composeResponsePlugin","decl":{"start":{"line":54,"column":9},"end":{"line":54,"column":31}},"loc":{"start":{"line":54,"column":92},"end":{"line":63,"column":null}},"line":54},"2":{"name":"(anonymous_2)","decl":{"start":{"line":55,"column":19},"end":{"line":55,"column":26}},"loc":{"start":{"line":55,"column":68},"end":{"line":60,"column":null}},"line":55},"3":{"name":"(anonymous_3)","decl":{"start":{"line":59,"column":34},"end":{"line":59,"column":42}},"loc":{"start":{"line":59,"column":42},"end":{"line":59,"column":63}},"line":59},"4":{"name":"defineController","decl":{"start":{"line":87,"column":16},"end":{"line":87,"column":null}},"loc":{"start":{"line":91,"column":27},"end":{"line":129,"column":null}},"line":91},"5":{"name":"defineControllerWithMetadata","decl":{"start":{"line":131,"column":9},"end":{"line":131,"column":null}},"loc":{"start":{"line":134,"column":27},"end":{"line":191,"column":null}},"line":134},"6":{"name":"(anonymous_6)","decl":{"start":{"line":141,"column":19},"end":{"line":141,"column":26}},"loc":{"start":{"line":141,"column":56},"end":{"line":183,"column":3}},"line":141},"7":{"name":"(anonymous_7)","decl":{"start":{"line":178,"column":45},"end":{"line":178,"column":51}},"loc":{"start":{"line":178,"column":56},"end":{"line":182,"column":5}},"line":178},"8":{"name":"createControllerMetadata","decl":{"start":{"line":193,"column":16},"end":{"line":193,"column":102}},"loc":{"start":{"line":201,"column":3},"end":{"line":203,"column":null}},"line":201}},"branchMap":{"0":{"loc":{"start":{"line":56,"column":4},"end":{"line":56,"column":null}},"type":"if","locations":[{"start":{"line":56,"column":4},"end":{"line":56,"column":null}},{"start":{},"end":{}}],"line":56},"1":{"loc":{"start":{"line":58,"column":4},"end":{"line":58,"column":null}},"type":"if","locations":[{"start":{"line":58,"column":4},"end":{"line":58,"column":null}},{"start":{},"end":{}}],"line":58},"2":{"loc":{"start":{"line":92,"column":2},"end":{"line":124,"column":null}},"type":"if","locations":[{"start":{"line":92,"column":2},"end":{"line":124,"column":null}},{"start":{},"end":{}}],"line":92},"3":{"loc":{"start":{"line":94,"column":4},"end":{"line":107,"column":null}},"type":"if","locations":[{"start":{"line":94,"column":4},"end":{"line":107,"column":null}},{"start":{},"end":{}}],"line":94},"4":{"loc":{"start":{"line":94,"column":8},"end":{"line":94,"column":58}},"type":"binary-expr","locations":[{"start":{"line":94,"column":8},"end":{"line":94,"column":38}},{"start":{"line":94,"column":38},"end":{"line":94,"column":58}}],"line":94},"5":{"loc":{"start":{"line":108,"column":4},"end":{"line":122,"column":null}},"type":"if","locations":[{"start":{"line":108,"column":4},"end":{"line":122,"column":null}},{"start":{},"end":{}}],"line":108},"6":{"loc":{"start":{"line":109,"column":6},"end":{"line":109,"column":null}},"type":"if","locations":[{"start":{"line":109,"column":6},"end":{"line":109,"column":null}},{"start":{},"end":{}}],"line":109},"7":{"loc":{"start":{"line":136,"column":23},"end":{"line":136,"column":51}},"type":"binary-expr","locations":[{"start":{"line":136,"column":23},"end":{"line":136,"column":47}},{"start":{"line":136,"column":47},"end":{"line":136,"column":51}}],"line":136},"8":{"loc":{"start":{"line":137,"column":2},"end":{"line":137,"column":null}},"type":"if","locations":[{"start":{"line":137,"column":2},"end":{"line":137,"column":null}},{"start":{},"end":{}}],"line":137},"9":{"loc":{"start":{"line":145,"column":7},"end":{"line":147,"column":null}},"type":"binary-expr","locations":[{"start":{"line":145,"column":7},"end":{"line":145,"column":null}},{"start":{"line":146,"column":7},"end":{"line":146,"column":null}},{"start":{"line":147,"column":7},"end":{"line":147,"column":null}}],"line":145},"10":{"loc":{"start":{"line":149,"column":4},"end":{"line":156,"column":null}},"type":"if","locations":[{"start":{"line":149,"column":4},"end":{"line":156,"column":null}},{"start":{},"end":{}}],"line":149},"11":{"loc":{"start":{"line":149,"column":8},"end":{"line":149,"column":35}},"type":"binary-expr","locations":[{"start":{"line":149,"column":8},"end":{"line":149,"column":20}},{"start":{"line":149,"column":20},"end":{"line":149,"column":35}}],"line":149},"12":{"loc":{"start":{"line":151,"column":6},"end":{"line":154,"column":null}},"type":"if","locations":[{"start":{"line":151,"column":6},"end":{"line":154,"column":null}},{"start":{},"end":{}}],"line":151},"13":{"loc":{"start":{"line":158,"column":4},"end":{"line":165,"column":null}},"type":"if","locations":[{"start":{"line":158,"column":4},"end":{"line":165,"column":null}},{"start":{},"end":{}}],"line":158},"14":{"loc":{"start":{"line":158,"column":8},"end":{"line":158,"column":36}},"type":"binary-expr","locations":[{"start":{"line":158,"column":8},"end":{"line":158,"column":20}},{"start":{"line":158,"column":20},"end":{"line":158,"column":36}}],"line":158},"15":{"loc":{"start":{"line":160,"column":6},"end":{"line":163,"column":null}},"type":"if","locations":[{"start":{"line":160,"column":6},"end":{"line":163,"column":null}},{"start":{},"end":{}}],"line":160},"16":{"loc":{"start":{"line":167,"column":4},"end":{"line":175,"column":null}},"type":"if","locations":[{"start":{"line":167,"column":4},"end":{"line":175,"column":null}},{"start":{},"end":{}}],"line":167},"17":{"loc":{"start":{"line":167,"column":8},"end":{"line":167,"column":34}},"type":"binary-expr","locations":[{"start":{"line":167,"column":8},"end":{"line":167,"column":20}},{"start":{"line":167,"column":20},"end":{"line":167,"column":34}}],"line":167},"18":{"loc":{"start":{"line":170,"column":6},"end":{"line":173,"column":null}},"type":"if","locations":[{"start":{"line":170,"column":6},"end":{"line":173,"column":null}},{"start":{},"end":{}}],"line":170},"19":{"loc":{"start":{"line":179,"column":6},"end":{"line":181,"column":null}},"type":"if","locations":[{"start":{"line":179,"column":6},"end":{"line":181,"column":null}},{"start":{},"end":{}}],"line":179}},"s":{"0":2,"1":2,"2":2,"3":1,"4":23,"5":24,"6":23,"7":1,"8":1,"9":0,"10":1,"11":1,"12":23,"13":2,"14":47,"15":38,"16":38,"17":33,"18":5,"19":4,"20":1,"21":3,"22":1,"23":9,"24":45,"25":45,"26":45,"27":1,"28":44,"29":44,"30":27,"31":27,"32":27,"33":2,"34":2,"35":1,"36":1,"37":26,"38":2,"39":2,"40":1,"41":1,"42":25,"43":3,"44":3,"45":3,"46":2,"47":2,"48":23,"49":23,"50":23,"51":22,"52":44,"53":45},"f":{"0":1,"1":23,"2":24,"3":1,"4":47,"5":45,"6":27,"7":23,"8":45},"b":{"0":[23,1],"1":[0,1],"2":[38,9],"3":[33,5],"4":[38,33],"5":[4,1],"6":[1,3],"7":[45,1],"8":[1,44],"9":[27,20,20],"10":[2,25],"11":[27,7],"12":[1,1],"13":[2,24],"14":[26,6],"15":[1,1],"16":[3,22],"17":[25,5],"18":[2,1],"19":[22,1]},"meta":{"lastBranch":20,"lastFunction":9,"lastStatement":54,"seen":{"s:21:10:21:Infinity":0,"s:22:42:22:Infinity":1,"s:44:36:44:Infinity":2,"f:44:36:44:37":0,"s:44:68:44:Infinity":3,"f:54:9:54:31":1,"s:55:19:60:Infinity":4,"f:55:19:55:26":2,"b:56:4:56:Infinity:undefined:undefined:undefined:undefined":0,"s:56:4:56:Infinity":5,"s:56:30:56:Infinity":6,"s:57:15:57:Infinity":7,"b:58:4:58:Infinity:undefined:undefined:undefined:undefined":1,"s:58:4:58:Infinity":8,"s:58:13:58:Infinity":9,"s:59:4:59:Infinity":10,"f:59:34:59:42":3,"s:59:42:59:63":11,"s:62:2:62:Infinity":12,"s:66:26:66:Infinity":13,"f:87:16:87:Infinity":4,"b:92:2:124:Infinity:undefined:undefined:undefined:undefined":2,"s:92:2:124:Infinity":14,"s:93:19:93:Infinity":15,"b:94:4:107:Infinity:undefined:undefined:undefined:undefined":3,"s:94:4:107:Infinity":16,"b:94:8:94:38:94:38:94:58":4,"s:95:6:106:Infinity":17,"b:108:4:122:Infinity:undefined:undefined:undefined:undefined":5,"s:108:4:122:Infinity":18,"b:109:6:109:Infinity:undefined:undefined:undefined:undefined":6,"s:109:6:109:Infinity":19,"s:109:38:109:Infinity":20,"s:110:6:121:Infinity":21,"s:123:4:123:Infinity":22,"s:125:2:128:Infinity":23,"f:131:9:131:Infinity":5,"s:135:17:135:Infinity":24,"s:136:8:136:Infinity":25,"b:136:23:136:47:136:47:136:51":7,"b:137:2:137:Infinity:undefined:undefined:undefined:undefined":8,"s:137:2:137:Infinity":26,"s:137:35:137:Infinity":27,"s:139:13:139:Infinity":28,"s:141:2:183:Infinity":29,"f:141:19:141:26":6,"s:142:19:142:Infinity":30,"s:145:7:147:Infinity":31,"b:145:7:145:Infinity:146:7:146:Infinity:147:7:147:Infinity":9,"b:149:4:156:Infinity:undefined:undefined:undefined:undefined":10,"s:149:4:156:Infinity":32,"b:149:8:149:20:149:20:149:35":11,"s:150:20:150:Infinity":33,"b:151:6:154:Infinity:undefined:undefined:undefined:undefined":12,"s:151:6:154:Infinity":34,"s:152:8:152:Infinity":35,"s:153:8:153:Infinity":36,"b:158:4:165:Infinity:undefined:undefined:undefined:undefined":13,"s:158:4:165:Infinity":37,"b:158:8:158:20:158:20:158:36":14,"s:159:21:159:Infinity":38,"b:160:6:163:Infinity:undefined:undefined:undefined:undefined":15,"s:160:6:163:Infinity":39,"s:161:8:161:Infinity":40,"s:162:8:162:Infinity":41,"b:167:4:175:Infinity:undefined:undefined:undefined:undefined":16,"s:167:4:175:Infinity":42,"b:167:8:167:20:167:20:167:34":17,"s:168:23:168:Infinity":43,"s:169:19:169:Infinity":44,"b:170:6:173:Infinity:undefined:undefined:undefined:undefined":18,"s:170:6:173:Infinity":45,"s:171:8:171:Infinity":46,"s:172:8:172:Infinity":47,"s:177:19:177:Infinity":48,"s:178:4:182:Infinity":49,"f:178:45:178:51":7,"b:179:6:181:Infinity:undefined:undefined:undefined:undefined":19,"s:179:6:181:Infinity":50,"s:180:8:180:Infinity":51,"s:185:2:190:Infinity":52,"f:193:16:193:102":8,"s:202:2:202:Infinity":53}}}
,"/Users/evioshen/code/pulian/shenyunjie/artuctor/packages/http/src/find-my-way.ts": {"path":"/Users/evioshen/code/pulian/shenyunjie/artuctor/packages/http/src/find-my-way.ts","statementMap":{"0":{"start":{"line":19,"column":8},"end":{"line":19,"column":null}},"1":{"start":{"line":20,"column":17},"end":{"line":20,"column":null}},"2":{"start":{"line":25,"column":4},"end":{"line":27,"column":null}},"3":{"start":{"line":26,"column":6},"end":{"line":26,"column":null}},"4":{"start":{"line":29,"column":4},"end":{"line":29,"column":null}},"5":{"start":{"line":30,"column":4},"end":{"line":30,"column":null}},"6":{"start":{"line":33,"column":2},"end":{"line":33,"column":null}},"7":{"start":{"line":35,"column":2},"end":{"line":35,"column":null}},"8":{"start":{"line":35,"column":58},"end":{"line":35,"column":null}},"9":{"start":{"line":37,"column":2},"end":{"line":40,"column":null}},"10":{"start":{"line":39,"column":4},"end":{"line":39,"column":null}},"11":{"start":{"line":39,"column":73},"end":{"line":39,"column":null}},"12":{"start":{"line":42,"column":2},"end":{"line":50,"column":null}},"13":{"start":{"line":49,"column":4},"end":{"line":49,"column":null}},"14":{"start":{"line":52,"column":2},"end":{"line":63,"column":null}},"15":{"start":{"line":52,"column":19},"end":{"line":63,"column":null}},"16":{"start":{"line":54,"column":19},"end":{"line":54,"column":null}},"17":{"start":{"line":55,"column":4},"end":{"line":58,"column":null}},"18":{"start":{"line":57,"column":6},"end":{"line":57,"column":null}},"19":{"start":{"line":59,"column":4},"end":{"line":59,"column":null}},"20":{"start":{"line":60,"column":4},"end":{"line":60,"column":null}},"21":{"start":{"line":62,"column":4},"end":{"line":62,"column":null}},"22":{"start":{"line":65,"column":2},"end":{"line":65,"column":null}}},"fnMap":{"0":{"name":"(anonymous_0)","decl":{"start":{"line":18,"column":15},"end":{"line":18,"column":56}},"loc":{"start":{"line":18,"column":89},"end":{"line":66,"column":null}},"line":18},"1":{"name":"on","decl":{"start":{"line":22,"column":11},"end":{"line":22,"column":14}},"loc":{"start":{"line":22,"column":93},"end":{"line":31,"column":null}},"line":22},"2":{"name":"(anonymous_2)","decl":{"start":{"line":35,"column":10},"end":{"line":35,"column":11}},"loc":{"start":{"line":35,"column":58},"end":{"line":35,"column":null}},"line":35},"3":{"name":"(anonymous_3)","decl":{"start":{"line":37,"column":18},"end":{"line":37,"column":19}},"loc":{"start":{"line":37,"column":25},"end":{"line":40,"column":3}},"line":37},"4":{"name":"(anonymous_4)","decl":{"start":{"line":39,"column":25},"end":{"line":39,"column":26}},"loc":{"start":{"line":39,"column":73},"end":{"line":39,"column":null}},"line":39},"5":{"name":"(anonymous_5)","decl":{"start":{"line":47,"column":12},"end":{"line":47,"column":13}},"loc":{"start":{"line":47,"column":19},"end":{"line":50,"column":3}},"line":47},"6":{"name":"(anonymous_6)","decl":{"start":{"line":52,"column":13},"end":{"line":52,"column":19}},"loc":{"start":{"line":52,"column":19},"end":{"line":63,"column":null}},"line":52},"7":{"name":"(anonymous_7)","decl":{"start":{"line":52,"column":19},"end":{"line":52,"column":20}},"loc":{"start":{"line":52,"column":49},"end":{"line":63,"column":null}},"line":52}},"branchMap":{"0":{"loc":{"start":{"line":25,"column":4},"end":{"line":27,"column":null}},"type":"if","locations":[{"start":{"line":25,"column":4},"end":{"line":27,"column":null}},{"start":{},"end":{}}],"line":25},"1":{"loc":{"start":{"line":25,"column":8},"end":{"line":25,"column":91}},"type":"binary-expr","locations":[{"start":{"line":25,"column":8},"end":{"line":25,"column":34}},{"start":{"line":25,"column":34},"end":{"line":25,"column":91}}],"line":25},"2":{"loc":{"start":{"line":55,"column":4},"end":{"line":58,"column":null}},"type":"if","locations":[{"start":{"line":55,"column":4},"end":{"line":58,"column":null}},{"start":{},"end":{}}],"line":55},"3":{"loc":{"start":{"line":57,"column":13},"end":{"line":57,"column":null}},"type":"binary-expr","locations":[{"start":{"line":57,"column":13},"end":{"line":57,"column":33}},{"start":{"line":57,"column":33},"end":{"line":57,"column":null}}],"line":57}},"s":{"0":63,"1":63,"2":49,"3":1,"4":49,"5":49,"6":63,"7":63,"8":1,"9":63,"10":2205,"11":1,"12":63,"13":252,"14":63,"15":33,"16":42,"17":42,"18":8,"19":34,"20":34,"21":34,"22":63},"f":{"0":63,"1":49,"2":1,"3":2205,"4":1,"5":252,"6":33,"7":42},"b":{"0":[1,48],"1":[49,3],"2":[8,34],"3":[8,8]},"meta":{"lastBranch":4,"lastFunction":8,"lastStatement":23,"seen":{"f:18:15:18:56":0,"s:19:8:19:Infinity":0,"s:20:17:20:Infinity":1,"f:22:11:22:14":1,"b:25:4:27:Infinity:undefined:undefined:undefined:undefined":0,"s:25:4:27:Infinity":2,"b:25:8:25:34:25:34:25:91":1,"s:26:6:26:Infinity":3,"s:29:4:29:Infinity":4,"s:30:4:30:Infinity":5,"s:33:2:33:Infinity":6,"s:35:2:35:Infinity":7,"f:35:10:35:11":2,"s:35:58:35:Infinity":8,"s:37:2:40:Infinity":9,"f:37:18:37:19":3,"s:39:4:39:Infinity":10,"f:39:25:39:26":4,"s:39:73:39:Infinity":11,"s:42:2:50:Infinity":12,"f:47:12:47:13":5,"s:49:4:49:Infinity":13,"s:52:2:63:Infinity":14,"f:52:13:52:19":6,"s:52:19:63:Infinity":15,"f:52:19:52:20":7,"s:54:19:54:Infinity":16,"b:55:4:58:Infinity:undefined:undefined:undefined:undefined":2,"s:55:4:58:Infinity":17,"s:57:6:57:Infinity":18,"b:57:13:57:33:57:33:57:Infinity":3,"s:59:4:59:Infinity":19,"s:60:4:60:Infinity":20,"s:62:4:62:Infinity":21,"s:65:2:65:Infinity":22}}}
,"/Users/evioshen/code/pulian/shenyunjie/artuctor/packages/http/src/http.ts": {"path":"/Users/evioshen/code/pulian/shenyunjie/artuctor/packages/http/src/http.ts","statementMap":{"0":{"start":{"line":41,"column":25},"end":{"line":41,"column":null}},"1":{"start":{"line":42,"column":28},"end":{"line":42,"column":null}},"2":{"start":{"line":46,"column":31},"end":{"line":46,"column":49}},"3":{"start":{"line":47,"column":4},"end":{"line":49,"column":null}},"4":{"start":{"line":48,"column":6},"end":{"line":48,"column":null}},"5":{"start":{"line":50,"column":4},"end":{"line":50,"column":null}},"6":{"start":{"line":51,"column":4},"end":{"line":59,"column":null}},"7":{"start":{"line":58,"column":45},"end":{"line":58,"column":null}},"8":{"start":{"line":67,"column":4},"end":{"line":67,"column":null}},"9":{"start":{"line":76,"column":4},"end":{"line":76,"column":null}},"10":{"start":{"line":77,"column":4},"end":{"line":77,"column":null}},"11":{"start":{"line":86,"column":4},"end":{"line":86,"column":null}},"12":{"start":{"line":87,"column":4},"end":{"line":87,"column":null}},"13":{"start":{"line":88,"column":4},"end":{"line":88,"column":null}},"14":{"start":{"line":88,"column":18},"end":{"line":88,"column":null}},"15":{"start":{"line":89,"column":4},"end":{"line":94,"column":null}},"16":{"start":{"line":90,"column":6},"end":{"line":93,"column":null}},"17":{"start":{"line":91,"column":8},"end":{"line":91,"column":null}},"18":{"start":{"line":91,"column":17},"end":{"line":91,"column":null}},"19":{"start":{"line":92,"column":8},"end":{"line":92,"column":null}},"20":{"start":{"line":95,"column":4},"end":{"line":97,"column":null}},"21":{"start":{"line":96,"column":6},"end":{"line":96,"column":null}},"22":{"start":{"line":107,"column":4},"end":{"line":107,"column":null}},"23":{"start":{"line":117,"column":4},"end":{"line":117,"column":null}},"24":{"start":{"line":127,"column":4},"end":{"line":127,"column":null}},"25":{"start":{"line":137,"column":4},"end":{"line":137,"column":null}},"26":{"start":{"line":147,"column":4},"end":{"line":147,"column":null}},"27":{"start":{"line":157,"column":4},"end":{"line":157,"column":null}},"28":{"start":{"line":168,"column":4},"end":{"line":168,"column":null}},"29":{"start":{"line":169,"column":4},"end":{"line":171,"column":null}},"30":{"start":{"line":170,"column":6},"end":{"line":170,"column":null}},"31":{"start":{"line":184,"column":4},"end":{"line":184,"column":null}}},"fnMap":{"0":{"name":"(anonymous_0)","decl":{"start":{"line":46,"column":2},"end":{"line":46,"column":31}},"loc":{"start":{"line":46,"column":49},"end":{"line":60,"column":null}},"line":46},"1":{"name":"(anonymous_1)","decl":{"start":{"line":58,"column":20},"end":{"line":58,"column":27}},"loc":{"start":{"line":58,"column":45},"end":{"line":58,"column":null}},"line":58},"2":{"name":"(anonymous_2)","decl":{"start":{"line":66,"column":6},"end":{"line":66,"column":13}},"loc":{"start":{"line":66,"column":13},"end":{"line":68,"column":null}},"line":66},"3":{"name":"(anonymous_3)","decl":{"start":{"line":75,"column":9},"end":{"line":75,"column":13}},"loc":{"start":{"line":75,"column":37},"end":{"line":78,"column":null}},"line":75},"4":{"name":"(anonymous_4)","decl":{"start":{"line":85,"column":15},"end":{"line":85,"column":22}},"loc":{"start":{"line":85,"column":75},"end":{"line":98,"column":null}},"line":85},"5":{"name":"(anonymous_5)","decl":{"start":{"line":89,"column":28},"end":{"line":89,"column":29}},"loc":{"start":{"line":89,"column":49},"end":{"line":94,"column":5}},"line":89},"6":{"name":"(anonymous_6)","decl":{"start":{"line":90,"column":43},"end":{"line":90,"column":44}},"loc":{"start":{"line":90,"column":58},"end":{"line":93,"column":7}},"line":90},"7":{"name":"(anonymous_7)","decl":{"start":{"line":95,"column":11},"end":{"line":95,"column":17}},"loc":{"start":{"line":95,"column":17},"end":{"line":97,"column":null}},"line":95},"8":{"name":"(anonymous_8)","decl":{"start":{"line":106,"column":9},"end":{"line":106,"column":13}},"loc":{"start":{"line":106,"column":56},"end":{"line":108,"column":null}},"line":106},"9":{"name":"(anonymous_9)","decl":{"start":{"line":116,"column":9},"end":{"line":116,"column":14}},"loc":{"start":{"line":116,"column":57},"end":{"line":118,"column":null}},"line":116},"10":{"name":"(anonymous_10)","decl":{"start":{"line":126,"column":9},"end":{"line":126,"column":13}},"loc":{"start":{"line":126,"column":56},"end":{"line":128,"column":null}},"line":126},"11":{"name":"(anonymous_11)","decl":{"start":{"line":136,"column":9},"end":{"line":136,"column":16}},"loc":{"start":{"line":136,"column":59},"end":{"line":138,"column":null}},"line":136},"12":{"name":"(anonymous_12)","decl":{"start":{"line":146,"column":9},"end":{"line":146,"column":15}},"loc":{"start":{"line":146,"column":58},"end":{"line":148,"column":null}},"line":146},"13":{"name":"(anonymous_13)","decl":{"start":{"line":156,"column":9},"end":{"line":156,"column":15}},"loc":{"start":{"line":156,"column":58},"end":{"line":158,"column":null}},"line":156},"14":{"name":"(anonymous_14)","decl":{"start":{"line":167,"column":9},"end":{"line":167,"column":15}},"loc":{"start":{"line":167,"column":78},"end":{"line":172,"column":null}},"line":167},"15":{"name":"(anonymous_15)","decl":{"start":{"line":169,"column":11},"end":{"line":169,"column":17}},"loc":{"start":{"line":169,"column":17},"end":{"line":171,"column":null}},"line":169},"16":{"name":"(anonymous_16)","decl":{"start":{"line":180,"column":9},"end":{"line":180,"column":14}},"loc":{"start":{"line":183,"column":5},"end":{"line":185,"column":null}},"line":183}},"branchMap":{"0":{"loc":{"start":{"line":47,"column":4},"end":{"line":49,"column":null}},"type":"if","locations":[{"start":{"line":47,"column":4},"end":{"line":49,"column":null}},{"start":{},"end":{}}],"line":47},"1":{"loc":{"start":{"line":52,"column":30},"end":{"line":52,"column":null}},"type":"binary-expr","locations":[{"start":{"line":52,"column":30},"end":{"line":52,"column":67}},{"start":{"line":52,"column":67},"end":{"line":52,"column":null}}],"line":52},"2":{"loc":{"start":{"line":53,"column":27},"end":{"line":53,"column":null}},"type":"binary-expr","locations":[{"start":{"line":53,"column":27},"end":{"line":53,"column":61}},{"start":{"line":53,"column":61},"end":{"line":53,"column":null}}],"line":53},"3":{"loc":{"start":{"line":54,"column":22},"end":{"line":54,"column":null}},"type":"binary-expr","locations":[{"start":{"line":54,"column":22},"end":{"line":54,"column":51}},{"start":{"line":54,"column":51},"end":{"line":54,"column":null}}],"line":54},"4":{"loc":{"start":{"line":55,"column":24},"end":{"line":55,"column":null}},"type":"binary-expr","locations":[{"start":{"line":55,"column":24},"end":{"line":55,"column":55}},{"start":{"line":55,"column":55},"end":{"line":55,"column":null}}],"line":55},"5":{"loc":{"start":{"line":56,"column":21},"end":{"line":56,"column":null}},"type":"binary-expr","locations":[{"start":{"line":56,"column":21},"end":{"line":56,"column":49}},{"start":{"line":56,"column":49},"end":{"line":56,"column":null}}],"line":56},"6":{"loc":{"start":{"line":88,"column":4},"end":{"line":88,"column":null}},"type":"if","locations":[{"start":{"line":88,"column":4},"end":{"line":88,"column":null}},{"start":{},"end":{}}],"line":88},"7":{"loc":{"start":{"line":91,"column":8},"end":{"line":91,"column":null}},"type":"if","locations":[{"start":{"line":91,"column":8},"end":{"line":91,"column":null}},{"start":{},"end":{}}],"line":91},"8":{"loc":{"start":{"line":180,"column":33},"end":{"line":183,"column":5}},"type":"default-arg","locations":[{"start":{"line":180,"column":62},"end":{"line":183,"column":5}}],"line":180}},"s":{"0":51,"1":51,"2":51,"3":51,"4":50,"5":51,"6":51,"7":6,"8":3,"9":6,"10":6,"11":24,"12":24,"13":24,"14":1,"15":24,"16":24,"17":24,"18":0,"19":24,"20":24,"21":24,"22":7,"23":2,"24":1,"25":1,"26":1,"27":1,"28":38,"29":38,"30":8,"31":1},"f":{"0":51,"1":6,"2":3,"3":6,"4":24,"5":24,"6":24,"7":24,"8":7,"9":2,"10":1,"11":1,"12":1,"13":1,"14":38,"15":8,"16":1},"b":{"0":[50,1],"1":[51,51],"2":[51,51],"3":[51,51],"4":[51,51],"5":[51,51],"6":[1,23],"7":[0,24],"8":[1]},"meta":{"lastBranch":9,"lastFunction":17,"lastStatement":32,"seen":{"s:41:25:41:Infinity":0,"s:42:28:42:Infinity":1,"f:46:2:46:31":0,"s:46:31:46:49":2,"b:47:4:49:Infinity:undefined:undefined:undefined:undefined":0,"s:47:4:49:Infinity":3,"s:48:6:48:Infinity":4,"s:50:4:50:Infinity":5,"s:51:4:59:Infinity":6,"b:52:30:52:67:52:67:52:Infinity":1,"b:53:27:53:61:53:61:53:Infinity":2,"b:54:22:54:51:54:51:54:Infinity":3,"b:55:24:55:55:55:55:55:Infinity":4,"b:56:21:56:49:56:49:56:Infinity":5,"f:58:20:58:27":1,"s:58:45:58:Infinity":7,"f:66:6:66:13":2,"s:67:4:67:Infinity":8,"f:75:9:75:13":3,"s:76:4:76:Infinity":9,"s:77:4:77:Infinity":10,"f:85:15:85:22":4,"s:86:4:86:Infinity":11,"s:87:4:87:Infinity":12,"b:88:4:88:Infinity:undefined:undefined:undefined:undefined":6,"s:88:4:88:Infinity":13,"s:88:18:88:Infinity":14,"s:89:4:94:Infinity":15,"f:89:28:89:29":5,"s:90:6:93:Infinity":16,"f:90:43:90:44":6,"b:91:8:91:Infinity:undefined:undefined:undefined:undefined":7,"s:91:8:91:Infinity":17,"s:91:17:91:Infinity":18,"s:92:8:92:Infinity":19,"s:95:4:97:Infinity":20,"f:95:11:95:17":7,"s:96:6:96:Infinity":21,"f:106:9:106:13":8,"s:107:4:107:Infinity":22,"f:116:9:116:14":9,"s:117:4:117:Infinity":23,"f:126:9:126:13":10,"s:127:4:127:Infinity":24,"f:136:9:136:16":11,"s:137:4:137:Infinity":25,"f:146:9:146:15":12,"s:147:4:147:Infinity":26,"f:156:9:156:15":13,"s:157:4:157:Infinity":27,"f:167:9:167:15":14,"s:168:4:168:Infinity":28,"s:169:4:171:Infinity":29,"f:169:11:169:17":15,"s:170:6:170:Infinity":30,"f:180:9:180:14":16,"b:180:62:183:5":8,"s:184:4:184:Infinity":31}}}
,"/Users/evioshen/code/pulian/shenyunjie/artuctor/packages/http/src/loader.ts": {"path":"/Users/evioshen/code/pulian/shenyunjie/artuctor/packages/http/src/loader.ts","statementMap":{"0":{"start":{"line":34,"column":24},"end":{"line":34,"column":null}},"1":{"start":{"line":35,"column":12},"end":{"line":35,"column":null}},"2":{"start":{"line":36,"column":2},"end":{"line":38,"column":null}},"3":{"start":{"line":37,"column":4},"end":{"line":37,"column":null}},"4":{"start":{"line":39,"column":2},"end":{"line":39,"column":null}},"5":{"start":{"line":39,"column":12},"end":{"line":39,"column":null}},"6":{"start":{"line":41,"column":2},"end":{"line":41,"column":null}},"7":{"start":{"line":48,"column":2},"end":{"line":48,"column":null}},"8":{"start":{"line":55,"column":2},"end":{"line":61,"column":null}},"9":{"start":{"line":68,"column":2},"end":{"line":74,"column":null}},"10":{"start":{"line":69,"column":4},"end":{"line":69,"column":null}},"11":{"start":{"line":69,"column":23},"end":{"line":69,"column":null}},"12":{"start":{"line":70,"column":4},"end":{"line":72,"column":null}},"13":{"start":{"line":71,"column":6},"end":{"line":71,"column":null}},"14":{"start":{"line":73,"column":4},"end":{"line":73,"column":null}},"15":{"start":{"line":76,"column":2},"end":{"line":78,"column":null}},"16":{"start":{"line":77,"column":4},"end":{"line":77,"column":null}},"17":{"start":{"line":80,"column":2},"end":{"line":80,"column":null}},"18":{"start":{"line":84,"column":2},"end":{"line":84,"column":null}},"19":{"start":{"line":84,"column":27},"end":{"line":84,"column":null}},"20":{"start":{"line":85,"column":2},"end":{"line":85,"column":null}},"21":{"start":{"line":85,"column":22},"end":{"line":85,"column":null}},"22":{"start":{"line":86,"column":2},"end":{"line":90,"column":null}},"23":{"start":{"line":87,"column":4},"end":{"line":87,"column":null}},"24":{"start":{"line":87,"column":23},"end":{"line":87,"column":null}},"25":{"start":{"line":88,"column":18},"end":{"line":88,"column":null}},"26":{"start":{"line":89,"column":4},"end":{"line":89,"column":null}},"27":{"start":{"line":91,"column":2},"end":{"line":94,"column":null}},"28":{"start":{"line":92,"column":17},"end":{"line":92,"column":null}},"29":{"start":{"line":93,"column":4},"end":{"line":93,"column":null}},"30":{"start":{"line":95,"column":2},"end":{"line":95,"column":null}},"31":{"start":{"line":99,"column":38},"end":{"line":99,"column":null}},"32":{"start":{"line":101,"column":31},"end":{"line":101,"column":43}},"33":{"start":{"line":109,"column":38},"end":{"line":109,"column":null}},"34":{"start":{"line":110,"column":34},"end":{"line":110,"column":null}},"35":{"start":{"line":111,"column":22},"end":{"line":111,"column":null}},"36":{"start":{"line":112,"column":21},"end":{"line":112,"column":null}},"37":{"start":{"line":114,"column":4},"end":{"line":162,"column":null}},"38":{"start":{"line":114,"column":17},"end":{"line":114,"column":20}},"39":{"start":{"line":115,"column":25},"end":{"line":115,"column":null}},"40":{"start":{"line":116,"column":38},"end":{"line":116,"column":null}},"41":{"start":{"line":117,"column":23},"end":{"line":117,"column":null}},"42":{"start":{"line":118,"column":21},"end":{"line":118,"column":null}},"43":{"start":{"line":120,"column":6},"end":{"line":153,"column":null}},"44":{"start":{"line":121,"column":8},"end":{"line":130,"column":null}},"45":{"start":{"line":122,"column":10},"end":{"line":128,"column":null}},"46":{"start":{"line":129,"column":10},"end":{"line":129,"column":null}},"47":{"start":{"line":132,"column":8},"end":{"line":142,"column":null}},"48":{"start":{"line":133,"column":10},"end":{"line":139,"column":null}},"49":{"start":{"line":140,"column":10},"end":{"line":140,"column":null}},"50":{"start":{"line":141,"column":10},"end":{"line":141,"column":null}},"51":{"start":{"line":144,"column":8},"end":{"line":150,"column":null}},"52":{"start":{"line":151,"column":8},"end":{"line":151,"column":null}},"53":{"start":{"line":152,"column":8},"end":{"line":152,"column":null}},"54":{"start":{"line":155,"column":6},"end":{"line":155,"column":null}},"55":{"start":{"line":156,"column":18},"end":{"line":156,"column":null}},"56":{"start":{"line":157,"column":6},"end":{"line":157,"column":null}},"57":{"start":{"line":158,"column":6},"end":{"line":161,"column":null}},"58":{"start":{"line":159,"column":8},"end":{"line":159,"column":null}},"59":{"start":{"line":160,"column":8},"end":{"line":160,"column":null}},"60":{"start":{"line":164,"column":4},"end":{"line":167,"column":null}},"61":{"start":{"line":165,"column":14},"end":{"line":165,"column":null}},"62":{"start":{"line":166,"column":6},"end":{"line":166,"column":null}},"63":{"start":{"line":166,"column":18},"end":{"line":166,"column":null}},"64":{"start":{"line":177,"column":49},"end":{"line":177,"column":null}},"65":{"start":{"line":179,"column":18},"end":{"line":179,"column":null}},"66":{"start":{"line":181,"column":22},"end":{"line":198,"column":null}},"67":{"start":{"line":182,"column":12},"end":{"line":182,"column":null}},"68":{"start":{"line":183,"column":12},"end":{"line":183,"column":null}},"69":{"start":{"line":184,"column":18},"end":{"line":184,"column":null}},"70":{"start":{"line":185,"column":12},"end":{"line":185,"column":null}},"71":{"start":{"line":186,"column":25},"end":{"line":186,"column":null}},"72":{"start":{"line":187,"column":30},"end":{"line":187,"column":null}},"73":{"start":{"line":190,"column":6},"end":{"line":195,"column":null}},"74":{"start":{"line":191,"column":8},"end":{"line":191,"column":null}},"75":{"start":{"line":193,"column":24},"end":{"line":193,"column":null}},"76":{"start":{"line":194,"column":8},"end":{"line":194,"column":null}},"77":{"start":{"line":197,"column":6},"end":{"line":197,"column":null}},"78":{"start":{"line":200,"column":4},"end":{"line":203,"column":null}},"79":{"start":{"line":201,"column":14},"end":{"line":201,"column":null}},"80":{"start":{"line":202,"column":6},"end":{"line":202,"column":null}},"81":{"start":{"line":202,"column":18},"end":{"line":202,"column":null}},"82":{"start":{"line":209,"column":11},"end":{"line":209,"column":null}},"83":{"start":{"line":210,"column":2},"end":{"line":210,"column":null}},"84":{"start":{"line":211,"column":2},"end":{"line":211,"column":null}}},"fnMap":{"0":{"name":"compileRoutePath","decl":{"start":{"line":33,"column":16},"end":{"line":33,"column":33}},"loc":{"start":{"line":33,"column":117},"end":{"line":42,"column":null}},"line":33},"1":{"name":"toRouterPath","decl":{"start":{"line":47,"column":16},"end":{"line":47,"column":29}},"loc":{"start":{"line":47,"column":43},"end":{"line":49,"column":null}},"line":47},"2":{"name":"isControllerRegisterProps","decl":{"start":{"line":54,"column":9},"end":{"line":54,"column":35}},"loc":{"start":{"line":54,"column":81},"end":{"line":62,"column":null}},"line":54},"3":{"name":"normalizeControllers","decl":{"start":{"line":67,"column":9},"end":{"line":67,"column":30}},"loc":{"start":{"line":67,"column":73},"end":{"line":81,"column":null}},"line":67},"4":{"name":"summarizeExportType","decl":{"start":{"line":83,"column":9},"end":{"line":83,"column":29}},"loc":{"start":{"line":83,"column":45},"end":{"line":96,"column":null}},"line":83},"5":{"name":"(anonymous_5)","decl":{"start":{"line":101,"column":2},"end":{"line":101,"column":31}},"loc":{"start":{"line":101,"column":43},"end":{"line":101,"column":null}},"line":101},"6":{"name":"(anonymous_6)","decl":{"start":{"line":106,"column":9},"end":{"line":106,"column":17}},"loc":{"start":{"line":108,"column":5},"end":{"line":168,"column":null}},"line":108},"7":{"name":"(anonymous_7)","decl":{"start":{"line":158,"column":21},"end":{"line":158,"column":27}},"loc":{"start":{"line":158,"column":27},"end":{"line":161,"column":7}},"line":158},"8":{"name":"(anonymous_8)","decl":{"start":{"line":164,"column":11},"end":{"line":164,"column":17}},"loc":{"start":{"line":164,"column":17},"end":{"line":167,"column":null}},"line":164},"9":{"name":"(anonymous_9)","decl":{"start":{"line":173,"column":15},"end":{"line":173,"column":20}},"loc":{"start":{"line":176,"column":5},"end":{"line":204,"column":null}},"line":176},"10":{"name":"(anonymous_10)","decl":{"start":{"line":181,"column":50},"end":{"line":181,"column":57}},"loc":{"start":{"line":181,"column":66},"end":{"line":198,"column":5}},"line":181},"11":{"name":"(anonymous_11)","decl":{"start":{"line":200,"column":11},"end":{"line":200,"column":17}},"loc":{"start":{"line":200,"column":17},"end":{"line":203,"column":null}},"line":200},"12":{"name":"formatRouterWithIgnoreDuplicateSlashes","decl":{"start":{"line":208,"column":9},"end":{"line":208,"column":48}},"loc":{"start":{"line":208,"column":62},"end":{"line":212,"column":null}},"line":208}},"branchMap":{"0":{"loc":{"start":{"line":33,"column":47},"end":{"line":33,"column":117}},"type":"default-arg","locations":[{"start":{"line":33,"column":113},"end":{"line":33,"column":117}}],"line":33},"1":{"loc":{"start":{"line":34,"column":24},"end":{"line":34,"column":null}},"type":"binary-expr","locations":[{"start":{"line":34,"column":24},"end":{"line":34,"column":49}},{"start":{"line":34,"column":49},"end":{"line":34,"column":null}}],"line":34},"2":{"loc":{"start":{"line":35,"column":12},"end":{"line":35,"column":null}},"type":"cond-expr","locations":[{"start":{"line":35,"column":35},"end":{"line":35,"column":42}},{"start":{"line":35,"column":42},"end":{"line":35,"column":null}}],"line":35},"3":{"loc":{"start":{"line":36,"column":2},"end":{"line":38,"column":null}},"type":"if","locations":[{"start":{"line":36,"column":2},"end":{"line":38,"column":null}},{"start":{},"end":{}}],"line":36},"4":{"loc":{"start":{"line":39,"column":2},"end":{"line":39,"column":null}},"type":"if","locations":[{"start":{"line":39,"column":2},"end":{"line":39,"column":null}},{"start":{},"end":{}}],"line":39},"5":{"loc":{"start":{"line":41,"column":9},"end":{"line":41,"column":null}},"type":"cond-expr","locations":[{"start":{"line":41,"column":26},"end":{"line":41,"column":49}},{"start":{"line":41,"column":49},"end":{"line":41,"column":null}}],"line":41},"6":{"loc":{"start":{"line":55,"column":9},"end":{"line":61,"column":null}},"type":"binary-expr","locations":[{"start":{"line":55,"column":9},"end":{"line":55,"column":null}},{"start":{"line":56,"column":7},"end":{"line":56,"column":null}},{"start":{"line":57,"column":7},"end":{"line":57,"column":null}},{"start":{"line":58,"column":7},"end":{"line":58,"column":null}},{"start":{"line":59,"column":7},"end":{"line":59,"column":null}},{"start":{"line":60,"column":7},"end":{"line":60,"column":null}},{"start":{"line":61,"column":7},"end":{"line":61,"column":null}}],"line":55},"7":{"loc":{"start":{"line":68,"column":2},"end":{"line":74,"column":null}},"type":"if","locations":[{"start":{"line":68,"column":2},"end":{"line":74,"column":null}},{"start":{},"end":{}}],"line":68},"8":{"loc":{"start":{"line":69,"column":4},"end":{"line":69,"column":null}},"type":"if","locations":[{"start":{"line":69,"column":4},"end":{"line":69,"column":null}},{"start":{},"end":{}}],"line":69},"9":{"loc":{"start":{"line":70,"column":4},"end":{"line":72,"column":null}},"type":"if","locations":[{"start":{"line":70,"column":4},"end":{"line":72,"column":null}},{"start":{},"end":{}}],"line":70},"10":{"loc":{"start":{"line":76,"column":2},"end":{"line":78,"column":null}},"type":"if","locations":[{"start":{"line":76,"column":2},"end":{"line":78,"column":null}},{"start":{},"end":{}}],"line":76},"11":{"loc":{"start":{"line":84,"column":2},"end":{"line":84,"column":null}},"type":"if","locations":[{"start":{"line":84,"column":2},"end":{"line":84,"column":null}},{"start":{},"end":{}}],"line":84},"12":{"loc":{"start":{"line":85,"column":2},"end":{"line":85,"column":null}},"type":"if","locations":[{"start":{"line":85,"column":2},"end":{"line":85,"column":null}},{"start":{},"end":{}}],"line":85},"13":{"loc":{"start":{"line":86,"column":2},"end":{"line":90,"column":null}},"type":"if","locations":[{"start":{"line":86,"column":2},"end":{"line":90,"column":null}},{"start":{},"end":{}}],"line":86},"14":{"loc":{"start":{"line":87,"column":4},"end":{"line":87,"column":null}},"type":"if","locations":[{"start":{"line":87,"column":4},"end":{"line":87,"column":null}},{"start":{},"end":{}}],"line":87},"15":{"loc":{"start":{"line":91,"column":2},"end":{"line":94,"column":null}},"type":"if","locations":[{"start":{"line":91,"column":2},"end":{"line":94,"column":null}},{"start":{},"end":{}}],"line":91},"16":{"loc":{"start":{"line":106,"column":97},"end":{"line":108,"column":5}},"type":"default-arg","locations":[{"start":{"line":106,"column":129},"end":{"line":108,"column":5}}],"line":106},"17":{"loc":{"start":{"line":112,"column":21},"end":{"line":112,"column":null}},"type":"binary-expr","locations":[{"start":{"line":112,"column":21},"end":{"line":112,"column":41}},{"start":{"line":112,"column":41},"end":{"line":112,"column":null}}],"line":112},"18":{"loc":{"start":{"line":120,"column":6},"end":{"line":153,"column":null}},"type":"if","locations":[{"start":{"line":120,"column":6},"end":{"line":153,"column":null}},{"start":{},"end":{}}],"line":120},"19":{"loc":{"start":{"line":121,"column":8},"end":{"line":130,"column":null}},"type":"if","locations":[{"start":{"line":121,"column":8},"end":{"line":130,"column":null}},{"start":{},"end":{}}],"line":121},"20":{"loc":{"start":{"line":132,"column":8},"end":{"line":142,"column":null}},"type":"if","locations":[{"start":{"line":132,"column":8},"end":{"line":142,"column":null}},{"start":{},"end":{}}],"line":132},"21":{"loc":{"start":{"line":173,"column":39},"end":{"line":176,"column":5}},"type":"default-arg","locations":[{"start":{"line":173,"column":68},"end":{"line":176,"column":5}}],"line":173},"22":{"loc":{"start":{"line":177,"column":12},"end":{"line":177,"column":35}},"type":"default-arg","locations":[{"start":{"line":177,"column":21},"end":{"line":177,"column":35}}],"line":177},"23":{"loc":{"start":{"line":194,"column":72},"end":{"line":194,"column":103}},"type":"binary-expr","locations":[{"start":{"line":194,"column":72},"end":{"line":194,"column":90}},{"start":{"line":194,"column":90},"end":{"line":194,"column":103}}],"line":194}},"s":{"0":28,"1":28,"2":28,"3":6,"4":28,"5":2,"6":28,"7":26,"8":35,"9":34,"10":9,"11":2,"12":7,"13":2,"14":5,"15":25,"16":5,"17":20,"18":6,"19":1,"20":5,"21":1,"22":4,"23":2,"24":1,"25":1,"26":1,"27":2,"28":1,"29":1,"30":1,"31":80,"32":80,"33":27,"34":27,"35":27,"36":27,"37":27,"38":27,"39":27,"40":27,"41":27,"42":27,"43":27,"44":4,"45":1,"46":1,"47":3,"48":2,"49":2,"50":2,"51":1,"52":4,"53":4,"54":24,"55":24,"56":24,"57":24,"58":6,"59":6,"60":26,"61":4,"62":4,"63":6,"64":8,"65":8,"66":8,"67":7,"68":7,"69":7,"70":7,"71":7,"72":7,"73":7,"74":7,"75":6,"76":6,"77":1,"78":2,"79":1,"80":1,"81":1,"82":1,"83":1,"84":1},"f":{"0":28,"1":26,"2":35,"3":34,"4":6,"5":80,"6":27,"7":6,"8":4,"9":8,"10":7,"11":1,"12":1},"b":{"0":[28],"1":[28,8],"2":[25,3],"3":[6,22],"4":[2,26],"5":[3,25],"6":[35,33,30,28,28,28,28],"7":[9,25],"8":[2,7],"9":[2,5],"10":[5,20],"11":[1,5],"12":[1,4],"13":[2,2],"14":[1,1],"15":[1,1],"16":[27],"17":[27,21],"18":[4,23],"19":[1,3],"20":[2,1],"21":[8],"22":[8],"23":[6,0]},"meta":{"lastBranch":24,"lastFunction":13,"lastStatement":85,"seen":{"f:33:16:33:33":0,"b:33:113:33:117":0,"s:34:24:34:Infinity":0,"b:34:24:34:49:34:49:34:Infinity":1,"s:35:12:35:Infinity":1,"b:35:35:35:42:35:42:35:Infinity":2,"b:36:2:38:Infinity:undefined:undefined:undefined:undefined":3,"s:36:2:38:Infinity":2,"s:37:4:37:Infinity":3,"b:39:2:39:Infinity:undefined:undefined:undefined:undefined":4,"s:39:2:39:Infinity":4,"s:39:12:39:Infinity":5,"s:41:2:41:Infinity":6,"b:41:26:41:49:41:49:41:Infinity":5,"f:47:16:47:29":1,"s:48:2:48:Infinity":7,"f:54:9:54:35":2,"s:55:2:61:Infinity":8,"b:55:9:55:Infinity:56:7:56:Infinity:57:7:57:Infinity:58:7:58:Infinity:59:7:59:Infinity:60:7:60:Infinity:61:7:61:Infinity":6,"f:67:9:67:30":3,"b:68:2:74:Infinity:undefined:undefined:undefined:undefined":7,"s:68:2:74:Infinity":9,"b:69:4:69:Infinity:undefined:undefined:undefined:undefined":8,"s:69:4:69:Infinity":10,"s:69:23:69:Infinity":11,"b:70:4:72:Infinity:undefined:undefined:undefined:undefined":9,"s:70:4:72:Infinity":12,"s:71:6:71:Infinity":13,"s:73:4:73:Infinity":14,"b:76:2:78:Infinity:undefined:undefined:undefined:undefined":10,"s:76:2:78:Infinity":15,"s:77:4:77:Infinity":16,"s:80:2:80:Infinity":17,"f:83:9:83:29":4,"b:84:2:84:Infinity:undefined:undefined:undefined:undefined":11,"s:84:2:84:Infinity":18,"s:84:27:84:Infinity":19,"b:85:2:85:Infinity:undefined:undefined:undefined:undefined":12,"s:85:2:85:Infinity":20,"s:85:22:85:Infinity":21,"b:86:2:90:Infinity:undefined:undefined:undefined:undefined":13,"s:86:2:90:Infinity":22,"b:87:4:87:Infinity:undefined:undefined:undefined:undefined":14,"s:87:4:87:Infinity":23,"s:87:23:87:Infinity":24,"s:88:18:88:Infinity":25,"s:89:4:89:Infinity":26,"b:91:2:94:Infinity:undefined:undefined:undefined:undefined":15,"s:91:2:94:Infinity":27,"s:92:17:92:Infinity":28,"s:93:4:93:Infinity":29,"s:95:2:95:Infinity":30,"s:99:38:99:Infinity":31,"f:101:2:101:31":5,"s:101:31:101:43":32,"f:106:9:106:17":6,"b:106:129:108:5":16,"s:109:38:109:Infinity":33,"s:110:34:110:Infinity":34,"s:111:22:111:Infinity":35,"s:112:21:112:Infinity":36,"b:112:21:112:41:112:41:112:Infinity":17,"s:114:4:162:Infinity":37,"s:114:17:114:20":38,"s:115:25:115:Infinity":39,"s:116:38:116:Infinity":40,"s:117:23:117:Infinity":41,"s:118:21:118:Infinity":42,"b:120:6:153:Infinity:undefined:undefined:undefined:undefined":18,"s:120:6:153:Infinity":43,"b:121:8:130:Infinity:undefined:undefined:undefined:undefined":19,"s:121:8:130:Infinity":44,"s:122:10:128:Infinity":45,"s:129:10:129:Infinity":46,"b:132:8:142:Infinity:undefined:undefined:undefined:undefined":20,"s:132:8:142:Infinity":47,"s:133:10:139:Infinity":48,"s:140:10:140:Infinity":49,"s:141:10:141:Infinity":50,"s:144:8:150:Infinity":51,"s:151:8:151:Infinity":52,"s:152:8:152:Infinity":53,"s:155:6:155:Infinity":54,"s:156:18:156:Infinity":55,"s:157:6:157:Infinity":56,"s:158:6:161:Infinity":57,"f:158:21:158:27":7,"s:159:8:159:Infinity":58,"s:160:8:160:Infinity":59,"s:164:4:167:Infinity":60,"f:164:11:164:17":8,"s:165:14:165:Infinity":61,"s:166:6:166:Infinity":62,"s:166:18:166:Infinity":63,"f:173:15:173:20":9,"b:173:68:176:5":21,"s:177:49:177:Infinity":64,"b:177:21:177:35":22,"s:179:18:179:Infinity":65,"s:181:22:198:Infinity":66,"f:181:50:181:57":10,"s:182:12:182:Infinity":67,"s:183:12:183:Infinity":68,"s:184:18:184:Infinity":69,"s:185:12:185:Infinity":70,"s:186:25:186:Infinity":71,"s:187:30:187:Infinity":72,"s:190:6:195:Infinity":73,"s:191:8:191:Infinity":74,"s:193:24:193:Infinity":75,"s:194:8:194:Infinity":76,"b:194:72:194:90:194:90:194:103":23,"s:197:6:197:Infinity":77,"s:200:4:203:Infinity":78,"f:200:11:200:17":11,"s:201:14:201:Infinity":79,"s:202:6:202:Infinity":80,"s:202:18:202:Infinity":81,"f:208:9:208:48":12,"s:209:11:209:Infinity":82,"s:210:2:210:Infinity":83,"s:211:2:211:Infinity":84}}}
}
