<?xml version="1.0" encoding="UTF-8"?>
<coverage generated="1779722124777" clover="3.2.0">
  <project timestamp="1779722124777" name="All files">
    <metrics statements="12" coveredstatements="12" conditionals="8" coveredconditionals="8" methods="7" coveredmethods="7" elements="27" coveredelements="27" complexity="0" loc="12" ncloc="12" packages="2" files="2" classes="2"/>
    <package name="ioredis">
      <metrics statements="0" coveredstatements="0" conditionals="0" coveredconditionals="0" methods="0" coveredmethods="0"/>
      <file name="package.json" path="/Users/evioshen/code/pulian/shenyunjie/artuctor/packages/ioredis/package.json">
        <metrics statements="0" coveredstatements="0" conditionals="0" coveredconditionals="0" methods="0" coveredmethods="0"/>
      </file>
    </package>
    <package name="ioredis.src">
      <metrics statements="12" coveredstatements="12" conditionals="8" coveredconditionals="8" methods="7" coveredmethods="7"/>
      <file name="index.ts" path="/Users/evioshen/code/pulian/shenyunjie/artuctor/packages/ioredis/src/index.ts">
        <metrics statements="12" coveredstatements="12" conditionals="8" coveredconditionals="8" methods="7" coveredmethods="7"/>
        <line num="11" count="4" type="stmt"/>
        <line num="26" count="5" type="cond" truecount="2" falsecount="0"/>
        <line num="27" count="5" type="stmt"/>
        <line num="28" count="5" type="stmt"/>
        <line num="29" count="5" type="stmt"/>
        <line num="30" count="5" type="stmt"/>
        <line num="31" count="4" type="stmt"/>
        <line num="32" count="4" type="stmt"/>
        <line num="35" count="4" type="stmt"/>
        <line num="48" count="1" type="stmt"/>
        <line num="49" count="1" type="stmt"/>
        <line num="50" count="1" type="stmt"/>
      </file>
    </package>
  </project>
</coverage>
