{"/Users/evioshen/code/pulian/shenyunjie/artuctor/packages/ioredis/package.json": {"path":"/Users/evioshen/code/pulian/shenyunjie/artuctor/packages/ioredis/package.json","statementMap":{},"fnMap":{},"branchMap":{},"s":{},"f":{},"b":{},"meta":{"lastBranch":0,"lastFunction":0,"lastStatement":0,"seen":{}}}
,"/Users/evioshen/code/pulian/shenyunjie/artuctor/packages/ioredis/src/index.ts": {"path":"/Users/evioshen/code/pulian/shenyunjie/artuctor/packages/ioredis/src/index.ts","statementMap":{"0":{"start":{"line":11,"column":2},"end":{"line":17,"column":null}},"1":{"start":{"line":26,"column":17},"end":{"line":26,"column":null}},"2":{"start":{"line":27,"column":2},"end":{"line":34,"column":null}},"3":{"start":{"line":28,"column":20},"end":{"line":28,"column":null}},"4":{"start":{"line":28,"column":32},"end":{"line":28,"column":null}},"5":{"start":{"line":29,"column":4},"end":{"line":29,"column":null}},"6":{"start":{"line":30,"column":4},"end":{"line":33,"column":null}},"7":{"start":{"line":31,"column":6},"end":{"line":31,"column":null}},"8":{"start":{"line":32,"column":6},"end":{"line":32,"column":null}},"9":{"start":{"line":35,"column":2},"end":{"line":35,"column":null}},"10":{"start":{"line":48,"column":17},"end":{"line":48,"column":null}},"11":{"start":{"line":49,"column":2},"end":{"line":49,"column":null}},"12":{"start":{"line":49,"column":17},"end":{"line":49,"column":36}},"13":{"start":{"line":50,"column":2},"end":{"line":50,"column":null}}},"fnMap":{"0":{"name":"envOptions","decl":{"start":{"line":10,"column":9},"end":{"line":10,"column":36}},"loc":{"start":{"line":10,"column":36},"end":{"line":18,"column":null}},"line":10},"1":{"name":"createRedis","decl":{"start":{"line":25,"column":22},"end":{"line":25,"column":34}},"loc":{"start":{"line":25,"column":74},"end":{"line":36,"column":null}},"line":25},"2":{"name":"(anonymous_2)","decl":{"start":{"line":27,"column":26},"end":{"line":27,"column":27}},"loc":{"start":{"line":27,"column":47},"end":{"line":34,"column":3}},"line":27},"3":{"name":"(anonymous_3)","decl":{"start":{"line":28,"column":20},"end":{"line":28,"column":21}},"loc":{"start":{"line":28,"column":32},"end":{"line":28,"column":null}},"line":28},"4":{"name":"(anonymous_4)","decl":{"start":{"line":30,"column":25},"end":{"line":30,"column":31}},"loc":{"start":{"line":30,"column":31},"end":{"line":33,"column":5}},"line":30},"5":{"name":"(anonymous_5)","decl":{"start":{"line":47,"column":51},"end":{"line":47,"column":58}},"loc":{"start":{"line":47,"column":71},"end":{"line":51,"column":1}},"line":47},"6":{"name":"(anonymous_6)","decl":{"start":{"line":49,"column":11},"end":{"line":49,"column":17}},"loc":{"start":{"line":49,"column":17},"end":{"line":49,"column":36}},"line":49}},"branchMap":{"0":{"loc":{"start":{"line":13,"column":10},"end":{"line":13,"column":null}},"type":"cond-expr","locations":[{"start":{"line":13,"column":55},"end":{"line":13,"column":88}},{"start":{"line":13,"column":88},"end":{"line":13,"column":null}}],"line":13},"1":{"loc":{"start":{"line":16,"column":8},"end":{"line":16,"column":null}},"type":"cond-expr","locations":[{"start":{"line":16,"column":51},"end":{"line":16,"column":82}},{"start":{"line":16,"column":82},"end":{"line":16,"column":null}}],"line":16},"2":{"loc":{"start":{"line":16,"column":82},"end":{"line":16,"column":null}},"type":"binary-expr","locations":[{"start":{"line":16,"column":82},"end":{"line":16,"column":106}},{"start":{"line":16,"column":106},"end":{"line":16,"column":null}}],"line":16},"3":{"loc":{"start":{"line":26,"column":27},"end":{"line":26,"column":50}},"type":"binary-expr","locations":[{"start":{"line":26,"column":27},"end":{"line":26,"column":38}},{"start":{"line":26,"column":38},"end":{"line":26,"column":50}}],"line":26}},"s":{"0":4,"1":5,"2":5,"3":5,"4":1,"5":5,"6":5,"7":4,"8":4,"9":4,"10":1,"11":1,"12":1,"13":1},"f":{"0":4,"1":5,"2":5,"3":1,"4":4,"5":1,"6":1},"b":{"0":[3,1],"1":[3,1],"2":[1,1],"3":[5,4]},"meta":{"lastBranch":4,"lastFunction":7,"lastStatement":14,"seen":{"f:10:9:10:36":0,"s:11:2:17:Infinity":0,"b:13:55:13:88:13:88:13:Infinity":0,"b:16:51:16:82:16:82:16:Infinity":1,"b:16:82:16:106:16:106:16:Infinity":2,"f:25:22:25:34":1,"s:26:17:26:Infinity":1,"b:26:27:26:38:26:38:26:50":3,"s:27:2:34:Infinity":2,"f:27:26:27:27":2,"s:28:20:28:Infinity":3,"f:28:20:28:21":3,"s:28:32:28:Infinity":4,"s:29:4:29:Infinity":5,"s:30:4:33:Infinity":6,"f:30:25:30:31":4,"s:31:6:31:Infinity":7,"s:32:6:32:Infinity":8,"s:35:2:35:Infinity":9,"f:47:51:47:58":5,"s:48:17:48:Infinity":10,"s:49:2:49:Infinity":11,"f:49:11:49:17":6,"s:49:17:49:36":12,"s:50:2:50:Infinity":13}}}
}
