<?xml version="1.0" encoding="UTF-8"?>
<coverage generated="1779708284748" clover="3.2.0">
  <project timestamp="1779708284748" name="All files">
    <metrics statements="46" coveredstatements="46" conditionals="21" coveredconditionals="20" methods="14" coveredmethods="14" elements="81" coveredelements="80" complexity="0" loc="46" ncloc="46" packages="1" files="3" classes="3"/>
    <file name="index.ts" path="/Users/evioshen/code/pulian/shenyunjie/artuctor/packages/message-loader/src/index.ts">
      <metrics statements="41" coveredstatements="41" conditionals="21" coveredconditionals="20" methods="11" coveredmethods="11"/>
      <line num="17" count="4" type="stmt"/>
      <line num="19" count="4" type="stmt"/>
      <line num="93" count="25" type="stmt"/>
      <line num="95" count="25" type="stmt"/>
      <line num="96" count="25" type="stmt"/>
      <line num="99" count="25" type="cond" truecount="2" falsecount="0"/>
      <line num="100" count="25" type="cond" truecount="2" falsecount="0"/>
      <line num="101" count="25" type="cond" truecount="2" falsecount="0"/>
      <line num="110" count="18" type="stmt"/>
      <line num="111" count="18" type="stmt"/>
      <line num="112" count="18" type="cond" truecount="1" falsecount="1"/>
      <line num="113" count="18" type="cond" truecount="2" falsecount="0"/>
      <line num="114" count="4" type="stmt"/>
      <line num="116" count="18" type="cond" truecount="2" falsecount="0"/>
      <line num="118" count="18" type="cond" truecount="2" falsecount="0"/>
      <line num="129" count="19" type="stmt"/>
      <line num="130" count="19" type="stmt"/>
      <line num="132" count="19" type="stmt"/>
      <line num="133" count="19" type="stmt"/>
      <line num="134" count="19" type="stmt"/>
      <line num="135" count="19" type="stmt"/>
      <line num="136" count="19" type="stmt"/>
      <line num="138" count="19" type="stmt"/>
      <line num="139" count="19" type="stmt"/>
      <line num="140" count="19" type="cond" truecount="2" falsecount="0"/>
      <line num="142" count="18" type="stmt"/>
      <line num="144" count="18" type="stmt"/>
      <line num="146" count="18" type="stmt"/>
      <line num="148" count="18" type="stmt"/>
      <line num="151" count="19" type="stmt"/>
      <line num="161" count="6" type="stmt"/>
      <line num="162" count="6" type="stmt"/>
      <line num="163" count="6" type="stmt"/>
      <line num="173" count="29" type="stmt"/>
      <line num="177" count="29" type="cond" truecount="2" falsecount="0"/>
      <line num="178" count="4" type="stmt"/>
      <line num="180" count="25" type="stmt"/>
      <line num="181" count="25" type="stmt"/>
      <line num="191" count="18" type="stmt"/>
      <line num="192" count="18" type="stmt"/>
      <line num="193" count="18" type="stmt"/>
    </file>
    <file name="message.ts" path="/Users/evioshen/code/pulian/shenyunjie/artuctor/packages/message-loader/src/message.ts">
      <metrics statements="4" coveredstatements="4" conditionals="0" coveredconditionals="0" methods="2" coveredmethods="2"/>
      <line num="1" count="1" type="stmt"/>
      <line num="15" count="3" type="stmt"/>
      <line num="16" count="3" type="stmt"/>
      <line num="23" count="6" type="stmt"/>
    </file>
    <file name="utils.ts" path="/Users/evioshen/code/pulian/shenyunjie/artuctor/packages/message-loader/src/utils.ts">
      <metrics statements="1" coveredstatements="1" conditionals="0" coveredconditionals="0" methods="1" coveredmethods="1"/>
      <line num="2" count="21" type="stmt"/>
    </file>
  </project>
</coverage>
