<?xml version="1.0" encoding="UTF-8"?>
<coverage generated="1779695050757" clover="3.2.0">
  <project timestamp="1779695050757" name="All files">
    <metrics statements="150" coveredstatements="145" conditionals="81" coveredconditionals="65" methods="37" coveredmethods="36" elements="268" coveredelements="246" complexity="0" loc="150" ncloc="150" packages="1" files="2" classes="2"/>
    <file name="exception.ts" path="/Users/evioshen/code/pulian/shenyunjie/artuctor/packages/message-modem/src/exception.ts">
      <metrics statements="6" coveredstatements="6" conditionals="2" coveredconditionals="2" methods="3" coveredmethods="3"/>
      <line num="2" count="24" type="stmt"/>
      <line num="3" count="24" type="stmt"/>
      <line num="8" count="1" type="stmt"/>
      <line num="10" count="3" type="stmt"/>
      <line num="15" count="1" type="stmt"/>
      <line num="17" count="6" type="stmt"/>
    </file>
    <file name="index.ts" path="/Users/evioshen/code/pulian/shenyunjie/artuctor/packages/message-modem/src/index.ts">
      <metrics statements="144" coveredstatements="139" conditionals="79" coveredconditionals="63" methods="34" coveredmethods="33"/>
      <line num="4" count="1" type="cond" truecount="2" falsecount="0"/>
      <line num="5" count="1" type="stmt"/>
      <line num="6" count="1" type="stmt"/>
      <line num="7" count="1" type="stmt"/>
      <line num="32" count="49" type="stmt"/>
      <line num="34" count="49" type="stmt"/>
      <line num="35" count="49" type="stmt"/>
      <line num="40" count="49" type="stmt"/>
      <line num="43" count="1" type="stmt"/>
      <line num="44" count="1" type="stmt"/>
      <line num="46" count="1" type="stmt"/>
      <line num="47" count="0" type="stmt"/>
      <line num="49" count="1" type="stmt"/>
      <line num="50" count="0" type="stmt"/>
      <line num="52" count="1" type="stmt"/>
      <line num="53" count="1" type="stmt"/>
      <line num="54" count="1" type="stmt"/>
      <line num="63" count="40" type="stmt"/>
      <line num="64" count="40" type="cond" truecount="1" falsecount="1"/>
      <line num="65" count="0" type="stmt"/>
      <line num="67" count="40" type="stmt"/>
      <line num="90" count="40" type="stmt"/>
      <line num="91" count="40" type="stmt"/>
      <line num="94" count="40" type="cond" truecount="2" falsecount="0"/>
      <line num="95" count="4" type="stmt"/>
      <line num="96" count="4" type="stmt"/>
      <line num="98" count="40" type="stmt"/>
      <line num="112" count="25" type="stmt"/>
      <line num="130" count="2" type="stmt"/>
      <line num="140" count="9" type="stmt"/>
      <line num="141" count="9" type="stmt"/>
      <line num="142" count="9" type="stmt"/>
      <line num="143" count="9" type="stmt"/>
      <line num="144" count="9" type="stmt"/>
      <line num="145" count="1" type="stmt"/>
      <line num="146" count="1" type="stmt"/>
      <line num="147" count="1" type="stmt"/>
      <line num="149" count="9" type="cond" truecount="2" falsecount="0"/>
      <line num="150" count="1" type="stmt"/>
      <line num="152" count="9" type="stmt"/>
      <line num="153" count="8" type="cond" truecount="2" falsecount="0"/>
      <line num="154" count="7" type="stmt"/>
      <line num="156" count="8" type="stmt"/>
      <line num="158" count="9" type="stmt"/>
      <line num="172" count="27" type="cond" truecount="1" falsecount="1"/>
      <line num="173" count="27" type="stmt"/>
      <line num="174" count="27" type="stmt"/>
      <line num="177" count="27" type="stmt"/>
      <line num="179" count="27" type="stmt"/>
      <line num="182" count="27" type="cond" truecount="2" falsecount="0"/>
      <line num="184" count="25" type="stmt"/>
      <line num="185" count="25" type="stmt"/>
      <line num="186" count="19" type="cond" truecount="1" falsecount="1"/>
      <line num="187" count="19" type="stmt"/>
      <line num="191" count="25" type="stmt"/>
      <line num="192" count="16" type="stmt"/>
      <line num="193" count="16" type="stmt"/>
      <line num="194" count="16" type="stmt"/>
      <line num="197" count="25" type="stmt"/>
      <line num="198" count="3" type="stmt"/>
      <line num="199" count="3" type="stmt"/>
      <line num="200" count="3" type="stmt"/>
      <line num="204" count="3" type="stmt"/>
      <line num="205" count="3" type="stmt"/>
      <line num="206" count="3" type="stmt"/>
      <line num="210" count="25" type="stmt"/>
      <line num="211" count="10" type="stmt"/>
      <line num="212" count="10" type="stmt"/>
      <line num="216" count="25" type="stmt"/>
      <line num="217" count="6" type="stmt"/>
      <line num="218" count="6" type="stmt"/>
      <line num="221" count="25" type="stmt"/>
      <line num="222" count="25" type="stmt"/>
      <line num="224" count="25" type="stmt"/>
      <line num="236" count="17" type="stmt"/>
      <line num="237" count="17" type="stmt"/>
      <line num="238" count="17" type="stmt"/>
      <line num="239" count="2" type="cond" truecount="1" falsecount="1"/>
      <line num="240" count="2" type="stmt"/>
      <line num="243" count="17" type="stmt"/>
      <line num="245" count="13" type="cond" truecount="2" falsecount="0"/>
      <line num="246" count="12" type="cond" truecount="2" falsecount="0"/>
      <line num="247" count="1" type="stmt"/>
      <line num="249" count="11" type="cond" truecount="2" falsecount="0"/>
      <line num="250" count="10" type="stmt"/>
      <line num="262" count="4" type="cond" truecount="1" falsecount="1"/>
      <line num="263" count="4" type="cond" truecount="1" falsecount="1"/>
      <line num="264" count="4" type="stmt"/>
      <line num="278" count="16" type="cond" truecount="2" falsecount="0"/>
      <line num="279" count="15" type="stmt"/>
      <line num="289" count="15" type="stmt"/>
      <line num="290" count="15" type="stmt"/>
      <line num="292" count="15" type="cond" truecount="2" falsecount="0"/>
      <line num="293" count="14" type="stmt"/>
      <line num="295" count="14" type="cond" truecount="2" falsecount="0"/>
      <line num="296" count="4" type="stmt"/>
      <line num="298" count="10" type="stmt"/>
      <line num="304" count="6" type="stmt"/>
      <line num="305" count="6" type="stmt"/>
      <line num="306" count="6" type="stmt"/>
      <line num="307" count="0" type="cond" truecount="0" falsecount="2"/>
      <line num="308" count="0" type="stmt"/>
      <line num="311" count="6" type="stmt"/>
      <line num="313" count="6" type="cond" truecount="2" falsecount="0"/>
      <line num="314" count="1" type="stmt"/>
      <line num="316" count="5" type="stmt"/>
      <line num="317" count="5" type="stmt"/>
      <line num="318" count="5" type="cond" truecount="1" falsecount="1"/>
      <line num="319" count="5" type="stmt"/>
      <line num="332" count="3" type="cond" truecount="1" falsecount="1"/>
      <line num="333" count="3" type="stmt"/>
      <line num="347" count="3" type="cond" truecount="1" falsecount="1"/>
      <line num="348" count="3" type="stmt"/>
      <line num="362" count="6" type="cond" truecount="1" falsecount="1"/>
      <line num="363" count="6" type="stmt"/>
      <line num="369" count="12" type="stmt"/>
      <line num="370" count="12" type="stmt"/>
      <line num="372" count="12" type="cond" truecount="1" falsecount="1"/>
      <line num="373" count="12" type="stmt"/>
      <line num="374" count="12" type="cond" truecount="2" falsecount="0"/>
      <line num="375" count="11" type="cond" truecount="2" falsecount="0"/>
      <line num="376" count="8" type="cond" truecount="2" falsecount="0"/>
      <line num="377" count="3" type="stmt"/>
      <line num="379" count="5" type="stmt"/>
      <line num="382" count="3" type="stmt"/>
      <line num="383" count="3" type="stmt"/>
      <line num="386" count="1" type="stmt"/>
      <line num="387" count="1" type="stmt"/>
      <line num="398" count="53" type="cond" truecount="3" falsecount="0"/>
      <line num="401" count="23" type="cond" truecount="2" falsecount="0"/>
      <line num="402" count="6" type="stmt"/>
      <line num="404" count="17" type="stmt"/>
      <line num="406" count="23" type="stmt"/>
      <line num="409" count="27" type="cond" truecount="2" falsecount="0"/>
      <line num="410" count="12" type="stmt"/>
      <line num="412" count="15" type="stmt"/>
      <line num="414" count="27" type="stmt"/>
      <line num="417" count="3" type="stmt"/>
      <line num="418" count="3" type="cond" truecount="2" falsecount="0"/>
      <line num="419" count="2" type="stmt"/>
      <line num="420" count="2" type="cond" truecount="1" falsecount="1"/>
      <line num="421" count="2" type="stmt"/>
      <line num="424" count="3" type="stmt"/>
      <line num="430" count="18" type="cond" truecount="2" falsecount="0"/>
    </file>
  </project>
</coverage>
