{"/Users/evioshen/code/pulian/shenyunjie/artuctor/packages/message-modem/src/exception.ts": {"path":"/Users/evioshen/code/pulian/shenyunjie/artuctor/packages/message-modem/src/exception.ts","statementMap":{"0":{"start":{"line":3,"column":4},"end":{"line":3,"column":null}},"1":{"start":{"line":2,"column":30},"end":{"line":2,"column":55}},"2":{"start":{"line":8,"column":25},"end":{"line":8,"column":null}},"3":{"start":{"line":10,"column":4},"end":{"line":10,"column":null}},"4":{"start":{"line":15,"column":25},"end":{"line":15,"column":null}},"5":{"start":{"line":17,"column":4},"end":{"line":17,"column":null}}},"fnMap":{"0":{"name":"(anonymous_0)","decl":{"start":{"line":2,"column":2},"end":{"line":2,"column":30}},"loc":{"start":{"line":2,"column":68},"end":{"line":4,"column":null}},"line":2},"1":{"name":"(anonymous_1)","decl":{"start":{"line":9,"column":2},"end":{"line":9,"column":14}},"loc":{"start":{"line":9,"column":39},"end":{"line":11,"column":null}},"line":9},"2":{"name":"(anonymous_2)","decl":{"start":{"line":16,"column":2},"end":{"line":16,"column":14}},"loc":{"start":{"line":16,"column":37},"end":{"line":18,"column":null}},"line":16}},"branchMap":{"0":{"loc":{"start":{"line":9,"column":14},"end":{"line":9,"column":39}},"type":"default-arg","locations":[{"start":{"line":9,"column":28},"end":{"line":9,"column":39}}],"line":9},"1":{"loc":{"start":{"line":16,"column":14},"end":{"line":16,"column":37}},"type":"default-arg","locations":[{"start":{"line":16,"column":28},"end":{"line":16,"column":37}}],"line":16}},"s":{"0":32,"1":32,"2":1,"3":3,"4":1,"5":12},"f":{"0":32,"1":3,"2":12},"b":{"0":[3],"1":[12]},"meta":{"lastBranch":2,"lastFunction":3,"lastStatement":6,"seen":{"f:2:2:2:30":0,"s:3:4:3:Infinity":0,"s:2:30:2:55":1,"s:8:25:8:Infinity":2,"f:9:2:9:14":1,"b:9:28:9:39":0,"s:10:4:10:Infinity":3,"s:15:25:15:Infinity":4,"f:16:2:16:14":2,"b:16:28:16:37":1,"s:17:4:17:Infinity":5}}}
,"/Users/evioshen/code/pulian/shenyunjie/artuctor/packages/message-modem/src/index.ts": {"path":"/Users/evioshen/code/pulian/shenyunjie/artuctor/packages/message-modem/src/index.ts","statementMap":{"0":{"start":{"line":4,"column":7},"end":{"line":4,"column":null}},"1":{"start":{"line":5,"column":2},"end":{"line":5,"column":null}},"2":{"start":{"line":6,"column":2},"end":{"line":6,"column":null}},"3":{"start":{"line":7,"column":2},"end":{"line":7,"column":null}},"4":{"start":{"line":4,"column":12},"end":{"line":4,"column":null}},"5":{"start":{"line":32,"column":15},"end":{"line":32,"column":null}},"6":{"start":{"line":34,"column":28},"end":{"line":34,"column":null}},"7":{"start":{"line":35,"column":28},"end":{"line":38,"column":null}},"8":{"start":{"line":40,"column":29},"end":{"line":40,"column":null}},"9":{"start":{"line":43,"column":4},"end":{"line":45,"column":null}},"10":{"start":{"line":44,"column":6},"end":{"line":44,"column":null}},"11":{"start":{"line":46,"column":4},"end":{"line":48,"column":null}},"12":{"start":{"line":47,"column":6},"end":{"line":47,"column":null}},"13":{"start":{"line":49,"column":4},"end":{"line":51,"column":null}},"14":{"start":{"line":50,"column":6},"end":{"line":50,"column":null}},"15":{"start":{"line":52,"column":4},"end":{"line":52,"column":null}},"16":{"start":{"line":53,"column":4},"end":{"line":53,"column":null}},"17":{"start":{"line":54,"column":4},"end":{"line":54,"column":null}},"18":{"start":{"line":63,"column":13},"end":{"line":63,"column":null}},"19":{"start":{"line":64,"column":4},"end":{"line":66,"column":null}},"20":{"start":{"line":65,"column":6},"end":{"line":65,"column":null}},"21":{"start":{"line":67,"column":4},"end":{"line":67,"column":null}},"22":{"start":{"line":90,"column":15},"end":{"line":90,"column":null}},"23":{"start":{"line":91,"column":44},"end":{"line":93,"column":null}},"24":{"start":{"line":94,"column":4},"end":{"line":97,"column":null}},"25":{"start":{"line":95,"column":6},"end":{"line":95,"column":null}},"26":{"start":{"line":96,"column":6},"end":{"line":96,"column":null}},"27":{"start":{"line":98,"column":4},"end":{"line":98,"column":null}},"28":{"start":{"line":112,"column":4},"end":{"line":116,"column":null}},"29":{"start":{"line":130,"column":4},"end":{"line":134,"column":null}},"30":{"start":{"line":140,"column":18},"end":{"line":140,"column":null}},"31":{"start":{"line":141,"column":19},"end":{"line":141,"column":null}},"32":{"start":{"line":142,"column":4},"end":{"line":142,"column":null}},"33":{"start":{"line":143,"column":4},"end":{"line":143,"column":null}},"34":{"start":{"line":144,"column":20},"end":{"line":148,"column":null}},"35":{"start":{"line":145,"column":6},"end":{"line":145,"column":null}},"36":{"start":{"line":146,"column":6},"end":{"line":146,"column":null}},"37":{"start":{"line":147,"column":6},"end":{"line":147,"column":null}},"38":{"start":{"line":149,"column":4},"end":{"line":151,"column":null}},"39":{"start":{"line":150,"column":6},"end":{"line":150,"column":null}},"40":{"start":{"line":152,"column":4},"end":{"line":157,"column":null}},"41":{"start":{"line":153,"column":6},"end":{"line":155,"column":null}},"42":{"start":{"line":154,"column":8},"end":{"line":154,"column":null}},"43":{"start":{"line":156,"column":6},"end":{"line":156,"column":null}},"44":{"start":{"line":158,"column":4},"end":{"line":158,"column":null}},"45":{"start":{"line":172,"column":20},"end":{"line":172,"column":null}},"46":{"start":{"line":173,"column":19},"end":{"line":173,"column":null}},"47":{"start":{"line":174,"column":19},"end":{"line":174,"column":null}},"48":{"start":{"line":177,"column":18},"end":{"line":177,"column":null}},"49":{"start":{"line":179,"column":4},"end":{"line":179,"column":null}},"50":{"start":{"line":182,"column":4},"end":{"line":182,"column":null}},"51":{"start":{"line":182,"column":17},"end":{"line":182,"column":null}},"52":{"start":{"line":184,"column":4},"end":{"line":228,"column":null}},"53":{"start":{"line":185,"column":20},"end":{"line":189,"column":null}},"54":{"start":{"line":186,"column":8},"end":{"line":188,"column":null}},"55":{"start":{"line":187,"column":10},"end":{"line":187,"column":null}},"56":{"start":{"line":191,"column":20},"end":{"line":195,"column":null}},"57":{"start":{"line":192,"column":8},"end":{"line":192,"column":null}},"58":{"start":{"line":193,"column":8},"end":{"line":193,"column":null}},"59":{"start":{"line":194,"column":8},"end":{"line":194,"column":null}},"60":{"start":{"line":197,"column":22},"end":{"line":208,"column":null}},"61":{"start":{"line":198,"column":8},"end":{"line":198,"column":null}},"62":{"start":{"line":199,"column":8},"end":{"line":207,"column":null}},"63":{"start":{"line":200,"column":10},"end":{"line":200,"column":null}},"64":{"start":{"line":204,"column":10},"end":{"line":204,"column":null}},"65":{"start":{"line":205,"column":10},"end":{"line":205,"column":null}},"66":{"start":{"line":206,"column":10},"end":{"line":206,"column":null}},"67":{"start":{"line":210,"column":23},"end":{"line":213,"column":null}},"68":{"start":{"line":211,"column":8},"end":{"line":211,"column":null}},"69":{"start":{"line":212,"column":8},"end":{"line":212,"column":null}},"70":{"start":{"line":216,"column":22},"end":{"line":219,"column":null}},"71":{"start":{"line":217,"column":8},"end":{"line":217,"column":null}},"72":{"start":{"line":218,"column":8},"end":{"line":218,"column":null}},"73":{"start":{"line":221,"column":20},"end":{"line":221,"column":null}},"74":{"start":{"line":221,"column":37},"end":{"line":221,"column":70}},"75":{"start":{"line":222,"column":6},"end":{"line":222,"column":null}},"76":{"start":{"line":224,"column":6},"end":{"line":227,"column":null}},"77":{"start":{"line":236,"column":23},"end":{"line":236,"column":null}},"78":{"start":{"line":237,"column":4},"end":{"line":237,"column":null}},"79":{"start":{"line":238,"column":4},"end":{"line":242,"column":null}},"80":{"start":{"line":239,"column":6},"end":{"line":241,"column":null}},"81":{"start":{"line":240,"column":8},"end":{"line":240,"column":null}},"82":{"start":{"line":243,"column":4},"end":{"line":281,"column":null}},"83":{"start":{"line":245,"column":8},"end":{"line":245,"column":null}},"84":{"start":{"line":245,"column":39},"end":{"line":245,"column":null}},"85":{"start":{"line":246,"column":8},"end":{"line":248,"column":null}},"86":{"start":{"line":247,"column":10},"end":{"line":247,"column":null}},"87":{"start":{"line":249,"column":8},"end":{"line":259,"column":null}},"88":{"start":{"line":250,"column":10},"end":{"line":258,"column":null}},"89":{"start":{"line":262,"column":8},"end":{"line":262,"column":null}},"90":{"start":{"line":262,"column":39},"end":{"line":262,"column":null}},"91":{"start":{"line":263,"column":8},"end":{"line":274,"column":null}},"92":{"start":{"line":264,"column":10},"end":{"line":273,"column":null}},"93":{"start":{"line":278,"column":8},"end":{"line":280,"column":null}},"94":{"start":{"line":279,"column":10},"end":{"line":279,"column":null}},"95":{"start":{"line":289,"column":15},"end":{"line":289,"column":null}},"96":{"start":{"line":290,"column":16},"end":{"line":290,"column":null}},"97":{"start":{"line":292,"column":4},"end":{"line":300,"column":null}},"98":{"start":{"line":293,"column":34},"end":{"line":293,"column":null}},"99":{"start":{"line":295,"column":6},"end":{"line":299,"column":null}},"100":{"start":{"line":296,"column":8},"end":{"line":296,"column":null}},"101":{"start":{"line":298,"column":8},"end":{"line":298,"column":null}},"102":{"start":{"line":304,"column":23},"end":{"line":304,"column":null}},"103":{"start":{"line":305,"column":4},"end":{"line":305,"column":null}},"104":{"start":{"line":306,"column":4},"end":{"line":310,"column":null}},"105":{"start":{"line":307,"column":6},"end":{"line":309,"column":null}},"106":{"start":{"line":308,"column":8},"end":{"line":308,"column":null}},"107":{"start":{"line":311,"column":4},"end":{"line":365,"column":null}},"108":{"start":{"line":313,"column":8},"end":{"line":315,"column":null}},"109":{"start":{"line":314,"column":10},"end":{"line":314,"column":null}},"110":{"start":{"line":316,"column":16},"end":{"line":316,"column":null}},"111":{"start":{"line":317,"column":8},"end":{"line":331,"column":null}},"112":{"start":{"line":318,"column":10},"end":{"line":318,"column":null}},"113":{"start":{"line":318,"column":41},"end":{"line":318,"column":null}},"114":{"start":{"line":319,"column":10},"end":{"line":330,"column":null}},"115":{"start":{"line":332,"column":8},"end":{"line":332,"column":null}},"116":{"start":{"line":332,"column":39},"end":{"line":332,"column":null}},"117":{"start":{"line":333,"column":8},"end":{"line":344,"column":null}},"118":{"start":{"line":347,"column":8},"end":{"line":347,"column":null}},"119":{"start":{"line":347,"column":39},"end":{"line":347,"column":null}},"120":{"start":{"line":348,"column":8},"end":{"line":359,"column":null}},"121":{"start":{"line":362,"column":8},"end":{"line":364,"column":null}},"122":{"start":{"line":363,"column":10},"end":{"line":363,"column":null}},"123":{"start":{"line":369,"column":15},"end":{"line":369,"column":null}},"124":{"start":{"line":370,"column":16},"end":{"line":370,"column":null}},"125":{"start":{"line":372,"column":4},"end":{"line":389,"column":null}},"126":{"start":{"line":373,"column":21},"end":{"line":373,"column":null}},"127":{"start":{"line":374,"column":6},"end":{"line":388,"column":null}},"128":{"start":{"line":375,"column":8},"end":{"line":384,"column":null}},"129":{"start":{"line":376,"column":10},"end":{"line":380,"column":null}},"130":{"start":{"line":377,"column":12},"end":{"line":377,"column":null}},"131":{"start":{"line":379,"column":12},"end":{"line":379,"column":null}},"132":{"start":{"line":382,"column":22},"end":{"line":382,"column":null}},"133":{"start":{"line":383,"column":10},"end":{"line":383,"column":null}},"134":{"start":{"line":383,"column":29},"end":{"line":383,"column":48}},"135":{"start":{"line":386,"column":20},"end":{"line":386,"column":null}},"136":{"start":{"line":387,"column":8},"end":{"line":387,"column":null}},"137":{"start":{"line":387,"column":27},"end":{"line":387,"column":46}},"138":{"start":{"line":398,"column":4},"end":{"line":425,"column":null}},"139":{"start":{"line":401,"column":8},"end":{"line":405,"column":null}},"140":{"start":{"line":402,"column":10},"end":{"line":402,"column":null}},"141":{"start":{"line":404,"column":10},"end":{"line":404,"column":null}},"142":{"start":{"line":406,"column":8},"end":{"line":406,"column":null}},"143":{"start":{"line":409,"column":8},"end":{"line":413,"column":null}},"144":{"start":{"line":410,"column":10},"end":{"line":410,"column":null}},"145":{"start":{"line":412,"column":10},"end":{"line":412,"column":null}},"146":{"start":{"line":414,"column":8},"end":{"line":414,"column":null}},"147":{"start":{"line":417,"column":27},"end":{"line":417,"column":null}},"148":{"start":{"line":418,"column":8},"end":{"line":423,"column":null}},"149":{"start":{"line":419,"column":29},"end":{"line":419,"column":null}},"150":{"start":{"line":420,"column":10},"end":{"line":422,"column":null}},"151":{"start":{"line":421,"column":12},"end":{"line":421,"column":null}},"152":{"start":{"line":424,"column":8},"end":{"line":424,"column":null}},"153":{"start":{"line":430,"column":2},"end":{"line":430,"column":null}}},"fnMap":{"0":{"name":"(anonymous_0)","decl":{"start":{"line":4,"column":7},"end":{"line":4,"column":12}},"loc":{"start":{"line":4,"column":7},"end":{"line":4,"column":null}},"line":4},"1":{"name":"(anonymous_1)","decl":{"start":{"line":42,"column":12},"end":{"line":42,"column":23}},"loc":{"start":{"line":42,"column":23},"end":{"line":55,"column":null}},"line":42},"2":{"name":"(anonymous_2)","decl":{"start":{"line":62,"column":10},"end":{"line":62,"column":30}},"loc":{"start":{"line":62,"column":30},"end":{"line":68,"column":null}},"line":62},"3":{"name":"(anonymous_3)","decl":{"start":{"line":89,"column":10},"end":{"line":89,"column":34}},"loc":{"start":{"line":89,"column":101},"end":{"line":99,"column":null}},"line":89},"4":{"name":"(anonymous_4)","decl":{"start":{"line":108,"column":12},"end":{"line":108,"column":27}},"loc":{"start":{"line":111,"column":5},"end":{"line":117,"column":null}},"line":111},"5":{"name":"(anonymous_5)","decl":{"start":{"line":126,"column":12},"end":{"line":126,"column":27}},"loc":{"start":{"line":129,"column":11},"end":{"line":135,"column":null}},"line":129},"6":{"name":"(anonymous_6)","decl":{"start":{"line":137,"column":12},"end":{"line":137,"column":20}},"loc":{"start":{"line":139,"column":5},"end":{"line":159,"column":null}},"line":139},"7":{"name":"(anonymous_7)","decl":{"start":{"line":141,"column":52},"end":{"line":141,"column":59}},"loc":{"start":{"line":141,"column":59},"end":{"line":141,"column":63}},"line":141},"8":{"name":"(anonymous_8)","decl":{"start":{"line":144,"column":20},"end":{"line":144,"column":26}},"loc":{"start":{"line":144,"column":26},"end":{"line":148,"column":null}},"line":144},"9":{"name":"(anonymous_9)","decl":{"start":{"line":152,"column":23},"end":{"line":152,"column":29}},"loc":{"start":{"line":152,"column":29},"end":{"line":157,"column":5}},"line":152},"10":{"name":"(anonymous_10)","decl":{"start":{"line":167,"column":10},"end":{"line":167,"column":26}},"loc":{"start":{"line":171,"column":5},"end":{"line":229,"column":null}},"line":171},"11":{"name":"(anonymous_11)","decl":{"start":{"line":184,"column":26},"end":{"line":184,"column":27}},"loc":{"start":{"line":184,"column":47},"end":{"line":228,"column":5}},"line":184},"12":{"name":"(anonymous_12)","decl":{"start":{"line":185,"column":20},"end":{"line":185,"column":26}},"loc":{"start":{"line":185,"column":26},"end":{"line":189,"column":null}},"line":185},"13":{"name":"(anonymous_13)","decl":{"start":{"line":191,"column":20},"end":{"line":191,"column":26}},"loc":{"start":{"line":191,"column":26},"end":{"line":195,"column":null}},"line":191},"14":{"name":"(anonymous_14)","decl":{"start":{"line":197,"column":22},"end":{"line":197,"column":28}},"loc":{"start":{"line":197,"column":28},"end":{"line":208,"column":null}},"line":197},"15":{"name":"(anonymous_15)","decl":{"start":{"line":210,"column":23},"end":{"line":210,"column":24}},"loc":{"start":{"line":210,"column":36},"end":{"line":213,"column":null}},"line":210},"16":{"name":"(anonymous_16)","decl":{"start":{"line":216,"column":22},"end":{"line":216,"column":23}},"loc":{"start":{"line":216,"column":34},"end":{"line":219,"column":null}},"line":216},"17":{"name":"(anonymous_17)","decl":{"start":{"line":221,"column":31},"end":{"line":221,"column":37}},"loc":{"start":{"line":221,"column":37},"end":{"line":221,"column":70}},"line":221},"18":{"name":"(anonymous_18)","decl":{"start":{"line":235,"column":10},"end":{"line":235,"column":29}},"loc":{"start":{"line":235,"column":60},"end":{"line":282,"column":null}},"line":235},"19":{"name":"(anonymous_19)","decl":{"start":{"line":238,"column":48},"end":{"line":238,"column":54}},"loc":{"start":{"line":238,"column":54},"end":{"line":242,"column":5}},"line":238},"20":{"name":"(anonymous_20)","decl":{"start":{"line":244,"column":12},"end":{"line":244,"column":21}},"loc":{"start":{"line":244,"column":21},"end":{"line":260,"column":7}},"line":244},"21":{"name":"(anonymous_21)","decl":{"start":{"line":261,"column":13},"end":{"line":261,"column":18}},"loc":{"start":{"line":261,"column":18},"end":{"line":275,"column":7}},"line":261},"22":{"name":"(anonymous_22)","decl":{"start":{"line":276,"column":15},"end":{"line":276,"column":21}},"loc":{"start":{"line":276,"column":21},"end":{"line":281,"column":7}},"line":276},"23":{"name":"(anonymous_23)","decl":{"start":{"line":288,"column":10},"end":{"line":288,"column":30}},"loc":{"start":{"line":288,"column":82},"end":{"line":301,"column":null}},"line":288},"24":{"name":"(anonymous_24)","decl":{"start":{"line":303,"column":10},"end":{"line":303,"column":35}},"loc":{"start":{"line":303,"column":66},"end":{"line":366,"column":null}},"line":303},"25":{"name":"(anonymous_25)","decl":{"start":{"line":306,"column":48},"end":{"line":306,"column":54}},"loc":{"start":{"line":306,"column":54},"end":{"line":310,"column":5}},"line":306},"26":{"name":"(anonymous_26)","decl":{"start":{"line":312,"column":12},"end":{"line":312,"column":19}},"loc":{"start":{"line":312,"column":49},"end":{"line":345,"column":7}},"line":312},"27":{"name":"(anonymous_27)","decl":{"start":{"line":346,"column":13},"end":{"line":346,"column":18}},"loc":{"start":{"line":346,"column":18},"end":{"line":360,"column":7}},"line":346},"28":{"name":"(anonymous_28)","decl":{"start":{"line":361,"column":15},"end":{"line":361,"column":21}},"loc":{"start":{"line":361,"column":21},"end":{"line":365,"column":7}},"line":361},"29":{"name":"(anonymous_29)","decl":{"start":{"line":368,"column":10},"end":{"line":368,"column":36}},"loc":{"start":{"line":368,"column":87},"end":{"line":390,"column":null}},"line":368},"30":{"name":"(anonymous_30)","decl":{"start":{"line":383,"column":23},"end":{"line":383,"column":29}},"loc":{"start":{"line":383,"column":29},"end":{"line":383,"column":48}},"line":383},"31":{"name":"(anonymous_31)","decl":{"start":{"line":387,"column":21},"end":{"line":387,"column":27}},"loc":{"start":{"line":387,"column":27},"end":{"line":387,"column":46}},"line":387},"32":{"name":"(anonymous_32)","decl":{"start":{"line":396,"column":9},"end":{"line":396,"column":17}},"loc":{"start":{"line":396,"column":45},"end":{"line":426,"column":null}},"line":396},"33":{"name":"isAsyncIterable","decl":{"start":{"line":429,"column":9},"end":{"line":429,"column":34}},"loc":{"start":{"line":429,"column":73},"end":{"line":431,"column":null}},"line":429}},"branchMap":{"0":{"loc":{"start":{"line":4,"column":12},"end":{"line":4,"column":null}},"type":"binary-expr","locations":[{"start":{"line":4,"column":12},"end":{"line":4,"column":null}},{"start":{"line":4,"column":12},"end":{"line":4,"column":null}}],"line":4},"1":{"loc":{"start":{"line":64,"column":4},"end":{"line":66,"column":null}},"type":"if","locations":[{"start":{"line":64,"column":4},"end":{"line":66,"column":null}},{"start":{},"end":{}}],"line":64},"2":{"loc":{"start":{"line":89,"column":70},"end":{"line":89,"column":85}},"type":"default-arg","locations":[{"start":{"line":89,"column":79},"end":{"line":89,"column":85}}],"line":89},"3":{"loc":{"start":{"line":89,"column":85},"end":{"line":89,"column":101}},"type":"default-arg","locations":[{"start":{"line":89,"column":94},"end":{"line":89,"column":101}}],"line":89},"4":{"loc":{"start":{"line":94,"column":4},"end":{"line":97,"column":null}},"type":"if","locations":[{"start":{"line":94,"column":4},"end":{"line":97,"column":null}},{"start":{},"end":{}}],"line":94},"5":{"loc":{"start":{"line":113,"column":15},"end":{"line":113,"column":null}},"type":"binary-expr","locations":[{"start":{"line":113,"column":15},"end":{"line":113,"column":35}},{"start":{"line":113,"column":35},"end":{"line":113,"column":null}}],"line":113},"6":{"loc":{"start":{"line":131,"column":15},"end":{"line":131,"column":null}},"type":"binary-expr","locations":[{"start":{"line":131,"column":15},"end":{"line":131,"column":35}},{"start":{"line":131,"column":35},"end":{"line":131,"column":null}}],"line":131},"7":{"loc":{"start":{"line":149,"column":4},"end":{"line":151,"column":null}},"type":"if","locations":[{"start":{"line":149,"column":4},"end":{"line":151,"column":null}},{"start":{},"end":{}}],"line":149},"8":{"loc":{"start":{"line":153,"column":6},"end":{"line":155,"column":null}},"type":"if","locations":[{"start":{"line":153,"column":6},"end":{"line":155,"column":null}},{"start":{},"end":{}}],"line":153},"9":{"loc":{"start":{"line":172,"column":20},"end":{"line":172,"column":null}},"type":"binary-expr","locations":[{"start":{"line":172,"column":20},"end":{"line":172,"column":40}},{"start":{"line":172,"column":40},"end":{"line":172,"column":null}}],"line":172},"10":{"loc":{"start":{"line":182,"column":4},"end":{"line":182,"column":null}},"type":"if","locations":[{"start":{"line":182,"column":4},"end":{"line":182,"column":null}},{"start":{},"end":{}}],"line":182},"11":{"loc":{"start":{"line":186,"column":8},"end":{"line":188,"column":null}},"type":"if","locations":[{"start":{"line":186,"column":8},"end":{"line":188,"column":null}},{"start":{},"end":{}}],"line":186},"12":{"loc":{"start":{"line":239,"column":6},"end":{"line":241,"column":null}},"type":"if","locations":[{"start":{"line":239,"column":6},"end":{"line":241,"column":null}},{"start":{},"end":{}}],"line":239},"13":{"loc":{"start":{"line":245,"column":8},"end":{"line":245,"column":null}},"type":"if","locations":[{"start":{"line":245,"column":8},"end":{"line":245,"column":null}},{"start":{},"end":{}}],"line":245},"14":{"loc":{"start":{"line":246,"column":8},"end":{"line":248,"column":null}},"type":"if","locations":[{"start":{"line":246,"column":8},"end":{"line":248,"column":null}},{"start":{},"end":{}}],"line":246},"15":{"loc":{"start":{"line":249,"column":8},"end":{"line":259,"column":null}},"type":"if","locations":[{"start":{"line":249,"column":8},"end":{"line":259,"column":null}},{"start":{},"end":{}}],"line":249},"16":{"loc":{"start":{"line":262,"column":8},"end":{"line":262,"column":null}},"type":"if","locations":[{"start":{"line":262,"column":8},"end":{"line":262,"column":null}},{"start":{},"end":{}}],"line":262},"17":{"loc":{"start":{"line":263,"column":8},"end":{"line":274,"column":null}},"type":"if","locations":[{"start":{"line":263,"column":8},"end":{"line":274,"column":null}},{"start":{},"end":{}}],"line":263},"18":{"loc":{"start":{"line":269,"column":22},"end":{"line":269,"column":null}},"type":"cond-expr","locations":[{"start":{"line":269,"column":47},"end":{"line":269,"column":58}},{"start":{"line":269,"column":58},"end":{"line":269,"column":null}}],"line":269},"19":{"loc":{"start":{"line":278,"column":8},"end":{"line":280,"column":null}},"type":"if","locations":[{"start":{"line":278,"column":8},"end":{"line":280,"column":null}},{"start":{},"end":{}}],"line":278},"20":{"loc":{"start":{"line":292,"column":4},"end":{"line":300,"column":null}},"type":"if","locations":[{"start":{"line":292,"column":4},"end":{"line":300,"column":null}},{"start":{},"end":{}}],"line":292},"21":{"loc":{"start":{"line":295,"column":6},"end":{"line":299,"column":null}},"type":"if","locations":[{"start":{"line":295,"column":6},"end":{"line":299,"column":null}},{"start":{"line":297,"column":13},"end":{"line":299,"column":null}}],"line":295},"22":{"loc":{"start":{"line":307,"column":6},"end":{"line":309,"column":null}},"type":"if","locations":[{"start":{"line":307,"column":6},"end":{"line":309,"column":null}},{"start":{},"end":{}}],"line":307},"23":{"loc":{"start":{"line":313,"column":8},"end":{"line":315,"column":null}},"type":"if","locations":[{"start":{"line":313,"column":8},"end":{"line":315,"column":null}},{"start":{},"end":{}}],"line":313},"24":{"loc":{"start":{"line":318,"column":10},"end":{"line":318,"column":null}},"type":"if","locations":[{"start":{"line":318,"column":10},"end":{"line":318,"column":null}},{"start":{},"end":{}}],"line":318},"25":{"loc":{"start":{"line":332,"column":8},"end":{"line":332,"column":null}},"type":"if","locations":[{"start":{"line":332,"column":8},"end":{"line":332,"column":null}},{"start":{},"end":{}}],"line":332},"26":{"loc":{"start":{"line":347,"column":8},"end":{"line":347,"column":null}},"type":"if","locations":[{"start":{"line":347,"column":8},"end":{"line":347,"column":null}},{"start":{},"end":{}}],"line":347},"27":{"loc":{"start":{"line":353,"column":20},"end":{"line":353,"column":null}},"type":"cond-expr","locations":[{"start":{"line":353,"column":45},"end":{"line":353,"column":56}},{"start":{"line":353,"column":56},"end":{"line":353,"column":null}}],"line":353},"28":{"loc":{"start":{"line":355,"column":21},"end":{"line":355,"column":null}},"type":"cond-expr","locations":[{"start":{"line":355,"column":46},"end":{"line":355,"column":58}},{"start":{"line":355,"column":58},"end":{"line":355,"column":null}}],"line":355},"29":{"loc":{"start":{"line":362,"column":8},"end":{"line":364,"column":null}},"type":"if","locations":[{"start":{"line":362,"column":8},"end":{"line":364,"column":null}},{"start":{},"end":{}}],"line":362},"30":{"loc":{"start":{"line":372,"column":4},"end":{"line":389,"column":null}},"type":"if","locations":[{"start":{"line":372,"column":4},"end":{"line":389,"column":null}},{"start":{},"end":{}}],"line":372},"31":{"loc":{"start":{"line":374,"column":6},"end":{"line":388,"column":null}},"type":"if","locations":[{"start":{"line":374,"column":6},"end":{"line":388,"column":null}},{"start":{"line":385,"column":13},"end":{"line":388,"column":null}}],"line":374},"32":{"loc":{"start":{"line":375,"column":8},"end":{"line":384,"column":null}},"type":"if","locations":[{"start":{"line":375,"column":8},"end":{"line":384,"column":null}},{"start":{"line":381,"column":15},"end":{"line":384,"column":null}}],"line":375},"33":{"loc":{"start":{"line":376,"column":10},"end":{"line":380,"column":null}},"type":"if","locations":[{"start":{"line":376,"column":10},"end":{"line":380,"column":null}},{"start":{"line":378,"column":17},"end":{"line":380,"column":null}}],"line":376},"34":{"loc":{"start":{"line":398,"column":4},"end":{"line":425,"column":null}},"type":"switch","locations":[{"start":{"line":400,"column":6},"end":{"line":406,"column":null}},{"start":{"line":408,"column":6},"end":{"line":414,"column":null}},{"start":{"line":416,"column":6},"end":{"line":424,"column":null}}],"line":398},"35":{"loc":{"start":{"line":401,"column":8},"end":{"line":405,"column":null}},"type":"if","locations":[{"start":{"line":401,"column":8},"end":{"line":405,"column":null}},{"start":{"line":403,"column":15},"end":{"line":405,"column":null}}],"line":401},"36":{"loc":{"start":{"line":409,"column":8},"end":{"line":413,"column":null}},"type":"if","locations":[{"start":{"line":409,"column":8},"end":{"line":413,"column":null}},{"start":{"line":411,"column":15},"end":{"line":413,"column":null}}],"line":409},"37":{"loc":{"start":{"line":418,"column":8},"end":{"line":423,"column":null}},"type":"if","locations":[{"start":{"line":418,"column":8},"end":{"line":423,"column":null}},{"start":{},"end":{}}],"line":418},"38":{"loc":{"start":{"line":420,"column":10},"end":{"line":422,"column":null}},"type":"if","locations":[{"start":{"line":420,"column":10},"end":{"line":422,"column":null}},{"start":{},"end":{}}],"line":420},"39":{"loc":{"start":{"line":430,"column":9},"end":{"line":430,"column":null}},"type":"binary-expr","locations":[{"start":{"line":430,"column":9},"end":{"line":430,"column":26}},{"start":{"line":430,"column":26},"end":{"line":430,"column":null}}],"line":430}},"s":{"0":1,"1":1,"2":1,"3":1,"4":1,"5":65,"6":65,"7":65,"8":65,"9":3,"10":2,"11":3,"12":2,"13":3,"14":1,"15":3,"16":3,"17":3,"18":54,"19":54,"20":1,"21":54,"22":52,"23":52,"24":52,"25":8,"26":8,"27":52,"28":27,"29":3,"30":14,"31":14,"32":14,"33":14,"34":14,"35":4,"36":4,"37":4,"38":14,"39":4,"40":14,"41":13,"42":8,"43":13,"44":14,"45":30,"46":30,"47":30,"48":30,"49":30,"50":30,"51":3,"52":27,"53":27,"54":21,"55":21,"56":27,"57":17,"58":17,"59":17,"60":27,"61":4,"62":4,"63":4,"64":4,"65":4,"66":4,"67":27,"68":10,"69":10,"70":27,"71":7,"72":7,"73":27,"74":1,"75":27,"76":27,"77":20,"78":20,"79":20,"80":4,"81":4,"82":20,"83":13,"84":1,"85":12,"86":1,"87":11,"88":10,"89":6,"90":1,"91":5,"92":4,"93":18,"94":16,"95":15,"96":15,"97":15,"98":14,"99":14,"100":4,"101":10,"102":11,"103":11,"104":11,"105":4,"106":4,"107":11,"108":10,"109":1,"110":9,"111":9,"112":10,"113":1,"114":9,"115":4,"116":1,"117":3,"118":5,"119":1,"120":4,"121":10,"122":7,"123":18,"124":18,"125":18,"126":17,"127":17,"128":16,"129":12,"130":3,"131":9,"132":4,"133":4,"134":4,"135":1,"136":1,"137":1,"138":71,"139":31,"140":11,"141":20,"142":31,"143":33,"144":18,"145":15,"146":33,"147":7,"148":7,"149":6,"150":6,"151":6,"152":7,"153":22},"f":{"0":1,"1":3,"2":54,"3":52,"4":27,"5":3,"6":14,"7":9,"8":4,"9":13,"10":30,"11":27,"12":21,"13":17,"14":4,"15":10,"16":7,"17":1,"18":20,"19":4,"20":13,"21":6,"22":18,"23":15,"24":11,"25":4,"26":10,"27":5,"28":10,"29":18,"30":4,"31":1,"32":71,"33":22},"b":{"0":[1,1],"1":[1,53],"2":[52],"3":[52],"4":[8,44],"5":[27,26],"6":[3,3],"7":[4,10],"8":[8,5],"9":[30,0],"10":[3,27],"11":[21,0],"12":[4,0],"13":[1,12],"14":[1,11],"15":[10,1],"16":[1,5],"17":[4,1],"18":[3,1],"19":[16,2],"20":[14,1],"21":[4,10],"22":[4,0],"23":[1,9],"24":[1,9],"25":[1,3],"26":[1,4],"27":[3,1],"28":[3,1],"29":[7,3],"30":[17,1],"31":[16,1],"32":[12,4],"33":[3,9],"34":[31,33,7],"35":[11,20],"36":[18,15],"37":[6,1],"38":[6,0],"39":[22,22]},"meta":{"lastBranch":40,"lastFunction":34,"lastStatement":154,"seen":{"s:4:7:4:Infinity":0,"f:4:7:4:12":0,"s:5:2:5:Infinity":1,"s:6:2:6:Infinity":2,"s:7:2:7:Infinity":3,"s:4:12:4:Infinity":4,"b:4:12:4:Infinity:4:12:4:Infinity":0,"s:32:15:32:Infinity":5,"s:34:28:34:Infinity":6,"s:35:28:38:Infinity":7,"s:40:29:40:Infinity":8,"f:42:12:42:23":1,"s:43:4:45:Infinity":9,"s:44:6:44:Infinity":10,"s:46:4:48:Infinity":11,"s:47:6:47:Infinity":12,"s:49:4:51:Infinity":13,"s:50:6:50:Infinity":14,"s:52:4:52:Infinity":15,"s:53:4:53:Infinity":16,"s:54:4:54:Infinity":17,"f:62:10:62:30":2,"s:63:13:63:Infinity":18,"b:64:4:66:Infinity:undefined:undefined:undefined:undefined":1,"s:64:4:66:Infinity":19,"s:65:6:65:Infinity":20,"s:67:4:67:Infinity":21,"f:89:10:89:34":3,"b:89:79:89:85":2,"b:89:94:89:101":3,"s:90:15:90:Infinity":22,"s:91:44:93:Infinity":23,"b:94:4:97:Infinity:undefined:undefined:undefined:undefined":4,"s:94:4:97:Infinity":24,"s:95:6:95:Infinity":25,"s:96:6:96:Infinity":26,"s:98:4:98:Infinity":27,"f:108:12:108:27":4,"s:112:4:116:Infinity":28,"b:113:15:113:35:113:35:113:Infinity":5,"f:126:12:126:27":5,"s:130:4:134:Infinity":29,"b:131:15:131:35:131:35:131:Infinity":6,"f:137:12:137:20":6,"s:140:18:140:Infinity":30,"s:141:19:141:Infinity":31,"f:141:52:141:59":7,"s:142:4:142:Infinity":32,"s:143:4:143:Infinity":33,"s:144:20:148:Infinity":34,"f:144:20:144:26":8,"s:145:6:145:Infinity":35,"s:146:6:146:Infinity":36,"s:147:6:147:Infinity":37,"b:149:4:151:Infinity:undefined:undefined:undefined:undefined":7,"s:149:4:151:Infinity":38,"s:150:6:150:Infinity":39,"s:152:4:157:Infinity":40,"f:152:23:152:29":9,"b:153:6:155:Infinity:undefined:undefined:undefined:undefined":8,"s:153:6:155:Infinity":41,"s:154:8:154:Infinity":42,"s:156:6:156:Infinity":43,"s:158:4:158:Infinity":44,"f:167:10:167:26":10,"s:172:20:172:Infinity":45,"b:172:20:172:40:172:40:172:Infinity":9,"s:173:19:173:Infinity":46,"s:174:19:174:Infinity":47,"s:177:18:177:Infinity":48,"s:179:4:179:Infinity":49,"b:182:4:182:Infinity:undefined:undefined:undefined:undefined":10,"s:182:4:182:Infinity":50,"s:182:17:182:Infinity":51,"s:184:4:228:Infinity":52,"f:184:26:184:27":11,"s:185:20:189:Infinity":53,"f:185:20:185:26":12,"b:186:8:188:Infinity:undefined:undefined:undefined:undefined":11,"s:186:8:188:Infinity":54,"s:187:10:187:Infinity":55,"s:191:20:195:Infinity":56,"f:191:20:191:26":13,"s:192:8:192:Infinity":57,"s:193:8:193:Infinity":58,"s:194:8:194:Infinity":59,"s:197:22:208:Infinity":60,"f:197:22:197:28":14,"s:198:8:198:Infinity":61,"s:199:8:207:Infinity":62,"s:200:10:200:Infinity":63,"s:204:10:204:Infinity":64,"s:205:10:205:Infinity":65,"s:206:10:206:Infinity":66,"s:210:23:213:Infinity":67,"f:210:23:210:24":15,"s:211:8:211:Infinity":68,"s:212:8:212:Infinity":69,"s:216:22:219:Infinity":70,"f:216:22:216:23":16,"s:217:8:217:Infinity":71,"s:218:8:218:Infinity":72,"s:221:20:221:Infinity":73,"f:221:31:221:37":17,"s:221:37:221:70":74,"s:222:6:222:Infinity":75,"s:224:6:227:Infinity":76,"f:235:10:235:29":18,"s:236:23:236:Infinity":77,"s:237:4:237:Infinity":78,"s:238:4:242:Infinity":79,"f:238:48:238:54":19,"b:239:6:241:Infinity:undefined:undefined:undefined:undefined":12,"s:239:6:241:Infinity":80,"s:240:8:240:Infinity":81,"s:243:4:281:Infinity":82,"f:244:12:244:21":20,"b:245:8:245:Infinity:undefined:undefined:undefined:undefined":13,"s:245:8:245:Infinity":83,"s:245:39:245:Infinity":84,"b:246:8:248:Infinity:undefined:undefined:undefined:undefined":14,"s:246:8:248:Infinity":85,"s:247:10:247:Infinity":86,"b:249:8:259:Infinity:undefined:undefined:undefined:undefined":15,"s:249:8:259:Infinity":87,"s:250:10:258:Infinity":88,"f:261:13:261:18":21,"b:262:8:262:Infinity:undefined:undefined:undefined:undefined":16,"s:262:8:262:Infinity":89,"s:262:39:262:Infinity":90,"b:263:8:274:Infinity:undefined:undefined:undefined:undefined":17,"s:263:8:274:Infinity":91,"s:264:10:273:Infinity":92,"b:269:47:269:58:269:58:269:Infinity":18,"f:276:15:276:21":22,"b:278:8:280:Infinity:undefined:undefined:undefined:undefined":19,"s:278:8:280:Infinity":93,"s:279:10:279:Infinity":94,"f:288:10:288:30":23,"s:289:15:289:Infinity":95,"s:290:16:290:Infinity":96,"b:292:4:300:Infinity:undefined:undefined:undefined:undefined":20,"s:292:4:300:Infinity":97,"s:293:34:293:Infinity":98,"b:295:6:299:Infinity:297:13:299:Infinity":21,"s:295:6:299:Infinity":99,"s:296:8:296:Infinity":100,"s:298:8:298:Infinity":101,"f:303:10:303:35":24,"s:304:23:304:Infinity":102,"s:305:4:305:Infinity":103,"s:306:4:310:Infinity":104,"f:306:48:306:54":25,"b:307:6:309:Infinity:undefined:undefined:undefined:undefined":22,"s:307:6:309:Infinity":105,"s:308:8:308:Infinity":106,"s:311:4:365:Infinity":107,"f:312:12:312:19":26,"b:313:8:315:Infinity:undefined:undefined:undefined:undefined":23,"s:313:8:315:Infinity":108,"s:314:10:314:Infinity":109,"s:316:16:316:Infinity":110,"s:317:8:331:Infinity":111,"b:318:10:318:Infinity:undefined:undefined:undefined:undefined":24,"s:318:10:318:Infinity":112,"s:318:41:318:Infinity":113,"s:319:10:330:Infinity":114,"b:332:8:332:Infinity:undefined:undefined:undefined:undefined":25,"s:332:8:332:Infinity":115,"s:332:39:332:Infinity":116,"s:333:8:344:Infinity":117,"f:346:13:346:18":27,"b:347:8:347:Infinity:undefined:undefined:undefined:undefined":26,"s:347:8:347:Infinity":118,"s:347:39:347:Infinity":119,"s:348:8:359:Infinity":120,"b:353:45:353:56:353:56:353:Infinity":27,"b:355:46:355:58:355:58:355:Infinity":28,"f:361:15:361:21":28,"b:362:8:364:Infinity:undefined:undefined:undefined:undefined":29,"s:362:8:364:Infinity":121,"s:363:10:363:Infinity":122,"f:368:10:368:36":29,"s:369:15:369:Infinity":123,"s:370:16:370:Infinity":124,"b:372:4:389:Infinity:undefined:undefined:undefined:undefined":30,"s:372:4:389:Infinity":125,"s:373:21:373:Infinity":126,"b:374:6:388:Infinity:385:13:388:Infinity":31,"s:374:6:388:Infinity":127,"b:375:8:384:Infinity:381:15:384:Infinity":32,"s:375:8:384:Infinity":128,"b:376:10:380:Infinity:378:17:380:Infinity":33,"s:376:10:380:Infinity":129,"s:377:12:377:Infinity":130,"s:379:12:379:Infinity":131,"s:382:22:382:Infinity":132,"s:383:10:383:Infinity":133,"f:383:23:383:29":30,"s:383:29:383:48":134,"s:386:20:386:Infinity":135,"s:387:8:387:Infinity":136,"f:387:21:387:27":31,"s:387:27:387:46":137,"f:396:9:396:17":32,"b:400:6:406:Infinity:408:6:414:Infinity:416:6:424:Infinity":34,"s:398:4:425:Infinity":138,"b:401:8:405:Infinity:403:15:405:Infinity":35,"s:401:8:405:Infinity":139,"s:402:10:402:Infinity":140,"s:404:10:404:Infinity":141,"s:406:8:406:Infinity":142,"b:409:8:413:Infinity:411:15:413:Infinity":36,"s:409:8:413:Infinity":143,"s:410:10:410:Infinity":144,"s:412:10:412:Infinity":145,"s:414:8:414:Infinity":146,"s:417:27:417:Infinity":147,"b:418:8:423:Infinity:undefined:undefined:undefined:undefined":37,"s:418:8:423:Infinity":148,"s:419:29:419:Infinity":149,"b:420:10:422:Infinity:undefined:undefined:undefined:undefined":38,"s:420:10:422:Infinity":150,"s:421:12:421:Infinity":151,"s:424:8:424:Infinity":152,"f:429:9:429:34":33,"s:430:2:430:Infinity":153,"b:430:9:430:26:430:26:430:Infinity":39}}}
}
