<?xml version="1.0" encoding="UTF-8"?>
<coverage generated="1779695064495" clover="3.2.0">
  <project timestamp="1779695064495" name="All files">
    <metrics statements="45" coveredstatements="45" conditionals="14" coveredconditionals="12" methods="5" coveredmethods="5" elements="64" coveredelements="62" complexity="0" loc="45" ncloc="45" packages="1" files="1" classes="1"/>
    <file name="server.ts" path="/Users/evioshen/code/pulian/shenyunjie/artuctor/packages/micro-dynamic-configs/src/server.ts">
      <metrics statements="45" coveredstatements="45" conditionals="14" coveredconditionals="12" methods="5" coveredmethods="5"/>
      <line num="14" count="14" type="stmt"/>
      <line num="26" count="14" type="stmt"/>
      <line num="27" count="14" type="stmt"/>
      <line num="28" count="14" type="stmt"/>
      <line num="29" count="14" type="stmt"/>
      <line num="30" count="14" type="stmt"/>
      <line num="31" count="14" type="stmt"/>
      <line num="35" count="8" type="stmt"/>
      <line num="39" count="15" type="cond" truecount="2" falsecount="0"/>
      <line num="40" count="1" type="stmt"/>
      <line num="41" count="1" type="cond" truecount="1" falsecount="1"/>
      <line num="42" count="1" type="stmt"/>
      <line num="45" count="15" type="stmt"/>
      <line num="46" count="15" type="stmt"/>
      <line num="47" count="43" type="stmt"/>
      <line num="48" count="43" type="stmt"/>
      <line num="50" count="15" type="stmt"/>
      <line num="51" count="1" type="stmt"/>
      <line num="52" count="3" type="stmt"/>
      <line num="54" count="1" type="stmt"/>
      <line num="55" count="1" type="stmt"/>
      <line num="60" count="13" type="stmt"/>
      <line num="61" count="13" type="cond" truecount="2" falsecount="0"/>
      <line num="64" count="12" type="stmt"/>
      <line num="65" count="12" type="stmt"/>
      <line num="66" count="14" type="stmt"/>
      <line num="67" count="14" type="cond" truecount="2" falsecount="0"/>
      <line num="68" count="1" type="stmt"/>
      <line num="70" count="13" type="stmt"/>
      <line num="71" count="13" type="stmt"/>
      <line num="72" count="13" type="stmt"/>
      <line num="73" count="13" type="cond" truecount="2" falsecount="0"/>
      <line num="74" count="3" type="stmt"/>
      <line num="76" count="8" type="stmt"/>
      <line num="79" count="10" type="cond" truecount="2" falsecount="0"/>
      <line num="82" count="6" type="stmt"/>
      <line num="83" count="7" type="stmt"/>
      <line num="84" count="6" type="stmt"/>
      <line num="85" count="5" type="stmt"/>
      <line num="86" count="6" type="stmt"/>
      <line num="88" count="5" type="stmt"/>
      <line num="89" count="6" type="cond" truecount="1" falsecount="1"/>
      <line num="90" count="6" type="stmt"/>
      <line num="92" count="6" type="stmt"/>
      <line num="94" count="5" type="stmt"/>
    </file>
  </project>
</coverage>
