{"/Users/evioshen/code/pulian/shenyunjie/artuctor/packages/micro-dynamic-configs/src/server.ts": {"path":"/Users/evioshen/code/pulian/shenyunjie/artuctor/packages/micro-dynamic-configs/src/server.ts","statementMap":{"0":{"start":{"line":14,"column":32},"end":{"line":17,"column":null}},"1":{"start":{"line":26,"column":4},"end":{"line":26,"column":null}},"2":{"start":{"line":27,"column":4},"end":{"line":27,"column":null}},"3":{"start":{"line":28,"column":4},"end":{"line":28,"column":null}},"4":{"start":{"line":29,"column":4},"end":{"line":29,"column":null}},"5":{"start":{"line":30,"column":4},"end":{"line":30,"column":null}},"6":{"start":{"line":31,"column":4},"end":{"line":31,"column":null}},"7":{"start":{"line":35,"column":4},"end":{"line":35,"column":null}},"8":{"start":{"line":39,"column":4},"end":{"line":44,"column":null}},"9":{"start":{"line":40,"column":20},"end":{"line":40,"column":null}},"10":{"start":{"line":41,"column":6},"end":{"line":43,"column":null}},"11":{"start":{"line":42,"column":8},"end":{"line":42,"column":null}},"12":{"start":{"line":45,"column":17},"end":{"line":45,"column":null}},"13":{"start":{"line":46,"column":4},"end":{"line":49,"column":null}},"14":{"start":{"line":47,"column":24},"end":{"line":47,"column":null}},"15":{"start":{"line":48,"column":6},"end":{"line":48,"column":null}},"16":{"start":{"line":50,"column":4},"end":{"line":56,"column":null}},"17":{"start":{"line":51,"column":6},"end":{"line":53,"column":null}},"18":{"start":{"line":52,"column":8},"end":{"line":52,"column":null}},"19":{"start":{"line":54,"column":6},"end":{"line":54,"column":null}},"20":{"start":{"line":55,"column":6},"end":{"line":55,"column":null}},"21":{"start":{"line":60,"column":17},"end":{"line":60,"column":null}},"22":{"start":{"line":61,"column":4},"end":{"line":61,"column":null}},"23":{"start":{"line":61,"column":22},"end":{"line":61,"column":null}},"24":{"start":{"line":64,"column":67},"end":{"line":64,"column":null}},"25":{"start":{"line":65,"column":4},"end":{"line":77,"column":null}},"26":{"start":{"line":66,"column":19},"end":{"line":66,"column":null}},"27":{"start":{"line":67,"column":6},"end":{"line":69,"column":null}},"28":{"start":{"line":68,"column":8},"end":{"line":68,"column":null}},"29":{"start":{"line":70,"column":26},"end":{"line":70,"column":null}},"30":{"start":{"line":71,"column":21},"end":{"line":71,"column":null}},"31":{"start":{"line":72,"column":23},"end":{"line":72,"column":null}},"32":{"start":{"line":73,"column":6},"end":{"line":75,"column":null}},"33":{"start":{"line":74,"column":8},"end":{"line":74,"column":null}},"34":{"start":{"line":76,"column":6},"end":{"line":76,"column":null}},"35":{"start":{"line":79,"column":4},"end":{"line":79,"column":null}},"36":{"start":{"line":79,"column":25},"end":{"line":79,"column":null}},"37":{"start":{"line":82,"column":17},"end":{"line":82,"column":null}},"38":{"start":{"line":83,"column":4},"end":{"line":83,"column":null}},"39":{"start":{"line":83,"column":43},"end":{"line":83,"column":null}},"40":{"start":{"line":84,"column":4},"end":{"line":84,"column":null}},"41":{"start":{"line":85,"column":4},"end":{"line":87,"column":null}},"42":{"start":{"line":86,"column":7},"end":{"line":86,"column":null}},"43":{"start":{"line":88,"column":4},"end":{"line":93,"column":null}},"44":{"start":{"line":89,"column":6},"end":{"line":91,"column":null}},"45":{"start":{"line":90,"column":8},"end":{"line":90,"column":null}},"46":{"start":{"line":92,"column":6},"end":{"line":92,"column":null}},"47":{"start":{"line":94,"column":4},"end":{"line":94,"column":null}}},"fnMap":{"0":{"name":"(anonymous_0)","decl":{"start":{"line":18,"column":2},"end":{"line":18,"column":null}},"loc":{"start":{"line":25,"column":4},"end":{"line":32,"column":null}},"line":25},"1":{"name":"(anonymous_1)","decl":{"start":{"line":34,"column":6},"end":{"line":34,"column":14}},"loc":{"start":{"line":34,"column":14},"end":{"line":36,"column":null}},"line":34},"2":{"name":"(anonymous_2)","decl":{"start":{"line":38,"column":15},"end":{"line":38,"column":28}},"loc":{"start":{"line":38,"column":28},"end":{"line":57,"column":null}},"line":38},"3":{"name":"(anonymous_3)","decl":{"start":{"line":50,"column":11},"end":{"line":50,"column":23}},"loc":{"start":{"line":50,"column":23},"end":{"line":56,"column":null}},"line":50},"4":{"name":"(anonymous_4)","decl":{"start":{"line":59,"column":15},"end":{"line":59,"column":20}},"loc":{"start":{"line":59,"column":48},"end":{"line":95,"column":null}},"line":59}},"branchMap":{"0":{"loc":{"start":{"line":39,"column":4},"end":{"line":44,"column":null}},"type":"if","locations":[{"start":{"line":39,"column":4},"end":{"line":44,"column":null}},{"start":{},"end":{}}],"line":39},"1":{"loc":{"start":{"line":41,"column":6},"end":{"line":43,"column":null}},"type":"if","locations":[{"start":{"line":41,"column":6},"end":{"line":43,"column":null}},{"start":{},"end":{}}],"line":41},"2":{"loc":{"start":{"line":61,"column":4},"end":{"line":61,"column":null}},"type":"if","locations":[{"start":{"line":61,"column":4},"end":{"line":61,"column":null}},{"start":{},"end":{}}],"line":61},"3":{"loc":{"start":{"line":67,"column":6},"end":{"line":69,"column":null}},"type":"if","locations":[{"start":{"line":67,"column":6},"end":{"line":69,"column":null}},{"start":{},"end":{}}],"line":67},"4":{"loc":{"start":{"line":73,"column":6},"end":{"line":75,"column":null}},"type":"if","locations":[{"start":{"line":73,"column":6},"end":{"line":75,"column":null}},{"start":{},"end":{}}],"line":73},"5":{"loc":{"start":{"line":79,"column":4},"end":{"line":79,"column":null}},"type":"if","locations":[{"start":{"line":79,"column":4},"end":{"line":79,"column":null}},{"start":{},"end":{}}],"line":79},"6":{"loc":{"start":{"line":89,"column":6},"end":{"line":91,"column":null}},"type":"if","locations":[{"start":{"line":89,"column":6},"end":{"line":91,"column":null}},{"start":{},"end":{}}],"line":89}},"s":{"0":14,"1":14,"2":14,"3":14,"4":14,"5":14,"6":14,"7":8,"8":15,"9":1,"10":1,"11":1,"12":15,"13":15,"14":43,"15":43,"16":15,"17":1,"18":3,"19":1,"20":1,"21":13,"22":13,"23":1,"24":12,"25":12,"26":14,"27":14,"28":1,"29":13,"30":13,"31":13,"32":13,"33":3,"34":8,"35":10,"36":4,"37":6,"38":6,"39":7,"40":6,"41":5,"42":6,"43":5,"44":6,"45":6,"46":6,"47":5},"f":{"0":14,"1":8,"2":15,"3":1,"4":13},"b":{"0":[1,14],"1":[1,0],"2":[1,12],"3":[1,13],"4":[3,10],"5":[4,6],"6":[6,0]},"meta":{"lastBranch":7,"lastFunction":5,"lastStatement":48,"seen":{"s:14:32:17:Infinity":0,"f:18:2:18:Infinity":0,"s:26:4:26:Infinity":1,"s:27:4:27:Infinity":2,"s:28:4:28:Infinity":3,"s:29:4:29:Infinity":4,"s:30:4:30:Infinity":5,"s:31:4:31:Infinity":6,"f:34:6:34:14":1,"s:35:4:35:Infinity":7,"f:38:15:38:28":2,"b:39:4:44:Infinity:undefined:undefined:undefined:undefined":0,"s:39:4:44:Infinity":8,"s:40:20:40:Infinity":9,"b:41:6:43:Infinity:undefined:undefined:undefined:undefined":1,"s:41:6:43:Infinity":10,"s:42:8:42:Infinity":11,"s:45:17:45:Infinity":12,"s:46:4:49:Infinity":13,"s:47:24:47:Infinity":14,"s:48:6:48:Infinity":15,"s:50:4:56:Infinity":16,"f:50:11:50:23":3,"s:51:6:53:Infinity":17,"s:52:8:52:Infinity":18,"s:54:6:54:Infinity":19,"s:55:6:55:Infinity":20,"f:59:15:59:20":4,"s:60:17:60:Infinity":21,"b:61:4:61:Infinity:undefined:undefined:undefined:undefined":2,"s:61:4:61:Infinity":22,"s:61:22:61:Infinity":23,"s:64:67:64:Infinity":24,"s:65:4:77:Infinity":25,"s:66:19:66:Infinity":26,"b:67:6:69:Infinity:undefined:undefined:undefined:undefined":3,"s:67:6:69:Infinity":27,"s:68:8:68:Infinity":28,"s:70:26:70:Infinity":29,"s:71:21:71:Infinity":30,"s:72:23:72:Infinity":31,"b:73:6:75:Infinity:undefined:undefined:undefined:undefined":4,"s:73:6:75:Infinity":32,"s:74:8:74:Infinity":33,"s:76:6:76:Infinity":34,"b:79:4:79:Infinity:undefined:undefined:undefined:undefined":5,"s:79:4:79:Infinity":35,"s:79:25:79:Infinity":36,"s:82:17:82:Infinity":37,"s:83:4:83:Infinity":38,"s:83:43:83:Infinity":39,"s:84:4:84:Infinity":40,"s:85:4:87:Infinity":41,"s:86:7:86:Infinity":42,"s:88:4:93:Infinity":43,"b:89:6:91:Infinity:undefined:undefined:undefined:undefined":6,"s:89:6:91:Infinity":44,"s:90:8:90:Infinity":45,"s:92:6:92:Infinity":46,"s:94:4:94:Infinity":47}}}
}
