<?xml version="1.0" encoding="UTF-8"?>
<coverage generated="1779721509056" clover="3.2.0">
  <project timestamp="1779721509056" name="All files">
    <metrics statements="102" coveredstatements="102" conditionals="58" coveredconditionals="58" methods="16" coveredmethods="16" elements="176" coveredelements="176" complexity="0" loc="102" ncloc="102" packages="1" files="2" classes="2"/>
    <file name="configs.ts" path="/Users/evioshen/code/pulian/shenyunjie/artuctor/packages/cli/src/configs.ts">
      <metrics statements="75" coveredstatements="75" conditionals="52" coveredconditionals="52" methods="10" coveredmethods="10"/>
      <line num="8" count="27" type="stmt"/>
      <line num="9" count="27" type="cond" truecount="4" falsecount="0"/>
      <line num="10" count="12" type="stmt"/>
      <line num="11" count="12" type="stmt"/>
      <line num="14" count="18" type="cond" truecount="2" falsecount="0"/>
      <line num="15" count="17" type="cond" truecount="2" falsecount="0"/>
      <line num="16" count="16" type="cond" truecount="2" falsecount="0"/>
      <line num="17" count="15" type="cond" truecount="2" falsecount="0"/>
      <line num="18" count="12" type="cond" truecount="2" falsecount="0"/>
      <line num="19" count="11" type="stmt"/>
      <line num="23" count="6" type="stmt"/>
      <line num="24" count="6" type="stmt"/>
      <line num="25" count="6" type="stmt"/>
      <line num="26" count="6" type="stmt"/>
      <line num="27" count="6" type="cond" truecount="2" falsecount="0"/>
      <line num="33" count="3" type="stmt"/>
      <line num="34" count="3" type="cond" truecount="2" falsecount="0"/>
      <line num="35" count="1" type="stmt"/>
      <line num="36" count="1" type="stmt"/>
      <line num="38" count="2" type="stmt"/>
      <line num="39" count="1" type="stmt"/>
      <line num="40" count="1" type="stmt"/>
      <line num="41" count="2" type="cond" truecount="2" falsecount="0"/>
      <line num="42" count="1" type="stmt"/>
      <line num="43" count="1" type="stmt"/>
      <line num="45" count="1" type="stmt"/>
      <line num="46" count="1" type="stmt"/>
      <line num="47" count="1" type="stmt"/>
      <line num="52" count="3" type="stmt"/>
      <line num="53" count="3" type="cond" truecount="2" falsecount="0"/>
      <line num="54" count="1" type="stmt"/>
      <line num="55" count="1" type="stmt"/>
      <line num="57" count="3" type="stmt"/>
      <line num="58" count="3" type="cond" truecount="2" falsecount="0"/>
      <line num="59" count="1" type="stmt"/>
      <line num="61" count="2" type="stmt"/>
      <line num="66" count="4" type="stmt"/>
      <line num="67" count="4" type="cond" truecount="2" falsecount="0"/>
      <line num="68" count="1" type="stmt"/>
      <line num="69" count="1" type="stmt"/>
      <line num="71" count="4" type="stmt"/>
      <line num="72" count="4" type="stmt"/>
      <line num="74" count="4" type="stmt"/>
      <line num="75" count="4" type="stmt"/>
      <line num="76" count="4" type="stmt"/>
      <line num="77" count="4" type="cond" truecount="2" falsecount="0"/>
      <line num="78" count="3" type="stmt"/>
      <line num="79" count="3" type="cond" truecount="4" falsecount="0"/>
      <line num="81" count="4" type="stmt"/>
      <line num="82" count="4" type="stmt"/>
      <line num="83" count="4" type="stmt"/>
      <line num="87" count="9" type="stmt"/>
      <line num="88" count="9" type="cond" truecount="2" falsecount="0"/>
      <line num="89" count="1" type="stmt"/>
      <line num="90" count="1" type="stmt"/>
      <line num="93" count="9" type="cond" truecount="2" falsecount="0"/>
      <line num="94" count="6" type="cond" truecount="2" falsecount="0"/>
      <line num="95" count="4" type="stmt"/>
      <line num="96" count="4" type="cond" truecount="2" falsecount="0"/>
      <line num="98" count="5" type="stmt"/>
      <line num="99" count="5" type="cond" truecount="4" falsecount="0"/>
      <line num="100" count="6" type="cond" truecount="2" falsecount="0"/>
      <line num="101" count="1" type="stmt"/>
      <line num="102" count="1" type="stmt"/>
      <line num="104" count="5" type="stmt"/>
      <line num="105" count="5" type="cond" truecount="2" falsecount="0"/>
      <line num="106" count="3" type="stmt"/>
      <line num="107" count="3" type="stmt"/>
      <line num="109" count="2" type="stmt"/>
      <line num="110" count="2" type="stmt"/>
      <line num="113" count="3" type="cond" truecount="2" falsecount="0"/>
      <line num="114" count="2" type="stmt"/>
      <line num="115" count="2" type="cond" truecount="2" falsecount="0"/>
      <line num="117" count="2" type="stmt"/>
      <line num="118" count="2" type="stmt"/>
    </file>
    <file name="exitHook.ts" path="/Users/evioshen/code/pulian/shenyunjie/artuctor/packages/cli/src/exitHook.ts">
      <metrics statements="27" coveredstatements="27" conditionals="6" coveredconditionals="6" methods="6" coveredmethods="6"/>
      <line num="5" count="2" type="stmt"/>
      <line num="12" count="9" type="stmt"/>
      <line num="13" count="9" type="cond" truecount="2" falsecount="0"/>
      <line num="14" count="8" type="stmt"/>
      <line num="17" count="9" type="stmt"/>
      <line num="18" count="9" type="stmt"/>
      <line num="19" count="9" type="stmt"/>
      <line num="20" count="8" type="stmt"/>
      <line num="21" count="8" type="stmt"/>
      <line num="22" count="8" type="cond" truecount="2" falsecount="0"/>
      <line num="23" count="2" type="stmt"/>
      <line num="25" count="7" type="stmt"/>
      <line num="27" count="1" type="stmt"/>
      <line num="31" count="2" type="stmt"/>
      <line num="33" count="9" type="stmt"/>
      <line num="34" count="9" type="stmt"/>
      <line num="40" count="5" type="stmt"/>
      <line num="41" count="5" type="stmt"/>
      <line num="42" count="5" type="stmt"/>
      <line num="43" count="4" type="stmt"/>
      <line num="44" count="4" type="stmt"/>
      <line num="45" count="4" type="cond" truecount="2" falsecount="0"/>
      <line num="46" count="2" type="stmt"/>
      <line num="48" count="3" type="stmt"/>
      <line num="50" count="1" type="stmt"/>
      <line num="54" count="2" type="stmt"/>
      <line num="56" count="5" type="stmt"/>
    </file>
  </project>
</coverage>
