{"/Users/evioshen/code/pulian/shenyunjie/artuctor/packages/cli/src/configs.ts": {"path":"/Users/evioshen/code/pulian/shenyunjie/artuctor/packages/cli/src/configs.ts","statementMap":{"0":{"start":{"line":8,"column":16},"end":{"line":8,"column":null}},"1":{"start":{"line":9,"column":2},"end":{"line":13,"column":null}},"2":{"start":{"line":10,"column":4},"end":{"line":12,"column":null}},"3":{"start":{"line":11,"column":6},"end":{"line":11,"column":null}},"4":{"start":{"line":14,"column":2},"end":{"line":14,"column":null}},"5":{"start":{"line":14,"column":22},"end":{"line":14,"column":null}},"6":{"start":{"line":15,"column":2},"end":{"line":15,"column":null}},"7":{"start":{"line":15,"column":23},"end":{"line":15,"column":null}},"8":{"start":{"line":16,"column":2},"end":{"line":16,"column":null}},"9":{"start":{"line":16,"column":22},"end":{"line":16,"column":null}},"10":{"start":{"line":17,"column":2},"end":{"line":17,"column":null}},"11":{"start":{"line":17,"column":25},"end":{"line":17,"column":null}},"12":{"start":{"line":18,"column":2},"end":{"line":18,"column":null}},"13":{"start":{"line":18,"column":30},"end":{"line":18,"column":null}},"14":{"start":{"line":19,"column":2},"end":{"line":19,"column":null}},"15":{"start":{"line":23,"column":8},"end":{"line":23,"column":null}},"16":{"start":{"line":24,"column":2},"end":{"line":29,"column":null}},"17":{"start":{"line":25,"column":4},"end":{"line":28,"column":null}},"18":{"start":{"line":26,"column":6},"end":{"line":26,"column":null}},"19":{"start":{"line":27,"column":6},"end":{"line":27,"column":null}},"20":{"start":{"line":33,"column":8},"end":{"line":33,"column":null}},"21":{"start":{"line":34,"column":2},"end":{"line":37,"column":null}},"22":{"start":{"line":35,"column":4},"end":{"line":35,"column":null}},"23":{"start":{"line":36,"column":4},"end":{"line":36,"column":null}},"24":{"start":{"line":38,"column":8},"end":{"line":40,"column":null}},"25":{"start":{"line":39,"column":9},"end":{"line":39,"column":36}},"26":{"start":{"line":40,"column":32},"end":{"line":40,"column":42}},"27":{"start":{"line":41,"column":2},"end":{"line":44,"column":null}},"28":{"start":{"line":42,"column":4},"end":{"line":42,"column":null}},"29":{"start":{"line":43,"column":4},"end":{"line":43,"column":null}},"30":{"start":{"line":45,"column":2},"end":{"line":45,"column":null}},"31":{"start":{"line":46,"column":2},"end":{"line":48,"column":null}},"32":{"start":{"line":47,"column":4},"end":{"line":47,"column":null}},"33":{"start":{"line":52,"column":8},"end":{"line":52,"column":null}},"34":{"start":{"line":53,"column":2},"end":{"line":56,"column":null}},"35":{"start":{"line":54,"column":4},"end":{"line":54,"column":null}},"36":{"start":{"line":55,"column":4},"end":{"line":55,"column":null}},"37":{"start":{"line":57,"column":17},"end":{"line":57,"column":null}},"38":{"start":{"line":58,"column":2},"end":{"line":62,"column":null}},"39":{"start":{"line":59,"column":4},"end":{"line":59,"column":null}},"40":{"start":{"line":61,"column":4},"end":{"line":61,"column":null}},"41":{"start":{"line":66,"column":16},"end":{"line":66,"column":null}},"42":{"start":{"line":67,"column":2},"end":{"line":70,"column":null}},"43":{"start":{"line":68,"column":4},"end":{"line":68,"column":null}},"44":{"start":{"line":69,"column":4},"end":{"line":69,"column":null}},"45":{"start":{"line":71,"column":14},"end":{"line":71,"column":null}},"46":{"start":{"line":72,"column":16},"end":{"line":72,"column":null}},"47":{"start":{"line":74,"column":8},"end":{"line":74,"column":null}},"48":{"start":{"line":75,"column":2},"end":{"line":75,"column":null}},"49":{"start":{"line":76,"column":36},"end":{"line":76,"column":null}},"50":{"start":{"line":77,"column":2},"end":{"line":80,"column":null}},"51":{"start":{"line":78,"column":16},"end":{"line":78,"column":null}},"52":{"start":{"line":79,"column":4},"end":{"line":79,"column":null}},"53":{"start":{"line":79,"column":49},"end":{"line":79,"column":null}},"54":{"start":{"line":81,"column":2},"end":{"line":81,"column":null}},"55":{"start":{"line":82,"column":2},"end":{"line":82,"column":null}},"56":{"start":{"line":83,"column":2},"end":{"line":83,"column":null}},"57":{"start":{"line":87,"column":8},"end":{"line":87,"column":null}},"58":{"start":{"line":88,"column":2},"end":{"line":91,"column":null}},"59":{"start":{"line":89,"column":4},"end":{"line":89,"column":null}},"60":{"start":{"line":90,"column":4},"end":{"line":90,"column":null}},"61":{"start":{"line":93,"column":2},"end":{"line":119,"column":null}},"62":{"start":{"line":94,"column":4},"end":{"line":97,"column":null}},"63":{"start":{"line":95,"column":17},"end":{"line":95,"column":null}},"64":{"start":{"line":96,"column":6},"end":{"line":96,"column":null}},"65":{"start":{"line":96,"column":17},"end":{"line":96,"column":44}},"66":{"start":{"line":96,"column":44},"end":{"line":96,"column":52}},"67":{"start":{"line":98,"column":16},"end":{"line":98,"column":null}},"68":{"start":{"line":99,"column":41},"end":{"line":99,"column":null}},"69":{"start":{"line":100,"column":4},"end":{"line":103,"column":null}},"70":{"start":{"line":101,"column":6},"end":{"line":101,"column":null}},"71":{"start":{"line":102,"column":6},"end":{"line":102,"column":null}},"72":{"start":{"line":104,"column":4},"end":{"line":104,"column":null}},"73":{"start":{"line":105,"column":4},"end":{"line":111,"column":null}},"74":{"start":{"line":106,"column":6},"end":{"line":106,"column":null}},"75":{"start":{"line":107,"column":6},"end":{"line":107,"column":null}},"76":{"start":{"line":109,"column":6},"end":{"line":109,"column":null}},"77":{"start":{"line":110,"column":6},"end":{"line":110,"column":null}},"78":{"start":{"line":113,"column":4},"end":{"line":116,"column":null}},"79":{"start":{"line":114,"column":17},"end":{"line":114,"column":null}},"80":{"start":{"line":115,"column":6},"end":{"line":115,"column":null}},"81":{"start":{"line":115,"column":17},"end":{"line":115,"column":44}},"82":{"start":{"line":115,"column":44},"end":{"line":115,"column":52}},"83":{"start":{"line":117,"column":4},"end":{"line":117,"column":null}},"84":{"start":{"line":118,"column":4},"end":{"line":118,"column":null}}},"fnMap":{"0":{"name":"parseValue","decl":{"start":{"line":6,"column":16},"end":{"line":6,"column":27}},"loc":{"start":{"line":6,"column":45},"end":{"line":20,"column":null}},"line":6},"1":{"name":"confirm","decl":{"start":{"line":22,"column":9},"end":{"line":22,"column":17}},"loc":{"start":{"line":22,"column":52},"end":{"line":30,"column":null}},"line":22},"2":{"name":"(anonymous_2)","decl":{"start":{"line":24,"column":21},"end":{"line":24,"column":32}},"loc":{"start":{"line":24,"column":32},"end":{"line":29,"column":3}},"line":24},"3":{"name":"(anonymous_3)","decl":{"start":{"line":25,"column":37},"end":{"line":25,"column":47}},"loc":{"start":{"line":25,"column":47},"end":{"line":28,"column":5}},"line":25},"4":{"name":"listConfigs","decl":{"start":{"line":32,"column":22},"end":{"line":32,"column":51}},"loc":{"start":{"line":32,"column":51},"end":{"line":49,"column":null}},"line":32},"5":{"name":"(anonymous_5)","decl":{"start":{"line":39,"column":9},"end":{"line":39,"column":14}},"loc":{"start":{"line":39,"column":9},"end":{"line":39,"column":36}},"line":39},"6":{"name":"(anonymous_6)","decl":{"start":{"line":40,"column":12},"end":{"line":40,"column":13}},"loc":{"start":{"line":40,"column":32},"end":{"line":40,"column":42}},"line":40},"7":{"name":"getConfig","decl":{"start":{"line":51,"column":22},"end":{"line":51,"column":32}},"loc":{"start":{"line":51,"column":82},"end":{"line":63,"column":null}},"line":51},"8":{"name":"setConfig","decl":{"start":{"line":65,"column":22},"end":{"line":65,"column":32}},"loc":{"start":{"line":65,"column":84},"end":{"line":84,"column":null}},"line":65},"9":{"name":"delConfig","decl":{"start":{"line":86,"column":22},"end":{"line":86,"column":32}},"loc":{"start":{"line":86,"column":95},"end":{"line":120,"column":null}},"line":86}},"branchMap":{"0":{"loc":{"start":{"line":9,"column":2},"end":{"line":13,"column":null}},"type":"if","locations":[{"start":{"line":9,"column":2},"end":{"line":13,"column":null}},{"start":{},"end":{}}],"line":9},"1":{"loc":{"start":{"line":9,"column":6},"end":{"line":9,"column":56}},"type":"binary-expr","locations":[{"start":{"line":9,"column":6},"end":{"line":9,"column":32}},{"start":{"line":9,"column":32},"end":{"line":9,"column":56}}],"line":9},"2":{"loc":{"start":{"line":14,"column":2},"end":{"line":14,"column":null}},"type":"if","locations":[{"start":{"line":14,"column":2},"end":{"line":14,"column":null}},{"start":{},"end":{}}],"line":14},"3":{"loc":{"start":{"line":15,"column":2},"end":{"line":15,"column":null}},"type":"if","locations":[{"start":{"line":15,"column":2},"end":{"line":15,"column":null}},{"start":{},"end":{}}],"line":15},"4":{"loc":{"start":{"line":16,"column":2},"end":{"line":16,"column":null}},"type":"if","locations":[{"start":{"line":16,"column":2},"end":{"line":16,"column":null}},{"start":{},"end":{}}],"line":16},"5":{"loc":{"start":{"line":17,"column":2},"end":{"line":17,"column":null}},"type":"if","locations":[{"start":{"line":17,"column":2},"end":{"line":17,"column":null}},{"start":{},"end":{}}],"line":17},"6":{"loc":{"start":{"line":18,"column":2},"end":{"line":18,"column":null}},"type":"if","locations":[{"start":{"line":18,"column":2},"end":{"line":18,"column":null}},{"start":{},"end":{}}],"line":18},"7":{"loc":{"start":{"line":27,"column":14},"end":{"line":27,"column":46}},"type":"binary-expr","locations":[{"start":{"line":27,"column":14},"end":{"line":27,"column":32}},{"start":{"line":27,"column":32},"end":{"line":27,"column":46}}],"line":27},"8":{"loc":{"start":{"line":34,"column":2},"end":{"line":37,"column":null}},"type":"if","locations":[{"start":{"line":34,"column":2},"end":{"line":37,"column":null}},{"start":{},"end":{}}],"line":34},"9":{"loc":{"start":{"line":41,"column":2},"end":{"line":44,"column":null}},"type":"if","locations":[{"start":{"line":41,"column":2},"end":{"line":44,"column":null}},{"start":{},"end":{}}],"line":41},"10":{"loc":{"start":{"line":53,"column":2},"end":{"line":56,"column":null}},"type":"if","locations":[{"start":{"line":53,"column":2},"end":{"line":56,"column":null}},{"start":{},"end":{}}],"line":53},"11":{"loc":{"start":{"line":58,"column":2},"end":{"line":62,"column":null}},"type":"if","locations":[{"start":{"line":58,"column":2},"end":{"line":62,"column":null}},{"start":{"line":60,"column":9},"end":{"line":62,"column":null}}],"line":58},"12":{"loc":{"start":{"line":67,"column":2},"end":{"line":70,"column":null}},"type":"if","locations":[{"start":{"line":67,"column":2},"end":{"line":70,"column":null}},{"start":{},"end":{}}],"line":67},"13":{"loc":{"start":{"line":77,"column":2},"end":{"line":80,"column":null}},"type":"if","locations":[{"start":{"line":77,"column":2},"end":{"line":80,"column":null}},{"start":{},"end":{}}],"line":77},"14":{"loc":{"start":{"line":79,"column":4},"end":{"line":79,"column":null}},"type":"if","locations":[{"start":{"line":79,"column":4},"end":{"line":79,"column":null}},{"start":{},"end":{}}],"line":79},"15":{"loc":{"start":{"line":79,"column":8},"end":{"line":79,"column":49}},"type":"binary-expr","locations":[{"start":{"line":79,"column":8},"end":{"line":79,"column":35}},{"start":{"line":79,"column":35},"end":{"line":79,"column":49}}],"line":79},"16":{"loc":{"start":{"line":88,"column":2},"end":{"line":91,"column":null}},"type":"if","locations":[{"start":{"line":88,"column":2},"end":{"line":91,"column":null}},{"start":{},"end":{}}],"line":88},"17":{"loc":{"start":{"line":93,"column":2},"end":{"line":119,"column":null}},"type":"if","locations":[{"start":{"line":93,"column":2},"end":{"line":119,"column":null}},{"start":{"line":112,"column":9},"end":{"line":119,"column":null}}],"line":93},"18":{"loc":{"start":{"line":94,"column":4},"end":{"line":97,"column":null}},"type":"if","locations":[{"start":{"line":94,"column":4},"end":{"line":97,"column":null}},{"start":{},"end":{}}],"line":94},"19":{"loc":{"start":{"line":96,"column":6},"end":{"line":96,"column":null}},"type":"if","locations":[{"start":{"line":96,"column":6},"end":{"line":96,"column":null}},{"start":{},"end":{}}],"line":96},"20":{"loc":{"start":{"line":99,"column":41},"end":{"line":99,"column":null}},"type":"cond-expr","locations":[{"start":{"line":99,"column":84},"end":{"line":99,"column":90}},{"start":{"line":99,"column":90},"end":{"line":99,"column":null}}],"line":99},"21":{"loc":{"start":{"line":99,"column":41},"end":{"line":99,"column":84}},"type":"binary-expr","locations":[{"start":{"line":99,"column":41},"end":{"line":99,"column":68}},{"start":{"line":99,"column":68},"end":{"line":99,"column":84}}],"line":99},"22":{"loc":{"start":{"line":100,"column":4},"end":{"line":103,"column":null}},"type":"if","locations":[{"start":{"line":100,"column":4},"end":{"line":103,"column":null}},{"start":{},"end":{}}],"line":100},"23":{"loc":{"start":{"line":105,"column":4},"end":{"line":111,"column":null}},"type":"if","locations":[{"start":{"line":105,"column":4},"end":{"line":111,"column":null}},{"start":{"line":108,"column":11},"end":{"line":111,"column":null}}],"line":105},"24":{"loc":{"start":{"line":113,"column":4},"end":{"line":116,"column":null}},"type":"if","locations":[{"start":{"line":113,"column":4},"end":{"line":116,"column":null}},{"start":{},"end":{}}],"line":113},"25":{"loc":{"start":{"line":115,"column":6},"end":{"line":115,"column":null}},"type":"if","locations":[{"start":{"line":115,"column":6},"end":{"line":115,"column":null}},{"start":{},"end":{}}],"line":115}},"s":{"0":26,"1":26,"2":12,"3":12,"4":17,"5":1,"6":16,"7":1,"8":15,"9":1,"10":14,"11":3,"12":11,"13":1,"14":10,"15":2,"16":2,"17":2,"18":2,"19":2,"20":3,"21":3,"22":1,"23":1,"24":2,"25":1,"26":1,"27":2,"28":1,"29":1,"30":1,"31":1,"32":1,"33":2,"34":2,"35":1,"36":1,"37":2,"38":2,"39":0,"40":2,"41":3,"42":3,"43":1,"44":1,"45":3,"46":3,"47":3,"48":3,"49":3,"50":3,"51":2,"52":2,"53":2,"54":3,"55":3,"56":3,"57":5,"58":5,"59":1,"60":1,"61":5,"62":4,"63":2,"64":2,"65":0,"66":0,"67":4,"68":4,"69":4,"70":1,"71":1,"72":4,"73":4,"74":2,"75":2,"76":2,"77":2,"78":1,"79":0,"80":0,"81":0,"82":0,"83":1,"84":1},"f":{"0":26,"1":2,"2":2,"3":2,"4":3,"5":1,"6":1,"7":2,"8":3,"9":5},"b":{"0":[12,14],"1":[26,20],"2":[1,16],"3":[1,15],"4":[1,14],"5":[3,11],"6":[1,10],"7":[2,0],"8":[1,2],"9":[1,1],"10":[1,1],"11":[0,2],"12":[1,2],"13":[2,1],"14":[2,0],"15":[2,2],"16":[1,4],"17":[4,1],"18":[2,2],"19":[0,2],"20":[4,0],"21":[4,4],"22":[1,3],"23":[2,2],"24":[0,1],"25":[0,0]},"meta":{"lastBranch":26,"lastFunction":10,"lastStatement":85,"seen":{"f:6:16:6:27":0,"s:8:16:8:Infinity":0,"b:9:2:13:Infinity:undefined:undefined:undefined:undefined":0,"s:9:2:13:Infinity":1,"b:9:6:9:32:9:32:9:56":1,"s:10:4:12:Infinity":2,"s:11:6:11:Infinity":3,"b:14:2:14:Infinity:undefined:undefined:undefined:undefined":2,"s:14:2:14:Infinity":4,"s:14:22:14:Infinity":5,"b:15:2:15:Infinity:undefined:undefined:undefined:undefined":3,"s:15:2:15:Infinity":6,"s:15:23:15:Infinity":7,"b:16:2:16:Infinity:undefined:undefined:undefined:undefined":4,"s:16:2:16:Infinity":8,"s:16:22:16:Infinity":9,"b:17:2:17:Infinity:undefined:undefined:undefined:undefined":5,"s:17:2:17:Infinity":10,"s:17:25:17:Infinity":11,"b:18:2:18:Infinity:undefined:undefined:undefined:undefined":6,"s:18:2:18:Infinity":12,"s:18:30:18:Infinity":13,"s:19:2:19:Infinity":14,"f:22:9:22:17":1,"s:23:8:23:Infinity":15,"s:24:2:29:Infinity":16,"f:24:21:24:32":2,"s:25:4:28:Infinity":17,"f:25:37:25:47":3,"s:26:6:26:Infinity":18,"s:27:6:27:Infinity":19,"b:27:14:27:32:27:32:27:46":7,"f:32:22:32:51":4,"s:33:8:33:Infinity":20,"b:34:2:37:Infinity:undefined:undefined:undefined:undefined":8,"s:34:2:37:Infinity":21,"s:35:4:35:Infinity":22,"s:36:4:36:Infinity":23,"s:38:8:40:Infinity":24,"f:39:9:39:14":5,"s:39:9:39:36":25,"f:40:12:40:13":6,"s:40:32:40:42":26,"b:41:2:44:Infinity:undefined:undefined:undefined:undefined":9,"s:41:2:44:Infinity":27,"s:42:4:42:Infinity":28,"s:43:4:43:Infinity":29,"s:45:2:45:Infinity":30,"s:46:2:48:Infinity":31,"s:47:4:47:Infinity":32,"f:51:22:51:32":7,"s:52:8:52:Infinity":33,"b:53:2:56:Infinity:undefined:undefined:undefined:undefined":10,"s:53:2:56:Infinity":34,"s:54:4:54:Infinity":35,"s:55:4:55:Infinity":36,"s:57:17:57:Infinity":37,"b:58:2:62:Infinity:60:9:62:Infinity":11,"s:58:2:62:Infinity":38,"s:59:4:59:Infinity":39,"s:61:4:61:Infinity":40,"f:65:22:65:32":8,"s:66:16:66:Infinity":41,"b:67:2:70:Infinity:undefined:undefined:undefined:undefined":12,"s:67:2:70:Infinity":42,"s:68:4:68:Infinity":43,"s:69:4:69:Infinity":44,"s:71:14:71:Infinity":45,"s:72:16:72:Infinity":46,"s:74:8:74:Infinity":47,"s:75:2:75:Infinity":48,"s:76:36:76:Infinity":49,"b:77:2:80:Infinity:undefined:undefined:undefined:undefined":13,"s:77:2:80:Infinity":50,"s:78:16:78:Infinity":51,"b:79:4:79:Infinity:undefined:undefined:undefined:undefined":14,"s:79:4:79:Infinity":52,"b:79:8:79:35:79:35:79:49":15,"s:79:49:79:Infinity":53,"s:81:2:81:Infinity":54,"s:82:2:82:Infinity":55,"s:83:2:83:Infinity":56,"f:86:22:86:32":9,"s:87:8:87:Infinity":57,"b:88:2:91:Infinity:undefined:undefined:undefined:undefined":16,"s:88:2:91:Infinity":58,"s:89:4:89:Infinity":59,"s:90:4:90:Infinity":60,"b:93:2:119:Infinity:112:9:119:Infinity":17,"s:93:2:119:Infinity":61,"b:94:4:97:Infinity:undefined:undefined:undefined:undefined":18,"s:94:4:97:Infinity":62,"s:95:17:95:Infinity":63,"b:96:6:96:Infinity:undefined:undefined:undefined:undefined":19,"s:96:6:96:Infinity":64,"s:96:17:96:44":65,"s:96:44:96:52":66,"s:98:16:98:Infinity":67,"s:99:41:99:Infinity":68,"b:99:84:99:90:99:90:99:Infinity":20,"b:99:41:99:68:99:68:99:84":21,"b:100:4:103:Infinity:undefined:undefined:undefined:undefined":22,"s:100:4:103:Infinity":69,"s:101:6:101:Infinity":70,"s:102:6:102:Infinity":71,"s:104:4:104:Infinity":72,"b:105:4:111:Infinity:108:11:111:Infinity":23,"s:105:4:111:Infinity":73,"s:106:6:106:Infinity":74,"s:107:6:107:Infinity":75,"s:109:6:109:Infinity":76,"s:110:6:110:Infinity":77,"b:113:4:116:Infinity:undefined:undefined:undefined:undefined":24,"s:113:4:116:Infinity":78,"s:114:17:114:Infinity":79,"b:115:6:115:Infinity:undefined:undefined:undefined:undefined":25,"s:115:6:115:Infinity":80,"s:115:17:115:44":81,"s:115:44:115:52":82,"s:117:4:117:Infinity":83,"s:118:4:118:Infinity":84}}}
,"/Users/evioshen/code/pulian/shenyunjie/artuctor/packages/cli/src/exitHook.ts": {"path":"/Users/evioshen/code/pulian/shenyunjie/artuctor/packages/cli/src/exitHook.ts","statementMap":{"0":{"start":{"line":5,"column":28},"end":{"line":5,"column":null}},"1":{"start":{"line":12,"column":15},"end":{"line":12,"column":null}},"2":{"start":{"line":13,"column":2},"end":{"line":15,"column":null}},"3":{"start":{"line":14,"column":4},"end":{"line":14,"column":null}},"4":{"start":{"line":17,"column":2},"end":{"line":36,"column":null}},"5":{"start":{"line":18,"column":4},"end":{"line":35,"column":null}},"6":{"start":{"line":19,"column":6},"end":{"line":19,"column":null}},"7":{"start":{"line":20,"column":6},"end":{"line":29,"column":null}},"8":{"start":{"line":21,"column":8},"end":{"line":28,"column":null}},"9":{"start":{"line":22,"column":10},"end":{"line":24,"column":null}},"10":{"start":{"line":23,"column":12},"end":{"line":23,"column":null}},"11":{"start":{"line":25,"column":10},"end":{"line":25,"column":null}},"12":{"start":{"line":27,"column":10},"end":{"line":27,"column":null}},"13":{"start":{"line":31,"column":6},"end":{"line":31,"column":null}},"14":{"start":{"line":33,"column":6},"end":{"line":33,"column":null}},"15":{"start":{"line":34,"column":6},"end":{"line":34,"column":null}},"16":{"start":{"line":40,"column":2},"end":{"line":58,"column":null}},"17":{"start":{"line":41,"column":4},"end":{"line":57,"column":null}},"18":{"start":{"line":42,"column":6},"end":{"line":42,"column":null}},"19":{"start":{"line":43,"column":6},"end":{"line":52,"column":null}},"20":{"start":{"line":44,"column":8},"end":{"line":51,"column":null}},"21":{"start":{"line":45,"column":10},"end":{"line":47,"column":null}},"22":{"start":{"line":46,"column":12},"end":{"line":46,"column":null}},"23":{"start":{"line":48,"column":10},"end":{"line":48,"column":null}},"24":{"start":{"line":50,"column":10},"end":{"line":50,"column":null}},"25":{"start":{"line":54,"column":6},"end":{"line":54,"column":null}},"26":{"start":{"line":56,"column":6},"end":{"line":56,"column":null}}},"fnMap":{"0":{"name":"registerExitHook","decl":{"start":{"line":11,"column":16},"end":{"line":11,"column":33}},"loc":{"start":{"line":11,"column":61},"end":{"line":37,"column":null}},"line":11},"1":{"name":"(anonymous_1)","decl":{"start":{"line":17,"column":11},"end":{"line":17,"column":17}},"loc":{"start":{"line":17,"column":25},"end":{"line":36,"column":3}},"line":17},"2":{"name":"(anonymous_2)","decl":{"start":{"line":20,"column":30},"end":{"line":20,"column":31}},"loc":{"start":{"line":20,"column":51},"end":{"line":29,"column":7}},"line":20},"3":{"name":"useExit","decl":{"start":{"line":39,"column":22},"end":{"line":39,"column":30}},"loc":{"start":{"line":39,"column":62},"end":{"line":59,"column":null}},"line":39},"4":{"name":"(anonymous_4)","decl":{"start":{"line":40,"column":11},"end":{"line":40,"column":17}},"loc":{"start":{"line":40,"column":25},"end":{"line":58,"column":3}},"line":40},"5":{"name":"(anonymous_5)","decl":{"start":{"line":43,"column":30},"end":{"line":43,"column":31}},"loc":{"start":{"line":43,"column":51},"end":{"line":52,"column":7}},"line":43}},"branchMap":{"0":{"loc":{"start":{"line":13,"column":2},"end":{"line":15,"column":null}},"type":"if","locations":[{"start":{"line":13,"column":2},"end":{"line":15,"column":null}},{"start":{},"end":{}}],"line":13},"1":{"loc":{"start":{"line":22,"column":10},"end":{"line":24,"column":null}},"type":"if","locations":[{"start":{"line":22,"column":10},"end":{"line":24,"column":null}},{"start":{},"end":{}}],"line":22},"2":{"loc":{"start":{"line":45,"column":10},"end":{"line":47,"column":null}},"type":"if","locations":[{"start":{"line":45,"column":10},"end":{"line":47,"column":null}},{"start":{},"end":{}}],"line":45}},"s":{"0":1,"1":7,"2":7,"3":0,"4":7,"5":7,"6":7,"7":6,"8":6,"9":6,"10":1,"11":6,"12":0,"13":1,"14":7,"15":7,"16":3,"17":3,"18":3,"19":2,"20":2,"21":2,"22":0,"23":2,"24":0,"25":1,"26":3},"f":{"0":7,"1":7,"2":6,"3":3,"4":3,"5":2},"b":{"0":[0,7],"1":[1,5],"2":[0,2]},"meta":{"lastBranch":3,"lastFunction":6,"lastStatement":27,"seen":{"s:5:28:5:Infinity":0,"f:11:16:11:33":0,"s:12:15:12:Infinity":1,"b:13:2:15:Infinity:undefined:undefined:undefined:undefined":0,"s:13:2:15:Infinity":2,"s:14:4:14:Infinity":3,"s:17:2:36:Infinity":4,"f:17:11:17:17":1,"s:18:4:35:Infinity":5,"s:19:6:19:Infinity":6,"s:20:6:29:Infinity":7,"f:20:30:20:31":2,"s:21:8:28:Infinity":8,"b:22:10:24:Infinity:undefined:undefined:undefined:undefined":1,"s:22:10:24:Infinity":9,"s:23:12:23:Infinity":10,"s:25:10:25:Infinity":11,"s:27:10:27:Infinity":12,"s:31:6:31:Infinity":13,"s:33:6:33:Infinity":14,"s:34:6:34:Infinity":15,"f:39:22:39:30":3,"s:40:2:58:Infinity":16,"f:40:11:40:17":4,"s:41:4:57:Infinity":17,"s:42:6:42:Infinity":18,"s:43:6:52:Infinity":19,"f:43:30:43:31":5,"s:44:8:51:Infinity":20,"b:45:10:47:Infinity:undefined:undefined:undefined:undefined":2,"s:45:10:47:Infinity":21,"s:46:12:46:Infinity":22,"s:48:10:48:Infinity":23,"s:50:10:50:Infinity":24,"s:54:6:54:Infinity":25,"s:56:6:56:Infinity":26}}}
}
