<?xml version="1.0" encoding="UTF-8"?>
<coverage generated="1779721496501" clover="3.2.0">
  <project timestamp="1779721496501" name="All files">
    <metrics statements="11" coveredstatements="11" conditionals="4" coveredconditionals="4" methods="4" coveredmethods="4" elements="19" coveredelements="19" complexity="0" loc="11" ncloc="11" packages="1" files="1" classes="1"/>
    <file name="index.ts" path="/Users/evioshen/code/pulian/shenyunjie/artuctor/packages/message-worker-thread/src/index.ts">
      <metrics statements="11" coveredstatements="11" conditionals="4" coveredconditionals="4" methods="4" coveredmethods="4"/>
      <line num="33" count="25" type="stmt"/>
      <line num="34" count="25" type="cond" truecount="2" falsecount="0"/>
      <line num="35" count="23" type="stmt"/>
      <line num="37" count="2" type="cond" truecount="2" falsecount="0"/>
      <line num="38" count="1" type="stmt"/>
      <line num="40" count="1" type="stmt"/>
      <line num="42" count="27" type="stmt"/>
      <line num="43" count="24" type="stmt"/>
      <line num="47" count="29" type="stmt"/>
      <line num="54" count="24" type="stmt"/>
      <line num="55" count="24" type="stmt"/>
    </file>
  </project>
</coverage>
