{"/Users/evioshen/code/pulian/shenyunjie/artuctor/packages/message-worker-thread/src/index.ts": {"path":"/Users/evioshen/code/pulian/shenyunjie/artuctor/packages/message-worker-thread/src/index.ts","statementMap":{"0":{"start":{"line":33,"column":4},"end":{"line":33,"column":null}},"1":{"start":{"line":34,"column":4},"end":{"line":41,"column":null}},"2":{"start":{"line":35,"column":6},"end":{"line":35,"column":null}},"3":{"start":{"line":37,"column":6},"end":{"line":39,"column":null}},"4":{"start":{"line":38,"column":8},"end":{"line":38,"column":null}},"5":{"start":{"line":40,"column":6},"end":{"line":40,"column":null}},"6":{"start":{"line":42,"column":4},"end":{"line":42,"column":null}},"7":{"start":{"line":42,"column":34},"end":{"line":42,"column":null}},"8":{"start":{"line":43,"column":4},"end":{"line":43,"column":null}},"9":{"start":{"line":47,"column":4},"end":{"line":47,"column":null}},"10":{"start":{"line":54,"column":4},"end":{"line":54,"column":null}},"11":{"start":{"line":55,"column":4},"end":{"line":55,"column":null}}},"fnMap":{"0":{"name":"(anonymous_0)","decl":{"start":{"line":32,"column":2},"end":{"line":32,"column":14}},"loc":{"start":{"line":32,"column":43},"end":{"line":44,"column":null}},"line":32},"1":{"name":"(anonymous_1)","decl":{"start":{"line":42,"column":20},"end":{"line":42,"column":21}},"loc":{"start":{"line":42,"column":34},"end":{"line":42,"column":null}},"line":42},"2":{"name":"(anonymous_2)","decl":{"start":{"line":46,"column":12},"end":{"line":46,"column":26}},"loc":{"start":{"line":46,"column":64},"end":{"line":48,"column":null}},"line":46},"3":{"name":"(anonymous_3)","decl":{"start":{"line":53,"column":9},"end":{"line":53,"column":25}},"loc":{"start":{"line":53,"column":25},"end":{"line":56,"column":null}},"line":53}},"branchMap":{"0":{"loc":{"start":{"line":34,"column":4},"end":{"line":41,"column":null}},"type":"if","locations":[{"start":{"line":34,"column":4},"end":{"line":41,"column":null}},{"start":{"line":36,"column":11},"end":{"line":41,"column":null}}],"line":34},"1":{"loc":{"start":{"line":37,"column":6},"end":{"line":39,"column":null}},"type":"if","locations":[{"start":{"line":37,"column":6},"end":{"line":39,"column":null}},{"start":{},"end":{}}],"line":37}},"s":{"0":25,"1":25,"2":23,"3":2,"4":1,"5":1,"6":24,"7":27,"8":24,"9":29,"10":24,"11":24},"f":{"0":25,"1":27,"2":29,"3":24},"b":{"0":[23,2],"1":[1,1]},"meta":{"lastBranch":2,"lastFunction":4,"lastStatement":12,"seen":{"f:32:2:32:14":0,"s:33:4:33:Infinity":0,"b:34:4:41:Infinity:36:11:41:Infinity":0,"s:34:4:41:Infinity":1,"s:35:6:35:Infinity":2,"b:37:6:39:Infinity:undefined:undefined:undefined:undefined":1,"s:37:6:39:Infinity":3,"s:38:8:38:Infinity":4,"s:40:6:40:Infinity":5,"s:42:4:42:Infinity":6,"f:42:20:42:21":1,"s:42:34:42:Infinity":7,"s:43:4:43:Infinity":8,"f:46:12:46:26":2,"s:47:4:47:Infinity":9,"f:53:9:53:25":3,"s:54:4:54:Infinity":10,"s:55:4:55:Infinity":11}}}
}
