<?xml version="1.0" encoding="UTF-8"?>
<coverage generated="1779708286592" clover="3.2.0">
  <project timestamp="1779708286593" name="All files">
    <metrics statements="45" coveredstatements="45" conditionals="14" coveredconditionals="14" methods="16" coveredmethods="16" elements="75" coveredelements="75" complexity="0" loc="45" ncloc="45" packages="1" files="2" classes="2"/>
    <file name="define.ts" path="/Users/evioshen/code/pulian/shenyunjie/artuctor/packages/cache/src/define.ts">
      <metrics statements="6" coveredstatements="6" conditionals="0" coveredconditionals="0" methods="4" coveredmethods="4"/>
      <line num="2" count="21" type="stmt"/>
      <line num="3" count="21" type="stmt"/>
      <line num="5" count="17" type="stmt"/>
      <line num="6" count="17" type="stmt"/>
      <line num="10" count="35" type="stmt"/>
      <line num="37" count="14" type="stmt"/>
    </file>
    <file name="index.ts" path="/Users/evioshen/code/pulian/shenyunjie/artuctor/packages/cache/src/index.ts">
      <metrics statements="39" coveredstatements="39" conditionals="14" coveredconditionals="14" methods="12" coveredmethods="12"/>
      <line num="7" count="2" type="stmt"/>
      <line num="8" count="2" type="stmt"/>
      <line num="11" count="69" type="stmt"/>
      <line num="15" count="23" type="stmt"/>
      <line num="16" count="23" type="stmt"/>
      <line num="18" count="22" type="cond" truecount="2" falsecount="0"/>
      <line num="19" count="1" type="stmt"/>
      <line num="22" count="21" type="stmt"/>
      <line num="23" count="21" type="stmt"/>
      <line num="25" count="21" type="cond" truecount="2" falsecount="0"/>
      <line num="26" count="3" type="cond" truecount="2" falsecount="0"/>
      <line num="27" count="1" type="stmt"/>
      <line num="29" count="3" type="stmt"/>
      <line num="32" count="18" type="stmt"/>
      <line num="33" count="18" type="cond" truecount="2" falsecount="0"/>
      <line num="34" count="17" type="stmt"/>
      <line num="36" count="1" type="stmt"/>
      <line num="39" count="18" type="stmt"/>
      <line num="43" count="15" type="stmt"/>
      <line num="44" count="15" type="stmt"/>
      <line num="45" count="15" type="stmt"/>
      <line num="47" count="15" type="cond" truecount="2" falsecount="0"/>
      <line num="48" count="11" type="stmt"/>
      <line num="49" count="11" type="cond" truecount="2" falsecount="0"/>
      <line num="50" count="10" type="stmt"/>
      <line num="55" count="22" type="stmt"/>
      <line num="56" count="22" type="stmt"/>
      <line num="57" count="22" type="stmt"/>
      <line num="58" count="22" type="cond" truecount="2" falsecount="0"/>
      <line num="59" count="16" type="stmt"/>
      <line num="63" count="2" type="stmt"/>
      <line num="64" count="2" type="stmt"/>
      <line num="65" count="2" type="stmt"/>
      <line num="66" count="2" type="stmt"/>
      <line num="70" count="26" type="stmt"/>
      <line num="72" count="18" type="stmt"/>
      <line num="75" count="15" type="stmt"/>
      <line num="78" count="22" type="stmt"/>
      <line num="81" count="2" type="stmt"/>
    </file>
  </project>
</coverage>
