{"/Users/evioshen/code/pulian/shenyunjie/artuctor/packages/cache/src/define.ts": {"path":"/Users/evioshen/code/pulian/shenyunjie/artuctor/packages/cache/src/define.ts","statementMap":{"0":{"start":{"line":2,"column":28},"end":{"line":2,"column":null}},"1":{"start":{"line":3,"column":30},"end":{"line":3,"column":39}},"2":{"start":{"line":5,"column":4},"end":{"line":5,"column":null}},"3":{"start":{"line":6,"column":4},"end":{"line":6,"column":null}},"4":{"start":{"line":10,"column":4},"end":{"line":10,"column":null}},"5":{"start":{"line":37,"column":2},"end":{"line":40,"column":null}}},"fnMap":{"0":{"name":"(anonymous_0)","decl":{"start":{"line":3,"column":2},"end":{"line":3,"column":30}},"loc":{"start":{"line":3,"column":39},"end":{"line":3,"column":null}},"line":3},"1":{"name":"(anonymous_1)","decl":{"start":{"line":4,"column":9},"end":{"line":4,"column":19}},"loc":{"start":{"line":4,"column":36},"end":{"line":7,"column":null}},"line":4},"2":{"name":"(anonymous_2)","decl":{"start":{"line":9,"column":6},"end":{"line":9,"column":15}},"loc":{"start":{"line":9,"column":15},"end":{"line":11,"column":null}},"line":9},"3":{"name":"defineCache","decl":{"start":{"line":36,"column":16},"end":{"line":36,"column":64}},"loc":{"start":{"line":36,"column":127},"end":{"line":41,"column":null}},"line":36}},"branchMap":{},"s":{"0":19,"1":19,"2":15,"3":15,"4":31,"5":14},"f":{"0":19,"1":15,"2":31,"3":14},"b":{},"meta":{"lastBranch":0,"lastFunction":4,"lastStatement":6,"seen":{"s:2:28:2:Infinity":0,"f:3:2:3:30":0,"s:3:30:3:39":1,"f:4:9:4:19":1,"s:5:4:5:Infinity":2,"s:6:4:6:Infinity":3,"f:9:6:9:15":2,"s:10:4:10:Infinity":4,"f:36:16:36:64":3,"s:37:2:40:Infinity":5}}}
,"/Users/evioshen/code/pulian/shenyunjie/artuctor/packages/cache/src/index.ts": {"path":"/Users/evioshen/code/pulian/shenyunjie/artuctor/packages/cache/src/index.ts","statementMap":{"0":{"start":{"line":7,"column":29},"end":{"line":7,"column":null}},"1":{"start":{"line":8,"column":31},"end":{"line":8,"column":47}},"2":{"start":{"line":11,"column":4},"end":{"line":11,"column":null}},"3":{"start":{"line":11,"column":63},"end":{"line":11,"column":107}},"4":{"start":{"line":15,"column":16},"end":{"line":15,"column":null}},"5":{"start":{"line":16,"column":18},"end":{"line":16,"column":null}},"6":{"start":{"line":18,"column":4},"end":{"line":20,"column":null}},"7":{"start":{"line":19,"column":6},"end":{"line":19,"column":null}},"8":{"start":{"line":22,"column":18},"end":{"line":22,"column":null}},"9":{"start":{"line":23,"column":19},"end":{"line":23,"column":null}},"10":{"start":{"line":25,"column":4},"end":{"line":30,"column":null}},"11":{"start":{"line":26,"column":6},"end":{"line":28,"column":null}},"12":{"start":{"line":27,"column":8},"end":{"line":27,"column":null}},"13":{"start":{"line":29,"column":6},"end":{"line":29,"column":null}},"14":{"start":{"line":32,"column":20},"end":{"line":32,"column":null}},"15":{"start":{"line":33,"column":4},"end":{"line":37,"column":null}},"16":{"start":{"line":34,"column":6},"end":{"line":34,"column":null}},"17":{"start":{"line":36,"column":6},"end":{"line":36,"column":null}},"18":{"start":{"line":39,"column":4},"end":{"line":39,"column":null}},"19":{"start":{"line":43,"column":16},"end":{"line":43,"column":null}},"20":{"start":{"line":44,"column":18},"end":{"line":44,"column":null}},"21":{"start":{"line":45,"column":19},"end":{"line":45,"column":null}},"22":{"start":{"line":47,"column":4},"end":{"line":47,"column":null}},"23":{"start":{"line":47,"column":17},"end":{"line":47,"column":null}},"24":{"start":{"line":48,"column":17},"end":{"line":48,"column":null}},"25":{"start":{"line":49,"column":4},"end":{"line":49,"column":null}},"26":{"start":{"line":49,"column":15},"end":{"line":49,"column":null}},"27":{"start":{"line":50,"column":4},"end":{"line":50,"column":null}},"28":{"start":{"line":55,"column":16},"end":{"line":55,"column":null}},"29":{"start":{"line":56,"column":18},"end":{"line":56,"column":null}},"30":{"start":{"line":57,"column":19},"end":{"line":57,"column":null}},"31":{"start":{"line":58,"column":4},"end":{"line":58,"column":null}},"32":{"start":{"line":58,"column":17},"end":{"line":58,"column":null}},"33":{"start":{"line":59,"column":4},"end":{"line":59,"column":null}},"34":{"start":{"line":63,"column":16},"end":{"line":63,"column":null}},"35":{"start":{"line":64,"column":18},"end":{"line":64,"column":null}},"36":{"start":{"line":65,"column":19},"end":{"line":65,"column":null}},"37":{"start":{"line":66,"column":4},"end":{"line":66,"column":null}},"38":{"start":{"line":70,"column":4},"end":{"line":83,"column":null}},"39":{"start":{"line":72,"column":8},"end":{"line":72,"column":null}},"40":{"start":{"line":75,"column":8},"end":{"line":75,"column":null}},"41":{"start":{"line":78,"column":8},"end":{"line":78,"column":null}},"42":{"start":{"line":81,"column":8},"end":{"line":81,"column":null}}},"fnMap":{"0":{"name":"(anonymous_0)","decl":{"start":{"line":8,"column":2},"end":{"line":8,"column":31}},"loc":{"start":{"line":8,"column":47},"end":{"line":8,"column":null}},"line":8},"1":{"name":"(anonymous_1)","decl":{"start":{"line":10,"column":10},"end":{"line":10,"column":36}},"loc":{"start":{"line":10,"column":71},"end":{"line":12,"column":null}},"line":10},"2":{"name":"(anonymous_2)","decl":{"start":{"line":11,"column":51},"end":{"line":11,"column":52}},"loc":{"start":{"line":11,"column":63},"end":{"line":11,"column":107}},"line":11},"3":{"name":"(anonymous_3)","decl":{"start":{"line":14,"column":16},"end":{"line":14,"column":44}},"loc":{"start":{"line":14,"column":127},"end":{"line":40,"column":null}},"line":14},"4":{"name":"(anonymous_4)","decl":{"start":{"line":42,"column":16},"end":{"line":42,"column":43}},"loc":{"start":{"line":42,"column":126},"end":{"line":51,"column":null}},"line":42},"5":{"name":"(anonymous_5)","decl":{"start":{"line":54,"column":16},"end":{"line":54,"column":45}},"loc":{"start":{"line":54,"column":121},"end":{"line":60,"column":null}},"line":54},"6":{"name":"(anonymous_6)","decl":{"start":{"line":62,"column":16},"end":{"line":62,"column":42}},"loc":{"start":{"line":62,"column":119},"end":{"line":67,"column":null}},"line":62},"7":{"name":"(anonymous_7)","decl":{"start":{"line":69,"column":15},"end":{"line":69,"column":46}},"loc":{"start":{"line":69,"column":79},"end":{"line":84,"column":null}},"line":69},"8":{"name":"(anonymous_8)","decl":{"start":{"line":71,"column":13},"end":{"line":71,"column":20}},"loc":{"start":{"line":71,"column":49},"end":{"line":73,"column":null}},"line":71},"9":{"name":"(anonymous_9)","decl":{"start":{"line":74,"column":12},"end":{"line":74,"column":19}},"loc":{"start":{"line":74,"column":48},"end":{"line":76,"column":null}},"line":74},"10":{"name":"(anonymous_10)","decl":{"start":{"line":77,"column":14},"end":{"line":77,"column":21}},"loc":{"start":{"line":77,"column":50},"end":{"line":79,"column":null}},"line":77},"11":{"name":"(anonymous_11)","decl":{"start":{"line":80,"column":11},"end":{"line":80,"column":18}},"loc":{"start":{"line":80,"column":47},"end":{"line":82,"column":null}},"line":80}},"branchMap":{"0":{"loc":{"start":{"line":18,"column":4},"end":{"line":20,"column":null}},"type":"if","locations":[{"start":{"line":18,"column":4},"end":{"line":20,"column":null}},{"start":{},"end":{}}],"line":18},"1":{"loc":{"start":{"line":25,"column":4},"end":{"line":30,"column":null}},"type":"if","locations":[{"start":{"line":25,"column":4},"end":{"line":30,"column":null}},{"start":{},"end":{}}],"line":25},"2":{"loc":{"start":{"line":26,"column":6},"end":{"line":28,"column":null}},"type":"if","locations":[{"start":{"line":26,"column":6},"end":{"line":28,"column":null}},{"start":{},"end":{}}],"line":26},"3":{"loc":{"start":{"line":33,"column":4},"end":{"line":37,"column":null}},"type":"if","locations":[{"start":{"line":33,"column":4},"end":{"line":37,"column":null}},{"start":{"line":35,"column":11},"end":{"line":37,"column":null}}],"line":33},"4":{"loc":{"start":{"line":47,"column":4},"end":{"line":47,"column":null}},"type":"if","locations":[{"start":{"line":47,"column":4},"end":{"line":47,"column":null}},{"start":{},"end":{}}],"line":47},"5":{"loc":{"start":{"line":49,"column":4},"end":{"line":49,"column":null}},"type":"if","locations":[{"start":{"line":49,"column":4},"end":{"line":49,"column":null}},{"start":{},"end":{}}],"line":49},"6":{"loc":{"start":{"line":58,"column":4},"end":{"line":58,"column":null}},"type":"if","locations":[{"start":{"line":58,"column":4},"end":{"line":58,"column":null}},{"start":{},"end":{}}],"line":58}},"s":{"0":2,"1":2,"2":58,"3":65,"4":21,"5":21,"6":20,"7":1,"8":19,"9":19,"10":19,"11":3,"12":1,"13":3,"14":16,"15":16,"16":15,"17":1,"18":16,"19":14,"20":14,"21":14,"22":14,"23":4,"24":10,"25":10,"26":0,"27":10,"28":21,"29":21,"30":21,"31":21,"32":6,"33":15,"34":2,"35":2,"36":2,"37":2,"38":25,"39":17,"40":14,"41":21,"42":2},"f":{"0":2,"1":58,"2":65,"3":21,"4":14,"5":21,"6":2,"7":25,"8":17,"9":14,"10":21,"11":2},"b":{"0":[1,19],"1":[3,16],"2":[1,2],"3":[15,1],"4":[4,10],"5":[0,10],"6":[6,15]},"meta":{"lastBranch":7,"lastFunction":12,"lastStatement":43,"seen":{"s:7:29:7:Infinity":0,"f:8:2:8:31":0,"s:8:31:8:47":1,"f:10:10:10:36":1,"s:11:4:11:Infinity":2,"f:11:51:11:52":2,"s:11:63:11:107":3,"f:14:16:14:44":3,"s:15:16:15:Infinity":4,"s:16:18:16:Infinity":5,"b:18:4:20:Infinity:undefined:undefined:undefined:undefined":0,"s:18:4:20:Infinity":6,"s:19:6:19:Infinity":7,"s:22:18:22:Infinity":8,"s:23:19:23:Infinity":9,"b:25:4:30:Infinity:undefined:undefined:undefined:undefined":1,"s:25:4:30:Infinity":10,"b:26:6:28:Infinity:undefined:undefined:undefined:undefined":2,"s:26:6:28:Infinity":11,"s:27:8:27:Infinity":12,"s:29:6:29:Infinity":13,"s:32:20:32:Infinity":14,"b:33:4:37:Infinity:35:11:37:Infinity":3,"s:33:4:37:Infinity":15,"s:34:6:34:Infinity":16,"s:36:6:36:Infinity":17,"s:39:4:39:Infinity":18,"f:42:16:42:43":4,"s:43:16:43:Infinity":19,"s:44:18:44:Infinity":20,"s:45:19:45:Infinity":21,"b:47:4:47:Infinity:undefined:undefined:undefined:undefined":4,"s:47:4:47:Infinity":22,"s:47:17:47:Infinity":23,"s:48:17:48:Infinity":24,"b:49:4:49:Infinity:undefined:undefined:undefined:undefined":5,"s:49:4:49:Infinity":25,"s:49:15:49:Infinity":26,"s:50:4:50:Infinity":27,"f:54:16:54:45":5,"s:55:16:55:Infinity":28,"s:56:18:56:Infinity":29,"s:57:19:57:Infinity":30,"b:58:4:58:Infinity:undefined:undefined:undefined:undefined":6,"s:58:4:58:Infinity":31,"s:58:17:58:Infinity":32,"s:59:4:59:Infinity":33,"f:62:16:62:42":6,"s:63:16:63:Infinity":34,"s:64:18:64:Infinity":35,"s:65:19:65:Infinity":36,"s:66:4:66:Infinity":37,"f:69:15:69:46":7,"s:70:4:83:Infinity":38,"f:71:13:71:20":8,"s:72:8:72:Infinity":39,"f:74:12:74:19":9,"s:75:8:75:Infinity":40,"f:77:14:77:21":10,"s:78:8:78:Infinity":41,"f:80:11:80:18":11,"s:81:8:81:Infinity":42}}}
}
