<?xml version="1.0" encoding="UTF-8"?>
<coverage generated="1779721494513" clover="3.2.0">
  <project timestamp="1779721494513" name="All files">
    <metrics statements="82" coveredstatements="82" conditionals="40" coveredconditionals="40" methods="24" coveredmethods="24" elements="146" coveredelements="146" complexity="0" loc="82" ncloc="82" packages="2" files="4" classes="4"/>
    <package name="dist">
      <metrics statements="42" coveredstatements="42" conditionals="20" coveredconditionals="20" methods="12" coveredmethods="12"/>
      <file name="model.js" path="/Users/evioshen/code/pulian/shenyunjie/artuctor/packages/model/dist/model.js">
        <metrics statements="25" coveredstatements="25" conditionals="14" coveredconditionals="14" methods="7" coveredmethods="7"/>
        <line num="3" count="1" type="stmt"/>
        <line num="9" count="3" type="cond" truecount="2" falsecount="0"/>
        <line num="10" count="1" type="stmt"/>
        <line num="12" count="2" type="stmt"/>
        <line num="16" count="8" type="cond" truecount="4" falsecount="0"/>
        <line num="22" count="10" type="cond" truecount="2" falsecount="0"/>
        <line num="23" count="1" type="stmt"/>
        <line num="25" count="9" type="stmt"/>
        <line num="26" count="9" type="stmt"/>
        <line num="27" count="9" type="cond" truecount="2" falsecount="0"/>
        <line num="28" count="4" type="stmt"/>
        <line num="29" count="4" type="stmt"/>
        <line num="31" count="5" type="stmt"/>
        <line num="33" count="9" type="stmt"/>
        <line num="34" count="9" type="cond" truecount="4" falsecount="0"/>
        <line num="35" count="3" type="stmt"/>
        <line num="36" count="3" type="stmt"/>
        <line num="38" count="3" type="stmt"/>
        <line num="39" count="5" type="stmt"/>
        <line num="41" count="3" type="stmt"/>
        <line num="42" count="3" type="stmt"/>
        <line num="44" count="3" type="stmt"/>
        <line num="45" count="3" type="stmt"/>
        <line num="47" count="6" type="stmt"/>
        <line num="49" count="9" type="stmt"/>
      </file>
      <file name="pipeline.js" path="/Users/evioshen/code/pulian/shenyunjie/artuctor/packages/model/dist/pipeline.js">
        <metrics statements="17" coveredstatements="17" conditionals="6" coveredconditionals="6" methods="5" coveredmethods="5"/>
        <line num="2" count="18" type="stmt"/>
        <line num="5" count="18" type="stmt"/>
        <line num="9" count="16" type="stmt"/>
        <line num="11" count="31" type="stmt"/>
        <line num="15" count="18" type="stmt"/>
        <line num="16" count="18" type="cond" truecount="2" falsecount="0"/>
        <line num="17" count="1" type="stmt"/>
        <line num="19" count="17" type="stmt"/>
        <line num="20" count="17" type="stmt"/>
        <line num="21" count="36" type="cond" truecount="2" falsecount="0"/>
        <line num="22" count="1" type="stmt"/>
        <line num="23" count="35" type="stmt"/>
        <line num="24" count="35" type="stmt"/>
        <line num="25" count="35" type="cond" truecount="2" falsecount="0"/>
        <line num="26" count="1" type="stmt"/>
        <line num="27" count="34" type="stmt"/>
        <line num="29" count="17" type="stmt"/>
      </file>
    </package>
    <package name="src">
      <metrics statements="40" coveredstatements="40" conditionals="20" coveredconditionals="20" methods="12" coveredmethods="12"/>
      <file name="model.ts" path="/Users/evioshen/code/pulian/shenyunjie/artuctor/packages/model/src/model.ts">
        <metrics statements="25" coveredstatements="25" conditionals="14" coveredconditionals="14" methods="7" coveredmethods="7"/>
        <line num="8" count="1" type="stmt"/>
        <line num="59" count="3" type="cond" truecount="2" falsecount="0"/>
        <line num="60" count="1" type="stmt"/>
        <line num="64" count="2" type="stmt"/>
        <line num="69" count="8" type="stmt"/>
        <line num="94" count="10" type="cond" truecount="2" falsecount="0"/>
        <line num="95" count="1" type="stmt"/>
        <line num="97" count="9" type="stmt"/>
        <line num="99" count="9" type="stmt"/>
        <line num="100" count="9" type="cond" truecount="2" falsecount="0"/>
        <line num="101" count="4" type="stmt"/>
        <line num="102" count="4" type="stmt"/>
        <line num="109" count="5" type="stmt"/>
        <line num="112" count="9" type="stmt"/>
        <line num="113" count="9" type="cond" truecount="4" falsecount="0"/>
        <line num="114" count="3" type="stmt"/>
        <line num="115" count="3" type="stmt"/>
        <line num="117" count="3" type="stmt"/>
        <line num="118" count="5" type="stmt"/>
        <line num="120" count="3" type="stmt"/>
        <line num="121" count="3" type="stmt"/>
        <line num="123" count="3" type="stmt"/>
        <line num="124" count="3" type="stmt"/>
        <line num="126" count="6" type="stmt"/>
        <line num="129" count="9" type="stmt"/>
      </file>
      <file name="pipeline.ts" path="/Users/evioshen/code/pulian/shenyunjie/artuctor/packages/model/src/pipeline.ts">
        <metrics statements="15" coveredstatements="15" conditionals="6" coveredconditionals="6" methods="5" coveredmethods="5"/>
        <line num="7" count="18" type="stmt"/>
        <line num="11" count="18" type="stmt"/>
        <line num="16" count="16" type="stmt"/>
        <line num="19" count="31" type="stmt"/>
        <line num="24" count="18" type="stmt"/>
        <line num="25" count="18" type="cond" truecount="2" falsecount="0"/>
        <line num="26" count="1" type="stmt"/>
        <line num="29" count="17" type="stmt"/>
        <line num="31" count="17" type="stmt"/>
        <line num="32" count="36" type="cond" truecount="2" falsecount="0"/>
        <line num="33" count="35" type="stmt"/>
        <line num="34" count="35" type="stmt"/>
        <line num="35" count="35" type="cond" truecount="2" falsecount="0"/>
        <line num="36" count="34" type="stmt"/>
        <line num="39" count="17" type="stmt"/>
      </file>
    </package>
  </project>
</coverage>
