{"/Users/evioshen/code/pulian/shenyunjie/artuctor/packages/model/dist/model.js": {"path":"/Users/evioshen/code/pulian/shenyunjie/artuctor/packages/model/dist/model.js","statementMap":{"0":{"start":{"line":3,"column":18},"end":{"line":3,"column":43}},"1":{"start":{"line":9,"column":4},"end":{"line":11,"column":null}},"2":{"start":{"line":10,"column":8},"end":{"line":10,"column":null}},"3":{"start":{"line":12,"column":4},"end":{"line":12,"column":null}},"4":{"start":{"line":16,"column":4},"end":{"line":19,"column":null}},"5":{"start":{"line":22,"column":4},"end":{"line":24,"column":null}},"6":{"start":{"line":23,"column":8},"end":{"line":23,"column":null}},"7":{"start":{"line":25,"column":42},"end":{"line":25,"column":55}},"8":{"start":{"line":26,"column":23},"end":{"line":32,"column":5}},"9":{"start":{"line":27,"column":8},"end":{"line":30,"column":null}},"10":{"start":{"line":28,"column":27},"end":{"line":28,"column":93}},"11":{"start":{"line":28,"column":70},"end":{"line":28,"column":91}},"12":{"start":{"line":29,"column":12},"end":{"line":29,"column":null}},"13":{"start":{"line":31,"column":8},"end":{"line":31,"column":null}},"14":{"start":{"line":33,"column":20},"end":{"line":48,"column":5}},"15":{"start":{"line":34,"column":8},"end":{"line":46,"column":null}},"16":{"start":{"line":35,"column":24},"end":{"line":35,"column":50}},"17":{"start":{"line":36,"column":26},"end":{"line":36,"column":40}},"18":{"start":{"line":38,"column":12},"end":{"line":40,"column":null}},"19":{"start":{"line":39,"column":16},"end":{"line":39,"column":null}},"20":{"start":{"line":41,"column":12},"end":{"line":43,"column":null}},"21":{"start":{"line":42,"column":16},"end":{"line":42,"column":null}},"22":{"start":{"line":44,"column":12},"end":{"line":44,"column":null}},"23":{"start":{"line":45,"column":12},"end":{"line":45,"column":null}},"24":{"start":{"line":47,"column":8},"end":{"line":47,"column":null}},"25":{"start":{"line":49,"column":4},"end":{"line":49,"column":null}}},"fnMap":{"0":{"name":"loadModel","decl":{"start":{"line":8,"column":16},"end":{"line":8,"column":25}},"loc":{"start":{"line":8,"column":40},"end":{"line":13,"column":null}},"line":8},"1":{"name":"isModel","decl":{"start":{"line":15,"column":16},"end":{"line":15,"column":23}},"loc":{"start":{"line":15,"column":31},"end":{"line":20,"column":null}},"line":15},"2":{"name":"defineModel","decl":{"start":{"line":21,"column":16},"end":{"line":21,"column":27}},"loc":{"start":{"line":21,"column":43},"end":{"line":50,"column":null}},"line":21},"3":{"name":"(anonymous_3)","decl":{"start":{"line":26,"column":23},"end":{"line":26,"column":28}},"loc":{"start":{"line":26,"column":40},"end":{"line":32,"column":5}},"line":26},"4":{"name":"(anonymous_4)","decl":{"start":{"line":28,"column":58},"end":{"line":28,"column":59}},"loc":{"start":{"line":28,"column":70},"end":{"line":28,"column":91}},"line":28},"5":{"name":"(anonymous_5)","decl":{"start":{"line":33,"column":20},"end":{"line":33,"column":25}},"loc":{"start":{"line":33,"column":37},"end":{"line":48,"column":5}},"line":33},"6":{"name":"(anonymous_6)","decl":{"start":{"line":41,"column":22},"end":{"line":41,"column":27}},"loc":{"start":{"line":41,"column":37},"end":{"line":43,"column":13}},"line":41}},"branchMap":{"0":{"loc":{"start":{"line":9,"column":4},"end":{"line":11,"column":null}},"type":"if","locations":[{"start":{"line":9,"column":4},"end":{"line":11,"column":null}},{"start":{},"end":{}}],"line":9},"1":{"loc":{"start":{"line":16,"column":12},"end":{"line":19,"column":43}},"type":"binary-expr","locations":[{"start":{"line":16,"column":12},"end":{"line":16,"column":37}},{"start":{"line":17,"column":8},"end":{"line":17,"column":22}},{"start":{"line":18,"column":8},"end":{"line":18,"column":32}},{"start":{"line":19,"column":8},"end":{"line":19,"column":43}}],"line":16},"2":{"loc":{"start":{"line":22,"column":4},"end":{"line":24,"column":null}},"type":"if","locations":[{"start":{"line":22,"column":4},"end":{"line":24,"column":null}},{"start":{},"end":{}}],"line":22},"3":{"loc":{"start":{"line":27,"column":8},"end":{"line":30,"column":null}},"type":"if","locations":[{"start":{"line":27,"column":8},"end":{"line":30,"column":null}},{"start":{},"end":{}}],"line":27},"4":{"loc":{"start":{"line":34,"column":8},"end":{"line":46,"column":null}},"type":"if","locations":[{"start":{"line":34,"column":8},"end":{"line":46,"column":null}},{"start":{},"end":{}}],"line":34},"5":{"loc":{"start":{"line":34,"column":12},"end":{"line":34,"column":59}},"type":"binary-expr","locations":[{"start":{"line":34,"column":12},"end":{"line":34,"column":35}},{"start":{"line":34,"column":39},"end":{"line":34,"column":59}}],"line":34}},"s":{"0":1,"1":3,"2":1,"3":2,"4":8,"5":10,"6":1,"7":9,"8":9,"9":9,"10":4,"11":4,"12":4,"13":5,"14":9,"15":9,"16":3,"17":3,"18":3,"19":5,"20":3,"21":3,"22":3,"23":3,"24":6,"25":9},"f":{"0":3,"1":8,"2":10,"3":9,"4":4,"5":9,"6":3},"b":{"0":[1,2],"1":[8,8,7,5],"2":[1,9],"3":[4,5],"4":[3,6],"5":[9,3]},"meta":{"lastBranch":6,"lastFunction":7,"lastStatement":26,"seen":{"s:3:18:3:43":0,"f:8:16:8:25":0,"b:9:4:11:Infinity:undefined:undefined:undefined:undefined":0,"s:9:4:11:Infinity":1,"s:10:8:10:Infinity":2,"s:12:4:12:Infinity":3,"f:15:16:15:23":1,"s:16:4:19:Infinity":4,"b:16:12:16:37:17:8:17:22:18:8:18:32:19:8:19:43":1,"f:21:16:21:27":2,"b:22:4:24:Infinity:undefined:undefined:undefined:undefined":2,"s:22:4:24:Infinity":5,"s:23:8:23:Infinity":6,"s:25:42:25:55":7,"s:26:23:32:5":8,"f:26:23:26:28":3,"b:27:8:30:Infinity:undefined:undefined:undefined:undefined":3,"s:27:8:30:Infinity":9,"s:28:27:28:93":10,"f:28:58:28:59":4,"s:28:70:28:91":11,"s:29:12:29:Infinity":12,"s:31:8:31:Infinity":13,"s:33:20:48:5":14,"f:33:20:33:25":5,"b:34:8:46:Infinity:undefined:undefined:undefined:undefined":4,"s:34:8:46:Infinity":15,"b:34:12:34:35:34:39:34:59":5,"s:35:24:35:50":16,"s:36:26:36:40":17,"s:38:12:40:Infinity":18,"s:39:16:39:Infinity":19,"s:41:12:43:Infinity":20,"f:41:22:41:27":6,"s:42:16:42:Infinity":21,"s:44:12:44:Infinity":22,"s:45:12:45:Infinity":23,"s:47:8:47:Infinity":24,"s:49:4:49:Infinity":25}}}
,"/Users/evioshen/code/pulian/shenyunjie/artuctor/packages/model/dist/pipeline.js": {"path":"/Users/evioshen/code/pulian/shenyunjie/artuctor/packages/model/dist/pipeline.js","statementMap":{"0":{"start":{"line":2,"column":12},"end":{"line":2,"column":14}},"1":{"start":{"line":5,"column":8},"end":{"line":5,"column":null}},"2":{"start":{"line":9,"column":10},"end":{"line":9,"column":12}},"3":{"start":{"line":11,"column":8},"end":{"line":11,"column":null}},"4":{"start":{"line":15,"column":20},"end":{"line":15,"column":28}},"5":{"start":{"line":16,"column":8},"end":{"line":18,"column":null}},"6":{"start":{"line":17,"column":12},"end":{"line":17,"column":null}},"7":{"start":{"line":19,"column":20},"end":{"line":19,"column":22}},"8":{"start":{"line":20,"column":20},"end":{"line":28,"column":9}},"9":{"start":{"line":21,"column":12},"end":{"line":22,"column":null}},"10":{"start":{"line":22,"column":16},"end":{"line":22,"column":null}},"11":{"start":{"line":23,"column":12},"end":{"line":23,"column":null}},"12":{"start":{"line":24,"column":23},"end":{"line":24,"column":29}},"13":{"start":{"line":25,"column":12},"end":{"line":26,"column":null}},"14":{"start":{"line":26,"column":16},"end":{"line":26,"column":null}},"15":{"start":{"line":27,"column":12},"end":{"line":27,"column":null}},"16":{"start":{"line":27,"column":32},"end":{"line":27,"column":42}},"17":{"start":{"line":29,"column":8},"end":{"line":29,"column":null}}},"fnMap":{"0":{"name":"(anonymous_0)","decl":{"start":{"line":4,"column":4},"end":{"line":4,"column":15}},"loc":{"start":{"line":4,"column":22},"end":{"line":6,"column":null}},"line":4},"1":{"name":"(anonymous_1)","decl":{"start":{"line":10,"column":4},"end":{"line":10,"column":7}},"loc":{"start":{"line":10,"column":12},"end":{"line":12,"column":null}},"line":10},"2":{"name":"(anonymous_2)","decl":{"start":{"line":14,"column":4},"end":{"line":14,"column":12}},"loc":{"start":{"line":14,"column":18},"end":{"line":30,"column":null}},"line":14},"3":{"name":"(anonymous_3)","decl":{"start":{"line":20,"column":20},"end":{"line":20,"column":25}},"loc":{"start":{"line":20,"column":33},"end":{"line":28,"column":9}},"line":20},"4":{"name":"(anonymous_4)","decl":{"start":{"line":27,"column":26},"end":{"line":27,"column":27}},"loc":{"start":{"line":27,"column":32},"end":{"line":27,"column":42}},"line":27}},"branchMap":{"0":{"loc":{"start":{"line":16,"column":8},"end":{"line":18,"column":null}},"type":"if","locations":[{"start":{"line":16,"column":8},"end":{"line":18,"column":null}},{"start":{},"end":{}}],"line":16},"1":{"loc":{"start":{"line":21,"column":12},"end":{"line":22,"column":null}},"type":"if","locations":[{"start":{"line":21,"column":12},"end":{"line":22,"column":null}},{"start":{},"end":{}}],"line":21},"2":{"loc":{"start":{"line":25,"column":12},"end":{"line":26,"column":null}},"type":"if","locations":[{"start":{"line":25,"column":12},"end":{"line":26,"column":null}},{"start":{},"end":{}}],"line":25}},"s":{"0":18,"1":18,"2":16,"3":31,"4":18,"5":18,"6":1,"7":17,"8":17,"9":36,"10":1,"11":35,"12":35,"13":35,"14":1,"15":34,"16":19,"17":17},"f":{"0":18,"1":31,"2":18,"3":36,"4":19},"b":{"0":[1,17],"1":[1,35],"2":[1,34]},"meta":{"lastBranch":3,"lastFunction":5,"lastStatement":18,"seen":{"s:2:12:2:14":0,"f:4:4:4:15":0,"s:5:8:5:Infinity":1,"s:9:10:9:12":2,"f:10:4:10:7":1,"s:11:8:11:Infinity":3,"f:14:4:14:12":2,"s:15:20:15:28":4,"b:16:8:18:Infinity:undefined:undefined:undefined:undefined":0,"s:16:8:18:Infinity":5,"s:17:12:17:Infinity":6,"s:19:20:19:22":7,"s:20:20:28:9":8,"f:20:20:20:25":3,"b:21:12:22:Infinity:undefined:undefined:undefined:undefined":1,"s:21:12:22:Infinity":9,"s:22:16:22:Infinity":10,"s:23:12:23:Infinity":11,"s:24:23:24:29":12,"b:25:12:26:Infinity:undefined:undefined:undefined:undefined":2,"s:25:12:26:Infinity":13,"s:26:16:26:Infinity":14,"s:27:12:27:Infinity":15,"f:27:26:27:27":4,"s:27:32:27:42":16,"s:29:8:29:Infinity":17}}}
,"/Users/evioshen/code/pulian/shenyunjie/artuctor/packages/model/src/model.ts": {"path":"/Users/evioshen/code/pulian/shenyunjie/artuctor/packages/model/src/model.ts","statementMap":{"0":{"start":{"line":8,"column":18},"end":{"line":8,"column":null}},"1":{"start":{"line":59,"column":2},"end":{"line":63,"column":null}},"2":{"start":{"line":60,"column":4},"end":{"line":62,"column":null}},"3":{"start":{"line":64,"column":2},"end":{"line":64,"column":null}},"4":{"start":{"line":69,"column":2},"end":{"line":73,"column":null}},"5":{"start":{"line":94,"column":2},"end":{"line":96,"column":null}},"6":{"start":{"line":95,"column":4},"end":{"line":95,"column":null}},"7":{"start":{"line":97,"column":40},"end":{"line":97,"column":null}},"8":{"start":{"line":99,"column":21},"end":{"line":110,"column":null}},"9":{"start":{"line":100,"column":4},"end":{"line":108,"column":null}},"10":{"start":{"line":101,"column":21},"end":{"line":101,"column":null}},"11":{"start":{"line":101,"column":53},"end":{"line":101,"column":85}},"12":{"start":{"line":102,"column":6},"end":{"line":107,"column":null}},"13":{"start":{"line":109,"column":4},"end":{"line":109,"column":null}},"14":{"start":{"line":112,"column":18},"end":{"line":127,"column":null}},"15":{"start":{"line":113,"column":4},"end":{"line":125,"column":null}},"16":{"start":{"line":114,"column":18},"end":{"line":114,"column":null}},"17":{"start":{"line":115,"column":20},"end":{"line":115,"column":null}},"18":{"start":{"line":117,"column":6},"end":{"line":119,"column":null}},"19":{"start":{"line":118,"column":8},"end":{"line":118,"column":null}},"20":{"start":{"line":120,"column":6},"end":{"line":122,"column":null}},"21":{"start":{"line":121,"column":8},"end":{"line":121,"column":null}},"22":{"start":{"line":123,"column":6},"end":{"line":123,"column":null}},"23":{"start":{"line":124,"column":6},"end":{"line":124,"column":null}},"24":{"start":{"line":126,"column":4},"end":{"line":126,"column":null}},"25":{"start":{"line":129,"column":2},"end":{"line":129,"column":null}}},"fnMap":{"0":{"name":"loadModel","decl":{"start":{"line":55,"column":16},"end":{"line":55,"column":null}},"loc":{"start":{"line":58,"column":14},"end":{"line":65,"column":null}},"line":58},"1":{"name":"isModel","decl":{"start":{"line":68,"column":16},"end":{"line":68,"column":24}},"loc":{"start":{"line":68,"column":66},"end":{"line":75,"column":null}},"line":68},"2":{"name":"defineModel","decl":{"start":{"line":87,"column":16},"end":{"line":87,"column":null}},"loc":{"start":{"line":93,"column":30},"end":{"line":130,"column":null}},"line":93},"3":{"name":"(anonymous_3)","decl":{"start":{"line":99,"column":21},"end":{"line":99,"column":28}},"loc":{"start":{"line":99,"column":58},"end":{"line":110,"column":null}},"line":99},"4":{"name":"(anonymous_4)","decl":{"start":{"line":101,"column":52},"end":{"line":101,"column":53}},"loc":{"start":{"line":101,"column":53},"end":{"line":101,"column":85}},"line":101},"5":{"name":"(anonymous_5)","decl":{"start":{"line":112,"column":18},"end":{"line":112,"column":25}},"loc":{"start":{"line":112,"column":55},"end":{"line":127,"column":null}},"line":112},"6":{"name":"(anonymous_6)","decl":{"start":{"line":120,"column":16},"end":{"line":120,"column":23}},"loc":{"start":{"line":120,"column":31},"end":{"line":122,"column":7}},"line":120}},"branchMap":{"0":{"loc":{"start":{"line":59,"column":2},"end":{"line":63,"column":null}},"type":"if","locations":[{"start":{"line":59,"column":2},"end":{"line":63,"column":null}},{"start":{},"end":{}}],"line":59},"1":{"loc":{"start":{"line":70,"column":4},"end":{"line":73,"column":null}},"type":"binary-expr","locations":[{"start":{"line":70,"column":4},"end":{"line":70,"column":null}},{"start":{"line":71,"column":4},"end":{"line":71,"column":null}},{"start":{"line":72,"column":5},"end":{"line":72,"column":null}},{"start":{"line":73,"column":4},"end":{"line":73,"column":null}}],"line":70},"2":{"loc":{"start":{"line":94,"column":2},"end":{"line":96,"column":null}},"type":"if","locations":[{"start":{"line":94,"column":2},"end":{"line":96,"column":null}},{"start":{},"end":{}}],"line":94},"3":{"loc":{"start":{"line":100,"column":4},"end":{"line":108,"column":null}},"type":"if","locations":[{"start":{"line":100,"column":4},"end":{"line":108,"column":null}},{"start":{},"end":{}}],"line":100},"4":{"loc":{"start":{"line":113,"column":4},"end":{"line":125,"column":null}},"type":"if","locations":[{"start":{"line":113,"column":4},"end":{"line":125,"column":null}},{"start":{},"end":{}}],"line":113},"5":{"loc":{"start":{"line":113,"column":8},"end":{"line":113,"column":57}},"type":"binary-expr","locations":[{"start":{"line":113,"column":8},"end":{"line":113,"column":35}},{"start":{"line":113,"column":35},"end":{"line":113,"column":57}}],"line":113}},"s":{"0":1,"1":3,"2":1,"3":2,"4":8,"5":10,"6":1,"7":9,"8":9,"9":9,"10":4,"11":4,"12":4,"13":5,"14":9,"15":9,"16":3,"17":3,"18":3,"19":5,"20":3,"21":3,"22":3,"23":3,"24":6,"25":9},"f":{"0":3,"1":8,"2":10,"3":9,"4":4,"5":9,"6":3},"b":{"0":[1,2],"1":[8,8,7,5],"2":[1,9],"3":[4,5],"4":[3,6],"5":[9,3]},"meta":{"lastBranch":6,"lastFunction":7,"lastStatement":26,"seen":{"s:8:18:8:Infinity":0,"f:55:16:55:Infinity":0,"b:59:2:63:Infinity:undefined:undefined:undefined:undefined":0,"s:59:2:63:Infinity":1,"s:60:4:62:Infinity":2,"s:64:2:64:Infinity":3,"f:68:16:68:24":1,"s:69:2:73:Infinity":4,"b:70:4:70:Infinity:71:4:71:Infinity:72:5:72:Infinity:73:4:73:Infinity":1,"f:87:16:87:Infinity":2,"b:94:2:96:Infinity:undefined:undefined:undefined:undefined":2,"s:94:2:96:Infinity":5,"s:95:4:95:Infinity":6,"s:97:40:97:Infinity":7,"s:99:21:110:Infinity":8,"f:99:21:99:28":3,"b:100:4:108:Infinity:undefined:undefined:undefined:undefined":3,"s:100:4:108:Infinity":9,"s:101:21:101:Infinity":10,"f:101:52:101:53":4,"s:101:53:101:85":11,"s:102:6:107:Infinity":12,"s:109:4:109:Infinity":13,"s:112:18:127:Infinity":14,"f:112:18:112:25":5,"b:113:4:125:Infinity:undefined:undefined:undefined:undefined":4,"s:113:4:125:Infinity":15,"b:113:8:113:35:113:35:113:57":5,"s:114:18:114:Infinity":16,"s:115:20:115:Infinity":17,"s:117:6:119:Infinity":18,"s:118:8:118:Infinity":19,"s:120:6:122:Infinity":20,"f:120:16:120:23":6,"s:121:8:121:Infinity":21,"s:123:6:123:Infinity":22,"s:124:6:124:Infinity":23,"s:126:4:126:Infinity":24,"s:129:2:129:Infinity":25}}}
,"/Users/evioshen/code/pulian/shenyunjie/artuctor/packages/model/src/pipeline.ts": {"path":"/Users/evioshen/code/pulian/shenyunjie/artuctor/packages/model/src/pipeline.ts","statementMap":{"0":{"start":{"line":7,"column":42},"end":{"line":7,"column":null}},"1":{"start":{"line":11,"column":4},"end":{"line":11,"column":null}},"2":{"start":{"line":16,"column":46},"end":{"line":16,"column":null}},"3":{"start":{"line":19,"column":4},"end":{"line":19,"column":null}},"4":{"start":{"line":24,"column":16},"end":{"line":24,"column":null}},"5":{"start":{"line":25,"column":4},"end":{"line":27,"column":null}},"6":{"start":{"line":26,"column":6},"end":{"line":26,"column":null}},"7":{"start":{"line":29,"column":16},"end":{"line":29,"column":null}},"8":{"start":{"line":31,"column":16},"end":{"line":37,"column":null}},"9":{"start":{"line":32,"column":6},"end":{"line":32,"column":null}},"10":{"start":{"line":32,"column":22},"end":{"line":32,"column":null}},"11":{"start":{"line":33,"column":6},"end":{"line":33,"column":null}},"12":{"start":{"line":34,"column":17},"end":{"line":34,"column":null}},"13":{"start":{"line":35,"column":6},"end":{"line":35,"column":null}},"14":{"start":{"line":35,"column":15},"end":{"line":35,"column":null}},"15":{"start":{"line":36,"column":6},"end":{"line":36,"column":null}},"16":{"start":{"line":36,"column":26},"end":{"line":36,"column":36}},"17":{"start":{"line":39,"column":4},"end":{"line":39,"column":null}}},"fnMap":{"0":{"name":"(anonymous_0)","decl":{"start":{"line":10,"column":2},"end":{"line":10,"column":14}},"loc":{"start":{"line":10,"column":28},"end":{"line":12,"column":null}},"line":10},"1":{"name":"(anonymous_1)","decl":{"start":{"line":18,"column":9},"end":{"line":18,"column":13}},"loc":{"start":{"line":18,"column":51},"end":{"line":20,"column":null}},"line":18},"2":{"name":"(anonymous_2)","decl":{"start":{"line":23,"column":9},"end":{"line":23,"column":18}},"loc":{"start":{"line":23,"column":63},"end":{"line":40,"column":null}},"line":23},"3":{"name":"(anonymous_3)","decl":{"start":{"line":31,"column":16},"end":{"line":31,"column":23}},"loc":{"start":{"line":31,"column":52},"end":{"line":37,"column":null}},"line":31},"4":{"name":"(anonymous_4)","decl":{"start":{"line":36,"column":20},"end":{"line":36,"column":26}},"loc":{"start":{"line":36,"column":26},"end":{"line":36,"column":36}},"line":36}},"branchMap":{"0":{"loc":{"start":{"line":25,"column":4},"end":{"line":27,"column":null}},"type":"if","locations":[{"start":{"line":25,"column":4},"end":{"line":27,"column":null}},{"start":{},"end":{}}],"line":25},"1":{"loc":{"start":{"line":32,"column":6},"end":{"line":32,"column":null}},"type":"if","locations":[{"start":{"line":32,"column":6},"end":{"line":32,"column":null}},{"start":{},"end":{}}],"line":32},"2":{"loc":{"start":{"line":35,"column":6},"end":{"line":35,"column":null}},"type":"if","locations":[{"start":{"line":35,"column":6},"end":{"line":35,"column":null}},{"start":{},"end":{}}],"line":35}},"s":{"0":18,"1":18,"2":16,"3":31,"4":18,"5":18,"6":1,"7":17,"8":17,"9":36,"10":1,"11":35,"12":35,"13":35,"14":35,"15":34,"16":19,"17":17},"f":{"0":18,"1":31,"2":18,"3":36,"4":19},"b":{"0":[1,17],"1":[1,35],"2":[1,34]},"meta":{"lastBranch":3,"lastFunction":5,"lastStatement":18,"seen":{"s:7:42:7:Infinity":0,"f:10:2:10:14":0,"s:11:4:11:Infinity":1,"s:16:46:16:Infinity":2,"f:18:9:18:13":1,"s:19:4:19:Infinity":3,"f:23:9:23:18":2,"s:24:16:24:Infinity":4,"b:25:4:27:Infinity:undefined:undefined:undefined:undefined":0,"s:25:4:27:Infinity":5,"s:26:6:26:Infinity":6,"s:29:16:29:Infinity":7,"s:31:16:37:Infinity":8,"f:31:16:31:23":3,"b:32:6:32:Infinity:undefined:undefined:undefined:undefined":1,"s:32:6:32:Infinity":9,"s:32:22:32:Infinity":10,"s:33:6:33:Infinity":11,"s:34:17:34:Infinity":12,"b:35:6:35:Infinity:undefined:undefined:undefined:undefined":2,"s:35:6:35:Infinity":13,"s:35:15:35:Infinity":14,"s:36:6:36:Infinity":15,"f:36:20:36:26":4,"s:36:26:36:36":16,"s:39:4:39:Infinity":17}}}
}
